$PROBLEM    PK
$INPUT      PKFL DV ID FLAG PERIOD TAD TIME AMT EVID CMT MDV TRTPN
            TRT1 TRT2 TRT3 TRT4
$DATA      PK.csv IGNORE=@ IGNORE=(PKFL.EQ.0)
            IGNORE=(TRTPN.EQ.1) IGNORE=(TRTPN.EQ.3)
            IGNORE=(TRTPN.EQ.4)
$SUBROUTINE ADVAN6 TOL=6
$MODEL      NCOMP=4 COMP=(cent) ;; central compartment
            COMP=(centmet) ;; central compartment metabolite
            COMP=(peri) ;; peripheral compartment 
            COMP=(perimet) ;; peripheral compartment metabolite

;--------------------------
$PK 

"FIRST
" COMMON/PRCOMG/ IDUM1,IDUM2,IMAX,IDUM4,IDUM5
"INTEGER IDUM1,IDUM2,IMAX,IDUM4,IDUM5
"IMAX=1000000

   ;# Set up dosing times
   IF(NEWIND.LE.1) THEN 
      TDOS= -1000
      PD=0
   ENDIF
   IF(AMT.GT.0) THEN
      TDOS = TIME ; If AMT > 0, set TDOS to TIME
      PD = AMT    ; If AMT > 0, update PD
   ENDIF 	  
   TAD2 = TIME-TDOS ; Set time after dose

   E1=EXP(ETA(1))
   E2=EXP(ETA(2))
   E3=EXP(ETA(3))
   E4=EXP(ETA(4))
   E5=EXP(ETA(5))
   E6=EXP(ETA(6))
   E7=EXP(ETA(7))


   TVCL=THETA(1)
   CL=TVCL*E1

   TVV1=THETA(2)
   V1=TVV1

   TVV2=THETA(3)
   V2=TVV2

   TVQ1=THETA(4)
   Q1=TVQ1*E2

   TVCLM=THETA(8)
   CLM=TVCLM*E3

   TVVM1=THETA(9)
   VM1=TVVM1 

   TVVM2=THETA(10)
   VM2=TVVM2*E4 

   TVQ2=THETA(11)
   Q2=TVQ2

   MTT=THETA(6)*E5
   NT=1+THETA(15)*E6
   KTR=NT/MTT
   NN=NT-1

   ;;-- Approximation of log(factorial(NN))
   IF(NN.GE.0.558) THEN
      L = LOG(2.5066)+(NN+.5)*LOG(NN)-NN+LOG(1+1/(12*NN))
   ELSE
      L= -0.1171157 + 0.5690*((0.558 - NN)**2) - 0.1122*(0.558 - NN)
   ENDIF

   K13=Q1/V1
   K31=Q1/V2

   TVfm=0.22
   fm=TVfm

   K10=CL*(1-fm)/V1
   K12=fm*CL/V1

   K24=Q2/VM1
   K42=Q2/VM2
   K20=CLM/VM1
 
   S1=V1
   S2=VM1
   F1=0
   BIO=THETA(7)*E7

   X=0.0000001
$DES 
   IF(T.GE.TDOS) THEN 
      DADT(1)= BIO*PD*KTR*EXP(NN*LOG(KTR*(T-TDOS) + X) - KTR*(T - TDOS)-L)  - k10*A(1) - k12*A(1) - k13*A(1)+k31*A(3)
   ELSE
      DADT(1)=  - k12*A(1) - k13*A(1)+k31*A(3)
   ENDIF      
   DADT(2)=  k12*A(1) - k20*A(2) - k24*A(2)+k42*A(4)
   DADT(3)=  k13*A(1)-k31*A(3)   
   DADT(4)=  k24*A(2)-k42*A(4)

$ERROR     

   STRT=FLAG

   ;;Separate residual error for parent and the active metabolite

   IF(FLAG.LE.1) THEN
      IPRED=A(1)/S1
      W=sqrt( (theta(5)*IPRED)**2 + theta(13)**2 )  ;;prop and add  error parent
      Y=IPRED+W*EPS(1)
   ELSE
      IPRED=A(2)/S2
      W=sqrt( (theta(12)*IPRED)**2 + theta(14)**2 )  ;;prop and add  error metabolite
      Y=IPRED+W*EPS(1)
   ENDIF

   CP=A(1)/S1
   CM=A(2)/S2

   DEL=0
   IF (W.EQ.0) DEL=1
   IRES=DV-IPRED
   IWRES=IRES/(W+DEL)

;--------------------------
$THETA  (0,16.5964) ; 1 CL L/h parent
 (0,144.673) ; 2 V1 L parent
 (0,68.9777) ; 3 V2 L parent
 (0,15.7851) ; 4 Q1 parent
 (0,0.36446) ; 5  ERROR parent
 (0,1.00) ; 6 MTT
 1 FIX ; 7 F1
 (0,10.387) ; 8 CLM metabolite
 (0,7.53503) ; 9 VM1 L metabolite
 (0,43.3393) ; 10 VM2 L metabolite
 (0,4.55635) ; 11 Q2 metabolite
 (0,0.279073) ; 12 ERROR metabolite
 (0,3) ; 13 Add ERROR parent
 (0,3) ; 14 Add ERROR metabolite
 (1,5,12) ; 15 NTR
;--------------------------
$OMEGA  0.0558419  ; 1 CL parent
$OMEGA  0.193658  ; 2 Q1 parent
$OMEGA  0.0857882  ; 3 CL metabolite
$OMEGA  0  FIX  ; 4 V2 metabolite
$OMEGA  0.321524  ;      5 KTR
$OMEGA  0  FIX  ;      6 NTR
$OMEGA  0.0975457  ; 7 Bioavailability
;--------------------------
$SIGMA  1  FIX
;--------------------------
$ESTIMATION SIGDIG=3 NOABORT PRINT=5 MAXEVAL=9999 METHOD=1 INTERACTION
            SIGL=15
$COVARIANCE PRINT=E
$TABLE      PKFL DV ID FLAG PERIOD TAD TIME AMT EVID CMT MDV TRTPN
            IPRED IWRES RES CWRES CL V1 V2 Q1 F1 CLM fm VM1 VM2 Q2 KTR
            MTT NT ETA1 ETA2 ETA3 ETA4 ETA5 ETA6 ETA7 NOPRINT
            ONEHEADER file=run001.txt


NM-TRAN MESSAGES
  
 WARNINGS AND ERRORS (IF ANY) FOR PROBLEM    1
             
 (WARNING  2) NM-TRAN INFERS THAT THE DATA ARE POPULATION.
             
 (WARNING  113) VERBATIM CODE CONTAINS "COMMON". IF THIS IS NOT A
 USER-DEFINED COMMON, IT SHOULD BE REPLACED BY THE APPROPRIATE MODULE.
Note: The following floating-point exceptions are signalling: IEEE_INVALID_FLAG IEEE_DIVIDE_BY_ZERO

License Registered to: AstraZenecaá
Expiration Date:    14 AUG 2018
Current Date:       21 NOV 2017
Days until program expires : 268
1NONLINEAR MIXED EFFECTS MODEL PROGRAM (NONMEM) VERSION 7.3.0
 ORIGINALLY DEVELOPED BY STUART BEAL, LEWIS SHEINER, AND ALISON BOECKMANN
 CURRENT DEVELOPERS ARE ROBERT BAUER, ICON DEVELOPMENT SOLUTIONS,
 AND ALISON BOECKMANN. IMPLEMENTATION, EFFICIENCY, AND STANDARDIZATION
 PERFORMED BY NOUS INFOSYSTEMS.

 PROBLEM NO.:         1
 D5139C00003 PK
0DATA CHECKOUT RUN:              NO
 DATA SET LOCATED ON UNIT NO.:    2
 THIS UNIT TO BE REWOUND:        NO
 NO. OF DATA RECS IN DATA SET:     1001
 NO. OF DATA ITEMS IN DATA SET:  16
 ID DATA ITEM IS DATA ITEM NO.:   3
 DEP VARIABLE IS DATA ITEM NO.:   2
 MDV DATA ITEM IS DATA ITEM NO.: 11
0INDICES PASSED TO SUBROUTINE PRED:
   9   7   8   0   0   0  10   0   0   0   0
0LABELS FOR DATA ITEMS:
 PKFL DV ID FLAG PERIOD TAD TIME AMT EVID CMT MDV TRTPN TRT1 TRT2 TRT3 TRT4
0(NONBLANK) LABELS FOR PRED-DEFINED ITEMS:
 CL V1 V2 Q1 CLM VM1 VM2 Q2 MTT NT KTR fm F1 IPRED IWRES
0FORMAT FOR DATA:
 (E2.0,E10.0,E5.0,2E2.0,E12.0,E14.0,E7.0,8E2.0)

 TOT. NO. OF OBS RECS:      837
 TOT. NO. OF INDIVIDUALS:     33
0LENGTH OF THETA:  15
0DEFAULT THETA BOUNDARY TEST OMITTED:    NO
0OMEGA HAS BLOCK FORM:
  1
  0  2
  0  0  3
  0  0  0  4
  0  0  0  0  5
  0  0  0  0  0  6
  0  0  0  0  0  0  7
0DEFAULT OMEGA BOUNDARY TEST OMITTED:    NO
0SIGMA HAS SIMPLE DIAGONAL FORM WITH DIMENSION:   1
0DEFAULT SIGMA BOUNDARY TEST OMITTED:    NO
0INITIAL ESTIMATE OF THETA:
 LOWER BOUND    INITIAL EST    UPPER BOUND
  0.0000E+00     0.1660E+02     0.1000E+07
  0.0000E+00     0.1447E+03     0.1000E+07
  0.0000E+00     0.6898E+02     0.1000E+07
  0.0000E+00     0.1579E+02     0.1000E+07
  0.0000E+00     0.3645E+00     0.1000E+07
  0.0000E+00     0.1000E+01     0.1000E+07
  0.1000E+01     0.1000E+01     0.1000E+01
  0.0000E+00     0.1039E+02     0.1000E+07
  0.0000E+00     0.7535E+01     0.1000E+07
  0.0000E+00     0.4334E+02     0.1000E+07
  0.0000E+00     0.4556E+01     0.1000E+07
  0.0000E+00     0.2791E+00     0.1000E+07
  0.0000E+00     0.3000E+01     0.1000E+07
  0.0000E+00     0.3000E+01     0.1000E+07
  0.1000E+01     0.5000E+01     0.1200E+02
0INITIAL ESTIMATE OF OMEGA:
 BLOCK SET NO.   BLOCK                                                                    FIXED
        1                                                                                   NO
                  0.5584E-01
        2                                                                                   NO
                  0.1937E+00
        3                                                                                   NO
                  0.8579E-01
        4                                                                                  YES
                  0.0000E+00
        5                                                                                   NO
                  0.3215E+00
        6                                                                                  YES
                  0.0000E+00
        7                                                                                   NO
                  0.9755E-01
0INITIAL ESTIMATE OF SIGMA:
 0.1000E+01
0SIGMA CONSTRAINED TO BE THIS INITIAL ESTIMATE
0COVARIANCE STEP OMITTED:        NO
 EIGENVLS. PRINTED:             YES
 SPECIAL COMPUTATION:            NO
 COMPRESSED FORMAT:              NO
 SIGDIGITS ETAHAT (SIGLO):                  -1
 SIGDIGITS GRADIENTS (SIGL):                -1
 RELATIVE TOLERANCE (TOL):                  -1
 ABSOLUTE TOLERANCE-ADVAN 9,13 ONLY (ATOL): -1
 EXCLUDE COV FOR FOCE (NOFCOV):              NO
 RESUME COV ANALYSIS (RESUME):               NO
0TABLES STEP OMITTED:    NO
 NO. OF TABLES:           1
 SEED NUMBER (SEED):    11456
 RANMETHOD:
 MC SAMPLES (ESEED):    300
 WRES SQUARE ROOT TYPE:            EIGENVALUE
0-- TABLE   1 --
 PRINTED:                NO
 HEADERS:               ONE
 FILE TO BE FORWARDED:   NO
 FORMAT:                S1PE11.4
 LFORMAT:
 RFORMAT:
0USER-CHOSEN ITEMS:
 PKFL DV ID FLAG PERIOD TAD TIME AMT EVID CMT MDV TRTPN IPRED IWRES CWRES CL V1 V2 Q1 F1 CLM fm VM1 VM2 Q2 KTR MTT NT ETA1
 ETA2 ETA3 ETA4 ETA5 ETA6 ETA7
1DOUBLE PRECISION PREDPP VERSION 7.3.0

 GENERAL NONLINEAR KINETICS MODEL (ADVAN6)
0MODEL SUBROUTINE USER-SUPPLIED - ID NO. 9999
0MAXIMUM NO. OF BASIC PK PARAMETERS:  14
0COMPARTMENT ATTRIBUTES
 COMPT. NO.   FUNCTION   INITIAL    ON/OFF      DOSE      DEFAULT    DEFAULT
                         STATUS     ALLOWED    ALLOWED    FOR DOSE   FOR OBS.
    1         CENT         ON         YES        YES        YES        YES
    2         CENTMET      ON         YES        YES        NO         NO
    3         PERI         ON         YES        YES        NO         NO
    4         PERIMET      ON         YES        YES        NO         NO
    5         OUTPUT       OFF        YES        NO         NO         NO
0NRD VALUE FROM SUBROUTINE TOL:   6
1
 ADDITIONAL PK PARAMETERS - ASSIGNMENT OF ROWS IN GG
 COMPT. NO.                             INDICES
              SCALE      BIOAVAIL.   ZERO-ORDER  ZERO-ORDER  ABSORB
                         FRACTION    RATE        DURATION    LAG
    1           15          17           *           *           *
    2           16           *           *           *           *
    3            *           *           *           *           *
    4            *           *           *           *           *
    5            *           -           -           -           -
             - PARAMETER IS NOT ALLOWED FOR THIS MODEL
             * PARAMETER IS NOT SUPPLIED BY PK SUBROUTINE;
               WILL DEFAULT TO ONE IF APPLICABLE
0DATA ITEM INDICES USED BY PRED ARE:
   EVENT ID DATA ITEM IS DATA ITEM NO.:      9
   TIME DATA ITEM IS DATA ITEM NO.:          7
   DOSE AMOUNT DATA ITEM IS DATA ITEM NO.:   8
   COMPT. NO. DATA ITEM IS DATA ITEM NO.:   10

0PK SUBROUTINE CALLED WITH EVERY EVENT RECORD.
 PK SUBROUTINE NOT CALLED AT NONEVENT (ADDITIONAL OR LAGGED) DOSE TIMES.
0ERROR SUBROUTINE CALLED WITH EVERY EVENT RECORD.
0ERROR SUBROUTINE INDICATES THAT DERIVATIVES OF COMPARTMENT AMOUNTS ARE USED.
0DES SUBROUTINE USES COMPACT STORAGE MODE.
1


 #TBLN:      1
 #METH: First Order Conditional Estimation with Interaction

 ESTIMATION STEP OMITTED:                 NO  
 ANALYSIS TYPE:                           POPULATION
 CONDITIONAL ESTIMATES USED:              YES 
 CENTERED ETA:                            NO  
 EPS-ETA INTERACTION:                     YES 
 LAPLACIAN OBJ. FUNC.:                    NO  
 NO. OF FUNCT. EVALS. ALLOWED:            9999
 NO. OF SIG. FIGURES REQUIRED:            3
 INTERMEDIATE PRINTOUT:                   YES 
 ESTIMATE OUTPUT TO MSF:                  NO  
 ABORT WITH PRED EXIT CODE 1:             NO  
 IND. OBJ. FUNC. VALUES SORTED:           NO  
 NUMERICAL DERIVATIVE 
       FILE REQUEST (NUMDER):             NONE
 MAP (ETAHAT) ESTIMATION METHOD (OPTMAP): 0           
 ETA HESSIAN EVALUATION METHOD (ETADER):  0           
 INITIAL ETA FOR MAP ESTIMATION (MCETA):  0           
 SIGDIGITS FOR MAP ESTIMATION (SIGLO):    15          
 GRADIENT SIGDIGITS OF 
       FIXED EFFECTS PARAMETERS (SIGL):   15          
 EXCLUDE TITLE (NOTITLE):                 NO 
 EXCLUDE COLUMN LABELS (NOLABEL):         NO 
 NOPRIOR SETTING (NOPRIOR):               OFF
 NOCOV SETTING (NOCOV):                   OFF
 DERCONT SETTING (DERCONT):               OFF
 ABSOLUTE TOLERANCE-ADVAN 9,13 ONLY(ATOL):-100        
 FINAL ETA RE-EVALUATION (FNLETA):        ON 
 EXCLUDE NON-INFLUENTIAL (NON-INFL.) ETAS 
       IN SHRINKAGE (ETASTYPE):           NO 
 NON-INFL. ETA CORRECTION (NONINFETA):    OFF
 FORMAT FOR ADDITIONAL FILES (FORMAT):    S1PE12.5
 PARAMETER ORDER FOR OUTPUTS (ORDER):     TSOL
 ADDITIONAL CONVERGENCE TEST (CTYPE=4)?:  NO
 EM OR BAYESIAN METHOD USED:                NONE


 THE FOLLOWING LABELS ARE EQUIVALENT
 PRED=PREDI
 RES=RESI
 WRES=WRESI
 IWRS=IWRESI
 IPRD=IPREDI
 IRS=IRESI

 MONITORING OF SEARCH:


0ITERATION NO.:    0    OBJECTIVE VALUE:   6857.39991370422        NO. OF FUNC. EVALS.:  16
 CUMULATIVE NO. OF FUNC. EVALS.:       16
 NPARAMETR:  1.6596E+01  1.4467E+02  6.8978E+01  1.5785E+01  3.6446E-01  1.0000E+00  1.0387E+01  7.5350E+00  4.3339E+01  4.5564E+00
             2.7907E-01  3.0000E+00  3.0000E+00  5.0000E+00  5.5842E-02  1.9366E-01  8.5788E-02  3.2152E-01  9.7546E-02
 PARAMETER:  1.0000E-01  1.0000E-01  1.0000E-01  1.0000E-01  1.0000E-01  1.0000E-01  1.0000E-01  1.0000E-01  1.0000E-01  1.0000E-01
             1.0000E-01  1.0000E-01  1.0000E-01  1.0000E-01  1.0000E-01  1.0000E-01  1.0000E-01  1.0000E-01  1.0000E-01
 GRADIENT:  -5.0328E+02  3.8807E+02  5.1153E+01  7.5898E+01  4.0899E+02  8.3156E+01 -1.9073E+02 -1.9165E+01  2.0072E+01  5.5335E+01
             3.6194E+02  4.1600E+01  5.0130E+01  6.4079E+01 -2.1977E+02  4.3260E-01 -1.8072E+01  1.2518E+01  3.4618E+00

0ITERATION NO.:    5    OBJECTIVE VALUE:   6200.26361041691        NO. OF FUNC. EVALS.:  17
 CUMULATIVE NO. OF FUNC. EVALS.:      104
 NPARAMETR:  2.7326E+01  1.2609E+02  7.4697E+01  1.2606E+01  1.5683E-01  6.9992E-01  1.5311E+01  9.6795E+00  4.0957E+01  4.9844E+00
             1.4322E-01  2.0619E+00  1.8032E+00  2.4973E+00  4.3904E-02  1.3378E-01  5.7860E-02  1.8320E-01  7.0697E-02
 PARAMETER:  5.9865E-01 -3.7482E-02  1.7966E-01 -1.2492E-01 -7.4327E-01 -2.5680E-01  4.8804E-01  3.5044E-01  4.3452E-02  1.8979E-01
            -5.6706E-01 -2.7500E-01 -4.0906E-01 -1.1883E+00 -2.0256E-02 -8.4956E-02 -9.6924E-02 -1.8126E-01 -6.0962E-02
 GRADIENT:   7.4199E+01 -3.2428E+01 -1.4815E+02 -3.9507E+01 -1.0247E+02 -4.5011E+01  4.5389E+01  8.1069E+01 -4.7657E+01  1.0741E+01
            -3.9652E+01  1.5024E+01  2.7485E+01  2.9661E+01 -3.4051E+01  2.3398E+01  1.0478E+01  8.2633E+00  1.0091E+01

0ITERATION NO.:   10    OBJECTIVE VALUE:   6175.42733859000        NO. OF FUNC. EVALS.:  18
 CUMULATIVE NO. OF FUNC. EVALS.:      191
 NPARAMETR:  2.6102E+01  1.0903E+02  9.8416E+01  2.3626E+01  1.3981E-01  9.4155E-01  1.6039E+01  9.6547E+00  5.0827E+01  5.9045E+00
             1.3565E-01  1.4538E+00  8.2407E-01  1.9085E+00  6.2635E-02  6.3280E-02  3.5732E-02  1.4851E-01  4.5332E-02
 PARAMETER:  5.5282E-01 -1.8285E-01  4.5542E-01  5.0330E-01 -8.5814E-01  3.9768E-02  5.3446E-01  3.4788E-01  2.5938E-01  3.5920E-01
            -6.2142E-01 -6.2441E-01 -1.1921E+00 -1.7480E+00  1.5740E-01 -4.5926E-01 -3.3791E-01 -2.8622E-01 -2.8315E-01
 GRADIENT:  -6.6017E+01 -2.0184E+01 -9.1581E+01  6.5779E+01 -2.5771E+02 -1.0687E+01  2.8355E+01 -9.0995E+00  9.9541E+01  1.3417E+01
            -1.1984E+02 -3.4399E+01 -8.3793E+00 -6.9379E+00 -1.4604E+01  4.4783E+00 -1.0499E+01  6.3313E-01 -7.7741E+00

0ITERATION NO.:   15    OBJECTIVE VALUE:   6156.46065486156        NO. OF FUNC. EVALS.:  17
 CUMULATIVE NO. OF FUNC. EVALS.:      277
 NPARAMETR:  2.7933E+01  1.2644E+02  8.8093E+01  1.7878E+01  1.5780E-01  9.2690E-01  1.5039E+01  9.3941E+00  5.0033E+01  5.3952E+00
             1.5752E-01  1.9038E+00  6.0526E-02  2.3940E+00  7.4331E-02  6.4188E-02  6.0359E-02  1.5298E-01  5.7936E-02
 PARAMETER:  6.2062E-01 -3.4702E-02  3.4461E-01  2.2450E-01 -7.3710E-01  2.4090E-02  4.7012E-01  3.2051E-01  2.4362E-01  2.6899E-01
            -4.7194E-01 -3.5477E-01 -3.8033E+00 -1.2706E+00  2.4300E-01 -4.5214E-01 -7.5785E-02 -2.7137E-01 -1.6049E-01
 GRADIENT:  -1.7818E+00  5.6285E+01 -7.2618E+00 -3.7159E+00 -7.8787E+01  3.4406E+01 -4.9067E+01 -3.1834E+01  7.0352E+01 -2.1542E+01
             2.5775E+01  8.3992E+00 -2.9379E-02  3.8081E+01  3.9472E+00  8.1770E+00  1.4625E+01  4.1053E+00  4.7583E+00

0ITERATION NO.:   20    OBJECTIVE VALUE:   6138.99052626909        NO. OF FUNC. EVALS.:  18
 CUMULATIVE NO. OF FUNC. EVALS.:      367
 NPARAMETR:  2.7025E+01  1.1691E+02  9.2410E+01  1.9108E+01  1.6531E-01  8.9484E-01  1.5250E+01  9.5142E+00  4.6396E+01  5.3787E+00
             1.5109E-01  1.7316E+00  1.4495E-01  2.1273E+00  7.5153E-02  6.5519E-02  4.1795E-02  1.3396E-01  4.7565E-02
 PARAMETER:  5.8758E-01 -1.1304E-01  3.9245E-01  2.9104E-01 -6.9060E-01 -1.1111E-02  4.8400E-01  3.3323E-01  1.6816E-01  2.6592E-01
            -5.1359E-01 -4.4957E-01 -2.9300E+00 -1.5103E+00  2.4850E-01 -4.4187E-01 -2.5955E-01 -3.3775E-01 -2.5911E-01
 GRADIENT:  -1.1694E+01  1.3233E+01  2.0303E+00 -5.8625E+00 -1.9415E+01 -2.1844E+00 -1.4293E+01 -1.1776E+01  1.6645E+01 -4.8293E+00
            -8.7446E+00  3.6646E+00 -4.3781E-01  6.7387E+00  3.3458E+00  9.4888E+00 -1.8727E+00 -4.8401E+00 -4.2027E+00

0ITERATION NO.:   25    OBJECTIVE VALUE:   6132.50761617328        NO. OF FUNC. EVALS.:  18
 CUMULATIVE NO. OF FUNC. EVALS.:      457
 NPARAMETR:  2.7918E+01  1.1074E+02  1.0069E+02  2.1826E+01  1.6792E-01  9.3667E-01  1.6003E+01  9.8820E+00  4.6083E+01  5.6297E+00
             1.4826E-01  1.5654E+00  9.8851E-01  1.8975E+00  6.9388E-02  3.8993E-02  4.2292E-02  1.4449E-01  4.8974E-02
 PARAMETER:  6.2010E-01 -1.6726E-01  4.7827E-01  4.2405E-01 -6.7493E-01  3.4575E-02  5.3225E-01  3.7115E-01  1.6139E-01  3.1154E-01
            -5.3253E-01 -5.5049E-01 -1.0102E+00 -1.7613E+00  2.0859E-01 -7.0136E-01 -2.5365E-01 -2.9993E-01 -2.4451E-01
 GRADIENT:  -1.0102E+00 -2.7568E+01 -7.4439E+00  5.9678E+00 -3.0580E+00 -9.7654E+00  2.3140E+01  5.0619E+00  1.9415E+01 -4.9585E+00
             1.5107E+01 -6.7439E+00 -1.0775E+00 -4.0376E+00 -1.7481E+00 -2.9096E-02 -7.3443E-01 -1.7416E+00 -1.5968E+00

0ITERATION NO.:   30    OBJECTIVE VALUE:   6130.99517128791        NO. OF FUNC. EVALS.:  17
 CUMULATIVE NO. OF FUNC. EVALS.:      542
 NPARAMETR:  2.7731E+01  1.1272E+02  9.8293E+01  2.0814E+01  1.6829E-01  9.3833E-01  1.5601E+01  9.6940E+00  4.4506E+01  5.5621E+00
             1.4547E-01  1.6565E+00  1.0698E+00  1.9566E+00  7.0322E-02  3.8661E-02  4.3042E-02  1.4671E-01  5.0698E-02
 PARAMETER:  6.1337E-01 -1.4955E-01  4.5417E-01  3.7655E-01 -6.7272E-01  3.6345E-02  5.0680E-01  3.5195E-01  1.2657E-01  2.9946E-01
            -5.5151E-01 -4.9393E-01 -9.3110E-01 -1.6917E+00  2.1528E-01 -7.0564E-01 -2.4485E-01 -2.9232E-01 -2.2721E-01
 GRADIENT:  -1.3645E-02  1.3808E-01  5.4689E-01 -1.8637E-01  2.2001E-01 -1.4754E-01 -2.2166E-01 -2.8904E-01 -3.3812E-01  3.1781E-01
            -8.6171E-01  3.2957E-02 -2.6302E-01 -3.0976E-01 -1.2763E-01 -2.3091E-02 -5.8202E-03 -8.0442E-02  4.0162E-02

0ITERATION NO.:   35    OBJECTIVE VALUE:   6130.99343249241        NO. OF FUNC. EVALS.:  18
 CUMULATIVE NO. OF FUNC. EVALS.:      675
 NPARAMETR:  2.7731E+01  1.1278E+02  9.8249E+01  2.0809E+01  1.6825E-01  9.3822E-01  1.5605E+01  9.6964E+00  4.4521E+01  5.5595E+00
             1.4555E-01  1.6569E+00  1.0762E+00  1.9585E+00  7.0459E-02  3.8676E-02  4.3022E-02  1.4690E-01  5.0677E-02
 PARAMETER:  6.1338E-01 -1.4908E-01  4.5372E-01  3.7631E-01 -6.7298E-01  3.6232E-02  5.0703E-01  3.5219E-01  1.2691E-01  2.9899E-01
            -5.5097E-01 -4.9366E-01 -9.2518E-01 -1.6895E+00  2.1626E-01 -7.0544E-01 -2.4509E-01 -2.9168E-01 -2.2742E-01
 GRADIENT:  -3.9434E-02 -3.1254E-02  3.6702E-02 -7.7192E-03 -5.2139E-03  3.1349E-02  2.7795E-02  1.2249E-02  4.2605E-02 -2.1836E-02
             2.0202E-02 -3.9035E-03 -1.5201E-02  1.9918E-02  2.9393E-03 -1.5109E-02 -1.4577E-02  1.8735E-02  2.3702E-03

0ITERATION NO.:   40    OBJECTIVE VALUE:   6130.99342429225        NO. OF FUNC. EVALS.:  18
 CUMULATIVE NO. OF FUNC. EVALS.:      765
 NPARAMETR:  2.7732E+01  1.1277E+02  9.8249E+01  2.0808E+01  1.6825E-01  9.3820E-01  1.5605E+01  9.6963E+00  4.4519E+01  5.5595E+00
             1.4555E-01  1.6569E+00  1.0770E+00  1.9585E+00  7.0459E-02  3.8677E-02  4.3022E-02  1.4689E-01  5.0677E-02
 PARAMETER:  6.1339E-01 -1.4909E-01  4.5372E-01  3.7629E-01 -6.7298E-01  3.6212E-02  5.0703E-01  3.5218E-01  1.2685E-01  2.9899E-01
            -5.5098E-01 -4.9364E-01 -9.2444E-01 -1.6895E+00  2.1626E-01 -7.0542E-01 -2.4508E-01 -2.9169E-01 -2.2742E-01
 GRADIENT:  -2.5132E-02 -3.8003E-02  3.6512E-02 -1.7961E-02 -3.0343E-03  2.0420E-02  3.1312E-02  1.9355E-02  1.9952E-02 -2.0008E-02
             5.0738E-02 -1.2818E-03  4.4489E-03  1.8470E-02  3.7471E-03 -1.1984E-02 -1.3454E-02  1.7406E-02  1.5372E-03

0ITERATION NO.:   45    OBJECTIVE VALUE:   6130.99342010098        NO. OF FUNC. EVALS.:  19
 CUMULATIVE NO. OF FUNC. EVALS.:      897
 NPARAMETR:  2.7732E+01  1.1277E+02  9.8248E+01  2.0808E+01  1.6825E-01  9.3818E-01  1.5604E+01  9.6961E+00  4.4518E+01  5.5596E+00
             1.4554E-01  1.6569E+00  1.0771E+00  1.9583E+00  7.0459E-02  3.8683E-02  4.3025E-02  1.4688E-01  5.0677E-02
 PARAMETER:  6.1341E-01 -1.4911E-01  4.5371E-01  3.7628E-01 -6.7298E-01  3.6186E-02  5.0700E-01  3.5216E-01  1.2683E-01  2.9901E-01
            -5.5105E-01 -4.9367E-01 -9.2437E-01 -1.6897E+00  2.1625E-01 -7.0534E-01 -2.4505E-01 -2.9172E-01 -2.2742E-01
 GRADIENT:   5.3920E-03 -1.2152E-02 -7.6702E-03 -9.0192E-03 -4.5728E-03 -1.1504E-03  1.3955E-02  1.9601E-03  2.2677E-04  7.6950E-04
            -2.3904E-02 -3.6703E-03  1.8668E-04 -1.1677E-02  3.3820E-03 -8.8213E-03 -1.0100E-02  1.0693E-02  1.2215E-03

0ITERATION NO.:   50    OBJECTIVE VALUE:   6130.99341982558        NO. OF FUNC. EVALS.:  29
 CUMULATIVE NO. OF FUNC. EVALS.:      998
 NPARAMETR:  2.7732E+01  1.1277E+02  9.8248E+01  2.0808E+01  1.6825E-01  9.3818E-01  1.5604E+01  9.6961E+00  4.4518E+01  5.5596E+00
             1.4554E-01  1.6570E+00  1.0771E+00  1.9583E+00  7.0459E-02  3.8684E-02  4.3026E-02  1.4688E-01  5.0677E-02
 PARAMETER:  6.1341E-01 -1.4910E-01  4.5371E-01  3.7629E-01 -6.7298E-01  3.6192E-02  5.0700E-01  3.5217E-01  1.2684E-01  2.9901E-01
            -5.5105E-01 -4.9359E-01 -9.2438E-01 -1.6897E+00  2.1625E-01 -7.0534E-01 -2.4504E-01 -2.9173E-01 -2.2742E-01
 GRADIENT:   7.1925E-04 -1.0194E-02 -5.4805E-03 -9.8430E-03 -1.4886E-04  7.5715E-04  7.6204E-03  5.4646E-03  6.3727E-03 -1.1771E-03
            -2.3177E-02  1.6396E-03  2.8882E-04 -1.1007E-02  3.1836E-03 -8.2836E-03 -9.4475E-03  1.0296E-02  1.2299E-03

0ITERATION NO.:   55    OBJECTIVE VALUE:   6130.99341975732        NO. OF FUNC. EVALS.:  29
 CUMULATIVE NO. OF FUNC. EVALS.:     1133
 NPARAMETR:  2.7732E+01  1.1277E+02  9.8248E+01  2.0808E+01  1.6825E-01  9.3816E-01  1.5604E+01  9.6961E+00  4.4518E+01  5.5596E+00
             1.4554E-01  1.6569E+00  1.0771E+00  1.9583E+00  7.0459E-02  3.8685E-02  4.3026E-02  1.4688E-01  5.0677E-02
 PARAMETER:  6.1341E-01 -1.4910E-01  4.5371E-01  3.7629E-01 -6.7298E-01  3.6167E-02  5.0700E-01  3.5217E-01  1.2684E-01  2.9901E-01
            -5.5105E-01 -4.9369E-01 -9.2438E-01 -1.6897E+00  2.1625E-01 -7.0533E-01 -2.4504E-01 -2.9173E-01 -2.2742E-01
 GRADIENT:  -5.1153E-04 -6.0811E-03 -1.1458E-02 -2.9990E-03 -3.6916E-03 -8.9149E-03  5.5116E-03  2.0402E-03  9.5800E-03 -9.8111E-04
            -2.3095E-02 -5.3743E-03  5.5684E-04 -1.3192E-02  3.2377E-03 -8.3697E-03 -8.9238E-03  9.4772E-03  1.0061E-03

0ITERATION NO.:   58    OBJECTIVE VALUE:   6130.99341972916        NO. OF FUNC. EVALS.:  28
 CUMULATIVE NO. OF FUNC. EVALS.:     1239
 NPARAMETR:  2.7732E+01  1.1277E+02  9.8248E+01  2.0809E+01  1.6825E-01  9.3816E-01  1.5604E+01  9.6961E+00  4.4518E+01  5.5596E+00
             1.4554E-01  1.6569E+00  1.0771E+00  1.9583E+00  7.0459E-02  3.8685E-02  4.3026E-02  1.4688E-01  5.0677E-02
 PARAMETER:  6.1341E-01 -1.4910E-01  4.5371E-01  3.7630E-01 -6.7298E-01  3.6167E-02  5.0700E-01  3.5217E-01  1.2684E-01  2.9901E-01
            -5.5105E-01 -4.9369E-01 -9.2438E-01 -1.6897E+00  2.1625E-01 -7.0532E-01 -2.4504E-01 -2.9173E-01 -2.2742E-01
 GRADIENT:  -6.2125E-04 -4.4856E-03 -1.6242E-02  5.8007E-04 -3.5019E-03 -8.9353E-03  5.3098E-03  1.9220E-03  8.6353E-03  8.3951E-05
            -2.2975E-02 -5.5803E-03  5.2845E-04 -1.3292E-02  3.2297E-03 -8.4344E-03 -8.9311E-03  9.4827E-03  1.0000E-03

 #TERM:
0MINIMIZATION SUCCESSFUL
 NO. OF FUNCTION EVALUATIONS USED:     1239
 NO. OF SIG. DIGITS IN FINAL EST.:  3.4

 ETABAR IS THE ARITHMETIC MEAN OF THE ETA-ESTIMATES,
 AND THE P-VALUE IS GIVEN FOR THE NULL HYPOTHESIS THAT THE TRUE MEAN IS 0.

 ETABAR:         1.2950E-03 -1.7245E-04  1.4644E-03  0.0000E+00  2.6514E-03  0.0000E+00  2.0472E-03
 SE:             4.5575E-02  2.4658E-02  3.4181E-02  0.0000E+00  6.5575E-02  0.0000E+00  3.7812E-02
 N:                      33          33          33          33          33          33          33

 P VAL.:         9.7733E-01  9.9442E-01  9.6583E-01  1.0000E+00  9.6775E-01  1.0000E+00  9.5682E-01

 ETAshrink(%):   1.0000E-10  2.6864E+01  3.8690E+00  1.0000E+02  1.8482E-01  1.0000E+02  2.0138E+00
 EBVshrink(%):   1.2765E+00  2.7426E+01  5.4593E+00  0.0000E+00  1.3429E+00  0.0000E+00  3.4658E+00
 EPSshrink(%):   8.4837E+00

 #TERE:
 Elapsed estimation time in seconds:   437.70
 Elapsed covariance time in seconds:   506.14
1
 
 
 
 
 
 
 
 
 
 
 
 
 
 
 
 
 
 
 
 
 ************************************************************************************************************************
 ********************                                                                                ********************
 ********************               FIRST ORDER CONDITIONAL ESTIMATION WITH INTERACTION              ********************
 #OBJT:**************                       MINIMUM VALUE OF OBJECTIVE FUNCTION                      ********************
 ********************                                                                                ********************
 ************************************************************************************************************************
 





 #OBJV:********************************************     6130.993       **************************************************
1
 ************************************************************************************************************************
 ********************                                                                                ********************
 ********************               FIRST ORDER CONDITIONAL ESTIMATION WITH INTERACTION              ********************
 ********************                             FINAL PARAMETER ESTIMATE                           ********************
 ********************                                                                                ********************
 ************************************************************************************************************************
 


 THETA - VECTOR OF FIXED EFFECTS PARAMETERS   *********


         TH 1      TH 2      TH 3      TH 4      TH 5      TH 6      TH 7      TH 8      TH 9      TH10      TH11      TH12     
          TH13      TH14      TH15     
 
         2.77E+01  1.13E+02  9.82E+01  2.08E+01  1.68E-01  9.38E-01  1.00E+00  1.56E+01  9.70E+00  4.45E+01  5.56E+00  1.46E-01
          1.66E+00  1.08E+00  1.96E+00
 


 OMEGA - COV MATRIX FOR RANDOM EFFECTS - ETAS  ********


            ETA1      ETA2      ETA3      ETA4      ETA5      ETA6      ETA7   
 
 ETA1
+        7.05E-02
 
 ETA2
+        0.00E+00  3.87E-02
 
 ETA3
+        0.00E+00  0.00E+00  4.30E-02
 
 ETA4
+        0.00E+00  0.00E+00  0.00E+00  0.00E+00
 
 ETA5
+        0.00E+00  0.00E+00  0.00E+00  0.00E+00  1.47E-01
 
 ETA6
+        0.00E+00  0.00E+00  0.00E+00  0.00E+00  0.00E+00  0.00E+00
 
 ETA7
+        0.00E+00  0.00E+00  0.00E+00  0.00E+00  0.00E+00  0.00E+00  5.07E-02
 


 SIGMA - COV MATRIX FOR RANDOM EFFECTS - EPSILONS  ****


            EPS1   
 
 EPS1
+        1.00E+00
 
1


 OMEGA - CORR MATRIX FOR RANDOM EFFECTS - ETAS  *******


            ETA1      ETA2      ETA3      ETA4      ETA5      ETA6      ETA7   
 
 ETA1
+        2.65E-01
 
 ETA2
+        0.00E+00  1.97E-01
 
 ETA3
+        0.00E+00  0.00E+00  2.07E-01
 
 ETA4
+        0.00E+00  0.00E+00  0.00E+00  0.00E+00
 
 ETA5
+        0.00E+00  0.00E+00  0.00E+00  0.00E+00  3.83E-01
 
 ETA6
+        0.00E+00  0.00E+00  0.00E+00  0.00E+00  0.00E+00  0.00E+00
 
 ETA7
+        0.00E+00  0.00E+00  0.00E+00  0.00E+00  0.00E+00  0.00E+00  2.25E-01
 


 SIGMA - CORR MATRIX FOR RANDOM EFFECTS - EPSILONS  ***


            EPS1   
 
 EPS1
+        1.00E+00
 
1
 ************************************************************************************************************************
 ********************                                                                                ********************
 ********************               FIRST ORDER CONDITIONAL ESTIMATION WITH INTERACTION              ********************
 ********************                            STANDARD ERROR OF ESTIMATE                          ********************
 ********************                                                                                ********************
 ************************************************************************************************************************
 


 THETA - VECTOR OF FIXED EFFECTS PARAMETERS   *********


         TH 1      TH 2      TH 3      TH 4      TH 5      TH 6      TH 7      TH 8      TH 9      TH10      TH11      TH12     
          TH13      TH14      TH15     
 
         1.81E+00  1.07E+01  6.39E+00  2.39E+00  8.68E-03  7.13E-02 .........  5.80E-01  4.09E-01  2.25E+00  3.89E-01  7.43E-03
          1.64E-01  1.60E-01  1.89E-01
 


 OMEGA - COV MATRIX FOR RANDOM EFFECTS - ETAS  ********


            ETA1      ETA2      ETA3      ETA4      ETA5      ETA6      ETA7   
 
 ETA1
+        3.10E-02
 
 ETA2
+       .........  1.39E-02
 
 ETA3
+       ......... .........  1.17E-02
 
 ETA4
+       ......... ......... ......... .........
 
 ETA5
+       ......... ......... ......... .........  3.38E-02
 
 ETA6
+       ......... ......... ......... ......... ......... .........
 
 ETA7
+       ......... ......... ......... ......... ......... .........  1.85E-02
 


 SIGMA - COV MATRIX FOR RANDOM EFFECTS - EPSILONS  ****


            EPS1   
 
 EPS1
+       .........
 
1


 OMEGA - CORR MATRIX FOR RANDOM EFFECTS - ETAS  *******


            ETA1      ETA2      ETA3      ETA4      ETA5      ETA6      ETA7   
 
 ETA1
+        5.83E-02
 
 ETA2
+       .........  3.53E-02
 
 ETA3
+       ......... .........  2.81E-02
 
 ETA4
+       ......... ......... ......... .........
 
 ETA5
+       ......... ......... ......... .........  4.41E-02
 
 ETA6
+       ......... ......... ......... ......... ......... .........
 
 ETA7
+       ......... ......... ......... ......... ......... .........  4.12E-02
 


 SIGMA - CORR MATRIX FOR RANDOM EFFECTS - EPSILONS  ***


            EPS1   
 
 EPS1
+       .........
 
1
 ************************************************************************************************************************
 ********************                                                                                ********************
 ********************               FIRST ORDER CONDITIONAL ESTIMATION WITH INTERACTION              ********************
 ********************                          COVARIANCE MATRIX OF ESTIMATE                         ********************
 ********************                                                                                ********************
 ************************************************************************************************************************
 

            TH 1      TH 2      TH 3      TH 4      TH 5      TH 6      TH 7      TH 8      TH 9      TH10      TH11      TH12  
             TH13      TH14      TH15      OM11      OM12      OM13      OM14      OM15      OM16      OM17      OM22      OM23  
            OM24      OM25      OM26      OM27      OM33      OM34      OM35      OM36      OM37      OM44      OM45      OM46  
             OM47      OM55      OM56      OM57      OM66      OM67      OM77      SG11  
 
 TH 1
+        3.27E+00
 
 TH 2
+        1.22E+01  1.14E+02
 
 TH 3
+        1.71E-01 -2.93E+01  4.09E+01
 
 TH 4
+       -7.14E-01 -1.42E+01  1.37E+01  5.72E+00
 
 TH 5
+        5.70E-04  9.07E-03 -1.64E-02 -6.38E-03  7.54E-05
 
 TH 6
+       -2.53E-02 -3.86E-01  1.77E-01  8.60E-02  4.00E-05  5.09E-03
 
 TH 7
+       ......... ......... ......... ......... ......... ......... .........
 
 TH 8
+        2.04E-01  2.86E+00 -2.17E-01 -1.27E-01 -8.88E-05 -3.54E-03 .........  3.36E-01
 
 TH 9
+        5.74E-01  1.88E+00 -6.48E-02 -1.10E-01  6.87E-04 -3.68E-03 .........  5.54E-02  1.67E-01
 
 TH10
+        8.72E-01  2.46E+00  1.91E+00  1.13E+00 -4.50E-03  7.75E-02 .........  3.83E-01  1.23E-01  5.06E+00
 
 TH11
+        4.13E-01  1.14E+00 -2.41E-04 -2.46E-02 -2.79E-05  3.87E-03 .........  4.94E-02  6.95E-02  4.57E-01  1.51E-01
 
 TH12
+       -6.59E-03 -2.05E-02 -1.22E-03  1.17E-03  3.97E-05  1.27E-04 ......... -3.93E-04 -1.05E-03 -4.54E-03 -9.77E-04  5.52E-05
 
 TH13
+       -4.98E-02 -3.17E-01  3.62E-01  1.56E-01 -2.15E-04  6.37E-03 .........  4.30E-03 -1.94E-02  1.50E-01  8.64E-03  1.68E-04
          2.69E-02
 
 TH14
+        1.07E-01  8.83E-02  1.23E-01 -1.35E-03  1.54E-04 -3.34E-04 ......... -7.16E-03  2.74E-02  7.14E-03  2.90E-02 -1.45E-04
          3.79E-04  2.57E-02
 
 TH15
+        1.11E-01  1.33E+00 -4.29E-01 -1.50E-01 -3.28E-04 -4.26E-03 .........  3.47E-02  6.66E-04  1.68E-02  1.45E-02 -2.66E-04
          2.24E-04 -5.60E-03  3.57E-02
 
 OM11
+       -3.90E-02 -1.73E-01  2.96E-02  1.67E-02 -1.29E-05 -1.28E-05 ......... -4.40E-03 -6.95E-03 -3.25E-02 -5.97E-03  1.06E-04
         -4.90E-04 -7.12E-04 -1.70E-03  9.59E-04
 
 OM12
+       ......... ......... ......... ......... ......... ......... ......... ......... ......... ......... ......... .........
         ......... ......... ......... ......... .........
 
 OM13
+       ......... ......... ......... ......... ......... ......... ......... ......... ......... ......... ......... .........
         ......... ......... ......... ......... ......... .........
 
1

            TH 1      TH 2      TH 3      TH 4      TH 5      TH 6      TH 7      TH 8      TH 9      TH10      TH11      TH12  
             TH13      TH14      TH15      OM11      OM12      OM13      OM14      OM15      OM16      OM17      OM22      OM23  
            OM24      OM25      OM26      OM27      OM33      OM34      OM35      OM36      OM37      OM44      OM45      OM46  
             OM47      OM55      OM56      OM57      OM66      OM67      OM77      SG11  
 
 OM14
+       ......... ......... ......... ......... ......... ......... ......... ......... ......... ......... ......... .........
         ......... ......... ......... ......... ......... ......... .........
 
 OM15
+       ......... ......... ......... ......... ......... ......... ......... ......... ......... ......... ......... .........
         ......... ......... ......... ......... ......... ......... ......... .........
 
 OM16
+       ......... ......... ......... ......... ......... ......... ......... ......... ......... ......... ......... .........
         ......... ......... ......... ......... ......... ......... ......... ......... .........
 
 OM17
+       ......... ......... ......... ......... ......... ......... ......... ......... ......... ......... ......... .........
         ......... ......... ......... ......... ......... ......... ......... ......... ......... .........
 
 OM22
+       -1.69E-03 -3.48E-02  1.14E-02  4.85E-03  5.30E-07  1.81E-04 ......... -3.85E-03 -2.87E-04 -1.99E-03  2.16E-04  4.90E-06
          2.85E-04  3.37E-04 -6.49E-04 -5.62E-05 ......... ......... ......... ......... ......... .........  1.93E-04
 
 OM23
+       ......... ......... ......... ......... ......... ......... ......... ......... ......... ......... ......... .........
         ......... ......... ......... ......... ......... ......... ......... ......... ......... ......... ......... .........
 
 OM24
+       ......... ......... ......... ......... ......... ......... ......... ......... ......... ......... ......... .........
         ......... ......... ......... ......... ......... ......... ......... ......... ......... ......... ......... .........
        .........
 
 OM25
+       ......... ......... ......... ......... ......... ......... ......... ......... ......... ......... ......... .........
         ......... ......... ......... ......... ......... ......... ......... ......... ......... ......... ......... .........
        ......... .........
 
 OM26
+       ......... ......... ......... ......... ......... ......... ......... ......... ......... ......... ......... .........
         ......... ......... ......... ......... ......... ......... ......... ......... ......... ......... ......... .........
        ......... ......... .........
 
 OM27
+       ......... ......... ......... ......... ......... ......... ......... ......... ......... ......... ......... .........
         ......... ......... ......... ......... ......... ......... ......... ......... ......... ......... ......... .........
        ......... ......... ......... .........
 
 OM33
+       -1.82E-03  1.92E-02  7.20E-03  4.10E-03 -1.97E-05 -1.36E-04 .........  6.12E-04 -6.62E-04 -4.27E-03 -1.35E-03  6.15E-06
         -2.90E-04 -2.30E-04  2.19E-04  9.48E-05 ......... ......... ......... ......... ......... .........  2.42E-05 .........
        ......... ......... ......... .........  1.36E-04
 
 OM34
+       ......... ......... ......... ......... ......... ......... ......... ......... ......... ......... ......... .........
         ......... ......... ......... ......... ......... ......... ......... ......... ......... ......... ......... .........
        ......... ......... ......... ......... ......... .........
 
 OM35
+       ......... ......... ......... ......... ......... ......... ......... ......... ......... ......... ......... .........
         ......... ......... ......... ......... ......... ......... ......... ......... ......... ......... ......... .........
        ......... ......... ......... ......... ......... ......... .........
 
 OM36
+       ......... ......... ......... ......... ......... ......... ......... ......... ......... ......... ......... .........
         ......... ......... ......... ......... ......... ......... ......... ......... ......... ......... ......... .........
        ......... ......... ......... ......... ......... ......... ......... .........
 
1

            TH 1      TH 2      TH 3      TH 4      TH 5      TH 6      TH 7      TH 8      TH 9      TH10      TH11      TH12  
             TH13      TH14      TH15      OM11      OM12      OM13      OM14      OM15      OM16      OM17      OM22      OM23  
            OM24      OM25      OM26      OM27      OM33      OM34      OM35      OM36      OM37      OM44      OM45      OM46  
             OM47      OM55      OM56      OM57      OM66      OM67      OM77      SG11  
 
 OM37
+       ......... ......... ......... ......... ......... ......... ......... ......... ......... ......... ......... .........
         ......... ......... ......... ......... ......... ......... ......... ......... ......... ......... ......... .........
        ......... ......... ......... ......... ......... ......... ......... ......... .........
 
 OM44
+       ......... ......... ......... ......... ......... ......... ......... ......... ......... ......... ......... .........
         ......... ......... ......... ......... ......... ......... ......... ......... ......... ......... ......... .........
        ......... ......... ......... ......... ......... ......... ......... ......... ......... .........
 
 OM45
+       ......... ......... ......... ......... ......... ......... ......... ......... ......... ......... ......... .........
         ......... ......... ......... ......... ......... ......... ......... ......... ......... ......... ......... .........
        ......... ......... ......... ......... ......... ......... ......... ......... ......... ......... .........
 
 OM46
+       ......... ......... ......... ......... ......... ......... ......... ......... ......... ......... ......... .........
         ......... ......... ......... ......... ......... ......... ......... ......... ......... ......... ......... .........
        ......... ......... ......... ......... ......... ......... ......... ......... ......... ......... ......... .........
 
 OM47
+       ......... ......... ......... ......... ......... ......... ......... ......... ......... ......... ......... .........
         ......... ......... ......... ......... ......... ......... ......... ......... ......... ......... ......... .........
        ......... ......... ......... ......... ......... ......... ......... ......... ......... ......... ......... .........
         .........
 
 OM55
+       -1.43E-02 -8.03E-02 -2.67E-02  2.04E-03  2.22E-05  8.89E-04 .........  3.41E-03 -7.53E-04  5.35E-03  7.02E-04  4.34E-05
         -2.85E-04 -6.72E-04 -7.05E-05  7.65E-05 ......... ......... ......... ......... ......... .........  1.48E-05 .........
        ......... ......... ......... .........  2.43E-05 ......... ......... ......... ......... ......... ......... .........
         .........  1.14E-03
 
 OM56
+       ......... ......... ......... ......... ......... ......... ......... ......... ......... ......... ......... .........
         ......... ......... ......... ......... ......... ......... ......... ......... ......... ......... ......... .........
        ......... ......... ......... ......... ......... ......... ......... ......... ......... ......... ......... .........
         ......... ......... .........
 
 OM57
+       ......... ......... ......... ......... ......... ......... ......... ......... ......... ......... ......... .........
         ......... ......... ......... ......... ......... ......... ......... ......... ......... ......... ......... .........
        ......... ......... ......... ......... ......... ......... ......... ......... ......... ......... ......... .........
         ......... ......... ......... .........
 
 OM66
+       ......... ......... ......... ......... ......... ......... ......... ......... ......... ......... ......... .........
         ......... ......... ......... ......... ......... ......... ......... ......... ......... ......... ......... .........
        ......... ......... ......... ......... ......... ......... ......... ......... ......... ......... ......... .........
         ......... ......... ......... ......... .........
 
 OM67
+       ......... ......... ......... ......... ......... ......... ......... ......... ......... ......... ......... .........
         ......... ......... ......... ......... ......... ......... ......... ......... ......... ......... ......... .........
        ......... ......... ......... ......... ......... ......... ......... ......... ......... ......... ......... .........
         ......... ......... ......... ......... ......... .........
 
1

            TH 1      TH 2      TH 3      TH 4      TH 5      TH 6      TH 7      TH 8      TH 9      TH10      TH11      TH12  
             TH13      TH14      TH15      OM11      OM12      OM13      OM14      OM15      OM16      OM17      OM22      OM23  
            OM24      OM25      OM26      OM27      OM33      OM34      OM35      OM36      OM37      OM44      OM45      OM46  
             OM47      OM55      OM56      OM57      OM66      OM67      OM77      SG11  
 
 OM77
+       -1.70E-02 -7.25E-02  2.70E-02  1.30E-02 -5.25E-06  9.69E-05 ......... -1.88E-03 -3.43E-03 -1.04E-02 -3.49E-03  7.21E-05
          1.95E-04 -5.57E-04 -7.01E-04  4.38E-04 ......... ......... ......... ......... ......... .........  1.76E-06 .........
        ......... ......... ......... .........  8.99E-05 ......... ......... ......... ......... ......... ......... .........
         .........  1.88E-05 ......... ......... ......... .........  3.44E-04
 
 SG11
+       ......... ......... ......... ......... ......... ......... ......... ......... ......... ......... ......... .........
         ......... ......... ......... ......... ......... ......... ......... ......... ......... ......... ......... .........
        ......... ......... ......... ......... ......... ......... ......... ......... ......... ......... ......... .........
         ......... ......... ......... ......... ......... ......... ......... .........
 
1
 ************************************************************************************************************************
 ********************                                                                                ********************
 ********************               FIRST ORDER CONDITIONAL ESTIMATION WITH INTERACTION              ********************
 ********************                          CORRELATION MATRIX OF ESTIMATE                        ********************
 ********************                                                                                ********************
 ************************************************************************************************************************
 

            TH 1      TH 2      TH 3      TH 4      TH 5      TH 6      TH 7      TH 8      TH 9      TH10      TH11      TH12  
             TH13      TH14      TH15      OM11      OM12      OM13      OM14      OM15      OM16      OM17      OM22      OM23  
            OM24      OM25      OM26      OM27      OM33      OM34      OM35      OM36      OM37      OM44      OM45      OM46  
             OM47      OM55      OM56      OM57      OM66      OM67      OM77      SG11  
 
 TH 1
+        1.81E+00
 
 TH 2
+        6.32E-01  1.07E+01
 
 TH 3
+        1.48E-02 -4.30E-01  6.39E+00
 
 TH 4
+       -1.65E-01 -5.56E-01  8.95E-01  2.39E+00
 
 TH 5
+        3.63E-02  9.80E-02 -2.95E-01 -3.07E-01  8.68E-03
 
 TH 6
+       -1.96E-01 -5.07E-01  3.87E-01  5.04E-01  6.46E-02  7.13E-02
 
 TH 7
+       ......... ......... ......... ......... ......... ......... .........
 
 TH 8
+        1.94E-01  4.63E-01 -5.84E-02 -9.13E-02 -1.76E-02 -8.55E-02 .........  5.80E-01
 
 TH 9
+        7.76E-01  4.30E-01 -2.48E-02 -1.12E-01  1.93E-01 -1.26E-01 .........  2.33E-01  4.09E-01
 
 TH10
+        2.14E-01  1.02E-01  1.33E-01  2.11E-01 -2.30E-01  4.83E-01 .........  2.93E-01  1.34E-01  2.25E+00
 
 TH11
+        5.87E-01  2.75E-01 -9.69E-05 -2.64E-02 -8.24E-03  1.39E-01 .........  2.19E-01  4.37E-01  5.22E-01  3.89E-01
 
 TH12
+       -4.90E-01 -2.59E-01 -2.57E-02  6.58E-02  6.15E-01  2.39E-01 ......... -9.11E-02 -3.45E-01 -2.72E-01 -3.38E-01  7.43E-03
 
 TH13
+       -1.68E-01 -1.81E-01  3.45E-01  3.99E-01 -1.51E-01  5.44E-01 .........  4.52E-02 -2.89E-01  4.06E-01  1.35E-01  1.38E-01
          1.64E-01
 
 TH14
+        3.69E-01  5.16E-02  1.20E-01 -3.53E-03  1.11E-01 -2.92E-02 ......... -7.69E-02  4.17E-01  1.98E-02  4.64E-01 -1.22E-01
          1.44E-02  1.60E-01
 
 TH15
+        3.26E-01  6.62E-01 -3.55E-01 -3.33E-01 -2.00E-01 -3.16E-01 .........  3.17E-01  8.62E-03  3.95E-02  1.98E-01 -1.89E-01
          7.23E-03 -1.85E-01  1.89E-01
 
 OM11
+       -6.97E-01 -5.25E-01  1.50E-01  2.26E-01 -4.81E-02 -5.79E-03 ......... -2.45E-01 -5.49E-01 -4.67E-01 -4.95E-01  4.61E-01
         -9.64E-02 -1.43E-01 -2.91E-01  3.10E-02
 
 OM12
+       ......... ......... ......... ......... ......... ......... ......... ......... ......... ......... ......... .........
         ......... ......... ......... ......... .........
 
 OM13
+       ......... ......... ......... ......... ......... ......... ......... ......... ......... ......... ......... .........
         ......... ......... ......... ......... ......... .........
 
1

            TH 1      TH 2      TH 3      TH 4      TH 5      TH 6      TH 7      TH 8      TH 9      TH10      TH11      TH12  
             TH13      TH14      TH15      OM11      OM12      OM13      OM14      OM15      OM16      OM17      OM22      OM23  
            OM24      OM25      OM26      OM27      OM33      OM34      OM35      OM36      OM37      OM44      OM45      OM46  
             OM47      OM55      OM56      OM57      OM66      OM67      OM77      SG11  
 
 OM14
+       ......... ......... ......... ......... ......... ......... ......... ......... ......... ......... ......... .........
         ......... ......... ......... ......... ......... ......... .........
 
 OM15
+       ......... ......... ......... ......... ......... ......... ......... ......... ......... ......... ......... .........
         ......... ......... ......... ......... ......... ......... ......... .........
 
 OM16
+       ......... ......... ......... ......... ......... ......... ......... ......... ......... ......... ......... .........
         ......... ......... ......... ......... ......... ......... ......... ......... .........
 
 OM17
+       ......... ......... ......... ......... ......... ......... ......... ......... ......... ......... ......... .........
         ......... ......... ......... ......... ......... ......... ......... ......... ......... .........
 
 OM22
+       -6.71E-02 -2.35E-01  1.29E-01  1.46E-01  4.40E-03  1.82E-01 ......... -4.79E-01 -5.05E-02 -6.36E-02  4.01E-02  4.76E-02
          1.25E-01  1.51E-01 -2.48E-01 -1.31E-01 ......... ......... ......... ......... ......... .........  1.39E-02
 
 OM23
+       ......... ......... ......... ......... ......... ......... ......... ......... ......... ......... ......... .........
         ......... ......... ......... ......... ......... ......... ......... ......... ......... ......... ......... .........
 
 OM24
+       ......... ......... ......... ......... ......... ......... ......... ......... ......... ......... ......... .........
         ......... ......... ......... ......... ......... ......... ......... ......... ......... ......... ......... .........
        .........
 
 OM25
+       ......... ......... ......... ......... ......... ......... ......... ......... ......... ......... ......... .........
         ......... ......... ......... ......... ......... ......... ......... ......... ......... ......... ......... .........
        ......... .........
 
 OM26
+       ......... ......... ......... ......... ......... ......... ......... ......... ......... ......... ......... .........
         ......... ......... ......... ......... ......... ......... ......... ......... ......... ......... ......... .........
        ......... ......... .........
 
 OM27
+       ......... ......... ......... ......... ......... ......... ......... ......... ......... ......... ......... .........
         ......... ......... ......... ......... ......... ......... ......... ......... ......... ......... ......... .........
        ......... ......... ......... .........
 
 OM33
+       -8.61E-02  1.54E-01  9.65E-02  1.47E-01 -1.94E-01 -1.64E-01 .........  9.05E-02 -1.39E-01 -1.63E-01 -2.97E-01  7.10E-02
         -1.52E-01 -1.23E-01  9.95E-02  2.63E-01 ......... ......... ......... ......... ......... .........  1.49E-01 .........
        ......... ......... ......... .........  1.17E-02
 
 OM34
+       ......... ......... ......... ......... ......... ......... ......... ......... ......... ......... ......... .........
         ......... ......... ......... ......... ......... ......... ......... ......... ......... ......... ......... .........
        ......... ......... ......... ......... ......... .........
 
 OM35
+       ......... ......... ......... ......... ......... ......... ......... ......... ......... ......... ......... .........
         ......... ......... ......... ......... ......... ......... ......... ......... ......... ......... ......... .........
        ......... ......... ......... ......... ......... ......... .........
 
 OM36
+       ......... ......... ......... ......... ......... ......... ......... ......... ......... ......... ......... .........
         ......... ......... ......... ......... ......... ......... ......... ......... ......... ......... ......... .........
        ......... ......... ......... ......... ......... ......... ......... .........
 
1

            TH 1      TH 2      TH 3      TH 4      TH 5      TH 6      TH 7      TH 8      TH 9      TH10      TH11      TH12  
             TH13      TH14      TH15      OM11      OM12      OM13      OM14      OM15      OM16      OM17      OM22      OM23  
            OM24      OM25      OM26      OM27      OM33      OM34      OM35      OM36      OM37      OM44      OM45      OM46  
             OM47      OM55      OM56      OM57      OM66      OM67      OM77      SG11  
 
 OM37
+       ......... ......... ......... ......... ......... ......... ......... ......... ......... ......... ......... .........
         ......... ......... ......... ......... ......... ......... ......... ......... ......... ......... ......... .........
        ......... ......... ......... ......... ......... ......... ......... ......... .........
 
 OM44
+       ......... ......... ......... ......... ......... ......... ......... ......... ......... ......... ......... .........
         ......... ......... ......... ......... ......... ......... ......... ......... ......... ......... ......... .........
        ......... ......... ......... ......... ......... ......... ......... ......... ......... .........
 
 OM45
+       ......... ......... ......... ......... ......... ......... ......... ......... ......... ......... ......... .........
         ......... ......... ......... ......... ......... ......... ......... ......... ......... ......... ......... .........
        ......... ......... ......... ......... ......... ......... ......... ......... ......... ......... .........
 
 OM46
+       ......... ......... ......... ......... ......... ......... ......... ......... ......... ......... ......... .........
         ......... ......... ......... ......... ......... ......... ......... ......... ......... ......... ......... .........
        ......... ......... ......... ......... ......... ......... ......... ......... ......... ......... ......... .........
 
 OM47
+       ......... ......... ......... ......... ......... ......... ......... ......... ......... ......... ......... .........
         ......... ......... ......... ......... ......... ......... ......... ......... ......... ......... ......... .........
        ......... ......... ......... ......... ......... ......... ......... ......... ......... ......... ......... .........
         .........
 
 OM55
+       -2.35E-01 -2.23E-01 -1.23E-01  2.53E-02  7.56E-02  3.69E-01 .........  1.74E-01 -5.45E-02  7.04E-02  5.34E-02  1.73E-01
         -5.15E-02 -1.24E-01 -1.10E-02  7.31E-02 ......... ......... ......... ......... ......... .........  3.15E-02 .........
        ......... ......... ......... .........  6.16E-02 ......... ......... ......... ......... ......... ......... .........
         .........  3.38E-02
 
 OM56
+       ......... ......... ......... ......... ......... ......... ......... ......... ......... ......... ......... .........
         ......... ......... ......... ......... ......... ......... ......... ......... ......... ......... ......... .........
        ......... ......... ......... ......... ......... ......... ......... ......... ......... ......... ......... .........
         ......... ......... .........
 
 OM57
+       ......... ......... ......... ......... ......... ......... ......... ......... ......... ......... ......... .........
         ......... ......... ......... ......... ......... ......... ......... ......... ......... ......... ......... .........
        ......... ......... ......... ......... ......... ......... ......... ......... ......... ......... ......... .........
         ......... ......... ......... .........
 
 OM66
+       ......... ......... ......... ......... ......... ......... ......... ......... ......... ......... ......... .........
         ......... ......... ......... ......... ......... ......... ......... ......... ......... ......... ......... .........
        ......... ......... ......... ......... ......... ......... ......... ......... ......... ......... ......... .........
         ......... ......... ......... ......... .........
 
 OM67
+       ......... ......... ......... ......... ......... ......... ......... ......... ......... ......... ......... .........
         ......... ......... ......... ......... ......... ......... ......... ......... ......... ......... ......... .........
        ......... ......... ......... ......... ......... ......... ......... ......... ......... ......... ......... .........
         ......... ......... ......... ......... ......... .........
 
1

            TH 1      TH 2      TH 3      TH 4      TH 5      TH 6      TH 7      TH 8      TH 9      TH10      TH11      TH12  
             TH13      TH14      TH15      OM11      OM12      OM13      OM14      OM15      OM16      OM17      OM22      OM23  
            OM24      OM25      OM26      OM27      OM33      OM34      OM35      OM36      OM37      OM44      OM45      OM46  
             OM47      OM55      OM56      OM57      OM66      OM67      OM77      SG11  
 
 OM77
+       -5.06E-01 -3.67E-01  2.28E-01  2.92E-01 -3.26E-02  7.32E-02 ......... -1.75E-01 -4.52E-01 -2.49E-01 -4.83E-01  5.23E-01
          6.43E-02 -1.87E-01 -2.00E-01  7.63E-01 ......... ......... ......... ......... ......... .........  6.84E-03 .........
        ......... ......... ......... .........  4.16E-01 ......... ......... ......... ......... ......... ......... .........
         .........  3.00E-02 ......... ......... ......... .........  1.85E-02
 
 SG11
+       ......... ......... ......... ......... ......... ......... ......... ......... ......... ......... ......... .........
         ......... ......... ......... ......... ......... ......... ......... ......... ......... ......... ......... .........
        ......... ......... ......... ......... ......... ......... ......... ......... ......... ......... ......... .........
         ......... ......... ......... ......... ......... ......... ......... .........
 
1
 ************************************************************************************************************************
 ********************                                                                                ********************
 ********************               FIRST ORDER CONDITIONAL ESTIMATION WITH INTERACTION              ********************
 ********************                      INVERSE COVARIANCE MATRIX OF ESTIMATE                     ********************
 ********************                                                                                ********************
 ************************************************************************************************************************
 

            TH 1      TH 2      TH 3      TH 4      TH 5      TH 6      TH 7      TH 8      TH 9      TH10      TH11      TH12  
             TH13      TH14      TH15      OM11      OM12      OM13      OM14      OM15      OM16      OM17      OM22      OM23  
            OM24      OM25      OM26      OM27      OM33      OM34      OM35      OM36      OM37      OM44      OM45      OM46  
             OM47      OM55      OM56      OM57      OM66      OM67      OM77      SG11  
 
 TH 1
+        4.42E+00
 
 TH 2
+       -1.89E-01  1.02E-01
 
 TH 3
+       -4.98E-01 -3.43E-02  2.72E-01
 
 TH 4
+        7.70E-01  2.18E-01 -6.65E-01  2.22E+00
 
 TH 5
+       -1.67E+01 -2.48E+01  2.83E+01 -3.34E+01  6.90E+04
 
 TH 6
+       -1.85E+01  4.82E+00 -2.34E+00  5.87E+00 -2.57E+03  1.02E+03
 
 TH 7
+       ......... ......... ......... ......... ......... ......... .........
 
 TH 8
+        2.84E+00 -2.65E-01 -5.02E-01  7.19E-01  3.42E+01  1.97E+00 .........  8.70E+00
 
 TH 9
+       -6.51E+00 -4.59E-01  1.41E+00 -4.31E+00  3.89E+01 -1.76E+01 ......... -5.28E+00  3.33E+01
 
 TH10
+        8.11E-01 -1.61E-01  1.22E-01 -4.38E-01  1.10E+02 -2.16E+01 .........  1.91E-01  6.86E-01  1.19E+00
 
 TH11
+       -7.43E+00  4.04E-01  5.98E-01 -1.09E+00 -3.08E+02  5.00E+01 ......... -5.79E+00  7.05E+00 -3.77E+00  3.39E+01
 
 TH12
+        1.39E+02 -5.98E+00 -5.21E+00 -3.62E+01 -5.89E+04 -9.59E+02 ......... -3.56E+01  6.83E+01  1.36E+01  4.89E+01  9.67E+04
 
 TH13
+        5.80E+00 -1.10E+00  2.13E-01 -3.17E+00  6.54E+02 -1.75E+02 ......... -1.28E+00  1.45E+01  2.81E+00 -1.17E+01 -2.94E+02
          1.12E+02
 
 TH14
+        1.79E-01  2.82E-01 -9.30E-01  3.25E+00  3.93E+01  3.55E+01 .........  3.29E+00 -1.50E+01  4.14E-01 -1.80E+01 -2.19E+02
         -2.28E+01  7.80E+01
 
 TH15
+       -3.92E+00 -2.21E+00  2.68E+00 -7.41E+00  1.50E+03 -7.86E+01 .........  5.02E-01  2.93E+01  5.58E+00 -1.36E+01 -7.51E+02
          8.05E+00  9.47E+00  1.35E+02
 
 OM11
+        1.33E+02 -5.76E+00 -4.90E+00 -2.08E+00  6.69E+03 -1.01E+03 .........  8.93E+01 -2.51E+01  7.04E+01 -3.41E+02 -1.11E+03
          4.10E+02 -9.21E+01  2.04E+02  1.14E+04
 
 OM12
+       ......... ......... ......... ......... ......... ......... ......... ......... ......... ......... ......... .........
         ......... ......... ......... ......... .........
 
 OM13
+       ......... ......... ......... ......... ......... ......... ......... ......... ......... ......... ......... .........
         ......... ......... ......... ......... ......... .........
 
1

            TH 1      TH 2      TH 3      TH 4      TH 5      TH 6      TH 7      TH 8      TH 9      TH10      TH11      TH12  
             TH13      TH14      TH15      OM11      OM12      OM13      OM14      OM15      OM16      OM17      OM22      OM23  
            OM24      OM25      OM26      OM27      OM33      OM34      OM35      OM36      OM37      OM44      OM45      OM46  
             OM47      OM55      OM56      OM57      OM66      OM67      OM77      SG11  
 
 OM14
+       ......... ......... ......... ......... ......... ......... ......... ......... ......... ......... ......... .........
         ......... ......... ......... ......... ......... ......... .........
 
 OM15
+       ......... ......... ......... ......... ......... ......... ......... ......... ......... ......... ......... .........
         ......... ......... ......... ......... ......... ......... ......... .........
 
 OM16
+       ......... ......... ......... ......... ......... ......... ......... ......... ......... ......... ......... .........
         ......... ......... ......... ......... ......... ......... ......... ......... .........
 
 OM17
+       ......... ......... ......... ......... ......... ......... ......... ......... ......... ......... ......... .........
         ......... ......... ......... ......... ......... ......... ......... ......... ......... .........
 
 OM22
+        1.16E+02 -4.68E+00 -9.35E+00  1.53E+01  5.61E+03 -7.54E+02 .........  2.01E+02 -9.51E+01  5.55E+01 -3.51E+02 -2.66E+03
          9.20E+01 -6.49E+00  2.45E+02  8.14E+03 ......... ......... ......... ......... ......... .........  1.50E+04
 
 OM23
+       ......... ......... ......... ......... ......... ......... ......... ......... ......... ......... ......... .........
         ......... ......... ......... ......... ......... ......... ......... ......... ......... ......... ......... .........
 
 OM24
+       ......... ......... ......... ......... ......... ......... ......... ......... ......... ......... ......... .........
         ......... ......... ......... ......... ......... ......... ......... ......... ......... ......... ......... .........
        .........
 
 OM25
+       ......... ......... ......... ......... ......... ......... ......... ......... ......... ......... ......... .........
         ......... ......... ......... ......... ......... ......... ......... ......... ......... ......... ......... .........
        ......... .........
 
 OM26
+       ......... ......... ......... ......... ......... ......... ......... ......... ......... ......... ......... .........
         ......... ......... ......... ......... ......... ......... ......... ......... ......... ......... ......... .........
        ......... ......... .........
 
 OM27
+       ......... ......... ......... ......... ......... ......... ......... ......... ......... ......... ......... .........
         ......... ......... ......... ......... ......... ......... ......... ......... ......... ......... ......... .........
        ......... ......... ......... .........
 
 OM33
+       -6.14E+01 -2.18E+01  2.50E+01 -9.94E+01  6.26E+03 -5.33E+02 ......... -9.50E+01  2.92E+02  1.30E+01  2.15E+02  1.63E+03
          3.81E+02 -2.13E+02  4.39E+02 -2.20E+03 ......... ......... ......... ......... ......... ......... -6.42E+03 .........
        ......... ......... ......... .........  2.07E+04
 
 OM34
+       ......... ......... ......... ......... ......... ......... ......... ......... ......... ......... ......... .........
         ......... ......... ......... ......... ......... ......... ......... ......... ......... ......... ......... .........
        ......... ......... ......... ......... ......... .........
 
 OM35
+       ......... ......... ......... ......... ......... ......... ......... ......... ......... ......... ......... .........
         ......... ......... ......... ......... ......... ......... ......... ......... ......... ......... ......... .........
        ......... ......... ......... ......... ......... ......... .........
 
 OM36
+       ......... ......... ......... ......... ......... ......... ......... ......... ......... ......... ......... .........
         ......... ......... ......... ......... ......... ......... ......... ......... ......... ......... ......... .........
        ......... ......... ......... ......... ......... ......... ......... .........
 
1

            TH 1      TH 2      TH 3      TH 4      TH 5      TH 6      TH 7      TH 8      TH 9      TH10      TH11      TH12  
             TH13      TH14      TH15      OM11      OM12      OM13      OM14      OM15      OM16      OM17      OM22      OM23  
            OM24      OM25      OM26      OM27      OM33      OM34      OM35      OM36      OM37      OM44      OM45      OM46  
             OM47      OM55      OM56      OM57      OM66      OM67      OM77      SG11  
 
 OM37
+       ......... ......... ......... ......... ......... ......... ......... ......... ......... ......... ......... .........
         ......... ......... ......... ......... ......... ......... ......... ......... ......... ......... ......... .........
        ......... ......... ......... ......... ......... ......... ......... ......... .........
 
 OM44
+       ......... ......... ......... ......... ......... ......... ......... ......... ......... ......... ......... .........
         ......... ......... ......... ......... ......... ......... ......... ......... ......... ......... ......... .........
        ......... ......... ......... ......... ......... ......... ......... ......... ......... .........
 
 OM45
+       ......... ......... ......... ......... ......... ......... ......... ......... ......... ......... ......... .........
         ......... ......... ......... ......... ......... ......... ......... ......... ......... ......... ......... .........
        ......... ......... ......... ......... ......... ......... ......... ......... ......... ......... .........
 
 OM46
+       ......... ......... ......... ......... ......... ......... ......... ......... ......... ......... ......... .........
         ......... ......... ......... ......... ......... ......... ......... ......... ......... ......... ......... .........
        ......... ......... ......... ......... ......... ......... ......... ......... ......... ......... ......... .........
 
 OM47
+       ......... ......... ......... ......... ......... ......... ......... ......... ......... ......... ......... .........
         ......... ......... ......... ......... ......... ......... ......... ......... ......... ......... ......... .........
        ......... ......... ......... ......... ......... ......... ......... ......... ......... ......... ......... .........
         .........
 
 OM55
+        2.05E+01  2.04E+00  1.45E+00  3.15E+00  8.87E+02 -5.69E+02 ......... -2.80E+01 -3.97E+01  9.90E+00 -6.13E+01 -4.28E+02
          1.32E+02  1.41E+01 -7.64E+01  8.34E+02 ......... ......... ......... ......... ......... .........  2.58E+02 .........
        ......... ......... ......... ......... -1.19E+03 ......... ......... ......... ......... ......... ......... .........
         .........  1.81E+03
 
 OM56
+       ......... ......... ......... ......... ......... ......... ......... ......... ......... ......... ......... .........
         ......... ......... ......... ......... ......... ......... ......... ......... ......... ......... ......... .........
        ......... ......... ......... ......... ......... ......... ......... ......... ......... ......... ......... .........
         ......... ......... .........
 
 OM57
+       ......... ......... ......... ......... ......... ......... ......... ......... ......... ......... ......... .........
         ......... ......... ......... ......... ......... ......... ......... ......... ......... ......... ......... .........
        ......... ......... ......... ......... ......... ......... ......... ......... ......... ......... ......... .........
         ......... ......... ......... .........
 
 OM66
+       ......... ......... ......... ......... ......... ......... ......... ......... ......... ......... ......... .........
         ......... ......... ......... ......... ......... ......... ......... ......... ......... ......... ......... .........
        ......... ......... ......... ......... ......... ......... ......... ......... ......... ......... ......... .........
         ......... ......... ......... ......... .........
 
 OM67
+       ......... ......... ......... ......... ......... ......... ......... ......... ......... ......... ......... .........
         ......... ......... ......... ......... ......... ......... ......... ......... ......... ......... ......... .........
        ......... ......... ......... ......... ......... ......... ......... ......... ......... ......... ......... .........
         ......... ......... ......... ......... ......... .........
 
1

            TH 1      TH 2      TH 3      TH 4      TH 5      TH 6      TH 7      TH 8      TH 9      TH10      TH11      TH12  
             TH13      TH14      TH15      OM11      OM12      OM13      OM14      OM15      OM16      OM17      OM22      OM23  
            OM24      OM25      OM26      OM27      OM33      OM34      OM35      OM36      OM37      OM44      OM45      OM46  
             OM47      OM55      OM56      OM57      OM66      OM67      OM77      SG11  
 
 OM77
+       -1.02E+02  8.81E+00 -1.35E+00  1.50E+01  3.94E+02  1.10E+03 ......... -3.56E+01  4.67E+00 -6.00E+01  2.85E+02 -1.29E+04
         -3.34E+02  8.49E+01 -1.51E+02 -8.63E+03 ......... ......... ......... ......... ......... ......... -4.33E+03 .........
        ......... ......... ......... ......... -3.16E+03 ......... ......... ......... ......... ......... ......... .........
         ......... -4.57E+02 ......... ......... ......... .........  1.45E+04
 
 SG11
+       ......... ......... ......... ......... ......... ......... ......... ......... ......... ......... ......... .........
         ......... ......... ......... ......... ......... ......... ......... ......... ......... ......... ......... .........
        ......... ......... ......... ......... ......... ......... ......... ......... ......... ......... ......... .........
         ......... ......... ......... ......... ......... ......... ......... .........
 
1
 
 
 
 
 
 
 
 
 
 
 
 
 
 
 
 
 
 
 
 
 ************************************************************************************************************************
 ********************                                                                                ********************
 ********************               FIRST ORDER CONDITIONAL ESTIMATION WITH INTERACTION              ********************
 ********************                      EIGENVALUES OF COR MATRIX OF ESTIMATE                     ********************
 ********************                                                                                ********************
 ************************************************************************************************************************
 

             1         2         3         4         5         6         7         8         9        10        11        12
             13        14        15        16        17        18        19
 
         2.95E-02  3.11E-02  9.15E-02  1.02E-01  1.62E-01  1.73E-01  2.04E-01  2.96E-01  3.65E-01  5.23E-01  6.01E-01  8.30E-01
          1.11E+00  1.14E+00  1.37E+00  1.86E+00  2.01E+00  3.19E+00  4.90E+00
 
 #CPUT: Total CPU Time in Seconds,      945.194
Stop Time:
Tue Nov 21 10:28:05 CET 2017
