$PROBLEM    PK. NO ID OR ROW IN FIRSTONLY TABLE. RES TABLE WITHOUT
;           ROW.
$INPUT      ROW ID NOMTIME TIME EVID CMT AMT DV BLQ CYCLE DOSE FLAG
            PART PROFDAY PROFTIME STUDY WEIGHTB
$DATA      xgxr2.csv IGNORE=@ ACCEPT(DOSE.GT.20)
$SUBROUTINE ADVAN4 TRANS4
$PK 
KA=THETA(1)*EXP(ETA(1))
V2=THETA(2)*EXP(ETA(2))
CL=THETA(3)*EXP(ETA(3))
V3=THETA(4)*EXP(ETA(4))
Q=THETA(5)*EXP(ETA(5))

$ERROR 
  IPRED=F
  IRES=DV-IPRED

  IF (IPRED.GT.1) THEN
    W = SQRT(IPRED**2*SIGMA(1,1)**2 + SIGMA(2,2)**2)
  ELSE
    W=1
  ENDIF

  IWRES=IRES/W
  Y=F+F*ERR(1)+ERR(2)

;-----------------------INITIAL ESTIMATES---------------------------------
$THETA  (0,0.9) ; POPKA
$THETA  (0,4.2) ; POPCL
$THETA  (0,3.6) ; POPV2
$THETA  (0,5.81) ; POPV3
$THETA  (0,3.44) ; POPQ
$OMEGA  0.1
$OMEGA  0.1
$OMEGA  0.1
$OMEGA  0  FIX
$OMEGA  0  FIX
$SIGMA  .2
$SIGMA  .2
$ESTIMATION METHOD=1 POSTHOC INTER MAXEVAL=9999 NSIG=2 SIGL=9 PRINT=10
            NOABORT
$TABLE      KA V2 FILE=xgxr013_fo1.txt FIRSTONLY NOPRINT
$TABLE      CWRES PRED IPRED FILE=xgxr013_res1.txt NOPRINT


NM-TRAN MESSAGES
  
 WARNINGS AND ERRORS (IF ANY) FOR PROBLEM    1
             
 (WARNING  2) NM-TRAN INFERS THAT THE DATA ARE POPULATION.
             
 (WARNING  23) $PK DOES NOT DEFINE A SCALE PARAMETER FOR THE CENTRAL
 COMPARTMENT.  WITH THIS TRANS, IT MAY NOT BE POSSIBLE TO SEPARATELY
 OBTAIN ESTIMATES OF PARAMETERS AFFECTING CLEARANCE AND VOLUME.
             
 (WARNING  79) SIGMA IS USED ON THE RIGHT. WITH A SUBSEQUENT RUN, IF AN
 INITIAL ESTIMATE OF A DIAGONAL BLOCK OF SIGMA IS TO BE COMPUTED BY
 NONMEM, THAT BLOCK WILL BE SET TO AN IDENTITY MATRIX DURING THAT
 COMPUTATION. THIS COULD LEAD TO AN ARITHMETIC EXCEPTION.*

 * THE MAXIMUM NUMBER OF WARNINGS OF ONE OR MORE TYPES WAS REACHED.
 IT IS POSSIBLE THAT SOME WARNING MESSAGES WERE SUPPRESSED.

1NONLINEAR MIXED EFFECTS MODEL PROGRAM (NONMEM) VERSION 7.4.3
 ORIGINALLY DEVELOPED BY STUART BEAL, LEWIS SHEINER, AND ALISON BOECKMANN
 CURRENT DEVELOPERS ARE ROBERT BAUER, ICON DEVELOPMENT SOLUTIONS,
 AND ALISON BOECKMANN. IMPLEMENTATION, EFFICIENCY, AND STANDARDIZATION
 PERFORMED BY NOUS INFOSYSTEMS.

 PROBLEM NO.:         1
 PK. NO ID OR ROW IN FIRSTONLY TABLE. RES TABLE WITHOUT
0DATA CHECKOUT RUN:              NO
 DATA SET LOCATED ON UNIT NO.:    2
 THIS UNIT TO BE REWOUND:        NO
 NO. OF DATA RECS IN DATA SET:      900
 NO. OF DATA ITEMS IN DATA SET:  18
 ID DATA ITEM IS DATA ITEM NO.:   2
 DEP VARIABLE IS DATA ITEM NO.:   8
 MDV DATA ITEM IS DATA ITEM NO.: 18
0INDICES PASSED TO SUBROUTINE PRED:
   5   4   7   0   0   0   6   0   0   0   0
0LABELS FOR DATA ITEMS:
 ROW ID NOMTIME TIME EVID CMT AMT DV BLQ CYCLE DOSE FLAG PART PROFDAY PROFTIME STUDY WEIGHTB MDV
0(NONBLANK) LABELS FOR PRED-DEFINED ITEMS:
 KA V2 IPRED
0FORMAT FOR DATA:
 (E5.0,E4.0,E5.0,E9.0,2E2.0,E4.0,E9.0,2E2.0,E4.0,E3.0,2E2.0,3E7.0/1F2.0)

 TOT. NO. OF OBS RECS:      810
 TOT. NO. OF INDIVIDUALS:       90
0LENGTH OF THETA:   5
0DEFAULT THETA BOUNDARY TEST OMITTED:    NO
0OMEGA HAS BLOCK FORM:
  1
  0  2
  0  0  3
  0  0  0  4
  0  0  0  0  5
0DEFAULT OMEGA BOUNDARY TEST OMITTED:    NO
0SIGMA HAS SIMPLE DIAGONAL FORM WITH DIMENSION:   2
0DEFAULT SIGMA BOUNDARY TEST OMITTED:    NO
0INITIAL ESTIMATE OF THETA:
 LOWER BOUND    INITIAL EST    UPPER BOUND
  0.0000E+00     0.9000E+00     0.1000E+07
  0.0000E+00     0.4200E+01     0.1000E+07
  0.0000E+00     0.3600E+01     0.1000E+07
  0.0000E+00     0.5810E+01     0.1000E+07
  0.0000E+00     0.3440E+01     0.1000E+07
0INITIAL ESTIMATE OF OMEGA:
 BLOCK SET NO.   BLOCK                                                                    FIXED
        1                                                                                   NO
                  0.1000E+00
        2                                                                                   NO
                  0.1000E+00
        3                                                                                   NO
                  0.1000E+00
        4                                                                                  YES
                  0.0000E+00
        5                                                                                  YES
                  0.0000E+00
0INITIAL ESTIMATE OF SIGMA:
 0.2000E+00
 0.0000E+00   0.2000E+00
0TABLES STEP OMITTED:    NO
 NO. OF TABLES:           2
 SEED NUMBER (SEED):    11456
 RANMETHOD:             3U
 MC SAMPLES (ESAMPLE):    300
 WRES SQUARE ROOT TYPE (WRESCHOL): EIGENVALUE
0-- TABLE   1 --
0RECORDS ONLY:    FIRSTONLY
04 COLUMNS APPENDED:    YES
 PRINTED:                NO
 HEADER:                YES
 FILE TO BE FORWARDED:   NO
 FORMAT:                S1PE11.4
 LFORMAT:
 RFORMAT:
 FIXED_EFFECT_ETAS:
0USER-CHOSEN ITEMS:
 KA V2
0-- TABLE   2 --
0RECORDS ONLY:    ALL
04 COLUMNS APPENDED:    YES
 PRINTED:                NO
 HEADER:                YES
 FILE TO BE FORWARDED:   NO
 FORMAT:                S1PE11.4
 LFORMAT:
 RFORMAT:
 FIXED_EFFECT_ETAS:
0USER-CHOSEN ITEMS:
 CWRES IPRED
1DOUBLE PRECISION PREDPP VERSION 7.4.3

 TWO COMPARTMENT MODEL WITH FIRST-ORDER ABSORPTION (ADVAN4)
0MAXIMUM NO. OF BASIC PK PARAMETERS:   5
0BASIC PK PARAMETERS (AFTER TRANSLATION):
   BASIC PK PARAMETER NO.  1: ELIMINATION RATE (K)
   BASIC PK PARAMETER NO.  2: CENTRAL-TO-PERIPH. RATE (K23)
   BASIC PK PARAMETER NO.  3: PERIPH.-TO-CENTRAL RATE (K32)
   BASIC PK PARAMETER NO.  5: ABSORPTION RATE (KA)
 TRANSLATOR WILL CONVERT PARAMETERS
 CL, V2, Q, V3 TO K, K23, K32 (TRANS4)
0COMPARTMENT ATTRIBUTES
 COMPT. NO.   FUNCTION   INITIAL    ON/OFF      DOSE      DEFAULT    DEFAULT
                         STATUS     ALLOWED    ALLOWED    FOR DOSE   FOR OBS.
    1         DEPOT        OFF        YES        YES        YES        NO
    2         CENTRAL      ON         NO         YES        NO         YES
    3         PERIPH.      ON         NO         YES        NO         NO
    4         OUTPUT       OFF        YES        NO         NO         NO
1
 ADDITIONAL PK PARAMETERS - ASSIGNMENT OF ROWS IN GG
 COMPT. NO.                             INDICES
              SCALE      BIOAVAIL.   ZERO-ORDER  ZERO-ORDER  ABSORB
                         FRACTION    RATE        DURATION    LAG
    1            *           *           *           *           *
    2            *           *           *           *           *
    3            *           *           *           *           *
    4            *           -           -           -           -
             - PARAMETER IS NOT ALLOWED FOR THIS MODEL
             * PARAMETER IS NOT SUPPLIED BY PK SUBROUTINE;
               WILL DEFAULT TO ONE IF APPLICABLE
0DATA ITEM INDICES USED BY PRED ARE:
   EVENT ID DATA ITEM IS DATA ITEM NO.:      5
   TIME DATA ITEM IS DATA ITEM NO.:          4
   DOSE AMOUNT DATA ITEM IS DATA ITEM NO.:   7
   COMPT. NO. DATA ITEM IS DATA ITEM NO.:    6

0PK SUBROUTINE CALLED WITH EVERY EVENT RECORD.
 PK SUBROUTINE NOT CALLED AT NONEVENT (ADDITIONAL OR LAGGED) DOSE TIMES.
0ERROR SUBROUTINE CALLED WITH EVERY EVENT RECORD.
1


 #TBLN:      1
 #METH: First Order Conditional Estimation with Interaction

 ESTIMATION STEP OMITTED:                 NO
 ANALYSIS TYPE:                           POPULATION
 NUMBER OF SADDLE POINT RESET ITERATIONS:      0
 GRADIENT METHOD USED:               NOSLOW
 CONDITIONAL ESTIMATES USED:              YES
 CENTERED ETA:                            NO
 EPS-ETA INTERACTION:                     YES
 LAPLACIAN OBJ. FUNC.:                    NO
 NO. OF FUNCT. EVALS. ALLOWED:            9999
 NO. OF SIG. FIGURES REQUIRED:            2
 INTERMEDIATE PRINTOUT:                   YES
 ESTIMATE OUTPUT TO MSF:                  NO
 ABORT WITH PRED EXIT CODE 1:             NO
 IND. OBJ. FUNC. VALUES SORTED:           NO
 NUMERICAL DERIVATIVE
       FILE REQUEST (NUMDER):               NONE
 MAP (ETAHAT) ESTIMATION METHOD (OPTMAP):   0
 ETA HESSIAN EVALUATION METHOD (ETADER):    0
 INITIAL ETA FOR MAP ESTIMATION (MCETA):    0
 SIGDIGITS FOR MAP ESTIMATION (SIGLO):      9
 GRADIENT SIGDIGITS OF
       FIXED EFFECTS PARAMETERS (SIGL):     9
 NOPRIOR SETTING (NOPRIOR):                 OFF
 NOCOV SETTING (NOCOV):                     OFF
 DERCONT SETTING (DERCONT):                 OFF
 FINAL ETA RE-EVALUATION (FNLETA):          ON
 EXCLUDE NON-INFLUENTIAL (NON-INFL.) ETAS
       IN SHRINKAGE (ETASTYPE):             NO
 NON-INFL. ETA CORRECTION (NONINFETA):      OFF
 RAW OUTPUT FILE (FILE): psn.ext
 EXCLUDE TITLE (NOTITLE):                   NO
 EXCLUDE COLUMN LABELS (NOLABEL):           NO
 FORMAT FOR ADDITIONAL FILES (FORMAT):      S1PE12.5
 PARAMETER ORDER FOR OUTPUTS (ORDER):       TSOL
 WISHART PRIOR DF INTERPRETATION (WISHTYPE):0
 KNUTHSUMOFF:                               0
 INCLUDE LNTWOPI:                           NO
 INCLUDE CONSTANT TERM TO PRIOR (PRIORC):   NO
 INCLUDE CONSTANT TERM TO OMEGA (ETA) (OLNTWOPI):NO
 ADDITIONAL CONVERGENCE TEST (CTYPE=4)?:    NO
 EM OR BAYESIAN METHOD USED:                 NONE


 THE FOLLOWING LABELS ARE EQUIVALENT
 PRED=PREDI
 RES=RESI
 WRES=WRESI
 IWRS=IWRESI
 IPRD=IPREDI
 IRS=IRESI

 MONITORING OF SEARCH:


0ITERATION NO.:    0    OBJECTIVE VALUE:   3014.65371022430        NO. OF FUNC. EVALS.:   9
 CUMULATIVE NO. OF FUNC. EVALS.:        9
 NPARAMETR:  9.0000E-01  4.2000E+00  3.6000E+00  5.8100E+00  3.4400E+00  1.0000E-01  1.0000E-01  1.0000E-01  2.0000E-01  2.0000E-01

 PARAMETER:  1.0000E-01  1.0000E-01  1.0000E-01  1.0000E-01  1.0000E-01  1.0000E-01  1.0000E-01  1.0000E-01  1.0000E-01  1.0000E-01

 GRADIENT:   1.5405E+02  1.3950E+03 -1.3340E+03 -9.7177E+01  3.6192E+01  4.1827E+01 -1.0106E+03 -9.3817E+02 -1.9775E+03  4.4912E+02


0ITERATION NO.:   10    OBJECTIVE VALUE:  -1935.64520022024        NO. OF FUNC. EVALS.: 108
 CUMULATIVE NO. OF FUNC. EVALS.:      117
 NPARAMETR:  1.3773E-01  6.9390E-01  2.3503E+01  5.8998E-01  2.2577E+01  8.5618E-02  3.3506E-01  6.9913E-01  2.3904E-01  8.3003E-04

 PARAMETER: -1.7771E+00 -1.7005E+00  1.9762E+00 -2.1872E+00  1.9815E+00  2.2365E-02  7.0457E-01  1.0723E+00  1.8915E-01 -2.6423E+00

 GRADIENT:   5.4562E+01 -7.7496E+01  1.3033E+02 -4.2948E+01 -9.4506E+00 -2.5303E+01  4.4937E+01  4.0104E+01  1.2534E+02 -1.5481E+01


0ITERATION NO.:   20    OBJECTIVE VALUE:  -2275.07585726118        NO. OF FUNC. EVALS.: 102
 CUMULATIVE NO. OF FUNC. EVALS.:      219
 NPARAMETR:  1.7015E-01  4.4550E-02  8.0931E-01  1.8589E-01  1.8808E+02  2.2537E-01  9.3869E-02  2.6272E-02  1.1662E-01  1.4473E-03

 PARAMETER: -1.5657E+00 -4.4462E+00 -1.3925E+00 -3.3422E+00  4.1014E+00  5.0629E-01  6.8363E-02 -5.6833E-01 -1.6971E-01 -2.3643E+00

 GRADIENT:   9.7725E+00 -3.6759E+01  3.9730E+01 -2.1731E+00  1.6596E-01  3.1875E+00 -2.7158E+00  2.8598E+00  6.7042E+00 -8.2560E+00


0ITERATION NO.:   30    OBJECTIVE VALUE:  -2276.81825335473        NO. OF FUNC. EVALS.: 100
 CUMULATIVE NO. OF FUNC. EVALS.:      319
 NPARAMETR:  1.6702E-01  5.0411E-02  8.8410E-01  2.0439E-01  4.7217E+02  2.2635E-01  1.1528E-01  3.1780E-03  1.1452E-01  1.4623E-03

 PARAMETER: -1.5843E+00 -4.3226E+00 -1.3041E+00 -3.2473E+00  5.0219E+00  5.0845E-01  1.7110E-01 -1.6245E+00 -1.7878E-01 -2.3591E+00

 GRADIENT:   1.3355E-01 -9.0049E-01  1.2999E+00  4.3026E-01  1.0414E-01  3.3671E-01  5.8342E-01  1.3251E-01 -4.9844E-01 -9.1768E-01


0ITERATION NO.:   40    OBJECTIVE VALUE:  -2276.94612359830        NO. OF FUNC. EVALS.: 114
 CUMULATIVE NO. OF FUNC. EVALS.:      433
 NPARAMETR:  1.6601E-01  4.2000E-02  7.3455E-01  1.6999E-01  1.4730E+02  2.2488E-01  1.1514E-01  2.5270E-03  1.1499E-01  1.4618E-03

 PARAMETER: -1.5903E+00 -4.5185E+00 -1.4894E+00 -3.4316E+00  3.8570E+00  5.0519E-01  1.7048E-01 -1.7391E+00 -1.7673E-01 -2.3593E+00

 GRADIENT:  -2.9496E+00  0.0000E+00 -4.3444E-01 -2.3692E-01  1.1965E-01 -2.5666E-01  3.5428E-01  8.8799E-02  6.7772E-01  1.4568E+00


0ITERATION NO.:   50    OBJECTIVE VALUE:  -2277.02064178270        NO. OF FUNC. EVALS.: 103
 CUMULATIVE NO. OF FUNC. EVALS.:      536
 NPARAMETR:  1.6695E-01  4.2000E-02  7.3518E-01  1.7098E-01  9.7972E+01  2.2604E-01  1.1737E-01  2.0950E-05  1.1484E-01  1.4586E-03

 PARAMETER: -1.5847E+00 -4.5234E+00 -1.4886E+00 -3.4258E+00  3.4492E+00  5.0776E-01  1.8008E-01 -4.1354E+00 -1.7741E-01 -2.3604E+00

 GRADIENT:   3.1438E-02  0.0000E+00 -4.7179E-03  3.4634E-02 -9.8511E-04 -5.1383E-03  2.1963E-02  4.0894E-04 -1.7558E-02 -1.8863E-02


0ITERATION NO.:   54    OBJECTIVE VALUE:  -2277.02071966014        NO. OF FUNC. EVALS.:  53
 CUMULATIVE NO. OF FUNC. EVALS.:      589
 NPARAMETR:  1.6694E-01  4.2000E-02  7.3515E-01  1.7095E-01  9.8216E+01  2.2603E-01  1.1737E-01  1.0000E-05  1.1484E-01  1.4586E-03

 PARAMETER: -1.5848E+00 -4.5235E+00 -1.4886E+00 -3.4260E+00  3.4517E+00  5.0776E-01  1.8006E-01 -4.7008E+00 -1.7737E-01 -2.3604E+00

 GRADIENT:  -2.1228E-01  0.0000E+00 -2.0695E-01 -3.6064E-02 -2.6212E-05 -1.2232E-03  1.2551E-02  0.0000E+00 -1.2384E-04 -3.3462E-02


 #TERM:
0MINIMIZATION SUCCESSFUL
 NO. OF FUNCTION EVALUATIONS USED:      589
 NO. OF SIG. DIGITS IN FINAL EST.:  2.5
0PARAMETER ESTIMATE IS NEAR ITS BOUNDARY
 THIS MUST BE ADDRESSED BEFORE THE COVARIANCE STEP CAN BE IMPLEMENTED

 ETABAR IS THE ARITHMETIC MEAN OF THE ETA-ESTIMATES,
 AND THE P-VALUE IS GIVEN FOR THE NULL HYPOTHESIS THAT THE TRUE MEAN IS 0.

 ETABAR:        -2.8527E-04  8.7958E-03 -9.1029E-07  0.0000E+00  0.0000E+00
 SE:             4.5524E-02  3.1997E-02  3.0519E-06  0.0000E+00  0.0000E+00
 N:                      90          90          90          90          90

 P VAL.:         9.9500E-01  7.8339E-01  7.6550E-01  1.0000E+00  1.0000E+00

 ETASHRINKSD(%)  8.6517E+00  1.0899E+01  9.9079E+01  1.0000E+02  1.0000E+02
 ETASHRINKVR(%)  1.6555E+01  2.0611E+01  9.9992E+01  1.0000E+02  1.0000E+02
 EBVSHRINKSD(%)  7.9502E+00  1.0617E+01  9.9071E+01  0.0000E+00  0.0000E+00
 EBVSHRINKVR(%)  1.5268E+01  2.0107E+01  9.9991E+01  0.0000E+00  0.0000E+00
 EPSSHRINKSD(%)  8.4827E+00  8.4827E+00
 EPSSHRINKVR(%)  1.6246E+01  1.6246E+01

  
 TOTAL DATA POINTS NORMALLY DISTRIBUTED (N):          810
 N*LOG(2PI) CONSTANT TO OBJECTIVE FUNCTION:    1488.6804237915696     
 OBJECTIVE FUNCTION VALUE WITHOUT CONSTANT:   -2277.0207196601355     
 OBJECTIVE FUNCTION VALUE WITH CONSTANT:      -788.34029586856582     
 REPORTED OBJECTIVE FUNCTION DOES NOT CONTAIN CONSTANT
  
 TOTAL EFFECTIVE ETAS (NIND*NETA):                           270
  
 #TERE:
 Elapsed estimation  time in seconds:     9.22
 Elapsed postprocess time in seconds:     0.06
1
 
 
 
 
 
 
 
 
 
 
 
 
 
 
 
 
 
 
 
 
 ************************************************************************************************************************
 ********************                                                                                ********************
 ********************               FIRST ORDER CONDITIONAL ESTIMATION WITH INTERACTION              ********************
 #OBJT:**************                       MINIMUM VALUE OF OBJECTIVE FUNCTION                      ********************
 ********************                                                                                ********************
 ************************************************************************************************************************
 





 #OBJV:********************************************    -2277.021       **************************************************
1
 ************************************************************************************************************************
 ********************                                                                                ********************
 ********************               FIRST ORDER CONDITIONAL ESTIMATION WITH INTERACTION              ********************
 ********************                             FINAL PARAMETER ESTIMATE                           ********************
 ********************                                                                                ********************
 ************************************************************************************************************************
 


 THETA - VECTOR OF FIXED EFFECTS PARAMETERS   *********


         TH 1      TH 2      TH 3      TH 4      TH 5     
 
         1.67E-01  4.20E-02  7.35E-01  1.71E-01  9.82E+01
 


 OMEGA - COV MATRIX FOR RANDOM EFFECTS - ETAS  ********


         ETA1      ETA2      ETA3      ETA4      ETA5     
 
 ETA1
+        2.26E-01
 
 ETA2
+        0.00E+00  1.17E-01
 
 ETA3
+        0.00E+00  0.00E+00  1.00E-05
 
 ETA4
+        0.00E+00  0.00E+00  0.00E+00  0.00E+00
 
 ETA5
+        0.00E+00  0.00E+00  0.00E+00  0.00E+00  0.00E+00
 


 SIGMA - COV MATRIX FOR RANDOM EFFECTS - EPSILONS  ****


         EPS1      EPS2     
 
 EPS1
+        1.15E-01
 
 EPS2
+        0.00E+00  1.46E-03
 
1


 OMEGA - CORR MATRIX FOR RANDOM EFFECTS - ETAS  *******


         ETA1      ETA2      ETA3      ETA4      ETA5     
 
 ETA1
+        4.75E-01
 
 ETA2
+        0.00E+00  3.43E-01
 
 ETA3
+        0.00E+00  0.00E+00  3.16E-03
 
 ETA4
+        0.00E+00  0.00E+00  0.00E+00  0.00E+00
 
 ETA5
+        0.00E+00  0.00E+00  0.00E+00  0.00E+00  0.00E+00
 


 SIGMA - CORR MATRIX FOR RANDOM EFFECTS - EPSILONS  ***


         EPS1      EPS2     
 
 EPS1
+        3.39E-01
 
 EPS2
+        0.00E+00  3.82E-02
 
 Elapsed finaloutput time in seconds:     0.02
 #CPUT: Total CPU Time in Seconds,        9.308
