$PROBLEM    PK. SINGLE=OPERATOR IN ACCEPT
$INPUT      ROW ID NOMTIME TIME EVID CMT AMT DV BLQ CYCLE DOSE PART
            PROFDAY PROFTIME STUDY WEIGHTB
$DATA      xgxr1.csv IGNORE=@ ACCEPT=(DOSE=10)
$SUBROUTINE ADVAN4 TRANS4
$PK 
KA=THETA(1)*EXP(ETA(1))
V2=THETA(2)*EXP(ETA(2))
CL=THETA(3)*EXP(ETA(3))
V3=THETA(4)*EXP(ETA(4))
Q=THETA(5)*EXP(ETA(5))

$ERROR 
  IPRED=F
  IRES=DV-IPRED

  IF (IPRED.GT.1) THEN
    W = SQRT(IPRED**2*SIGMA(1,1)**2 + SIGMA(2,2)**2)
  ELSE
    W=1
  ENDIF

  IWRES=IRES/W
  Y=F+F*ERR(1)+ERR(2)

;-----------------------INITIAL ESTIMATES---------------------------------
$THETA  (0,0.9) ; POPKA
$THETA  (0,4.2) ; POPCL
$THETA  (0,3.6) ; POPV2
$THETA  (0,5.81) ; POPV3
$THETA  (0,3.44) ; POPQ
$OMEGA  0.1
$OMEGA  0.1
$OMEGA  0.1
$OMEGA  0  FIX
$OMEGA  0  FIX
$SIGMA  .2
$SIGMA  .2
$ESTIMATION METHOD=1 POSTHOC INTER MAXEVAL=9999 NSIG=2 SIGL=9 PRINT=10
            NOABORT
$TABLE      KA V2 CL V3 Q IPRED DV FILE=xgxr009_res.txt


NM-TRAN MESSAGES
  
 WARNINGS AND ERRORS (IF ANY) FOR PROBLEM    1
             
 (WARNING  2) NM-TRAN INFERS THAT THE DATA ARE POPULATION.
             
 (WARNING  23) $PK DOES NOT DEFINE A SCALE PARAMETER FOR THE CENTRAL
 COMPARTMENT.  WITH THIS TRANS, IT MAY NOT BE POSSIBLE TO SEPARATELY
 OBTAIN ESTIMATES OF PARAMETERS AFFECTING CLEARANCE AND VOLUME.
             
 (WARNING  79) SIGMA IS USED ON THE RIGHT. WITH A SUBSEQUENT RUN, IF AN
 INITIAL ESTIMATE OF A DIAGONAL BLOCK OF SIGMA IS TO BE COMPUTED BY
 NONMEM, THAT BLOCK WILL BE SET TO AN IDENTITY MATRIX DURING THAT
 COMPUTATION. THIS COULD LEAD TO AN ARITHMETIC EXCEPTION.*

 * THE MAXIMUM NUMBER OF WARNINGS OF ONE OR MORE TYPES WAS REACHED.
 IT IS POSSIBLE THAT SOME WARNING MESSAGES WERE SUPPRESSED.
Note: The following floating-point exceptions are signalling: IEEE_INVALID_FLAG IEEE_DIVIDE_BY_ZERO


1NONLINEAR MIXED EFFECTS MODEL PROGRAM (NONMEM) VERSION 7.3.0
 ORIGINALLY DEVELOPED BY STUART BEAL, LEWIS SHEINER, AND ALISON BOECKMANN
 CURRENT DEVELOPERS ARE ROBERT BAUER, ICON DEVELOPMENT SOLUTIONS,
 AND ALISON BOECKMANN. IMPLEMENTATION, EFFICIENCY, AND STANDARDIZATION
 PERFORMED BY NOUS INFOSYSTEMS.

 PROBLEM NO.:         1
 PK. SINGLE=OPERATOR IN ACCEPT
0DATA CHECKOUT RUN:              NO
 DATA SET LOCATED ON UNIT NO.:    2
 THIS UNIT TO BE REWOUND:        NO
 NO. OF DATA RECS IN DATA SET:      300
 NO. OF DATA ITEMS IN DATA SET:  17
 ID DATA ITEM IS DATA ITEM NO.:   2
 DEP VARIABLE IS DATA ITEM NO.:   8
 MDV DATA ITEM IS DATA ITEM NO.: 17
0INDICES PASSED TO SUBROUTINE PRED:
   5   4   7   0   0   0   6   0   0   0   0
0LABELS FOR DATA ITEMS:
 ROW ID NOMTIME TIME EVID CMT AMT DV BLQ CYCLE DOSE PART PROFDAY PROFTIME STUDY WEIGHTB MDV
0(NONBLANK) LABELS FOR PRED-DEFINED ITEMS:
 KA V2 CL V3 Q IPRED
0FORMAT FOR DATA:
 (E5.0,E4.0,E5.0,E9.0,2E2.0,E4.0,E9.0,2E2.0,E4.0,2E2.0,3E7.0,1F2.0)

 TOT. NO. OF OBS RECS:      270
 TOT. NO. OF INDIVIDUALS:     30
0LENGTH OF THETA:   5
0DEFAULT THETA BOUNDARY TEST OMITTED:    NO
0OMEGA HAS BLOCK FORM:
  1
  0  2
  0  0  3
  0  0  0  4
  0  0  0  0  5
0DEFAULT OMEGA BOUNDARY TEST OMITTED:    NO
0SIGMA HAS SIMPLE DIAGONAL FORM WITH DIMENSION:   2
0DEFAULT SIGMA BOUNDARY TEST OMITTED:    NO
0INITIAL ESTIMATE OF THETA:
 LOWER BOUND    INITIAL EST    UPPER BOUND
  0.0000E+00     0.9000E+00     0.1000E+07
  0.0000E+00     0.4200E+01     0.1000E+07
  0.0000E+00     0.3600E+01     0.1000E+07
  0.0000E+00     0.5810E+01     0.1000E+07
  0.0000E+00     0.3440E+01     0.1000E+07
0INITIAL ESTIMATE OF OMEGA:
 BLOCK SET NO.   BLOCK                                                                    FIXED
        1                                                                                   NO
                  0.1000E+00
        2                                                                                   NO
                  0.1000E+00
        3                                                                                   NO
                  0.1000E+00
        4                                                                                  YES
                  0.0000E+00
        5                                                                                  YES
                  0.0000E+00
0INITIAL ESTIMATE OF SIGMA:
 0.2000E+00
 0.0000E+00   0.2000E+00
0TABLES STEP OMITTED:    NO
 NO. OF TABLES:           1
 SEED NUMBER (SEED):    11456
 RANMETHOD:
 MC SAMPLES (ESEED):    300
 WRES SQUARE ROOT TYPE:            EIGENVALUE
0-- TABLE   1 --
 PRINTED:               YES
 FOR TABLE FILE,
 HEADER:                YES
 FILE TO BE FORWARDED:   NO
 FORMAT:                S1PE11.4
 LFORMAT:
 RFORMAT:
0USER-CHOSEN ITEMS:
 KA V2 CL V3 Q IPRED
1DOUBLE PRECISION PREDPP VERSION 7.3.0

 TWO COMPARTMENT MODEL WITH FIRST-ORDER ABSORPTION (ADVAN4)
0MAXIMUM NO. OF BASIC PK PARAMETERS:   5
0BASIC PK PARAMETERS (AFTER TRANSLATION):
   BASIC PK PARAMETER NO.  1: ELIMINATION RATE (K)
   BASIC PK PARAMETER NO.  2: CENTRAL-TO-PERIPH. RATE (K23)
   BASIC PK PARAMETER NO.  3: PERIPH.-TO-CENTRAL RATE (K32)
   BASIC PK PARAMETER NO.  5: ABSORPTION RATE (KA)
 TRANSLATOR WILL CONVERT PARAMETERS
 CL, V2, Q, V3 TO K, K23, K32 (TRANS4)
0COMPARTMENT ATTRIBUTES
 COMPT. NO.   FUNCTION   INITIAL    ON/OFF      DOSE      DEFAULT    DEFAULT
                         STATUS     ALLOWED    ALLOWED    FOR DOSE   FOR OBS.
    1         DEPOT        OFF        YES        YES        YES        NO
    2         CENTRAL      ON         NO         YES        NO         YES
    3         PERIPH.      ON         NO         YES        NO         NO
    4         OUTPUT       OFF        YES        NO         NO         NO
1
 ADDITIONAL PK PARAMETERS - ASSIGNMENT OF ROWS IN GG
 COMPT. NO.                             INDICES
              SCALE      BIOAVAIL.   ZERO-ORDER  ZERO-ORDER  ABSORB
                         FRACTION    RATE        DURATION    LAG
    1            *           *           *           *           *
    2            *           *           *           *           *
    3            *           *           *           *           *
    4            *           -           -           -           -
             - PARAMETER IS NOT ALLOWED FOR THIS MODEL
             * PARAMETER IS NOT SUPPLIED BY PK SUBROUTINE;
               WILL DEFAULT TO ONE IF APPLICABLE
0DATA ITEM INDICES USED BY PRED ARE:
   EVENT ID DATA ITEM IS DATA ITEM NO.:      5
   TIME DATA ITEM IS DATA ITEM NO.:          4
   DOSE AMOUNT DATA ITEM IS DATA ITEM NO.:   7
   COMPT. NO. DATA ITEM IS DATA ITEM NO.:    6

0PK SUBROUTINE CALLED WITH EVERY EVENT RECORD.
 PK SUBROUTINE NOT CALLED AT NONEVENT (ADDITIONAL OR LAGGED) DOSE TIMES.
0ERROR SUBROUTINE CALLED WITH EVERY EVENT RECORD.
1


 #TBLN:      1
 #METH: First Order Conditional Estimation with Interaction

 ESTIMATION STEP OMITTED:                 NO  
 ANALYSIS TYPE:                           POPULATION
 CONDITIONAL ESTIMATES USED:              YES 
 CENTERED ETA:                            NO  
 EPS-ETA INTERACTION:                     YES 
 LAPLACIAN OBJ. FUNC.:                    NO  
 NO. OF FUNCT. EVALS. ALLOWED:            9999
 NO. OF SIG. FIGURES REQUIRED:            2
 INTERMEDIATE PRINTOUT:                   YES 
 ESTIMATE OUTPUT TO MSF:                  NO  
 ABORT WITH PRED EXIT CODE 1:             NO  
 IND. OBJ. FUNC. VALUES SORTED:           NO  
 NUMERICAL DERIVATIVE 
       FILE REQUEST (NUMDER):             NONE
 MAP (ETAHAT) ESTIMATION METHOD (OPTMAP): 0           
 ETA HESSIAN EVALUATION METHOD (ETADER):  0           
 INITIAL ETA FOR MAP ESTIMATION (MCETA):  0           
 SIGDIGITS FOR MAP ESTIMATION (SIGLO):    9           
 GRADIENT SIGDIGITS OF 
       FIXED EFFECTS PARAMETERS (SIGL):   9           
 EXCLUDE TITLE (NOTITLE):                 NO 
 EXCLUDE COLUMN LABELS (NOLABEL):         NO 
 NOPRIOR SETTING (NOPRIOR):               OFF
 NOCOV SETTING (NOCOV):                   OFF
 DERCONT SETTING (DERCONT):               OFF
 ABSOLUTE TOLERANCE-ADVAN 9,13 ONLY(ATOL):-100        
 FINAL ETA RE-EVALUATION (FNLETA):        ON 
 EXCLUDE NON-INFLUENTIAL (NON-INFL.) ETAS 
       IN SHRINKAGE (ETASTYPE):           NO 
 NON-INFL. ETA CORRECTION (NONINFETA):    OFF
 FORMAT FOR ADDITIONAL FILES (FORMAT):    S1PE12.5
 PARAMETER ORDER FOR OUTPUTS (ORDER):     TSOL
 ADDITIONAL CONVERGENCE TEST (CTYPE=4)?:  NO
 EM OR BAYESIAN METHOD USED:                NONE


 THE FOLLOWING LABELS ARE EQUIVALENT
 PRED=PREDI
 RES=RESI
 WRES=WRESI
 IWRS=IWRESI
 IPRD=IPREDI
 IRS=IRESI

 MONITORING OF SEARCH:


0ITERATION NO.:    0    OBJECTIVE VALUE:   115.207970171840        NO. OF FUNC. EVALS.:   9
 CUMULATIVE NO. OF FUNC. EVALS.:        9
 NPARAMETR:  9.0000E-01  4.2000E+00  3.6000E+00  5.8100E+00  3.4400E+00  1.0000E-01  1.0000E-01  1.0000E-01  2.0000E-01  2.0000E-01

 PARAMETER:  1.0000E-01  1.0000E-01  1.0000E-01  1.0000E-01  1.0000E-01  1.0000E-01  1.0000E-01  1.0000E-01  1.0000E-01  1.0000E-01

 GRADIENT:   2.1228E+02  3.5732E+02 -2.7342E+02 -4.2097E+01 -4.1804E+01 -5.9438E+01 -1.9243E+02 -1.1134E+02 -1.1168E+02  1.5083E+02


0ITERATION NO.:   10    OBJECTIVE VALUE:  -1643.71677100760        NO. OF FUNC. EVALS.:  10
 CUMULATIVE NO. OF FUNC. EVALS.:      113
 NPARAMETR:  3.7764E-02  5.1414E-01  5.5447E-01  1.6638E+02  5.4288E+00  2.8806E-01  5.4653E-01  1.9565E-05  1.3263E-01  1.3866E-04

 PARAMETER: -3.0710E+00 -2.0003E+00 -1.7707E+00  3.4547E+00  5.5625E-01  6.2900E-01  9.4921E-01 -4.1696E+00 -1.0539E-01 -3.5370E+00

 GRADIENT:  -1.2603E+02 -3.4621E+01  2.4717E-01 -3.2252E+01  6.6782E+01 -5.3209E+01  4.3306E+01  5.5307E-05  1.3695E+02  2.7650E+01


0ITERATION NO.:   20    OBJECTIVE VALUE:  -1858.58582533187        NO. OF FUNC. EVALS.:  10
 CUMULATIVE NO. OF FUNC. EVALS.:      214
 NPARAMETR:  1.9075E-01  2.5254E-01  9.1296E-02  5.4710E+01  4.6486E+00  8.9396E-02  3.7045E-03  1.3293E-02  7.3618E-02  4.9017E-05

 PARAMETER: -1.4514E+00 -2.7113E+00 -3.5746E+00  2.3425E+00  4.0109E-01  4.3951E-02 -1.5478E+00 -9.0896E-01 -3.9971E-01 -4.0570E+00

 GRADIENT:   1.8068E+01  1.0463E+01  9.6484E-01 -9.3714E+00 -1.6707E+00 -1.3942E+01  5.4393E+00  8.0458E-02  6.3627E+01  3.7937E+01


0ITERATION NO.:   30    OBJECTIVE VALUE:  -1881.04328516144        NO. OF FUNC. EVALS.:  10
 CUMULATIVE NO. OF FUNC. EVALS.:      315
 NPARAMETR:  1.7214E-01  6.8733E-01  3.6000E-02  1.5658E+02  1.1790E+01  1.3620E-01  9.8230E-05  2.4283E-02  6.0683E-02  2.0000E-05

 PARAMETER: -1.5541E+00 -1.7100E+00 -4.6189E+00  3.3940E+00  1.3317E+00  2.5449E-01 -3.3628E+00 -6.0770E-01 -4.9632E-01 -5.3140E+00

 GRADIENT:  -1.7283E-01  2.1941E+00  0.0000E+00 -1.4385E+00 -5.4507E-01 -7.1888E-02  2.3678E-01  4.9348E-03  3.0426E+00  0.0000E+00


0ITERATION NO.:   40    OBJECTIVE VALUE:  -1881.39445753871        NO. OF FUNC. EVALS.:  10
 CUMULATIVE NO. OF FUNC. EVALS.:      491
 NPARAMETR:  1.7230E-01  6.1472E+00  3.6000E-02  1.4118E+03  1.0561E+02  1.3689E-01  1.0000E-05  2.6320E-01  6.0170E-02  2.0000E-05

 PARAMETER: -1.5531E+00  4.8091E-01 -5.7584E+00  5.5931E+00  3.5243E+00  2.5699E-01 -7.2450E+00  5.8388E-01 -5.0057E-01 -7.4101E+00

 GRADIENT:   2.7724E-01  6.3661E-01  0.0000E+00  1.1788E-01 -2.4256E-01  3.9745E-02  0.0000E+00  6.7337E-04  2.7113E-02  0.0000E+00


0ITERATION NO.:   50    OBJECTIVE VALUE:  -1881.39467413400        NO. OF FUNC. EVALS.:  11
 CUMULATIVE NO. OF FUNC. EVALS.:      598
 NPARAMETR:  1.7209E-01  6.1402E+00  3.6000E-02  1.4104E+03  1.0546E+02  1.3672E-01  1.0000E-05  2.8447E-02  6.0181E-02  2.0000E-05

 PARAMETER: -1.5544E+00  4.7977E-01 -5.7584E+00  5.5920E+00  3.5228E+00  2.5637E-01 -7.2450E+00 -5.2856E-01 -5.0048E-01 -7.4101E+00

 GRADIENT:  -8.6623E-02  1.9063E-01  0.0000E+00  2.3420E-01  8.7093E-02 -9.7284E-03  0.0000E+00  7.2983E-05  4.6776E-02  0.0000E+00


0ITERATION NO.:   60    OBJECTIVE VALUE:  -1881.39478587461        NO. OF FUNC. EVALS.:  17
 CUMULATIVE NO. OF FUNC. EVALS.:      737
 NPARAMETR:  1.7224E-01  6.1270E+00  3.6000E-02  1.4073E+03  1.0528E+02  1.3676E-01  1.0000E-05  2.2572E-03  6.0170E-02  2.0000E-05

 PARAMETER: -1.5535E+00  4.7763E-01 -5.7584E+00  5.5899E+00  3.5212E+00  2.5654E-01 -7.2450E+00 -1.7955E+00 -5.0057E-01 -7.4101E+00

 GRADIENT:  -3.3056E-02 -1.4131E-01  0.0000E+00  2.2995E-01 -8.4900E-02  2.4894E-05  0.0000E+00  5.8134E-06 -6.4410E-02  0.0000E+00


0ITERATION NO.:   66    OBJECTIVE VALUE:  -1881.39481168010        NO. OF FUNC. EVALS.:  14
 CUMULATIVE NO. OF FUNC. EVALS.:      862
 NPARAMETR:  1.7232E-01  6.1198E+00  3.6000E-02  1.4054E+03  1.0520E+02  1.3678E-01  1.0000E-05  5.1627E-04  6.0179E-02  2.0000E-05

 PARAMETER: -1.5531E+00  4.7644E-01 -5.7584E+00  5.5885E+00  3.5204E+00  2.5660E-01 -7.2450E+00 -2.5331E+00 -5.0049E-01 -7.4101E+00

 GRADIENT:  -1.8819E-02  6.6780E-02  0.0000E+00 -2.9895E-02 -3.2908E-02 -7.5933E-04  0.0000E+00  1.3326E-06  1.0933E-02  0.0000E+00


 #TERM:
0MINIMIZATION SUCCESSFUL
 NO. OF FUNCTION EVALUATIONS USED:      862
 NO. OF SIG. DIGITS IN FINAL EST.:  4.1
0PARAMETER ESTIMATE IS NEAR ITS BOUNDARY
 THIS MUST BE ADDRESSED BEFORE THE COVARIANCE STEP CAN BE IMPLEMENTED

 ETABAR IS THE ARITHMETIC MEAN OF THE ETA-ESTIMATES,
 AND THE P-VALUE IS GIVEN FOR THE NULL HYPOTHESIS THAT THE TRUE MEAN IS 0.

 ETABAR:        -2.5006E-03  2.0728E-06 -2.9460E-07  0.0000E+00  0.0000E+00
 SE:             6.3428E-02  1.1813E-05  2.8127E-07  0.0000E+00  0.0000E+00
 N:                      30          30          30          30          30

 P VAL.:         9.6855E-01  8.6072E-01  2.9491E-01  1.0000E+00  1.0000E+00

 ETAshrink(%):   4.4587E+00  9.7919E+01  9.9993E+01  1.0000E+02  1.0000E+02
 EBVshrink(%):   5.9589E+00  9.7138E+01  9.9984E+01  0.0000E+00  0.0000E+00
 EPSshrink(%):   6.0767E+00  6.0767E+00

 #TERE:
 Elapsed estimation time in seconds:     3.19
1
 
 
 
 
 
 
 
 
 
 
 
 
 
 
 
 
 
 
 
 
 ************************************************************************************************************************
 ********************                                                                                ********************
 ********************               FIRST ORDER CONDITIONAL ESTIMATION WITH INTERACTION              ********************
 #OBJT:**************                       MINIMUM VALUE OF OBJECTIVE FUNCTION                      ********************
 ********************                                                                                ********************
 ************************************************************************************************************************
 





 #OBJV:********************************************    -1881.395       **************************************************
1
 ************************************************************************************************************************
 ********************                                                                                ********************
 ********************               FIRST ORDER CONDITIONAL ESTIMATION WITH INTERACTION              ********************
 ********************                             FINAL PARAMETER ESTIMATE                           ********************
 ********************                                                                                ********************
 ************************************************************************************************************************
 


 THETA - VECTOR OF FIXED EFFECTS PARAMETERS   *********


         TH 1      TH 2      TH 3      TH 4      TH 5     
 
         1.72E-01  6.12E+00  3.60E-02  1.41E+03  1.05E+02
 


 OMEGA - COV MATRIX FOR RANDOM EFFECTS - ETAS  ********


            ETA1      ETA2      ETA3      ETA4      ETA5   
 
 ETA1
+        1.37E-01
 
 ETA2
+        0.00E+00  1.00E-05
 
 ETA3
+        0.00E+00  0.00E+00  5.16E-04
 
 ETA4
+        0.00E+00  0.00E+00  0.00E+00  0.00E+00
 
 ETA5
+        0.00E+00  0.00E+00  0.00E+00  0.00E+00  0.00E+00
 


 SIGMA - COV MATRIX FOR RANDOM EFFECTS - EPSILONS  ****


            EPS1      EPS2   
 
 EPS1
+        6.02E-02
 
 EPS2
+        0.00E+00  2.00E-05
 
1


 OMEGA - CORR MATRIX FOR RANDOM EFFECTS - ETAS  *******


            ETA1      ETA2      ETA3      ETA4      ETA5   
 
 ETA1
+        3.70E-01
 
 ETA2
+        0.00E+00  3.16E-03
 
 ETA3
+        0.00E+00  0.00E+00  2.27E-02
 
 ETA4
+        0.00E+00  0.00E+00  0.00E+00  0.00E+00
 
 ETA5
+        0.00E+00  0.00E+00  0.00E+00  0.00E+00  0.00E+00
 


 SIGMA - CORR MATRIX FOR RANDOM EFFECTS - EPSILONS  ***


            EPS1      EPS2   
 
 EPS1
+        2.45E-01
 
 EPS2
+        0.00E+00  4.47E-03
 
1
 
 
 
 
 
 
 
 
 
 
 
 
 
 
 
 
 
 
 
 
 ************************************************************************************************************************
 ********************                                                                                ********************
 ********************               FIRST ORDER CONDITIONAL ESTIMATION WITH INTERACTION              ********************
 ********************                          TABLES OF DATA AND PREDICTIONS                        ********************
 ********************                                                                                ********************
 ************************************************************************************************************************
 
1TABLE NO.  1



 LINE NO.KA        V2        CL        V3        Q         IPRED     DV        PRED      RES       WRES     
 
    1
+        2.40E-01  6.12E+00  3.60E-02  1.41E+03  1.05E+02  0.00E+00  0.00E+00  0.00E+00  0.00E+00  0.00E+00
 
    2
+        2.40E-01  6.12E+00  3.60E-02  1.41E+03  1.05E+02  1.19E-01  6.33E-02  8.59E-02 -2.27E-02 -1.50E+00
 
    3
+        2.40E-01  6.12E+00  3.60E-02  1.41E+03  1.05E+02  1.29E-01  7.37E-02  9.57E-02 -2.20E-02 -1.34E+00
 
    4
+        2.40E-01  6.12E+00  3.60E-02  1.41E+03  1.05E+02  1.21E-01  1.90E-01  9.21E-02  9.77E-02  3.61E+00
 
    5
+        2.40E-01  6.12E+00  3.60E-02  1.41E+03  1.05E+02  1.07E-01  1.33E-01  8.55E-02  4.76E-02  1.76E+00
 
    6
+        2.40E-01  6.12E+00  3.60E-02  1.41E+03  1.05E+02  8.37E-02  5.00E-02  7.37E-02 -2.37E-02 -1.52E+00
 
    7
+        2.40E-01  6.12E+00  3.60E-02  1.41E+03  1.05E+02  5.85E-02  5.00E-02  5.84E-02 -8.36E-03 -6.23E-01
 
    8
+        2.40E-01  6.12E+00  3.60E-02  1.41E+03  1.05E+02  4.89E-02  5.00E-02  5.06E-02 -6.39E-04 -2.54E-02
 
    9
+        2.40E-01  6.12E+00  3.60E-02  1.41E+03  1.05E+02  4.47E-02  5.00E-02  4.60E-02  4.02E-03  3.74E-01
 
   10
+        2.40E-01  6.12E+00  3.60E-02  1.41E+03  1.05E+02  4.36E-02  5.00E-02  4.43E-02  5.72E-03  5.16E-01
 
   11
+        1.54E-01  6.12E+00  3.60E-02  1.41E+03  1.05E+02  0.00E+00  0.00E+00  0.00E+00  0.00E+00  0.00E+00
 
   12
+        1.54E-01  6.12E+00  3.60E-02  1.41E+03  1.05E+02  5.86E-02  5.00E-02  6.54E-02 -1.54E-02 -6.97E-01
 
   13
+        1.54E-01  6.12E+00  3.60E-02  1.41E+03  1.05E+02  8.58E-02  9.72E-02  9.51E-02  2.11E-03  2.31E-01
 
   14
+        1.54E-01  6.12E+00  3.60E-02  1.41E+03  1.05E+02  8.21E-02  8.45E-02  9.00E-02 -5.58E-03 -1.01E-01
 
   15
+        1.54E-01  6.12E+00  3.60E-02  1.41E+03  1.05E+02  7.73E-02  9.98E-02  8.36E-02  1.62E-02  8.70E-01
 
   16
+        1.54E-01  6.12E+00  3.60E-02  1.41E+03  1.05E+02  6.81E-02  5.00E-02  7.17E-02 -2.17E-02 -1.10E+00
 
   17
+        1.54E-01  6.12E+00  3.60E-02  1.41E+03  1.05E+02  5.67E-02  5.00E-02  5.75E-02 -7.55E-03 -4.90E-01
 
   18
+        1.54E-01  6.12E+00  3.60E-02  1.41E+03  1.05E+02  5.04E-02  5.00E-02  5.03E-02 -3.29E-04 -3.41E-02
 
   19
+        1.54E-01  6.12E+00  3.60E-02  1.41E+03  1.05E+02  4.62E-02  5.00E-02  4.58E-02  4.17E-03  3.29E-01
 
   20
+        1.54E-01  6.12E+00  3.60E-02  1.41E+03  1.05E+02  4.44E-02  5.00E-02  4.42E-02  5.79E-03  4.83E-01
 
   21
+        1.11E-01  6.12E+00  3.60E-02  1.41E+03  1.05E+02  0.00E+00  0.00E+00  0.00E+00  0.00E+00  0.00E+00
 
   22
+        1.11E-01  6.12E+00  3.60E-02  1.41E+03  1.05E+02  5.79E-02  5.00E-02  8.91E-02 -3.91E-02 -7.90E-01
 
   23
+        1.11E-01  6.12E+00  3.60E-02  1.41E+03  1.05E+02  6.32E-02  7.56E-02  9.46E-02 -1.91E-02  2.34E-02
 
   24
+        1.11E-01  6.12E+00  3.60E-02  1.41E+03  1.05E+02  6.23E-02  6.27E-02  9.09E-02 -2.82E-02 -4.46E-01
 
   25
+        1.11E-01  6.12E+00  3.60E-02  1.41E+03  1.05E+02  6.03E-02  6.35E-02  8.35E-02 -2.00E-02 -2.93E-01
 
1

 LINE NO.KA        V2        CL        V3        Q         IPRED     DV        PRED      RES       WRES     
 
   26
+        1.11E-01  6.12E+00  3.60E-02  1.41E+03  1.05E+02  5.68E-02  5.00E-02  7.15E-02 -2.15E-02 -7.65E-01
 
   27
+        1.11E-01  6.12E+00  3.60E-02  1.41E+03  1.05E+02  5.21E-02  5.00E-02  5.78E-02 -7.79E-03 -4.21E-01
 
   28
+        1.11E-01  6.12E+00  3.60E-02  1.41E+03  1.05E+02  4.90E-02  5.00E-02  5.07E-02 -7.24E-04 -9.39E-02
 
   29
+        1.11E-01  6.12E+00  3.60E-02  1.41E+03  1.05E+02  4.63E-02  5.00E-02  4.60E-02  4.01E-03  2.54E-01
 
   30
+        1.11E-01  6.12E+00  3.60E-02  1.41E+03  1.05E+02  4.48E-02  5.00E-02  4.43E-02  5.75E-03  4.38E-01
 
   31
+        1.12E-01  6.12E+00  3.60E-02  1.41E+03  1.05E+02  0.00E+00  0.00E+00  0.00E+00  0.00E+00  0.00E+00
 
   32
+        1.12E-01  6.12E+00  3.60E-02  1.41E+03  1.05E+02  6.19E-02  5.00E-02  9.47E-02 -4.47E-02 -9.00E-01
 
   33
+        1.12E-01  6.12E+00  3.60E-02  1.41E+03  1.05E+02  6.38E-02  7.90E-02  9.65E-02 -1.75E-02  1.64E-01
 
   34
+        1.12E-01  6.12E+00  3.60E-02  1.41E+03  1.05E+02  6.28E-02  6.55E-02  9.22E-02 -2.68E-02 -3.14E-01
 
   35
+        1.12E-01  6.12E+00  3.60E-02  1.41E+03  1.05E+02  6.10E-02  5.00E-02  8.56E-02 -3.56E-02 -9.08E-01
 
   36
+        1.12E-01  6.12E+00  3.60E-02  1.41E+03  1.05E+02  5.74E-02  6.19E-02  7.30E-02 -1.11E-02 -1.34E-01
 
   37
+        1.12E-01  6.12E+00  3.60E-02  1.41E+03  1.05E+02  5.23E-02  5.00E-02  5.83E-02 -8.27E-03 -4.34E-01
 
   38
+        1.12E-01  6.12E+00  3.60E-02  1.41E+03  1.05E+02  4.92E-02  5.00E-02  5.09E-02 -9.45E-04 -1.08E-01
 
   39
+        1.12E-01  6.12E+00  3.60E-02  1.41E+03  1.05E+02  4.63E-02  5.00E-02  4.61E-02  3.92E-03  2.43E-01
 
   40
+        1.12E-01  6.12E+00  3.60E-02  1.41E+03  1.05E+02  4.49E-02  5.00E-02  4.43E-02  5.67E-03  4.27E-01
 
   41
+        1.40E-01  6.12E+00  3.60E-02  1.41E+03  1.05E+02  0.00E+00  0.00E+00  0.00E+00  0.00E+00  0.00E+00
 
   42
+        1.40E-01  6.12E+00  3.60E-02  1.41E+03  1.05E+02  4.31E-02  5.00E-02  5.30E-02 -3.02E-03  3.49E-01
 
   43
+        1.40E-01  6.12E+00  3.60E-02  1.41E+03  1.05E+02  7.89E-02  5.00E-02  9.59E-02 -4.59E-02 -1.34E+00
 
   44
+        1.40E-01  6.12E+00  3.60E-02  1.41E+03  1.05E+02  7.67E-02  7.98E-02  9.18E-02 -1.21E-02 -5.27E-02
 
   45
+        1.40E-01  6.12E+00  3.60E-02  1.41E+03  1.05E+02  7.21E-02  9.54E-02  8.38E-02  1.15E-02  9.11E-01
 
   46
+        1.40E-01  6.12E+00  3.60E-02  1.41E+03  1.05E+02  6.54E-02  5.00E-02  7.24E-02 -2.24E-02 -9.55E-01
 
   47
+        1.40E-01  6.12E+00  3.60E-02  1.41E+03  1.05E+02  5.60E-02  5.00E-02  5.81E-02 -8.11E-03 -4.78E-01
 
   48
+        1.40E-01  6.12E+00  3.60E-02  1.41E+03  1.05E+02  5.07E-02  5.00E-02  5.09E-02 -8.98E-04 -8.91E-02
 
   49
+        1.40E-01  6.12E+00  3.60E-02  1.41E+03  1.05E+02  4.65E-02  5.00E-02  4.60E-02  3.97E-03  2.82E-01
 
   50
+        1.40E-01  6.12E+00  3.60E-02  1.41E+03  1.05E+02  4.47E-02  5.00E-02  4.43E-02  5.71E-03  4.56E-01
 
   51
+        1.05E-01  6.12E+00  3.60E-02  1.41E+03  1.05E+02  0.00E+00  0.00E+00  0.00E+00  0.00E+00  0.00E+00
 
1

 LINE NO.KA        V2        CL        V3        Q         IPRED     DV        PRED      RES       WRES     
 
   52
+        1.05E-01  6.12E+00  3.60E-02  1.41E+03  1.05E+02  5.99E-02  5.00E-02  9.69E-02 -4.69E-02 -8.50E-01
 
   53
+        1.05E-01  6.12E+00  3.60E-02  1.41E+03  1.05E+02  5.95E-02  5.35E-02  9.37E-02 -4.02E-02 -7.04E-01
 
   54
+        1.05E-01  6.12E+00  3.60E-02  1.41E+03  1.05E+02  5.85E-02  7.88E-02  8.89E-02 -1.01E-02  4.19E-01
 
   55
+        1.05E-01  6.12E+00  3.60E-02  1.41E+03  1.05E+02  5.71E-02  5.00E-02  8.22E-02 -3.22E-02 -7.86E-01
 
   56
+        1.05E-01  6.12E+00  3.60E-02  1.41E+03  1.05E+02  5.46E-02  5.00E-02  7.12E-02 -2.12E-02 -6.81E-01
 
   57
+        1.05E-01  6.12E+00  3.60E-02  1.41E+03  1.05E+02  5.07E-02  5.00E-02  5.73E-02 -7.28E-03 -3.84E-01
 
   58
+        1.05E-01  6.12E+00  3.60E-02  1.41E+03  1.05E+02  4.82E-02  5.00E-02  5.03E-02 -3.06E-04 -7.76E-02
 
   59
+        1.05E-01  6.12E+00  3.60E-02  1.41E+03  1.05E+02  4.59E-02  5.00E-02  4.58E-02  4.24E-03  2.61E-01
 
   60
+        1.05E-01  6.12E+00  3.60E-02  1.41E+03  1.05E+02  4.47E-02  5.00E-02  4.42E-02  5.80E-03  4.35E-01
 
   61
+        9.73E-02  6.12E+00  3.60E-02  1.41E+03  1.05E+02  0.00E+00  0.00E+00  0.00E+00  0.00E+00  0.00E+00
 
   62
+        9.73E-02  6.12E+00  3.60E-02  1.41E+03  1.05E+02  5.36E-02  5.00E-02  9.40E-02 -4.40E-02 -6.64E-01
 
   63
+        9.73E-02  6.12E+00  3.60E-02  1.41E+03  1.05E+02  5.55E-02  5.00E-02  9.36E-02 -4.36E-02 -7.61E-01
 
   64
+        9.73E-02  6.12E+00  3.60E-02  1.41E+03  1.05E+02  5.51E-02  5.66E-02  9.06E-02 -3.41E-02 -4.75E-01
 
   65
+        9.73E-02  6.12E+00  3.60E-02  1.41E+03  1.05E+02  5.40E-02  6.19E-02  8.29E-02 -2.10E-02 -1.68E-01
 
   66
+        9.73E-02  6.12E+00  3.60E-02  1.41E+03  1.05E+02  5.20E-02  5.00E-02  7.10E-02 -2.10E-02 -6.36E-01
 
   67
+        9.73E-02  6.12E+00  3.60E-02  1.41E+03  1.05E+02  4.93E-02  5.00E-02  5.75E-02 -7.47E-03 -3.81E-01
 
   68
+        9.73E-02  6.12E+00  3.60E-02  1.41E+03  1.05E+02  4.73E-02  5.00E-02  5.02E-02 -2.32E-04 -7.82E-02
 
   69
+        9.73E-02  6.12E+00  3.60E-02  1.41E+03  1.05E+02  4.55E-02  5.00E-02  4.57E-02  4.25E-03  2.55E-01
 
   70
+        9.73E-02  6.12E+00  3.60E-02  1.41E+03  1.05E+02  4.45E-02  5.00E-02  4.42E-02  5.83E-03  4.35E-01
 
   71
+        1.91E-01  6.12E+00  3.60E-02  1.41E+03  1.05E+02  0.00E+00  0.00E+00  0.00E+00  0.00E+00  0.00E+00
 
   72
+        1.91E-01  6.12E+00  3.60E-02  1.41E+03  1.05E+02  1.06E-01  6.76E-02  9.60E-02 -2.84E-02 -1.36E+00
 
   73
+        1.91E-01  6.12E+00  3.60E-02  1.41E+03  1.05E+02  1.04E-01  1.19E-01  9.45E-02  2.46E-02  7.59E-01
 
   74
+        1.91E-01  6.12E+00  3.60E-02  1.41E+03  1.05E+02  9.88E-02  1.33E-01  9.06E-02  4.27E-02  1.59E+00
 
   75
+        1.91E-01  6.12E+00  3.60E-02  1.41E+03  1.05E+02  8.79E-02  9.24E-02  8.22E-02  1.03E-02  3.04E-01
 
   76
+        1.91E-01  6.12E+00  3.60E-02  1.41E+03  1.05E+02  7.38E-02  5.75E-02  7.09E-02 -1.34E-02 -8.54E-01
 
   77
+        1.91E-01  6.12E+00  3.60E-02  1.41E+03  1.05E+02  5.78E-02  5.00E-02  5.75E-02 -7.46E-03 -5.32E-01
 
1

 LINE NO.KA        V2        CL        V3        Q         IPRED     DV        PRED      RES       WRES     
 
   78
+        1.91E-01  6.12E+00  3.60E-02  1.41E+03  1.05E+02  4.99E-02  5.00E-02  5.03E-02 -2.63E-04 -6.70E-03
 
   79
+        1.91E-01  6.12E+00  3.60E-02  1.41E+03  1.05E+02  4.54E-02  5.00E-02  4.58E-02  4.19E-03  3.68E-01
 
   80
+        1.91E-01  6.12E+00  3.60E-02  1.41E+03  1.05E+02  4.40E-02  5.00E-02  4.42E-02  5.79E-03  5.07E-01
 
   81
+        1.66E-01  6.12E+00  3.60E-02  1.41E+03  1.05E+02  0.00E+00  0.00E+00  0.00E+00  0.00E+00  0.00E+00
 
   82
+        1.66E-01  6.12E+00  3.60E-02  1.41E+03  1.05E+02  9.15E-02  9.65E-02  9.50E-02  1.48E-03  4.31E-02
 
   83
+        1.66E-01  6.12E+00  3.60E-02  1.41E+03  1.05E+02  9.23E-02  9.13E-02  9.56E-02 -4.27E-03 -1.84E-01
 
   84
+        1.66E-01  6.12E+00  3.60E-02  1.41E+03  1.05E+02  8.86E-02  9.51E-02  9.15E-02  3.58E-03  1.36E-01
 
   85
+        1.66E-01  6.12E+00  3.60E-02  1.41E+03  1.05E+02  8.24E-02  1.04E-01  8.46E-02  1.90E-02  8.55E-01
 
   86
+        1.66E-01  6.12E+00  3.60E-02  1.41E+03  1.05E+02  7.13E-02  5.00E-02  7.26E-02 -2.26E-02 -1.22E+00
 
   87
+        1.66E-01  6.12E+00  3.60E-02  1.41E+03  1.05E+02  5.76E-02  5.00E-02  5.79E-02 -7.90E-03 -5.32E-01
 
   88
+        1.66E-01  6.12E+00  3.60E-02  1.41E+03  1.05E+02  5.06E-02  5.00E-02  5.06E-02 -5.84E-04 -4.37E-02
 
   89
+        1.66E-01  6.12E+00  3.60E-02  1.41E+03  1.05E+02  4.59E-02  5.00E-02  4.58E-02  4.19E-03  3.47E-01
 
   90
+        1.66E-01  6.12E+00  3.60E-02  1.41E+03  1.05E+02  4.43E-02  5.00E-02  4.42E-02  5.80E-03  4.95E-01
 
   91
+        1.45E-01  6.12E+00  3.60E-02  1.41E+03  1.05E+02  0.00E+00  0.00E+00  0.00E+00  0.00E+00  0.00E+00
 
   92
+        1.45E-01  6.12E+00  3.60E-02  1.41E+03  1.05E+02  7.90E-02  5.05E-02  9.36E-02 -4.31E-02 -1.24E+00
 
   93
+        1.45E-01  6.12E+00  3.60E-02  1.41E+03  1.05E+02  8.06E-02  6.54E-02  9.43E-02 -2.90E-02 -7.11E-01
 
   94
+        1.45E-01  6.12E+00  3.60E-02  1.41E+03  1.05E+02  7.76E-02  1.16E-01  8.95E-02  2.66E-02  1.56E+00
 
   95
+        1.45E-01  6.12E+00  3.60E-02  1.41E+03  1.05E+02  7.38E-02  7.95E-02  8.35E-02 -4.00E-03  1.83E-01
 
   96
+        1.45E-01  6.12E+00  3.60E-02  1.41E+03  1.05E+02  6.65E-02  5.00E-02  7.24E-02 -2.24E-02 -9.59E-01
 
   97
+        1.45E-01  6.12E+00  3.60E-02  1.41E+03  1.05E+02  5.62E-02  5.00E-02  5.77E-02 -7.75E-03 -4.62E-01
 
   98
+        1.45E-01  6.12E+00  3.60E-02  1.41E+03  1.05E+02  5.07E-02  5.00E-02  5.07E-02 -7.35E-04 -7.81E-02
 
   99
+        1.45E-01  6.12E+00  3.60E-02  1.41E+03  1.05E+02  4.65E-02  5.00E-02  4.60E-02  3.99E-03  2.84E-01
 
  100
+        1.45E-01  6.12E+00  3.60E-02  1.41E+03  1.05E+02  4.47E-02  5.00E-02  4.43E-02  5.70E-03  4.54E-01
 
  101
+        1.76E-01  6.12E+00  3.60E-02  1.41E+03  1.05E+02  0.00E+00  0.00E+00  0.00E+00  0.00E+00  0.00E+00
 
  102
+        1.76E-01  6.12E+00  3.60E-02  1.41E+03  1.05E+02  9.84E-02  7.76E-02  9.66E-02 -1.90E-02 -8.15E-01
 
  103
+        1.76E-01  6.12E+00  3.60E-02  1.41E+03  1.05E+02  9.65E-02  1.19E-01  9.49E-02  2.43E-02  9.08E-01
 
1

 LINE NO.KA        V2        CL        V3        Q         IPRED     DV        PRED      RES       WRES     
 
  104
+        1.76E-01  6.12E+00  3.60E-02  1.41E+03  1.05E+02  9.22E-02  8.50E-02  9.08E-02 -5.82E-03 -3.07E-01
 
  105
+        1.76E-01  6.12E+00  3.60E-02  1.41E+03  1.05E+02  8.44E-02  1.13E-01  8.33E-02  2.97E-02  1.32E+00
 
  106
+        1.76E-01  6.12E+00  3.60E-02  1.41E+03  1.05E+02  7.20E-02  5.00E-02  7.14E-02 -2.14E-02 -1.21E+00
 
  107
+        1.76E-01  6.12E+00  3.60E-02  1.41E+03  1.05E+02  5.75E-02  5.00E-02  5.74E-02 -7.43E-03 -5.10E-01
 
  108
+        1.76E-01  6.12E+00  3.60E-02  1.41E+03  1.05E+02  5.02E-02  5.00E-02  5.03E-02 -2.66E-04 -1.65E-02
 
  109
+        1.76E-01  6.12E+00  3.60E-02  1.41E+03  1.05E+02  4.57E-02  5.00E-02  4.57E-02  4.27E-03  3.60E-01
 
  110
+        1.76E-01  6.12E+00  3.60E-02  1.41E+03  1.05E+02  4.41E-02  5.00E-02  4.42E-02  5.83E-03  5.01E-01
 
  111
+        1.88E-01  6.12E+00  3.60E-02  1.41E+03  1.05E+02  0.00E+00  0.00E+00  0.00E+00  0.00E+00  0.00E+00
 
  112
+        1.88E-01  6.12E+00  3.60E-02  1.41E+03  1.05E+02  1.00E-01  7.38E-02  9.18E-02 -1.80E-02 -8.95E-01
 
  113
+        1.88E-01  6.12E+00  3.60E-02  1.41E+03  1.05E+02  1.05E-01  6.92E-02  9.65E-02 -2.72E-02 -1.22E+00
 
  114
+        1.88E-01  6.12E+00  3.60E-02  1.41E+03  1.05E+02  9.98E-02  1.29E-01  9.26E-02  3.60E-02  1.34E+00
 
  115
+        1.88E-01  6.12E+00  3.60E-02  1.41E+03  1.05E+02  9.05E-02  1.08E-01  8.51E-02  2.33E-02  9.34E-01
 
  116
+        1.88E-01  6.12E+00  3.60E-02  1.41E+03  1.05E+02  7.53E-02  1.05E-01  7.26E-02  3.22E-02  1.65E+00
 
  117
+        1.88E-01  6.12E+00  3.60E-02  1.41E+03  1.05E+02  5.81E-02  5.00E-02  5.77E-02 -7.74E-03 -5.40E-01
 
  118
+        1.88E-01  6.12E+00  3.60E-02  1.41E+03  1.05E+02  5.03E-02  5.00E-02  5.05E-02 -5.40E-04 -3.31E-02
 
  119
+        1.88E-01  6.12E+00  3.60E-02  1.41E+03  1.05E+02  4.55E-02  5.00E-02  4.59E-02  4.15E-03  3.57E-01
 
  120
+        1.88E-01  6.12E+00  3.60E-02  1.41E+03  1.05E+02  4.41E-02  5.00E-02  4.43E-02  5.73E-03  4.98E-01
 
  121
+        2.25E-01  6.12E+00  3.60E-02  1.41E+03  1.05E+02  0.00E+00  0.00E+00  0.00E+00  0.00E+00  0.00E+00
 
  122
+        2.25E-01  6.12E+00  3.60E-02  1.41E+03  1.05E+02  4.32E-02  5.00E-02  3.31E-02  1.69E-02  9.42E-01
 
  123
+        2.25E-01  6.12E+00  3.60E-02  1.41E+03  1.05E+02  1.23E-01  8.57E-02  9.62E-02 -1.06E-02 -1.05E+00
 
  124
+        2.25E-01  6.12E+00  3.60E-02  1.41E+03  1.05E+02  1.14E-01  1.15E-01  9.13E-02  2.38E-02  4.07E-01
 
  125
+        2.25E-01  6.12E+00  3.60E-02  1.41E+03  1.05E+02  9.87E-02  1.35E-01  8.33E-02  5.15E-02  1.89E+00
 
  126
+        2.25E-01  6.12E+00  3.60E-02  1.41E+03  1.05E+02  7.93E-02  9.42E-02  7.21E-02  2.21E-02  8.60E-01
 
  127
+        2.25E-01  6.12E+00  3.60E-02  1.41E+03  1.05E+02  5.78E-02  5.00E-02  5.77E-02 -7.65E-03 -5.97E-01
 
  128
+        2.25E-01  6.12E+00  3.60E-02  1.41E+03  1.05E+02  4.93E-02  5.00E-02  5.06E-02 -6.14E-04 -1.30E-02
 
  129
+        2.25E-01  6.12E+00  3.60E-02  1.41E+03  1.05E+02  4.48E-02  5.00E-02  4.59E-02  4.14E-03  4.04E-01
 
1

 LINE NO.KA        V2        CL        V3        Q         IPRED     DV        PRED      RES       WRES     
 
  130
+        2.25E-01  6.12E+00  3.60E-02  1.41E+03  1.05E+02  4.37E-02  5.00E-02  4.42E-02  5.77E-03  5.33E-01
 
  131
+        2.68E-01  6.12E+00  3.60E-02  1.41E+03  1.05E+02  0.00E+00  0.00E+00  0.00E+00  0.00E+00  0.00E+00
 
  132
+        2.68E-01  6.12E+00  3.60E-02  1.41E+03  1.05E+02  1.16E-01  5.00E-02  7.50E-02 -2.50E-02 -2.32E+00
 
  133
+        2.68E-01  6.12E+00  3.60E-02  1.41E+03  1.05E+02  1.44E-01  1.12E-01  9.61E-02  1.61E-02 -3.44E-01
 
  134
+        2.68E-01  6.12E+00  3.60E-02  1.41E+03  1.05E+02  1.33E-01  1.78E-01  9.21E-02  8.57E-02  2.63E+00
 
  135
+        2.68E-01  6.12E+00  3.60E-02  1.41E+03  1.05E+02  1.14E-01  1.73E-01  8.52E-02  8.76E-02  3.17E+00
 
  136
+        2.68E-01  6.12E+00  3.60E-02  1.41E+03  1.05E+02  8.68E-02  8.10E-02  7.40E-02  6.98E-03 -1.87E-01
 
  137
+        2.68E-01  6.12E+00  3.60E-02  1.41E+03  1.05E+02  5.87E-02  5.00E-02  5.91E-02 -9.06E-03 -7.53E-01
 
  138
+        2.68E-01  6.12E+00  3.60E-02  1.41E+03  1.05E+02  4.88E-02  5.00E-02  5.14E-02 -1.41E-03 -7.22E-02
 
  139
+        2.68E-01  6.12E+00  3.60E-02  1.41E+03  1.05E+02  4.45E-02  5.00E-02  4.63E-02  3.68E-03  3.92E-01
 
  140
+        2.68E-01  6.12E+00  3.60E-02  1.41E+03  1.05E+02  4.35E-02  5.00E-02  4.44E-02  5.60E-03  5.40E-01
 
  141
+        2.79E-01  6.12E+00  3.60E-02  1.41E+03  1.05E+02  0.00E+00  0.00E+00  0.00E+00  0.00E+00  0.00E+00
 
  142
+        2.79E-01  6.12E+00  3.60E-02  1.41E+03  1.05E+02  4.78E-02  5.00E-02  2.95E-02  2.05E-02  9.20E-01
 
  143
+        2.79E-01  6.12E+00  3.60E-02  1.41E+03  1.05E+02  1.48E-01  1.04E-01  9.57E-02  8.07E-03 -8.26E-01
 
  144
+        2.79E-01  6.12E+00  3.60E-02  1.41E+03  1.05E+02  1.33E-01  1.42E-01  9.08E-02  5.13E-02  1.10E+00
 
  145
+        2.79E-01  6.12E+00  3.60E-02  1.41E+03  1.05E+02  1.11E-01  1.81E-01  8.33E-02  9.77E-02  3.64E+00
 
  146
+        2.79E-01  6.12E+00  3.60E-02  1.41E+03  1.05E+02  8.20E-02  5.20E-02  7.16E-02 -1.96E-02 -1.67E+00
 
  147
+        2.79E-01  6.12E+00  3.60E-02  1.41E+03  1.05E+02  5.63E-02  5.00E-02  5.78E-02 -7.78E-03 -6.72E-01
 
  148
+        2.79E-01  6.12E+00  3.60E-02  1.41E+03  1.05E+02  4.75E-02  5.00E-02  5.05E-02 -5.26E-04  2.17E-02
 
  149
+        2.79E-01  6.12E+00  3.60E-02  1.41E+03  1.05E+02  4.41E-02  5.00E-02  4.58E-02  4.19E-03  4.56E-01
 
  150
+        2.79E-01  6.12E+00  3.60E-02  1.41E+03  1.05E+02  4.35E-02  5.00E-02  4.42E-02  5.79E-03  5.66E-01
 
  151
+        1.47E-01  6.12E+00  3.60E-02  1.41E+03  1.05E+02  0.00E+00  0.00E+00  0.00E+00  0.00E+00  0.00E+00
 
  152
+        1.47E-01  6.12E+00  3.60E-02  1.41E+03  1.05E+02  7.08E-02  5.00E-02  8.28E-02 -3.28E-02 -1.14E+00
 
  153
+        1.47E-01  6.12E+00  3.60E-02  1.41E+03  1.05E+02  8.29E-02  8.39E-02  9.62E-02 -1.23E-02 -1.64E-01
 
  154
+        1.47E-01  6.12E+00  3.60E-02  1.41E+03  1.05E+02  7.98E-02  1.06E-01  9.14E-02  1.47E-02  9.14E-01
 
  155
+        1.47E-01  6.12E+00  3.60E-02  1.41E+03  1.05E+02  7.51E-02  8.67E-02  8.43E-02  2.47E-03  3.71E-01
 
1

 LINE NO.KA        V2        CL        V3        Q         IPRED     DV        PRED      RES       WRES     
 
  156
+        1.47E-01  6.12E+00  3.60E-02  1.41E+03  1.05E+02  6.74E-02  5.00E-02  7.29E-02 -2.29E-02 -1.05E+00
 
  157
+        1.47E-01  6.12E+00  3.60E-02  1.41E+03  1.05E+02  5.67E-02  5.00E-02  5.82E-02 -8.23E-03 -5.04E-01
 
  158
+        1.47E-01  6.12E+00  3.60E-02  1.41E+03  1.05E+02  5.08E-02  5.00E-02  5.08E-02 -8.44E-04 -7.88E-02
 
  159
+        1.47E-01  6.12E+00  3.60E-02  1.41E+03  1.05E+02  4.65E-02  5.00E-02  4.61E-02  3.94E-03  2.93E-01
 
  160
+        1.47E-01  6.12E+00  3.60E-02  1.41E+03  1.05E+02  4.47E-02  5.00E-02  4.43E-02  5.68E-03  4.62E-01
 
  161
+        3.02E-01  6.12E+00  3.60E-02  1.41E+03  1.05E+02  0.00E+00  0.00E+00  0.00E+00  0.00E+00  0.00E+00
 
  162
+        3.02E-01  6.12E+00  3.60E-02  1.41E+03  1.05E+02  1.46E-01  5.00E-02  8.39E-02 -3.39E-02 -2.66E+00
 
  163
+        3.02E-01  6.12E+00  3.60E-02  1.41E+03  1.05E+02  1.62E-01  1.36E-01  9.65E-02  3.96E-02  4.86E-01
 
  164
+        3.02E-01  6.12E+00  3.60E-02  1.41E+03  1.05E+02  1.51E-01  1.54E-01  9.36E-02  6.00E-02  1.42E+00
 
  165
+        3.02E-01  6.12E+00  3.60E-02  1.41E+03  1.05E+02  1.21E-01  2.22E-01  8.51E-02  1.37E-01  5.34E+00
 
  166
+        3.02E-01  6.12E+00  3.60E-02  1.41E+03  1.05E+02  8.56E-02  5.00E-02  7.29E-02 -2.29E-02 -1.80E+00
 
  167
+        3.02E-01  6.12E+00  3.60E-02  1.41E+03  1.05E+02  5.61E-02  5.00E-02  5.82E-02 -8.25E-03 -6.97E-01
 
  168
+        3.02E-01  6.12E+00  3.60E-02  1.41E+03  1.05E+02  4.71E-02  5.00E-02  5.07E-02 -7.31E-04 -4.97E-03
 
  169
+        3.02E-01  6.12E+00  3.60E-02  1.41E+03  1.05E+02  4.40E-02  5.00E-02  4.60E-02  4.00E-03  4.28E-01
 
  170
+        3.02E-01  6.12E+00  3.60E-02  1.41E+03  1.05E+02  4.34E-02  5.00E-02  4.43E-02  5.70E-03  5.52E-01
 
  171
+        1.87E-01  6.12E+00  3.60E-02  1.41E+03  1.05E+02  0.00E+00  0.00E+00  0.00E+00  0.00E+00  0.00E+00
 
  172
+        1.87E-01  6.12E+00  3.60E-02  1.41E+03  1.05E+02  2.71E-02  5.00E-02  2.49E-02  2.51E-02  3.76E+00
 
  173
+        1.87E-01  6.12E+00  3.60E-02  1.41E+03  1.05E+02  1.05E-01  5.00E-02  9.69E-02 -4.69E-02 -1.17E+00
 
  174
+        1.87E-01  6.12E+00  3.60E-02  1.41E+03  1.05E+02  1.01E-01  5.58E-02  9.36E-02 -3.79E-02 -9.16E-01
 
  175
+        1.87E-01  6.12E+00  3.60E-02  1.41E+03  1.05E+02  9.06E-02  6.84E-02  8.53E-02 -1.69E-02 -2.42E-01
 
  176
+        1.87E-01  6.12E+00  3.60E-02  1.41E+03  1.05E+02  7.51E-02  5.26E-02  7.25E-02 -1.99E-02 -7.39E-01
 
  177
+        1.87E-01  6.12E+00  3.60E-02  1.41E+03  1.05E+02  5.84E-02  5.00E-02  5.80E-02 -8.03E-03 -4.57E-01
 
  178
+        1.87E-01  6.12E+00  3.60E-02  1.41E+03  1.05E+02  5.04E-02  5.00E-02  5.07E-02 -7.01E-04 -8.15E-02
 
  179
+        1.87E-01  6.12E+00  3.60E-02  1.41E+03  1.05E+02  4.57E-02  5.00E-02  4.60E-02  4.03E-03  2.78E-01
 
  180
+        1.87E-01  6.12E+00  3.60E-02  1.41E+03  1.05E+02  4.41E-02  5.00E-02  4.43E-02  5.74E-03  4.53E-01
 
  181
+        1.45E-01  6.12E+00  3.60E-02  1.41E+03  1.05E+02  0.00E+00  0.00E+00  0.00E+00  0.00E+00  0.00E+00
 
1

 LINE NO.KA        V2        CL        V3        Q         IPRED     DV        PRED      RES       WRES     
 
  182
+        1.45E-01  6.12E+00  3.60E-02  1.41E+03  1.05E+02  8.23E-02  7.76E-02  9.68E-02 -1.93E-02 -4.16E-01
 
  183
+        1.45E-01  6.12E+00  3.60E-02  1.41E+03  1.05E+02  8.06E-02  1.12E-01  9.39E-02  1.81E-02  1.05E+00
 
  184
+        1.45E-01  6.12E+00  3.60E-02  1.41E+03  1.05E+02  7.76E-02  6.60E-02  8.92E-02 -2.31E-02 -7.01E-01
 
  185
+        1.45E-01  6.12E+00  3.60E-02  1.41E+03  1.05E+02  7.34E-02  6.94E-02  8.26E-02 -1.32E-02 -3.66E-01
 
  186
+        1.45E-01  6.12E+00  3.60E-02  1.41E+03  1.05E+02  6.63E-02  5.00E-02  7.18E-02 -2.18E-02 -1.01E+00
 
  187
+        1.45E-01  6.12E+00  3.60E-02  1.41E+03  1.05E+02  5.60E-02  5.00E-02  5.74E-02 -7.40E-03 -4.62E-01
 
  188
+        1.45E-01  6.12E+00  3.60E-02  1.41E+03  1.05E+02  5.05E-02  5.00E-02  5.05E-02 -5.41E-04 -5.84E-02
 
  189
+        1.45E-01  6.12E+00  3.60E-02  1.41E+03  1.05E+02  4.63E-02  5.00E-02  4.58E-02  4.15E-03  3.12E-01
 
  190
+        1.45E-01  6.12E+00  3.60E-02  1.41E+03  1.05E+02  4.46E-02  5.00E-02  4.42E-02  5.78E-03  4.72E-01
 
  191
+        1.22E-01  6.12E+00  3.60E-02  1.41E+03  1.05E+02  0.00E+00  0.00E+00  0.00E+00  0.00E+00  0.00E+00
 
  192
+        1.22E-01  6.12E+00  3.60E-02  1.41E+03  1.05E+02  6.62E-02  5.00E-02  9.33E-02 -4.33E-02 -9.31E-01
 
  193
+        1.22E-01  6.12E+00  3.60E-02  1.41E+03  1.05E+02  6.89E-02  5.58E-02  9.54E-02 -3.96E-02 -8.05E-01
 
  194
+        1.22E-01  6.12E+00  3.60E-02  1.41E+03  1.05E+02  6.71E-02  1.01E-01  9.03E-02  1.12E-02  1.18E+00
 
  195
+        1.22E-01  6.12E+00  3.60E-02  1.41E+03  1.05E+02  6.39E-02  5.00E-02  8.15E-02 -3.15E-02 -9.20E-01
 
  196
+        1.22E-01  6.12E+00  3.60E-02  1.41E+03  1.05E+02  5.94E-02  5.00E-02  7.04E-02 -2.04E-02 -7.59E-01
 
  197
+        1.22E-01  6.12E+00  3.60E-02  1.41E+03  1.05E+02  5.33E-02  5.00E-02  5.71E-02 -7.12E-03 -3.99E-01
 
  198
+        1.22E-01  6.12E+00  3.60E-02  1.41E+03  1.05E+02  4.96E-02  5.00E-02  5.05E-02 -5.04E-04 -7.93E-02
 
  199
+        1.22E-01  6.12E+00  3.60E-02  1.41E+03  1.05E+02  4.63E-02  5.00E-02  4.58E-02  4.18E-03  2.73E-01
 
  200
+        1.22E-01  6.12E+00  3.60E-02  1.41E+03  1.05E+02  4.48E-02  5.00E-02  4.42E-02  5.78E-03  4.45E-01
 
  201
+        3.76E-01  6.12E+00  3.60E-02  1.41E+03  1.05E+02  0.00E+00  0.00E+00  0.00E+00  0.00E+00  0.00E+00
 
  202
+        3.76E-01  6.12E+00  3.60E-02  1.41E+03  1.05E+02  8.54E-02  5.00E-02  3.93E-02  1.07E-02 -2.27E+00
 
  203
+        3.76E-01  6.12E+00  3.60E-02  1.41E+03  1.05E+02  1.89E-01  2.56E-01  9.53E-02  1.60E-01  3.63E+00
 
  204
+        3.76E-01  6.12E+00  3.60E-02  1.41E+03  1.05E+02  1.69E-01  2.06E-01  9.19E-02  1.14E-01  2.14E+00
 
  205
+        3.76E-01  6.12E+00  3.60E-02  1.41E+03  1.05E+02  1.32E-01  1.78E-01  8.47E-02  9.29E-02  1.98E+00
 
  206
+        3.76E-01  6.12E+00  3.60E-02  1.41E+03  1.05E+02  8.10E-02  9.08E-02  7.13E-02  1.96E-02 -3.18E-01
 
  207
+        3.76E-01  6.12E+00  3.60E-02  1.41E+03  1.05E+02  5.17E-02  5.00E-02  5.74E-02 -7.38E-03 -8.17E-01
 
1

 LINE NO.KA        V2        CL        V3        Q         IPRED     DV        PRED      RES       WRES     
 
  208
+        3.76E-01  6.12E+00  3.60E-02  1.41E+03  1.05E+02  4.52E-02  5.00E-02  5.03E-02 -3.14E-04  1.30E-01
 
  209
+        3.76E-01  6.12E+00  3.60E-02  1.41E+03  1.05E+02  4.35E-02  5.00E-02  4.58E-02  4.21E-03  6.02E-01
 
  210
+        3.76E-01  6.12E+00  3.60E-02  1.41E+03  1.05E+02  4.33E-02  5.00E-02  4.42E-02  5.78E-03  6.61E-01
 
  211
+        1.26E-01  6.12E+00  3.60E-02  1.41E+03  1.05E+02  0.00E+00  0.00E+00  0.00E+00  0.00E+00  0.00E+00
 
  212
+        1.26E-01  6.12E+00  3.60E-02  1.41E+03  1.05E+02  6.10E-02  5.00E-02  8.28E-02 -3.28E-02 -7.44E-01
 
  213
+        1.26E-01  6.12E+00  3.60E-02  1.41E+03  1.05E+02  7.14E-02  5.44E-02  9.52E-02 -4.09E-02 -9.57E-01
 
  214
+        1.26E-01  6.12E+00  3.60E-02  1.41E+03  1.05E+02  6.99E-02  1.05E-01  9.15E-02  1.32E-02  1.19E+00
 
  215
+        1.26E-01  6.12E+00  3.60E-02  1.41E+03  1.05E+02  6.72E-02  5.90E-02  8.48E-02 -2.59E-02 -6.24E-01
 
  216
+        1.26E-01  6.12E+00  3.60E-02  1.41E+03  1.05E+02  6.17E-02  5.00E-02  7.24E-02 -2.24E-02 -8.46E-01
 
  217
+        1.26E-01  6.12E+00  3.60E-02  1.41E+03  1.05E+02  5.43E-02  5.00E-02  5.78E-02 -7.83E-03 -4.38E-01
 
  218
+        1.26E-01  6.12E+00  3.60E-02  1.41E+03  1.05E+02  5.00E-02  5.00E-02  5.06E-02 -5.98E-04 -8.01E-02
 
  219
+        1.26E-01  6.12E+00  3.60E-02  1.41E+03  1.05E+02  4.64E-02  5.00E-02  4.59E-02  4.14E-03  2.78E-01
 
  220
+        1.26E-01  6.12E+00  3.60E-02  1.41E+03  1.05E+02  4.47E-02  5.00E-02  4.42E-02  5.79E-03  4.52E-01
 
  221
+        2.27E-01  6.12E+00  3.60E-02  1.41E+03  1.05E+02  0.00E+00  0.00E+00  0.00E+00  0.00E+00  0.00E+00
 
  222
+        2.27E-01  6.12E+00  3.60E-02  1.41E+03  1.05E+02  1.24E-01  6.56E-02  9.50E-02 -2.94E-02 -1.80E+00
 
  223
+        2.27E-01  6.12E+00  3.60E-02  1.41E+03  1.05E+02  1.21E-01  1.35E-01  9.46E-02  4.06E-02  1.04E+00
 
  224
+        2.27E-01  6.12E+00  3.60E-02  1.41E+03  1.05E+02  1.11E-01  1.36E-01  8.93E-02  4.66E-02  1.46E+00
 
  225
+        2.27E-01  6.12E+00  3.60E-02  1.41E+03  1.05E+02  9.67E-02  1.32E-01  8.19E-02  5.05E-02  1.93E+00
 
  226
+        2.27E-01  6.12E+00  3.60E-02  1.41E+03  1.05E+02  7.76E-02  6.59E-02  7.09E-02 -4.99E-03 -5.76E-01
 
  227
+        2.27E-01  6.12E+00  3.60E-02  1.41E+03  1.05E+02  5.70E-02  5.00E-02  5.70E-02 -7.02E-03 -5.43E-01
 
  228
+        2.27E-01  6.12E+00  3.60E-02  1.41E+03  1.05E+02  4.86E-02  5.00E-02  5.00E-02  2.01E-05  3.95E-02
 
  229
+        2.27E-01  6.12E+00  3.60E-02  1.41E+03  1.05E+02  4.47E-02  5.00E-02  4.57E-02  4.28E-03  4.11E-01
 
  230
+        2.27E-01  6.12E+00  3.60E-02  1.41E+03  1.05E+02  4.37E-02  5.00E-02  4.42E-02  5.82E-03  5.33E-01
 
  231
+        1.65E-01  6.12E+00  3.60E-02  1.41E+03  1.05E+02  0.00E+00  0.00E+00  0.00E+00  0.00E+00  0.00E+00
 
  232
+        1.65E-01  6.12E+00  3.60E-02  1.41E+03  1.05E+02  8.20E-02  5.00E-02  8.58E-02 -3.58E-02 -1.43E+00
 
  233
+        1.65E-01  6.12E+00  3.60E-02  1.41E+03  1.05E+02  9.18E-02  9.62E-02  9.58E-02  4.57E-04  1.41E-01
 
1

 LINE NO.KA        V2        CL        V3        Q         IPRED     DV        PRED      RES       WRES     
 
  234
+        1.65E-01  6.12E+00  3.60E-02  1.41E+03  1.05E+02  8.89E-02  1.26E-01  9.25E-02  3.35E-02  1.50E+00
 
  235
+        1.65E-01  6.12E+00  3.60E-02  1.41E+03  1.05E+02  8.27E-02  8.12E-02  8.55E-02 -4.37E-03 -9.47E-02
 
  236
+        1.65E-01  6.12E+00  3.60E-02  1.41E+03  1.05E+02  7.10E-02  6.04E-02  7.25E-02 -1.21E-02 -5.83E-01
 
  237
+        1.65E-01  6.12E+00  3.60E-02  1.41E+03  1.05E+02  5.77E-02  5.00E-02  5.80E-02 -8.01E-03 -5.19E-01
 
  238
+        1.65E-01  6.12E+00  3.60E-02  1.41E+03  1.05E+02  5.05E-02  5.00E-02  5.05E-02 -4.57E-04 -4.17E-02
 
  239
+        1.65E-01  6.12E+00  3.60E-02  1.41E+03  1.05E+02  4.60E-02  5.00E-02  4.58E-02  4.15E-03  3.31E-01
 
  240
+        1.65E-01  6.12E+00  3.60E-02  1.41E+03  1.05E+02  4.43E-02  5.00E-02  4.42E-02  5.78E-03  4.85E-01
 
  241
+        2.84E-01  6.12E+00  3.60E-02  1.41E+03  1.05E+02  0.00E+00  0.00E+00  0.00E+00  0.00E+00  0.00E+00
 
  242
+        2.84E-01  6.12E+00  3.60E-02  1.41E+03  1.05E+02  1.55E-01  5.00E-02  9.69E-02 -4.69E-02 -2.77E+00
 
  243
+        2.84E-01  6.12E+00  3.60E-02  1.41E+03  1.05E+02  1.42E-01  1.74E-01  9.31E-02  8.08E-02  2.43E+00
 
  244
+        2.84E-01  6.12E+00  3.60E-02  1.41E+03  1.05E+02  1.27E-01  1.58E-01  8.84E-02  6.97E-02  2.22E+00
 
  245
+        2.84E-01  6.12E+00  3.60E-02  1.41E+03  1.05E+02  1.06E-01  1.41E-01  8.12E-02  6.01E-02  2.19E+00
 
  246
+        2.84E-01  6.12E+00  3.60E-02  1.41E+03  1.05E+02  7.97E-02  5.00E-02  7.05E-02 -2.05E-02 -1.58E+00
 
  247
+        2.84E-01  6.12E+00  3.60E-02  1.41E+03  1.05E+02  5.51E-02  5.00E-02  5.70E-02 -7.02E-03 -5.76E-01
 
  248
+        2.84E-01  6.12E+00  3.60E-02  1.41E+03  1.05E+02  4.71E-02  5.00E-02  5.02E-02 -1.65E-04  4.16E-02
 
  249
+        2.84E-01  6.12E+00  3.60E-02  1.41E+03  1.05E+02  4.40E-02  5.00E-02  4.57E-02  4.28E-03  4.40E-01
 
  250
+        2.84E-01  6.12E+00  3.60E-02  1.41E+03  1.05E+02  4.34E-02  5.00E-02  4.42E-02  5.81E-03  5.51E-01
 
  251
+        1.85E-01  6.12E+00  3.60E-02  1.41E+03  1.05E+02  0.00E+00  0.00E+00  0.00E+00  0.00E+00  0.00E+00
 
  252
+        1.85E-01  6.12E+00  3.60E-02  1.41E+03  1.05E+02  7.42E-02  5.00E-02  6.90E-02 -1.90E-02 -1.07E+00
 
  253
+        1.85E-01  6.12E+00  3.60E-02  1.41E+03  1.05E+02  1.03E-01  6.59E-02  9.64E-02 -3.05E-02 -1.25E+00
 
  254
+        1.85E-01  6.12E+00  3.60E-02  1.41E+03  1.05E+02  9.85E-02  1.42E-01  9.25E-02  4.94E-02  2.00E+00
 
  255
+        1.85E-01  6.12E+00  3.60E-02  1.41E+03  1.05E+02  8.90E-02  1.16E-01  8.46E-02  3.15E-02  1.40E+00
 
  256
+        1.85E-01  6.12E+00  3.60E-02  1.41E+03  1.05E+02  7.47E-02  5.00E-02  7.24E-02 -2.24E-02 -1.23E+00
 
  257
+        1.85E-01  6.12E+00  3.60E-02  1.41E+03  1.05E+02  5.82E-02  5.00E-02  5.79E-02 -7.89E-03 -5.34E-01
 
  258
+        1.85E-01  6.12E+00  3.60E-02  1.41E+03  1.05E+02  5.05E-02  5.00E-02  5.07E-02 -6.69E-04 -4.90E-02
 
  259
+        1.85E-01  6.12E+00  3.60E-02  1.41E+03  1.05E+02  4.57E-02  5.00E-02  4.59E-02  4.08E-03  3.40E-01
 
1

 LINE NO.KA        V2        CL        V3        Q         IPRED     DV        PRED      RES       WRES     
 
  260
+        1.85E-01  6.12E+00  3.60E-02  1.41E+03  1.05E+02  4.41E-02  5.00E-02  4.43E-02  5.72E-03  4.89E-01
 
  261
+        1.93E-01  6.12E+00  3.60E-02  1.41E+03  1.05E+02  0.00E+00  0.00E+00  0.00E+00  0.00E+00  0.00E+00
 
  262
+        1.93E-01  6.12E+00  3.60E-02  1.41E+03  1.05E+02  9.76E-02  5.00E-02  8.72E-02 -3.72E-02 -1.73E+00
 
  263
+        1.93E-01  6.12E+00  3.60E-02  1.41E+03  1.05E+02  1.07E-01  9.69E-02  9.60E-02  8.92E-04 -7.99E-02
 
  264
+        1.93E-01  6.12E+00  3.60E-02  1.41E+03  1.05E+02  1.02E-01  1.18E-01  9.22E-02  2.62E-02  9.76E-01
 
  265
+        1.93E-01  6.12E+00  3.60E-02  1.41E+03  1.05E+02  9.10E-02  1.40E-01  8.42E-02  5.59E-02  2.47E+00
 
  266
+        1.93E-01  6.12E+00  3.60E-02  1.41E+03  1.05E+02  7.54E-02  5.00E-02  7.20E-02 -2.20E-02 -1.25E+00
 
  267
+        1.93E-01  6.12E+00  3.60E-02  1.41E+03  1.05E+02  5.90E-02  5.00E-02  5.85E-02 -8.46E-03 -5.79E-01
 
  268
+        1.93E-01  6.12E+00  3.60E-02  1.41E+03  1.05E+02  5.05E-02  5.00E-02  5.09E-02 -8.59E-04 -5.98E-02
 
  269
+        1.93E-01  6.12E+00  3.60E-02  1.41E+03  1.05E+02  4.56E-02  5.00E-02  4.60E-02  3.97E-03  3.37E-01
 
  270
+        1.93E-01  6.12E+00  3.60E-02  1.41E+03  1.05E+02  4.40E-02  5.00E-02  4.43E-02  5.72E-03  4.94E-01
 
  271
+        1.86E-01  6.12E+00  3.60E-02  1.41E+03  1.05E+02  0.00E+00  0.00E+00  0.00E+00  0.00E+00  0.00E+00
 
  272
+        1.86E-01  6.12E+00  3.60E-02  1.41E+03  1.05E+02  1.01E-01  5.62E-02  9.41E-02 -3.78E-02 -1.57E+00
 
  273
+        1.86E-01  6.12E+00  3.60E-02  1.41E+03  1.05E+02  1.02E-01  1.18E-01  9.48E-02  2.31E-02  8.82E-01
 
  274
+        1.86E-01  6.12E+00  3.60E-02  1.41E+03  1.05E+02  9.63E-02  8.84E-02  9.05E-02 -2.07E-03 -1.31E-01
 
  275
+        1.86E-01  6.12E+00  3.60E-02  1.41E+03  1.05E+02  8.74E-02  1.32E-01  8.31E-02  4.87E-02  2.23E+00
 
  276
+        1.86E-01  6.12E+00  3.60E-02  1.41E+03  1.05E+02  7.34E-02  5.00E-02  7.12E-02 -2.12E-02 -1.19E+00
 
  277
+        1.86E-01  6.12E+00  3.60E-02  1.41E+03  1.05E+02  5.74E-02  5.00E-02  5.71E-02 -7.10E-03 -4.88E-01
 
  278
+        1.86E-01  6.12E+00  3.60E-02  1.41E+03  1.05E+02  4.98E-02  5.00E-02  5.01E-02 -8.75E-05 -3.81E-03
 
  279
+        1.86E-01  6.12E+00  3.60E-02  1.41E+03  1.05E+02  4.55E-02  5.00E-02  4.58E-02  4.25E-03  3.56E-01
 
  280
+        1.86E-01  6.12E+00  3.60E-02  1.41E+03  1.05E+02  4.40E-02  5.00E-02  4.42E-02  5.81E-03  4.98E-01
 
  281
+        9.30E-02  6.12E+00  3.60E-02  1.41E+03  1.05E+02  0.00E+00  0.00E+00  0.00E+00  0.00E+00  0.00E+00
 
  282
+        9.30E-02  6.12E+00  3.60E-02  1.41E+03  1.05E+02  5.04E-02  5.00E-02  9.25E-02 -4.25E-02 -5.33E-01
 
  283
+        9.30E-02  6.12E+00  3.60E-02  1.41E+03  1.05E+02  5.34E-02  5.00E-02  9.63E-02 -4.63E-02 -6.79E-01
 
  284
+        9.30E-02  6.12E+00  3.60E-02  1.41E+03  1.05E+02  5.31E-02  5.00E-02  9.26E-02 -4.26E-02 -6.77E-01
 
  285
+        9.30E-02  6.12E+00  3.60E-02  1.41E+03  1.05E+02  5.22E-02  5.00E-02  8.47E-02 -3.47E-02 -6.64E-01
 
1

 LINE NO.KA        V2        CL        V3        Q         IPRED     DV        PRED      RES       WRES     
 
  286
+        9.30E-02  6.12E+00  3.60E-02  1.41E+03  1.05E+02  5.06E-02  5.76E-02  7.21E-02 -1.45E-02 -1.93E-01
 
  287
+        9.30E-02  6.12E+00  3.60E-02  1.41E+03  1.05E+02  4.83E-02  5.00E-02  5.75E-02 -7.51E-03 -3.72E-01
 
  288
+        9.30E-02  6.12E+00  3.60E-02  1.41E+03  1.05E+02  4.68E-02  5.00E-02  5.05E-02 -4.57E-04 -9.52E-02
 
  289
+        9.30E-02  6.12E+00  3.60E-02  1.41E+03  1.05E+02  4.53E-02  5.00E-02  4.59E-02  4.10E-03  2.32E-01
 
  290
+        9.30E-02  6.12E+00  3.60E-02  1.41E+03  1.05E+02  4.45E-02  5.00E-02  4.43E-02  5.74E-03  4.18E-01
 
  291
+        1.48E-01  6.12E+00  3.60E-02  1.41E+03  1.05E+02  0.00E+00  0.00E+00  0.00E+00  0.00E+00  0.00E+00
 
  292
+        1.48E-01  6.12E+00  3.60E-02  1.41E+03  1.05E+02  8.03E-02  5.00E-02  9.30E-02 -4.30E-02 -1.21E+00
 
  293
+        1.48E-01  6.12E+00  3.60E-02  1.41E+03  1.05E+02  8.26E-02  5.41E-02  9.47E-02 -4.06E-02 -1.13E+00
 
  294
+        1.48E-01  6.12E+00  3.60E-02  1.41E+03  1.05E+02  7.95E-02  1.24E-01  9.00E-02  3.45E-02  1.93E+00
 
  295
+        1.48E-01  6.12E+00  3.60E-02  1.41E+03  1.05E+02  7.45E-02  7.59E-02  8.27E-02 -6.79E-03  7.05E-02
 
  296
+        1.48E-01  6.12E+00  3.60E-02  1.41E+03  1.05E+02  6.66E-02  5.00E-02  7.13E-02 -2.13E-02 -9.13E-01
 
  297
+        1.48E-01  6.12E+00  3.60E-02  1.41E+03  1.05E+02  5.62E-02  5.00E-02  5.74E-02 -7.35E-03 -4.40E-01
 
  298
+        1.48E-01  6.12E+00  3.60E-02  1.41E+03  1.05E+02  5.03E-02  5.00E-02  5.03E-02 -2.79E-04 -5.00E-02
 
  299
+        1.48E-01  6.12E+00  3.60E-02  1.41E+03  1.05E+02  4.62E-02  5.00E-02  4.57E-02  4.25E-03  3.05E-01
 
  300
+        1.48E-01  6.12E+00  3.60E-02  1.41E+03  1.05E+02  4.45E-02  5.00E-02  4.42E-02  5.79E-03  4.63E-01
 
 #CPUT: Total CPU Time in Seconds,        3.243
