$PROBLEM    PK. With ignore statement.
$INPUT      ROW ID NOMTIME TIME EVID CMT AMT DV BLQ CYCLE DOSE PART
            PROFDAY PROFTIME STUDY WEIGHTB
$DATA      xgxr1.csv IGNORE=@ IGNORE=(DOSE.LE.10,DOSE.GE.300)
$SUBROUTINE ADVAN4 TRANS4
$PK 
KA=THETA(1)*EXP(ETA(1))
V2=THETA(2)*EXP(ETA(2))
CL=THETA(3)*EXP(ETA(3))
V3=THETA(4)*EXP(ETA(4))
Q=THETA(5)*EXP(ETA(5))

$ERROR 
  IPRED=F
  IRES=DV-IPRED

  IF (IPRED.GT.1) THEN
    W = SQRT(IPRED**2*SIGMA(1,1)**2 + SIGMA(2,2)**2)
  ELSE
    W=1
  ENDIF

  IWRES=IRES/W
  Y=F+F*ERR(1)+ERR(2)

;-----------------------INITIAL ESTIMATES---------------------------------
$THETA  (0,0.9) ; POPKA
$THETA  (0,4.2) ; POPCL
$THETA  (0,3.6) ; POPV2
$THETA  (0,5.81) ; POPV3
$THETA  (0,3.44) ; POPQ
$OMEGA  0.1
$OMEGA  0.1
$OMEGA  0.1
$OMEGA  0  FIX
$OMEGA  0  FIX
$SIGMA  .2
$SIGMA  .2
$ESTIMATION METHOD=1 POSTHOC INTER MAXEVAL=9999 NSIG=2 SIGL=9 PRINT=10
            NOABORT
$TABLE      KA V2 CL V3 Q IPRED DV FILE=xgxr005_res.txt


NM-TRAN MESSAGES
  
 WARNINGS AND ERRORS (IF ANY) FOR PROBLEM    1
             
 (WARNING  2) NM-TRAN INFERS THAT THE DATA ARE POPULATION.
             
 (WARNING  23) $PK DOES NOT DEFINE A SCALE PARAMETER FOR THE CENTRAL
 COMPARTMENT.  WITH THIS TRANS, IT MAY NOT BE POSSIBLE TO SEPARATELY
 OBTAIN ESTIMATES OF PARAMETERS AFFECTING CLEARANCE AND VOLUME.
             
 (WARNING  79) SIGMA IS USED ON THE RIGHT. WITH A SUBSEQUENT RUN, IF AN
 INITIAL ESTIMATE OF A DIAGONAL BLOCK OF SIGMA IS TO BE COMPUTED BY
 NONMEM, THAT BLOCK WILL BE SET TO AN IDENTITY MATRIX DURING THAT
 COMPUTATION. THIS COULD LEAD TO AN ARITHMETIC EXCEPTION.*

 * THE MAXIMUM NUMBER OF WARNINGS OF ONE OR MORE TYPES WAS REACHED.
 IT IS POSSIBLE THAT SOME WARNING MESSAGES WERE SUPPRESSED.
Note: The following floating-point exceptions are signalling: IEEE_INVALID_FLAG IEEE_DIVIDE_BY_ZERO

1NONLINEAR MIXED EFFECTS MODEL PROGRAM (NONMEM) VERSION 7.3.0
 ORIGINALLY DEVELOPED BY STUART BEAL, LEWIS SHEINER, AND ALISON BOECKMANN
 CURRENT DEVELOPERS ARE ROBERT BAUER, ICON DEVELOPMENT SOLUTIONS,
 AND ALISON BOECKMANN. IMPLEMENTATION, EFFICIENCY, AND STANDARDIZATION
 PERFORMED BY NOUS INFOSYSTEMS.

 PROBLEM NO.:         1
 PK. With ignore statement.
0DATA CHECKOUT RUN:              NO
 DATA SET LOCATED ON UNIT NO.:    2
 THIS UNIT TO BE REWOUND:        NO
 NO. OF DATA RECS IN DATA SET:      600
 NO. OF DATA ITEMS IN DATA SET:  17
 ID DATA ITEM IS DATA ITEM NO.:   2
 DEP VARIABLE IS DATA ITEM NO.:   8
 MDV DATA ITEM IS DATA ITEM NO.: 17
0INDICES PASSED TO SUBROUTINE PRED:
   5   4   7   0   0   0   6   0   0   0   0
0LABELS FOR DATA ITEMS:
 ROW ID NOMTIME TIME EVID CMT AMT DV BLQ CYCLE DOSE PART PROFDAY PROFTIME STUDY WEIGHTB MDV
0(NONBLANK) LABELS FOR PRED-DEFINED ITEMS:
 KA V2 CL V3 Q IPRED
0FORMAT FOR DATA:
 (E5.0,E4.0,E5.0,E9.0,2E2.0,E4.0,E9.0,2E2.0,E4.0,2E2.0,3E7.0,1F2.0)

 TOT. NO. OF OBS RECS:      540
 TOT. NO. OF INDIVIDUALS:     60
0LENGTH OF THETA:   5
0DEFAULT THETA BOUNDARY TEST OMITTED:    NO
0OMEGA HAS BLOCK FORM:
  1
  0  2
  0  0  3
  0  0  0  4
  0  0  0  0  5
0DEFAULT OMEGA BOUNDARY TEST OMITTED:    NO
0SIGMA HAS SIMPLE DIAGONAL FORM WITH DIMENSION:   2
0DEFAULT SIGMA BOUNDARY TEST OMITTED:    NO
0INITIAL ESTIMATE OF THETA:
 LOWER BOUND    INITIAL EST    UPPER BOUND
  0.0000E+00     0.9000E+00     0.1000E+07
  0.0000E+00     0.4200E+01     0.1000E+07
  0.0000E+00     0.3600E+01     0.1000E+07
  0.0000E+00     0.5810E+01     0.1000E+07
  0.0000E+00     0.3440E+01     0.1000E+07
0INITIAL ESTIMATE OF OMEGA:
 BLOCK SET NO.   BLOCK                                                                    FIXED
        1                                                                                   NO
                  0.1000E+00
        2                                                                                   NO
                  0.1000E+00
        3                                                                                   NO
                  0.1000E+00
        4                                                                                  YES
                  0.0000E+00
        5                                                                                  YES
                  0.0000E+00
0INITIAL ESTIMATE OF SIGMA:
 0.2000E+00
 0.0000E+00   0.2000E+00
0TABLES STEP OMITTED:    NO
 NO. OF TABLES:           1
 SEED NUMBER (SEED):    11456
 RANMETHOD:
 MC SAMPLES (ESEED):    300
 WRES SQUARE ROOT TYPE:            EIGENVALUE
0-- TABLE   1 --
 PRINTED:               YES
 FOR TABLE FILE,
 HEADER:                YES
 FILE TO BE FORWARDED:   NO
 FORMAT:                S1PE11.4
 LFORMAT:
 RFORMAT:
0USER-CHOSEN ITEMS:
 KA V2 CL V3 Q IPRED
1DOUBLE PRECISION PREDPP VERSION 7.3.0

 TWO COMPARTMENT MODEL WITH FIRST-ORDER ABSORPTION (ADVAN4)
0MAXIMUM NO. OF BASIC PK PARAMETERS:   5
0BASIC PK PARAMETERS (AFTER TRANSLATION):
   BASIC PK PARAMETER NO.  1: ELIMINATION RATE (K)
   BASIC PK PARAMETER NO.  2: CENTRAL-TO-PERIPH. RATE (K23)
   BASIC PK PARAMETER NO.  3: PERIPH.-TO-CENTRAL RATE (K32)
   BASIC PK PARAMETER NO.  5: ABSORPTION RATE (KA)
 TRANSLATOR WILL CONVERT PARAMETERS
 CL, V2, Q, V3 TO K, K23, K32 (TRANS4)
0COMPARTMENT ATTRIBUTES
 COMPT. NO.   FUNCTION   INITIAL    ON/OFF      DOSE      DEFAULT    DEFAULT
                         STATUS     ALLOWED    ALLOWED    FOR DOSE   FOR OBS.
    1         DEPOT        OFF        YES        YES        YES        NO
    2         CENTRAL      ON         NO         YES        NO         YES
    3         PERIPH.      ON         NO         YES        NO         NO
    4         OUTPUT       OFF        YES        NO         NO         NO
1
 ADDITIONAL PK PARAMETERS - ASSIGNMENT OF ROWS IN GG
 COMPT. NO.                             INDICES
              SCALE      BIOAVAIL.   ZERO-ORDER  ZERO-ORDER  ABSORB
                         FRACTION    RATE        DURATION    LAG
    1            *           *           *           *           *
    2            *           *           *           *           *
    3            *           *           *           *           *
    4            *           -           -           -           -
             - PARAMETER IS NOT ALLOWED FOR THIS MODEL
             * PARAMETER IS NOT SUPPLIED BY PK SUBROUTINE;
               WILL DEFAULT TO ONE IF APPLICABLE
0DATA ITEM INDICES USED BY PRED ARE:
   EVENT ID DATA ITEM IS DATA ITEM NO.:      5
   TIME DATA ITEM IS DATA ITEM NO.:          4
   DOSE AMOUNT DATA ITEM IS DATA ITEM NO.:   7
   COMPT. NO. DATA ITEM IS DATA ITEM NO.:    6

0PK SUBROUTINE CALLED WITH EVERY EVENT RECORD.
 PK SUBROUTINE NOT CALLED AT NONEVENT (ADDITIONAL OR LAGGED) DOSE TIMES.
0ERROR SUBROUTINE CALLED WITH EVERY EVENT RECORD.
1


 #TBLN:      1
 #METH: First Order Conditional Estimation with Interaction

 ESTIMATION STEP OMITTED:                 NO  
 ANALYSIS TYPE:                           POPULATION
 CONDITIONAL ESTIMATES USED:              YES 
 CENTERED ETA:                            NO  
 EPS-ETA INTERACTION:                     YES 
 LAPLACIAN OBJ. FUNC.:                    NO  
 NO. OF FUNCT. EVALS. ALLOWED:            9999
 NO. OF SIG. FIGURES REQUIRED:            2
 INTERMEDIATE PRINTOUT:                   YES 
 ESTIMATE OUTPUT TO MSF:                  NO  
 ABORT WITH PRED EXIT CODE 1:             NO  
 IND. OBJ. FUNC. VALUES SORTED:           NO  
 NUMERICAL DERIVATIVE 
       FILE REQUEST (NUMDER):             NONE
 MAP (ETAHAT) ESTIMATION METHOD (OPTMAP): 0           
 ETA HESSIAN EVALUATION METHOD (ETADER):  0           
 INITIAL ETA FOR MAP ESTIMATION (MCETA):  0           
 SIGDIGITS FOR MAP ESTIMATION (SIGLO):    9           
 GRADIENT SIGDIGITS OF 
       FIXED EFFECTS PARAMETERS (SIGL):   9           
 EXCLUDE TITLE (NOTITLE):                 NO 
 EXCLUDE COLUMN LABELS (NOLABEL):         NO 
 NOPRIOR SETTING (NOPRIOR):               OFF
 NOCOV SETTING (NOCOV):                   OFF
 DERCONT SETTING (DERCONT):               OFF
 ABSOLUTE TOLERANCE-ADVAN 9,13 ONLY(ATOL):-100        
 FINAL ETA RE-EVALUATION (FNLETA):        ON 
 EXCLUDE NON-INFLUENTIAL (NON-INFL.) ETAS 
       IN SHRINKAGE (ETASTYPE):           NO 
 NON-INFL. ETA CORRECTION (NONINFETA):    OFF
 FORMAT FOR ADDITIONAL FILES (FORMAT):    S1PE12.5
 PARAMETER ORDER FOR OUTPUTS (ORDER):     TSOL
 ADDITIONAL CONVERGENCE TEST (CTYPE=4)?:  NO
 EM OR BAYESIAN METHOD USED:                NONE


 THE FOLLOWING LABELS ARE EQUIVALENT
 PRED=PREDI
 RES=RESI
 WRES=WRESI
 IWRS=IWRESI
 IPRD=IPREDI
 IRS=IRESI

 MONITORING OF SEARCH:


0ITERATION NO.:    0    OBJECTIVE VALUE:   1569.08869343820        NO. OF FUNC. EVALS.:   9
 CUMULATIVE NO. OF FUNC. EVALS.:        9
 NPARAMETR:  9.0000E-01  4.2000E+00  3.6000E+00  5.8100E+00  3.4400E+00  1.0000E-01  1.0000E-01  1.0000E-01  2.0000E-01  2.0000E-01

 PARAMETER:  1.0000E-01  1.0000E-01  1.0000E-01  1.0000E-01  1.0000E-01  1.0000E-01  1.0000E-01  1.0000E-01  1.0000E-01  1.0000E-01

 GRADIENT:   1.8131E+02  9.0222E+02 -8.2943E+02 -7.9943E+01  7.1550E+00  1.1599E+01 -6.2856E+02 -5.3291E+02 -1.1889E+03  2.9941E+02


0ITERATION NO.:   10    OBJECTIVE VALUE:  -1852.64789178634        NO. OF FUNC. EVALS.:  10
 CUMULATIVE NO. OF FUNC. EVALS.:      115
 NPARAMETR:  1.2889E-01  5.5072E-01  1.3415E+01  7.6217E-01  4.0924E+01  5.6917E-03  5.3618E-01  1.9721E-01  3.3021E-01  9.4302E-04

 PARAMETER: -1.8435E+00 -1.9316E+00  1.4154E+00 -1.9312E+00  2.5762E+00 -1.3331E+00  9.3965E-01  4.3954E-01  3.5071E-01 -2.5785E+00

 GRADIENT:   1.2692E+02 -4.4493E+01  8.1937E+01 -3.2233E+01 -5.0114E+00 -1.4078E+01  6.4637E+01  1.7845E+01  2.0979E+02  2.8839E+01


0ITERATION NO.:   20    OBJECTIVE VALUE:  -2122.75598666142        NO. OF FUNC. EVALS.:  10
 CUMULATIVE NO. OF FUNC. EVALS.:      220
 NPARAMETR:  1.5791E-01  4.2000E-02  6.6341E-01  1.5519E-01  3.8321E+01  2.0117E-01  2.0706E-02  3.5986E-02  9.1355E-02  1.0279E-03

 PARAMETER: -1.6403E+00 -4.5177E+00 -1.5913E+00 -3.5227E+00  2.5105E+00  4.4948E-01 -6.8736E-01 -4.1102E-01 -2.9178E-01 -2.5354E+00

 GRADIENT:   2.7725E+01  0.0000E+00 -1.7596E+01 -6.7756E+00 -7.9979E-01  1.2655E+00  1.5043E+00  5.8882E-01  7.0142E+00 -6.9086E+00


0ITERATION NO.:   30    OBJECTIVE VALUE:  -2123.96945756784        NO. OF FUNC. EVALS.:  10
 CUMULATIVE NO. OF FUNC. EVALS.:      323
 NPARAMETR:  1.4973E-01  4.2000E-02  6.6911E-01  1.5469E-01  5.5357E+01  1.9301E-01  6.9800E-03  4.7582E-02  9.1534E-02  1.0426E-03

 PARAMETER: -1.6936E+00 -4.5178E+00 -1.5827E+00 -3.5259E+00  2.8783E+00  4.2878E-01 -1.2311E+00 -2.7136E-01 -2.9080E-01 -2.5283E+00

 GRADIENT:   2.3559E-01  0.0000E+00  1.8769E-01  3.7359E-02  1.7586E-02 -1.0053E-02  4.4924E-02  1.9899E-01  9.1960E-01 -4.5424E-01


0ITERATION NO.:   32    OBJECTIVE VALUE:  -2123.96945756784        NO. OF FUNC. EVALS.:  14
 CUMULATIVE NO. OF FUNC. EVALS.:      352
 NPARAMETR:  1.4973E-01  4.2000E-02  6.6911E-01  1.5469E-01  5.5357E+01  1.9301E-01  6.9800E-03  4.7582E-02  9.1534E-02  1.0426E-03

 PARAMETER: -1.6936E+00 -4.5178E+00 -1.5827E+00 -3.5259E+00  2.8783E+00  4.2878E-01 -1.2311E+00 -2.7136E-01 -2.9080E-01 -2.5283E+00

 GRADIENT:   9.4223E-02  0.0000E+00  2.8170E-02  1.4548E-02  1.7515E-02 -1.0053E-02  4.4924E-02  1.9899E-01  9.1460E-01 -4.8482E-01


 #TERM:
0MINIMIZATION SUCCESSFUL
 NO. OF FUNCTION EVALUATIONS USED:      352
 NO. OF SIG. DIGITS IN FINAL EST.:  2.2
0PARAMETER ESTIMATE IS NEAR ITS BOUNDARY
 THIS MUST BE ADDRESSED BEFORE THE COVARIANCE STEP CAN BE IMPLEMENTED

 ETABAR IS THE ARITHMETIC MEAN OF THE ETA-ESTIMATES,
 AND THE P-VALUE IS GIVEN FOR THE NULL HYPOTHESIS THAT THE TRUE MEAN IS 0.

 ETABAR:         1.3740E-03  8.7012E-04 -5.3904E-03  0.0000E+00  0.0000E+00
 SE:             5.1683E-02  3.2483E-03  2.1290E-02  0.0000E+00  0.0000E+00
 N:                      60          60          60          60          60

 P VAL.:         9.7879E-01  7.8880E-01  8.0012E-01  1.0000E+00  1.0000E+00

 ETAshrink(%):   8.1065E+00  6.9630E+01  2.3762E+01  1.0000E+02  1.0000E+02
 EBVshrink(%):   7.9473E+00  6.9571E+01  2.3727E+01  0.0000E+00  0.0000E+00
 EPSshrink(%):   8.0589E+00  8.0589E+00

 #TERE:
 Elapsed estimation time in seconds:     3.99
1
 
 
 
 
 
 
 
 
 
 
 
 
 
 
 
 
 
 
 
 
 ************************************************************************************************************************
 ********************                                                                                ********************
 ********************               FIRST ORDER CONDITIONAL ESTIMATION WITH INTERACTION              ********************
 #OBJT:**************                       MINIMUM VALUE OF OBJECTIVE FUNCTION                      ********************
 ********************                                                                                ********************
 ************************************************************************************************************************
 





 #OBJV:********************************************    -2123.969       **************************************************
1
 ************************************************************************************************************************
 ********************                                                                                ********************
 ********************               FIRST ORDER CONDITIONAL ESTIMATION WITH INTERACTION              ********************
 ********************                             FINAL PARAMETER ESTIMATE                           ********************
 ********************                                                                                ********************
 ************************************************************************************************************************
 


 THETA - VECTOR OF FIXED EFFECTS PARAMETERS   *********


         TH 1      TH 2      TH 3      TH 4      TH 5     
 
         1.50E-01  4.20E-02  6.69E-01  1.55E-01  5.54E+01
 


 OMEGA - COV MATRIX FOR RANDOM EFFECTS - ETAS  ********


            ETA1      ETA2      ETA3      ETA4      ETA5   
 
 ETA1
+        1.93E-01
 
 ETA2
+        0.00E+00  6.98E-03
 
 ETA3
+        0.00E+00  0.00E+00  4.76E-02
 
 ETA4
+        0.00E+00  0.00E+00  0.00E+00  0.00E+00
 
 ETA5
+        0.00E+00  0.00E+00  0.00E+00  0.00E+00  0.00E+00
 


 SIGMA - COV MATRIX FOR RANDOM EFFECTS - EPSILONS  ****


            EPS1      EPS2   
 
 EPS1
+        9.15E-02
 
 EPS2
+        0.00E+00  1.04E-03
 
1


 OMEGA - CORR MATRIX FOR RANDOM EFFECTS - ETAS  *******


            ETA1      ETA2      ETA3      ETA4      ETA5   
 
 ETA1
+        4.39E-01
 
 ETA2
+        0.00E+00  8.35E-02
 
 ETA3
+        0.00E+00  0.00E+00  2.18E-01
 
 ETA4
+        0.00E+00  0.00E+00  0.00E+00  0.00E+00
 
 ETA5
+        0.00E+00  0.00E+00  0.00E+00  0.00E+00  0.00E+00
 


 SIGMA - CORR MATRIX FOR RANDOM EFFECTS - EPSILONS  ***


            EPS1      EPS2   
 
 EPS1
+        3.03E-01
 
 EPS2
+        0.00E+00  3.23E-02
 
1
 
 
 
 
 
 
 
 
 
 
 
 
 
 
 
 
 
 
 
 
 ************************************************************************************************************************
 ********************                                                                                ********************
 ********************               FIRST ORDER CONDITIONAL ESTIMATION WITH INTERACTION              ********************
 ********************                          TABLES OF DATA AND PREDICTIONS                        ********************
 ********************                                                                                ********************
 ************************************************************************************************************************
 
1TABLE NO.  1



 LINE NO.KA        V2        CL        V3        Q         IPRED     DV        PRED      RES       WRES     
 
    1
+        3.12E-01  4.33E-02  5.41E-01  1.55E-01  5.54E+01  0.00E+00  0.00E+00  0.00E+00  0.00E+00  0.00E+00
 
    2
+        3.12E-01  4.33E-02  5.41E-01  1.55E-01  5.54E+01  2.77E-01  2.57E-01  1.25E-01  1.32E-01  1.39E-01
 
    3
+        3.12E-01  4.33E-02  5.41E-01  1.55E-01  5.54E+01  5.33E-01  7.08E-01  2.30E-01  4.78E-01  3.13E+00
 
    4
+        3.12E-01  4.33E-02  5.41E-01  1.55E-01  5.54E+01  5.63E-01  5.86E-01  2.44E-01  3.42E-01  1.29E+00
 
    5
+        3.12E-01  4.33E-02  5.41E-01  1.55E-01  5.54E+01  4.44E-01  6.50E-01  2.17E-01  4.33E-01  3.14E+00
 
    6
+        3.12E-01  4.33E-02  5.41E-01  1.55E-01  5.54E+01  2.47E-01  1.85E-01  1.63E-01  2.20E-02 -1.43E+00
 
    7
+        3.12E-01  4.33E-02  5.41E-01  1.55E-01  5.54E+01  6.91E-02  5.00E-02  8.86E-02 -3.86E-02 -1.19E+00
 
    8
+        3.12E-01  4.33E-02  5.41E-01  1.55E-01  5.54E+01  2.01E-02  5.00E-02  4.90E-02  9.77E-04  6.14E-01
 
    9
+        3.12E-01  4.33E-02  5.41E-01  1.55E-01  5.54E+01  3.01E-03  5.00E-02  1.97E-02  3.03E-02  1.70E+00
 
   10
+        3.12E-01  4.33E-02  5.41E-01  1.55E-01  5.54E+01  4.85E-04  5.00E-02  8.19E-03  4.18E-02  1.84E+00
 
   11
+        1.10E-01  4.21E-02  6.32E-01  1.55E-01  5.54E+01  0.00E+00  0.00E+00  0.00E+00  0.00E+00  0.00E+00
 
   12
+        1.10E-01  4.21E-02  6.32E-01  1.55E-01  5.54E+01  9.88E-02  8.67E-02  1.31E-01 -4.46E-02 -4.83E-01
 
   13
+        1.10E-01  4.21E-02  6.32E-01  1.55E-01  5.54E+01  1.83E-01  1.80E-01  2.34E-01 -5.43E-02 -3.45E-01
 
   14
+        1.10E-01  4.21E-02  6.32E-01  1.55E-01  5.54E+01  1.95E-01  1.99E-01  2.42E-01 -4.32E-02 -2.36E-01
 
   15
+        1.10E-01  4.21E-02  6.32E-01  1.55E-01  5.54E+01  1.78E-01  1.94E-01  2.12E-01 -1.81E-02 -2.70E-02
 
   16
+        1.10E-01  4.21E-02  6.32E-01  1.55E-01  5.54E+01  1.45E-01  2.12E-01  1.60E-01  5.19E-02  9.66E-01
 
   17
+        1.10E-01  4.21E-02  6.32E-01  1.55E-01  5.54E+01  9.47E-02  7.67E-02  8.93E-02 -1.26E-02 -4.11E-01
 
   18
+        1.10E-01  4.21E-02  6.32E-01  1.55E-01  5.54E+01  6.04E-02  5.00E-02  4.85E-02  1.55E-03 -1.76E-01
 
   19
+        1.10E-01  4.21E-02  6.32E-01  1.55E-01  5.54E+01  3.10E-02  5.00E-02  1.95E-02  3.05E-02  7.29E-01
 
   20
+        1.10E-01  4.21E-02  6.32E-01  1.55E-01  5.54E+01  1.60E-02  5.00E-02  7.96E-03  4.20E-02  1.18E+00
 
   21
+        1.49E-01  4.16E-02  7.76E-01  1.55E-01  5.54E+01  0.00E+00  0.00E+00  0.00E+00  0.00E+00  0.00E+00
 
   22
+        1.49E-01  4.16E-02  7.76E-01  1.55E-01  5.54E+01  1.35E-01  1.76E-01  1.44E-01  3.24E-02  6.60E-01
 
   23
+        1.49E-01  4.16E-02  7.76E-01  1.55E-01  5.54E+01  2.03E-01  2.79E-01  2.30E-01  4.86E-02  7.59E-01
 
   24
+        1.49E-01  4.16E-02  7.76E-01  1.55E-01  5.54E+01  2.09E-01  1.91E-01  2.44E-01 -5.32E-02 -4.00E-01
 
   25
+        1.49E-01  4.16E-02  7.76E-01  1.55E-01  5.54E+01  1.88E-01  1.85E-01  2.22E-01 -3.66E-02 -2.20E-01
 
1

 LINE NO.KA        V2        CL        V3        Q         IPRED     DV        PRED      RES       WRES     
 
   26
+        1.49E-01  4.16E-02  7.76E-01  1.55E-01  5.54E+01  1.38E-01  5.51E-02  1.63E-01 -1.08E-01 -1.52E+00
 
   27
+        1.49E-01  4.16E-02  7.76E-01  1.55E-01  5.54E+01  7.91E-02  5.00E-02  9.32E-02 -4.32E-02 -7.78E-01
 
   28
+        1.49E-01  4.16E-02  7.76E-01  1.55E-01  5.54E+01  4.31E-02  5.00E-02  5.06E-02 -5.92E-04  1.27E-01
 
   29
+        1.49E-01  4.16E-02  7.76E-01  1.55E-01  5.54E+01  1.76E-02  5.00E-02  2.06E-02  2.94E-02  9.46E-01
 
   30
+        1.49E-01  4.16E-02  7.76E-01  1.55E-01  5.54E+01  7.38E-03  5.00E-02  8.59E-03  4.14E-02  1.30E+00
 
   31
+        1.18E-01  4.16E-02  7.11E-01  1.55E-01  5.54E+01  0.00E+00  0.00E+00  0.00E+00  0.00E+00  0.00E+00
 
   32
+        1.18E-01  4.16E-02  7.11E-01  1.55E-01  5.54E+01  6.95E-03  5.00E-02  8.92E-03  4.11E-02  1.31E+00
 
   33
+        1.18E-01  4.16E-02  7.11E-01  1.55E-01  5.54E+01  1.39E-01  1.39E-01  1.83E-01 -4.40E-02 -2.63E-01
 
   34
+        1.18E-01  4.16E-02  7.11E-01  1.55E-01  5.54E+01  1.80E-01  1.63E-01  2.39E-01 -7.64E-02 -4.90E-01
 
   35
+        1.18E-01  4.16E-02  7.11E-01  1.55E-01  5.54E+01  1.74E-01  2.59E-01  2.28E-01  3.13E-02  7.86E-01
 
   36
+        1.18E-01  4.16E-02  7.11E-01  1.55E-01  5.54E+01  1.37E-01  6.46E-02  1.68E-01 -1.03E-01 -1.32E+00
 
   37
+        1.18E-01  4.16E-02  7.11E-01  1.55E-01  5.54E+01  8.53E-02  5.00E-02  9.19E-02 -4.19E-02 -8.45E-01
 
   38
+        1.18E-01  4.16E-02  7.11E-01  1.55E-01  5.54E+01  5.36E-02  5.00E-02  5.09E-02 -8.91E-04 -4.72E-02
 
   39
+        1.18E-01  4.16E-02  7.11E-01  1.55E-01  5.54E+01  2.59E-02  5.00E-02  2.03E-02  2.97E-02  8.11E-01
 
   40
+        1.18E-01  4.16E-02  7.11E-01  1.55E-01  5.54E+01  1.30E-02  5.00E-02  8.44E-03  4.16E-02  1.21E+00
 
   41
+        1.28E-01  4.21E-02  6.32E-01  1.55E-01  5.54E+01  0.00E+00  0.00E+00  0.00E+00  0.00E+00  0.00E+00
 
   42
+        1.28E-01  4.21E-02  6.32E-01  1.55E-01  5.54E+01  7.34E-02  5.69E-02  8.50E-02 -2.81E-02 -4.33E-01
 
   43
+        1.28E-01  4.21E-02  6.32E-01  1.55E-01  5.54E+01  2.16E-01  1.11E-01  2.39E-01 -1.29E-01 -1.31E+00
 
   44
+        1.28E-01  4.21E-02  6.32E-01  1.55E-01  5.54E+01  2.22E-01  3.59E-01  2.42E-01  1.18E-01  1.53E+00
 
   45
+        1.28E-01  4.21E-02  6.32E-01  1.55E-01  5.54E+01  2.00E-01  2.00E-01  2.12E-01 -1.18E-02 -1.99E-02
 
   46
+        1.28E-01  4.21E-02  6.32E-01  1.55E-01  5.54E+01  1.54E-01  1.26E-01  1.55E-01 -2.88E-02 -4.37E-01
 
   47
+        1.28E-01  4.21E-02  6.32E-01  1.55E-01  5.54E+01  9.26E-02  7.35E-02  8.57E-02 -1.22E-02 -3.91E-01
 
   48
+        1.28E-01  4.21E-02  6.32E-01  1.55E-01  5.54E+01  5.56E-02  6.30E-02  4.71E-02  1.58E-02  2.73E-01
 
   49
+        1.28E-01  4.21E-02  6.32E-01  1.55E-01  5.54E+01  2.57E-02  5.00E-02  1.90E-02  3.10E-02  7.92E-01
 
   50
+        1.28E-01  4.21E-02  6.32E-01  1.55E-01  5.54E+01  1.20E-02  5.00E-02  7.79E-03  4.22E-02  1.21E+00
 
   51
+        1.26E-01  4.17E-02  6.65E-01  1.55E-01  5.54E+01  0.00E+00  0.00E+00  0.00E+00  0.00E+00  0.00E+00
 
1

 LINE NO.KA        V2        CL        V3        Q         IPRED     DV        PRED      RES       WRES     
 
   52
+        1.26E-01  4.17E-02  6.65E-01  1.55E-01  5.54E+01  8.05E-02  6.80E-02  9.59E-02 -2.78E-02 -4.07E-01
 
   53
+        1.26E-01  4.17E-02  6.65E-01  1.55E-01  5.54E+01  1.88E-01  1.66E-01  2.23E-01 -5.67E-02 -4.56E-01
 
   54
+        1.26E-01  4.17E-02  6.65E-01  1.55E-01  5.54E+01  2.08E-01  2.07E-01  2.44E-01 -3.74E-02 -1.79E-01
 
   55
+        1.26E-01  4.17E-02  6.65E-01  1.55E-01  5.54E+01  1.94E-01  3.15E-01  2.22E-01  9.29E-02  1.41E+00
 
   56
+        1.26E-01  4.17E-02  6.65E-01  1.55E-01  5.54E+01  1.48E-01  5.58E-02  1.62E-01 -1.06E-01 -1.56E+00
 
   57
+        1.26E-01  4.17E-02  6.65E-01  1.55E-01  5.54E+01  9.07E-02  5.00E-02  9.01E-02 -4.01E-02 -8.77E-01
 
   58
+        1.26E-01  4.17E-02  6.65E-01  1.55E-01  5.54E+01  5.52E-02  5.00E-02  5.00E-02  2.88E-05 -3.28E-02
 
   59
+        1.26E-01  4.17E-02  6.65E-01  1.55E-01  5.54E+01  2.59E-02  5.00E-02  2.03E-02  2.97E-02  8.27E-01
 
   60
+        1.26E-01  4.17E-02  6.65E-01  1.55E-01  5.54E+01  1.23E-02  5.00E-02  8.38E-03  4.16E-02  1.23E+00
 
   61
+        1.24E-01  4.15E-02  7.31E-01  1.55E-01  5.54E+01  0.00E+00  0.00E+00  0.00E+00  0.00E+00  0.00E+00
 
   62
+        1.24E-01  4.15E-02  7.31E-01  1.55E-01  5.54E+01  4.85E-02  5.00E-02  5.98E-02 -9.81E-03 -9.36E-02
 
   63
+        1.24E-01  4.15E-02  7.31E-01  1.55E-01  5.54E+01  1.65E-01  1.92E-01  2.11E-01 -1.93E-02  4.08E-02
 
   64
+        1.24E-01  4.15E-02  7.31E-01  1.55E-01  5.54E+01  1.87E-01  2.31E-01  2.44E-01 -1.33E-02  1.62E-01
 
   65
+        1.24E-01  4.15E-02  7.31E-01  1.55E-01  5.54E+01  1.67E-01  1.78E-01  2.14E-01 -3.56E-02 -1.52E-01
 
   66
+        1.24E-01  4.15E-02  7.31E-01  1.55E-01  5.54E+01  1.31E-01  8.06E-02  1.59E-01 -7.81E-02 -1.05E+00
 
   67
+        1.24E-01  4.15E-02  7.31E-01  1.55E-01  5.54E+01  8.03E-02  5.00E-02  8.80E-02 -3.80E-02 -7.79E-01
 
   68
+        1.24E-01  4.15E-02  7.31E-01  1.55E-01  5.54E+01  4.96E-02  5.00E-02  4.91E-02  9.45E-04  3.20E-02
 
   69
+        1.24E-01  4.15E-02  7.31E-01  1.55E-01  5.54E+01  2.39E-02  5.00E-02  2.03E-02  2.97E-02  8.47E-01
 
   70
+        1.24E-01  4.15E-02  7.31E-01  1.55E-01  5.54E+01  1.14E-02  5.00E-02  8.24E-03  4.18E-02  1.24E+00
 
   71
+        1.14E-01  4.38E-02  5.05E-01  1.55E-01  5.54E+01  0.00E+00  0.00E+00  0.00E+00  0.00E+00  0.00E+00
 
   72
+        1.14E-01  4.38E-02  5.05E-01  1.55E-01  5.54E+01  9.18E-02  1.32E-01  1.10E-01  2.25E-02  6.88E-01
 
   73
+        1.14E-01  4.38E-02  5.05E-01  1.55E-01  5.54E+01  2.03E-01  1.00E-01  2.17E-01 -1.17E-01 -1.42E+00
 
   74
+        1.14E-01  4.38E-02  5.05E-01  1.55E-01  5.54E+01  2.50E-01  3.15E-01  2.44E-01  7.05E-02  7.49E-01
 
   75
+        1.14E-01  4.38E-02  5.05E-01  1.55E-01  5.54E+01  2.43E-01  2.36E-01  2.16E-01  1.99E-02  8.47E-02
 
   76
+        1.14E-01  4.38E-02  5.05E-01  1.55E-01  5.54E+01  1.96E-01  2.59E-01  1.61E-01  9.84E-02  1.33E+00
 
   77
+        1.14E-01  4.38E-02  5.05E-01  1.55E-01  5.54E+01  1.25E-01  1.33E-01  8.90E-02  4.40E-02  5.51E-01
 
1

 LINE NO.KA        V2        CL        V3        Q         IPRED     DV        PRED      RES       WRES     
 
   78
+        1.14E-01  4.38E-02  5.05E-01  1.55E-01  5.54E+01  8.06E-02  1.26E-01  5.00E-02  7.59E-02  1.62E+00
 
   79
+        1.14E-01  4.38E-02  5.05E-01  1.55E-01  5.54E+01  4.10E-02  7.18E-02  2.05E-02  5.13E-02  1.22E+00
 
   80
+        1.14E-01  4.38E-02  5.05E-01  1.55E-01  5.54E+01  2.09E-02  5.21E-02  8.43E-03  4.37E-02  1.16E+00
 
   81
+        1.63E-01  4.26E-02  6.01E-01  1.55E-01  5.54E+01  0.00E+00  0.00E+00  0.00E+00  0.00E+00  0.00E+00
 
   82
+        1.63E-01  4.26E-02  6.01E-01  1.55E-01  5.54E+01  1.47E-01  1.20E-01  1.30E-01 -9.83E-03 -5.90E-01
 
   83
+        1.63E-01  4.26E-02  6.01E-01  1.55E-01  5.54E+01  2.85E-01  3.69E-01  2.39E-01  1.30E-01  9.81E-01
 
   84
+        1.63E-01  4.26E-02  6.01E-01  1.55E-01  5.54E+01  2.87E-01  3.89E-01  2.38E-01  1.51E-01  1.23E+00
 
   85
+        1.63E-01  4.26E-02  6.01E-01  1.55E-01  5.54E+01  2.48E-01  1.93E-01  2.07E-01 -1.38E-02 -6.99E-01
 
   86
+        1.63E-01  4.26E-02  6.01E-01  1.55E-01  5.54E+01  1.77E-01  1.91E-01  1.52E-01  3.95E-02  2.78E-01
 
   87
+        1.63E-01  4.26E-02  6.01E-01  1.55E-01  5.54E+01  9.40E-02  8.72E-02  8.47E-02  2.54E-03 -1.16E-01
 
   88
+        1.63E-01  4.26E-02  6.01E-01  1.55E-01  5.54E+01  4.85E-02  5.00E-02  4.61E-02  3.91E-03  9.49E-02
 
   89
+        1.63E-01  4.26E-02  6.01E-01  1.55E-01  5.54E+01  1.85E-02  5.00E-02  1.90E-02  3.10E-02  9.95E-01
 
   90
+        1.63E-01  4.26E-02  6.01E-01  1.55E-01  5.54E+01  6.82E-03  5.00E-02  7.60E-03  4.24E-02  1.36E+00
 
   91
+        1.04E-01  4.14E-02  7.39E-01  1.55E-01  5.54E+01  0.00E+00  0.00E+00  0.00E+00  0.00E+00  0.00E+00
 
   92
+        1.04E-01  4.14E-02  7.39E-01  1.55E-01  5.54E+01  3.94E-02  5.00E-02  5.82E-02 -8.23E-03  1.09E-01
 
   93
+        1.04E-01  4.14E-02  7.39E-01  1.55E-01  5.54E+01  1.20E-01  1.21E-01  1.83E-01 -6.24E-02 -3.69E-01
 
   94
+        1.04E-01  4.14E-02  7.39E-01  1.55E-01  5.54E+01  1.57E-01  2.08E-01  2.43E-01 -3.50E-02  1.67E-01
 
   95
+        1.04E-01  4.14E-02  7.39E-01  1.55E-01  5.54E+01  1.43E-01  1.17E-01  2.14E-01 -9.73E-02 -7.27E-01
 
   96
+        1.04E-01  4.14E-02  7.39E-01  1.55E-01  5.54E+01  1.17E-01  9.80E-02  1.60E-01 -6.18E-02 -6.08E-01
 
   97
+        1.04E-01  4.14E-02  7.39E-01  1.55E-01  5.54E+01  7.74E-02  5.00E-02  8.78E-02 -3.78E-02 -7.70E-01
 
   98
+        1.04E-01  4.14E-02  7.39E-01  1.55E-01  5.54E+01  5.08E-02  5.00E-02  4.77E-02  2.28E-03 -1.39E-02
 
   99
+        1.04E-01  4.14E-02  7.39E-01  1.55E-01  5.54E+01  2.72E-02  5.00E-02  1.93E-02  3.07E-02  7.87E-01
 
  100
+        1.04E-01  4.14E-02  7.39E-01  1.55E-01  5.54E+01  1.48E-02  5.00E-02  8.03E-03  4.20E-02  1.19E+00
 
  101
+        1.79E-01  4.19E-02  6.99E-01  1.55E-01  5.54E+01  0.00E+00  0.00E+00  0.00E+00  0.00E+00  0.00E+00
 
  102
+        1.79E-01  4.19E-02  6.99E-01  1.55E-01  5.54E+01  7.11E-02  6.85E-02  5.99E-02  8.59E-03 -1.40E-02
 
  103
+        1.79E-01  4.19E-02  6.99E-01  1.55E-01  5.54E+01  2.44E-01  2.95E-01  2.11E-01  8.31E-02  7.22E-01
 
1

 LINE NO.KA        V2        CL        V3        Q         IPRED     DV        PRED      RES       WRES     
 
  104
+        1.79E-01  4.19E-02  6.99E-01  1.55E-01  5.54E+01  2.74E-01  3.90E-01  2.44E-01  1.46E-01  1.35E+00
 
  105
+        1.79E-01  4.19E-02  6.99E-01  1.55E-01  5.54E+01  2.41E-01  1.88E-01  2.21E-01 -3.33E-02 -6.98E-01
 
  106
+        1.79E-01  4.19E-02  6.99E-01  1.55E-01  5.54E+01  1.73E-01  1.32E-01  1.68E-01 -3.63E-02 -7.54E-01
 
  107
+        1.79E-01  4.19E-02  6.99E-01  1.55E-01  5.54E+01  8.38E-02  5.00E-02  9.16E-02 -4.16E-02 -9.10E-01
 
  108
+        1.79E-01  4.19E-02  6.99E-01  1.55E-01  5.54E+01  4.03E-02  5.00E-02  4.97E-02  3.16E-04  1.75E-01
 
  109
+        1.79E-01  4.19E-02  6.99E-01  1.55E-01  5.54E+01  1.38E-02  5.00E-02  2.03E-02  2.97E-02  1.05E+00
 
  110
+        1.79E-01  4.19E-02  6.99E-01  1.55E-01  5.54E+01  4.87E-03  5.00E-02  8.50E-03  4.15E-02  1.38E+00
 
  111
+        2.50E-01  4.25E-02  6.46E-01  1.55E-01  5.54E+01  0.00E+00  0.00E+00  0.00E+00  0.00E+00  0.00E+00
 
  112
+        2.50E-01  4.25E-02  6.46E-01  1.55E-01  5.54E+01  1.62E-01  1.80E-01  9.61E-02  8.43E-02  7.35E-01
 
  113
+        2.50E-01  4.25E-02  6.46E-01  1.55E-01  5.54E+01  3.85E-01  4.55E-01  2.31E-01  2.24E-01  1.35E+00
 
  114
+        2.50E-01  4.25E-02  6.46E-01  1.55E-01  5.54E+01  3.92E-01  5.31E-01  2.43E-01  2.88E-01  2.01E+00
 
  115
+        2.50E-01  4.25E-02  6.46E-01  1.55E-01  5.54E+01  3.13E-01  3.12E-01  2.14E-01  9.76E-02  9.37E-02
 
  116
+        2.50E-01  4.25E-02  6.46E-01  1.55E-01  5.54E+01  1.88E-01  1.41E-01  1.58E-01 -1.69E-02 -1.08E+00
 
  117
+        2.50E-01  4.25E-02  6.46E-01  1.55E-01  5.54E+01  6.67E-02  5.00E-02  8.48E-02 -3.48E-02 -8.40E-01
 
  118
+        2.50E-01  4.25E-02  6.46E-01  1.55E-01  5.54E+01  2.46E-02  5.00E-02  4.66E-02  3.38E-03  4.96E-01
 
  119
+        2.50E-01  4.25E-02  6.46E-01  1.55E-01  5.54E+01  5.34E-03  5.00E-02  1.87E-02  3.13E-02  1.39E+00
 
  120
+        2.50E-01  4.25E-02  6.46E-01  1.55E-01  5.54E+01  1.20E-03  5.00E-02  7.66E-03  4.23E-02  1.60E+00
 
  121
+        9.63E-02  4.23E-02  6.42E-01  1.55E-01  5.54E+01  0.00E+00  0.00E+00  0.00E+00  0.00E+00  0.00E+00
 
  122
+        9.63E-02  4.23E-02  6.42E-01  1.55E-01  5.54E+01  5.36E-02  5.00E-02  8.20E-02 -3.20E-02 -2.75E-01
 
  123
+        9.63E-02  4.23E-02  6.42E-01  1.55E-01  5.54E+01  1.23E-01  1.52E-01  1.85E-01 -3.30E-02  8.26E-02
 
  124
+        9.63E-02  4.23E-02  6.42E-01  1.55E-01  5.54E+01  1.68E-01  1.65E-01  2.43E-01 -7.82E-02 -3.91E-01
 
  125
+        9.63E-02  4.23E-02  6.42E-01  1.55E-01  5.54E+01  1.64E-01  1.79E-01  2.24E-01 -4.53E-02 -1.20E-01
 
  126
+        9.63E-02  4.23E-02  6.42E-01  1.55E-01  5.54E+01  1.34E-01  1.10E-01  1.63E-01 -5.36E-02 -6.11E-01
 
  127
+        9.63E-02  4.23E-02  6.42E-01  1.55E-01  5.54E+01  9.21E-02  1.08E-01  9.12E-02  1.72E-02  3.09E-01
 
  128
+        9.63E-02  4.23E-02  6.42E-01  1.55E-01  5.54E+01  6.15E-02  9.22E-02  4.87E-02  4.35E-02  9.18E-01
 
  129
+        9.63E-02  4.23E-02  6.42E-01  1.55E-01  5.54E+01  3.52E-02  5.00E-02  2.04E-02  2.96E-02  6.12E-01
 
1

 LINE NO.KA        V2        CL        V3        Q         IPRED     DV        PRED      RES       WRES     
 
  130
+        9.63E-02  4.23E-02  6.42E-01  1.55E-01  5.54E+01  2.00E-02  5.54E-02  8.50E-03  4.69E-02  1.26E+00
 
  131
+        1.14E-01  4.19E-02  6.72E-01  1.55E-01  5.54E+01  0.00E+00  0.00E+00  0.00E+00  0.00E+00  0.00E+00
 
  132
+        1.14E-01  4.19E-02  6.72E-01  1.55E-01  5.54E+01  5.15E-02  5.00E-02  6.79E-02 -1.79E-02 -2.09E-01
 
  133
+        1.14E-01  4.19E-02  6.72E-01  1.55E-01  5.54E+01  1.48E-01  1.60E-01  1.94E-01 -3.32E-02 -1.48E-01
 
  134
+        1.14E-01  4.19E-02  6.72E-01  1.55E-01  5.54E+01  1.89E-01  2.15E-01  2.44E-01 -2.85E-02 -3.56E-02
 
  135
+        1.14E-01  4.19E-02  6.72E-01  1.55E-01  5.54E+01  1.76E-01  1.73E-01  2.20E-01 -4.62E-02 -3.32E-01
 
  136
+        1.14E-01  4.19E-02  6.72E-01  1.55E-01  5.54E+01  1.39E-01  1.61E-01  1.61E-01  6.29E-04  1.69E-01
 
  137
+        1.14E-01  4.19E-02  6.72E-01  1.55E-01  5.54E+01  8.89E-02  8.04E-02  8.93E-02 -8.82E-03 -2.44E-01
 
  138
+        1.14E-01  4.19E-02  6.72E-01  1.55E-01  5.54E+01  5.54E-02  5.00E-02  4.80E-02  2.04E-03 -9.06E-02
 
  139
+        1.14E-01  4.19E-02  6.72E-01  1.55E-01  5.54E+01  2.80E-02  5.00E-02  1.95E-02  3.05E-02  7.76E-01
 
  140
+        1.14E-01  4.19E-02  6.72E-01  1.55E-01  5.54E+01  1.45E-02  5.00E-02  8.22E-03  4.18E-02  1.19E+00
 
  141
+        2.88E-01  4.29E-02  6.24E-01  1.55E-01  5.54E+01  0.00E+00  0.00E+00  0.00E+00  0.00E+00  0.00E+00
 
  142
+        2.88E-01  4.29E-02  6.24E-01  1.55E-01  5.54E+01  1.45E-01  2.15E-01  7.35E-02  1.42E-01  2.54E+00
 
  143
+        2.88E-01  4.29E-02  6.24E-01  1.55E-01  5.54E+01  4.29E-01  2.18E-01  2.18E-01  4.97E-05 -1.34E+00
 
  144
+        2.88E-01  4.29E-02  6.24E-01  1.55E-01  5.54E+01  4.62E-01  5.62E-01  2.44E-01  3.18E-01  2.33E+00
 
  145
+        2.88E-01  4.29E-02  6.24E-01  1.55E-01  5.54E+01  3.50E-01  4.93E-01  2.13E-01  2.80E-01  2.46E+00
 
  146
+        2.88E-01  4.29E-02  6.24E-01  1.55E-01  5.54E+01  1.93E-01  1.06E-01  1.56E-01 -5.01E-02 -1.69E+00
 
  147
+        2.88E-01  4.29E-02  6.24E-01  1.55E-01  5.54E+01  6.21E-02  5.00E-02  8.68E-02 -3.68E-02 -9.61E-01
 
  148
+        2.88E-01  4.29E-02  6.24E-01  1.55E-01  5.54E+01  2.00E-02  5.00E-02  4.82E-02  1.82E-03  3.98E-01
 
  149
+        2.88E-01  4.29E-02  6.24E-01  1.55E-01  5.54E+01  3.44E-03  5.00E-02  1.93E-02  3.07E-02  1.36E+00
 
  150
+        2.88E-01  4.29E-02  6.24E-01  1.55E-01  5.54E+01  6.28E-04  5.00E-02  7.98E-03  4.20E-02  1.59E+00
 
  151
+        1.09E-01  4.14E-02  7.75E-01  1.55E-01  5.54E+01  0.00E+00  0.00E+00  0.00E+00  0.00E+00  0.00E+00
 
  152
+        1.09E-01  4.14E-02  7.75E-01  1.55E-01  5.54E+01  2.67E-02  5.00E-02  3.74E-02  1.26E-02  5.68E-01
 
  153
+        1.09E-01  4.14E-02  7.75E-01  1.55E-01  5.54E+01  1.27E-01  1.63E-01  1.88E-01 -2.52E-02  1.68E-01
 
  154
+        1.09E-01  4.14E-02  7.75E-01  1.55E-01  5.54E+01  1.58E-01  1.44E-01  2.44E-01 -9.98E-02 -5.60E-01
 
  155
+        1.09E-01  4.14E-02  7.75E-01  1.55E-01  5.54E+01  1.44E-01  1.69E-01  2.17E-01 -4.81E-02 -3.97E-02
 
1

 LINE NO.KA        V2        CL        V3        Q         IPRED     DV        PRED      RES       WRES     
 
  156
+        1.09E-01  4.14E-02  7.75E-01  1.55E-01  5.54E+01  1.15E-01  5.00E-02  1.60E-01 -1.10E-01 -1.36E+00
 
  157
+        1.09E-01  4.14E-02  7.75E-01  1.55E-01  5.54E+01  7.47E-02  5.00E-02  8.84E-02 -3.84E-02 -7.05E-01
 
  158
+        1.09E-01  4.14E-02  7.75E-01  1.55E-01  5.54E+01  4.91E-02  5.00E-02  4.98E-02  2.12E-04  9.86E-03
 
  159
+        1.09E-01  4.14E-02  7.75E-01  1.55E-01  5.54E+01  2.58E-02  5.00E-02  2.06E-02  2.94E-02  7.92E-01
 
  160
+        1.09E-01  4.14E-02  7.75E-01  1.55E-01  5.54E+01  1.34E-02  5.00E-02  8.40E-03  4.16E-02  1.20E+00
 
  161
+        1.53E-01  4.17E-02  7.26E-01  1.55E-01  5.54E+01  0.00E+00  0.00E+00  0.00E+00  0.00E+00  0.00E+00
 
  162
+        1.53E-01  4.17E-02  7.26E-01  1.55E-01  5.54E+01  6.14E-02  8.51E-02  6.11E-02  2.40E-02  6.03E-01
 
  163
+        1.53E-01  4.17E-02  7.26E-01  1.55E-01  5.54E+01  1.97E-01  2.24E-01  2.03E-01  2.16E-02  3.03E-01
 
  164
+        1.53E-01  4.17E-02  7.26E-01  1.55E-01  5.54E+01  2.30E-01  2.38E-01  2.44E-01 -5.54E-03 -6.25E-03
 
  165
+        1.53E-01  4.17E-02  7.26E-01  1.55E-01  5.54E+01  2.09E-01  2.78E-01  2.25E-01  5.28E-02  7.45E-01
 
  166
+        1.53E-01  4.17E-02  7.26E-01  1.55E-01  5.54E+01  1.55E-01  5.02E-02  1.69E-01 -1.18E-01 -1.77E+00
 
  167
+        1.53E-01  4.17E-02  7.26E-01  1.55E-01  5.54E+01  8.46E-02  5.00E-02  9.29E-02 -4.29E-02 -8.41E-01
 
  168
+        1.53E-01  4.17E-02  7.26E-01  1.55E-01  5.54E+01  4.62E-02  5.00E-02  5.14E-02 -1.39E-03  9.00E-02
 
  169
+        1.53E-01  4.17E-02  7.26E-01  1.55E-01  5.54E+01  1.84E-02  5.00E-02  2.09E-02  2.91E-02  9.50E-01
 
  170
+        1.53E-01  4.17E-02  7.26E-01  1.55E-01  5.54E+01  7.48E-03  5.00E-02  8.64E-03  4.14E-02  1.31E+00
 
  171
+        1.16E-01  4.19E-02  6.93E-01  1.55E-01  5.54E+01  0.00E+00  0.00E+00  0.00E+00  0.00E+00  0.00E+00
 
  172
+        1.16E-01  4.19E-02  6.93E-01  1.55E-01  5.54E+01  6.16E-02  5.00E-02  8.02E-02 -3.02E-02 -3.97E-01
 
  173
+        1.16E-01  4.19E-02  6.93E-01  1.55E-01  5.54E+01  1.66E-01  2.29E-01  2.18E-01  1.15E-02  5.63E-01
 
  174
+        1.16E-01  4.19E-02  6.93E-01  1.55E-01  5.54E+01  1.87E-01  1.94E-01  2.44E-01 -4.96E-02 -1.56E-01
 
  175
+        1.16E-01  4.19E-02  6.93E-01  1.55E-01  5.54E+01  1.74E-01  8.71E-02  2.22E-01 -1.35E-01 -1.31E+00
 
  176
+        1.16E-01  4.19E-02  6.93E-01  1.55E-01  5.54E+01  1.37E-01  1.72E-01  1.62E-01  1.02E-02  4.43E-01
 
  177
+        1.16E-01  4.19E-02  6.93E-01  1.55E-01  5.54E+01  8.74E-02  7.84E-02  9.09E-02 -1.25E-02 -2.57E-01
 
  178
+        1.16E-01  4.19E-02  6.93E-01  1.55E-01  5.54E+01  5.60E-02  5.00E-02  5.11E-02 -1.11E-03 -1.46E-01
 
  179
+        1.16E-01  4.19E-02  6.93E-01  1.55E-01  5.54E+01  2.75E-02  5.00E-02  2.03E-02  2.97E-02  7.46E-01
 
  180
+        1.16E-01  4.19E-02  6.93E-01  1.55E-01  5.54E+01  1.36E-02  5.00E-02  8.22E-03  4.18E-02  1.18E+00
 
  181
+        1.05E-01  4.26E-02  6.10E-01  1.55E-01  5.54E+01  0.00E+00  0.00E+00  0.00E+00  0.00E+00  0.00E+00
 
1

 LINE NO.KA        V2        CL        V3        Q         IPRED     DV        PRED      RES       WRES     
 
  182
+        1.05E-01  4.26E-02  6.10E-01  1.55E-01  5.54E+01  4.67E-02  5.00E-02  6.48E-02 -1.48E-02 -2.30E-02
 
  183
+        1.05E-01  4.26E-02  6.10E-01  1.55E-01  5.54E+01  1.64E-01  2.03E-01  2.15E-01 -1.22E-02  2.59E-01
 
  184
+        1.05E-01  4.26E-02  6.10E-01  1.55E-01  5.54E+01  1.94E-01  1.27E-01  2.44E-01 -1.17E-01 -9.85E-01
 
  185
+        1.05E-01  4.26E-02  6.10E-01  1.55E-01  5.54E+01  1.85E-01  1.96E-01  2.20E-01 -2.37E-02 -1.98E-02
 
  186
+        1.05E-01  4.26E-02  6.10E-01  1.55E-01  5.54E+01  1.49E-01  1.72E-01  1.62E-01  1.01E-02  2.83E-01
 
  187
+        1.05E-01  4.26E-02  6.10E-01  1.55E-01  5.54E+01  9.90E-02  1.45E-01  8.99E-02  5.56E-02  1.11E+00
 
  188
+        1.05E-01  4.26E-02  6.10E-01  1.55E-01  5.54E+01  6.50E-02  6.77E-02  4.94E-02  1.83E-02  1.83E-01
 
  189
+        1.05E-01  4.26E-02  6.10E-01  1.55E-01  5.54E+01  3.47E-02  5.00E-02  2.02E-02  2.98E-02  6.21E-01
 
  190
+        1.05E-01  4.26E-02  6.10E-01  1.55E-01  5.54E+01  1.83E-02  5.00E-02  8.13E-03  4.19E-02  1.12E+00
 
  191
+        1.68E-01  4.19E-02  7.40E-01  1.55E-01  5.54E+01  0.00E+00  0.00E+00  0.00E+00  0.00E+00  0.00E+00
 
  192
+        1.68E-01  4.19E-02  7.40E-01  1.55E-01  5.54E+01  1.44E-01  1.92E-01  1.34E-01  5.83E-02  8.67E-01
 
  193
+        1.68E-01  4.19E-02  7.40E-01  1.55E-01  5.54E+01  2.28E-01  2.78E-01  2.18E-01  5.98E-02  5.82E-01
 
  194
+        1.68E-01  4.19E-02  7.40E-01  1.55E-01  5.54E+01  2.45E-01  2.43E-01  2.44E-01 -5.27E-04 -1.39E-01
 
  195
+        1.68E-01  4.19E-02  7.40E-01  1.55E-01  5.54E+01  2.20E-01  2.38E-01  2.25E-01  1.33E-02  6.49E-02
 
  196
+        1.68E-01  4.19E-02  7.40E-01  1.55E-01  5.54E+01  1.51E-01  1.16E-01  1.61E-01 -4.52E-02 -7.65E-01
 
  197
+        1.68E-01  4.19E-02  7.40E-01  1.55E-01  5.54E+01  7.94E-02  5.00E-02  9.05E-02 -4.05E-02 -8.36E-01
 
  198
+        1.68E-01  4.19E-02  7.40E-01  1.55E-01  5.54E+01  4.16E-02  5.00E-02  5.09E-02 -8.67E-04  1.33E-01
 
  199
+        1.68E-01  4.19E-02  7.40E-01  1.55E-01  5.54E+01  1.53E-02  5.00E-02  2.09E-02  2.91E-02  1.00E+00
 
  200
+        1.68E-01  4.19E-02  7.40E-01  1.55E-01  5.54E+01  5.81E-03  5.00E-02  8.80E-03  4.12E-02  1.35E+00
 
  201
+        2.61E-01  4.22E-02  6.72E-01  1.55E-01  5.54E+01  0.00E+00  0.00E+00  0.00E+00  0.00E+00  0.00E+00
 
  202
+        2.61E-01  4.22E-02  6.72E-01  1.55E-01  5.54E+01  1.68E-01  1.17E-01  9.72E-02  2.01E-02 -6.74E-01
 
  203
+        2.61E-01  4.22E-02  6.72E-01  1.55E-01  5.54E+01  3.62E-01  5.36E-01  2.15E-01  3.21E-01  2.81E+00
 
  204
+        2.61E-01  4.22E-02  6.72E-01  1.55E-01  5.54E+01  3.96E-01  4.97E-01  2.43E-01  2.54E-01  1.66E+00
 
  205
+        2.61E-01  4.22E-02  6.72E-01  1.55E-01  5.54E+01  3.34E-01  3.21E-01  2.26E-01  9.53E-02  2.96E-02
 
  206
+        2.61E-01  4.22E-02  6.72E-01  1.55E-01  5.54E+01  2.05E-01  1.30E-01  1.71E-01 -4.08E-02 -1.46E+00
 
  207
+        2.61E-01  4.22E-02  6.72E-01  1.55E-01  5.54E+01  7.44E-02  5.00E-02  9.53E-02 -4.53E-02 -1.08E+00
 
1

 LINE NO.KA        V2        CL        V3        Q         IPRED     DV        PRED      RES       WRES     
 
  208
+        2.61E-01  4.22E-02  6.72E-01  1.55E-01  5.54E+01  2.61E-02  5.00E-02  5.22E-02 -2.19E-03  3.59E-01
 
  209
+        2.61E-01  4.22E-02  6.72E-01  1.55E-01  5.54E+01  5.40E-03  5.00E-02  2.11E-02  2.89E-02  1.36E+00
 
  210
+        2.61E-01  4.22E-02  6.72E-01  1.55E-01  5.54E+01  1.15E-03  5.00E-02  8.69E-03  4.13E-02  1.60E+00
 
  211
+        1.99E-01  4.25E-02  6.30E-01  1.55E-01  5.54E+01  0.00E+00  0.00E+00  0.00E+00  0.00E+00  0.00E+00
 
  212
+        1.99E-01  4.25E-02  6.30E-01  1.55E-01  5.54E+01  1.51E-01  1.70E-01  1.12E-01  5.83E-02  4.42E-01
 
  213
+        1.99E-01  4.25E-02  6.30E-01  1.55E-01  5.54E+01  3.25E-01  3.64E-01  2.36E-01  1.28E-01  6.31E-01
 
  214
+        1.99E-01  4.25E-02  6.30E-01  1.55E-01  5.54E+01  3.26E-01  4.15E-01  2.40E-01  1.75E-01  1.18E+00
 
  215
+        1.99E-01  4.25E-02  6.30E-01  1.55E-01  5.54E+01  2.69E-01  3.14E-01  2.07E-01  1.07E-01  6.55E-01
 
  216
+        1.99E-01  4.25E-02  6.30E-01  1.55E-01  5.54E+01  1.77E-01  1.40E-01  1.51E-01 -1.15E-02 -7.42E-01
 
  217
+        1.99E-01  4.25E-02  6.30E-01  1.55E-01  5.54E+01  8.16E-02  6.54E-02  8.44E-02 -1.90E-02 -5.39E-01
 
  218
+        1.99E-01  4.25E-02  6.30E-01  1.55E-01  5.54E+01  3.76E-02  5.00E-02  4.71E-02  2.89E-03  2.64E-01
 
  219
+        1.99E-01  4.25E-02  6.30E-01  1.55E-01  5.54E+01  1.13E-02  5.00E-02  1.91E-02  3.09E-02  1.18E+00
 
  220
+        1.99E-01  4.25E-02  6.30E-01  1.55E-01  5.54E+01  3.55E-03  5.00E-02  7.95E-03  4.21E-02  1.47E+00
 
  221
+        1.90E-01  4.26E-02  5.96E-01  1.55E-01  5.54E+01  0.00E+00  0.00E+00  0.00E+00  0.00E+00  0.00E+00
 
  222
+        1.90E-01  4.26E-02  5.96E-01  1.55E-01  5.54E+01  1.68E-01  1.51E-01  1.28E-01  2.34E-02 -3.44E-01
 
  223
+        1.90E-01  4.26E-02  5.96E-01  1.55E-01  5.54E+01  3.29E-01  4.23E-01  2.39E-01  1.84E-01  1.22E+00
 
  224
+        1.90E-01  4.26E-02  5.96E-01  1.55E-01  5.54E+01  3.21E-01  3.97E-01  2.33E-01  1.64E-01  1.04E+00
 
  225
+        1.90E-01  4.26E-02  5.96E-01  1.55E-01  5.54E+01  2.79E-01  2.79E-01  2.08E-01  7.10E-02  8.62E-02
 
  226
+        1.90E-01  4.26E-02  5.96E-01  1.55E-01  5.54E+01  1.94E-01  2.32E-01  1.56E-01  7.56E-02  6.24E-01
 
  227
+        1.90E-01  4.26E-02  5.96E-01  1.55E-01  5.54E+01  8.95E-02  5.00E-02  8.46E-02 -3.46E-02 -1.01E+00
 
  228
+        1.90E-01  4.26E-02  5.96E-01  1.55E-01  5.54E+01  4.15E-02  5.00E-02  4.62E-02  3.84E-03  2.23E-01
 
  229
+        1.90E-01  4.26E-02  5.96E-01  1.55E-01  5.54E+01  1.38E-02  5.00E-02  1.93E-02  3.07E-02  1.13E+00
 
  230
+        1.90E-01  4.26E-02  5.96E-01  1.55E-01  5.54E+01  4.41E-03  5.00E-02  7.85E-03  4.21E-02  1.45E+00
 
  231
+        1.42E-01  4.21E-02  6.29E-01  1.55E-01  5.54E+01  0.00E+00  0.00E+00  0.00E+00  0.00E+00  0.00E+00
 
  232
+        1.42E-01  4.21E-02  6.29E-01  1.55E-01  5.54E+01  9.34E-03  5.00E-02  9.79E-03  4.02E-02  1.25E+00
 
  233
+        1.42E-01  4.21E-02  6.29E-01  1.55E-01  5.54E+01  1.77E-01  1.63E-01  1.81E-01 -1.73E-02 -1.85E-01
 
1

 LINE NO.KA        V2        CL        V3        Q         IPRED     DV        PRED      RES       WRES     
 
  234
+        1.42E-01  4.21E-02  6.29E-01  1.55E-01  5.54E+01  2.37E-01  1.17E-01  2.37E-01 -1.20E-01 -1.37E+00
 
  235
+        1.42E-01  4.21E-02  6.29E-01  1.55E-01  5.54E+01  2.34E-01  3.70E-01  2.29E-01  1.41E-01  1.73E+00
 
  236
+        1.42E-01  4.21E-02  6.29E-01  1.55E-01  5.54E+01  1.75E-01  1.75E-01  1.68E-01  6.83E-03  8.66E-02
 
  237
+        1.42E-01  4.21E-02  6.29E-01  1.55E-01  5.54E+01  9.54E-02  5.00E-02  8.88E-02 -3.88E-02 -9.92E-01
 
  238
+        1.42E-01  4.21E-02  6.29E-01  1.55E-01  5.54E+01  5.45E-02  5.00E-02  4.93E-02  7.01E-04 -7.61E-02
 
  239
+        1.42E-01  4.21E-02  6.29E-01  1.55E-01  5.54E+01  2.33E-02  5.00E-02  2.02E-02  2.98E-02  8.28E-01
 
  240
+        1.42E-01  4.21E-02  6.29E-01  1.55E-01  5.54E+01  9.90E-03  5.00E-02  8.21E-03  4.18E-02  1.24E+00
 
  241
+        1.46E-01  4.17E-02  7.08E-01  1.55E-01  5.54E+01  0.00E+00  0.00E+00  0.00E+00  0.00E+00  0.00E+00
 
  242
+        1.46E-01  4.17E-02  7.08E-01  1.55E-01  5.54E+01  7.06E-02  5.39E-02  7.35E-02 -1.96E-02 -4.82E-01
 
  243
+        1.46E-01  4.17E-02  7.08E-01  1.55E-01  5.54E+01  1.97E-01  2.35E-01  2.10E-01  2.45E-02  3.43E-01
 
  244
+        1.46E-01  4.17E-02  7.08E-01  1.55E-01  5.54E+01  2.24E-01  3.15E-01  2.44E-01  7.16E-02  8.75E-01
 
  245
+        1.46E-01  4.17E-02  7.08E-01  1.55E-01  5.54E+01  2.00E-01  1.90E-01  2.18E-01 -2.77E-02 -2.83E-01
 
  246
+        1.46E-01  4.17E-02  7.08E-01  1.55E-01  5.54E+01  1.48E-01  7.32E-02  1.60E-01 -8.67E-02 -1.35E+00
 
  247
+        1.46E-01  4.17E-02  7.08E-01  1.55E-01  5.54E+01  8.35E-02  5.00E-02  8.90E-02 -3.90E-02 -8.15E-01
 
  248
+        1.46E-01  4.17E-02  7.08E-01  1.55E-01  5.54E+01  4.63E-02  5.00E-02  4.86E-02  1.38E-03  1.12E-01
 
  249
+        1.46E-01  4.17E-02  7.08E-01  1.55E-01  5.54E+01  1.95E-02  5.00E-02  2.00E-02  3.00E-02  9.40E-01
 
  250
+        1.46E-01  4.17E-02  7.08E-01  1.55E-01  5.54E+01  8.01E-03  5.00E-02  8.04E-03  4.20E-02  1.31E+00
 
  251
+        1.06E-01  4.15E-02  7.26E-01  1.55E-01  5.54E+01  0.00E+00  0.00E+00  0.00E+00  0.00E+00  0.00E+00
 
  252
+        1.06E-01  4.15E-02  7.26E-01  1.55E-01  5.54E+01  5.86E-03  5.00E-02  8.39E-03  4.16E-02  1.33E+00
 
  253
+        1.06E-01  4.15E-02  7.26E-01  1.55E-01  5.54E+01  1.53E-01  1.28E-01  2.28E-01 -9.95E-02 -6.87E-01
 
  254
+        1.06E-01  4.15E-02  7.26E-01  1.55E-01  5.54E+01  1.62E-01  1.99E-01  2.41E-01 -4.25E-02  3.93E-02
 
  255
+        1.06E-01  4.15E-02  7.26E-01  1.55E-01  5.54E+01  1.48E-01  1.88E-01  2.12E-01 -2.41E-02  1.84E-01
 
  256
+        1.06E-01  4.15E-02  7.26E-01  1.55E-01  5.54E+01  1.20E-01  6.91E-02  1.58E-01 -8.86E-02 -1.10E+00
 
  257
+        1.06E-01  4.15E-02  7.26E-01  1.55E-01  5.54E+01  7.83E-02  5.00E-02  8.63E-02 -3.63E-02 -7.57E-01
 
  258
+        1.06E-01  4.15E-02  7.26E-01  1.55E-01  5.54E+01  5.14E-02  5.00E-02  4.76E-02  2.42E-03 -7.05E-03
 
  259
+        1.06E-01  4.15E-02  7.26E-01  1.55E-01  5.54E+01  2.77E-02  5.00E-02  1.98E-02  3.02E-02  7.80E-01
 
1

 LINE NO.KA        V2        CL        V3        Q         IPRED     DV        PRED      RES       WRES     
 
  260
+        1.06E-01  4.15E-02  7.26E-01  1.55E-01  5.54E+01  1.49E-02  5.00E-02  8.25E-03  4.18E-02  1.19E+00
 
  261
+        7.44E-02  4.11E-02  7.58E-01  1.55E-01  5.54E+01  0.00E+00  0.00E+00  0.00E+00  0.00E+00  0.00E+00
 
  262
+        7.44E-02  4.11E-02  7.58E-01  1.55E-01  5.54E+01  5.99E-02  5.00E-02  1.26E-01 -7.64E-02 -5.26E-01
 
  263
+        7.44E-02  4.11E-02  7.58E-01  1.55E-01  5.54E+01  1.09E-01  8.37E-02  2.39E-01 -1.55E-01 -7.83E-01
 
  264
+        7.44E-02  4.11E-02  7.58E-01  1.55E-01  5.54E+01  1.12E-01  1.55E-01  2.42E-01 -8.71E-02  1.63E-02
 
  265
+        7.44E-02  4.11E-02  7.58E-01  1.55E-01  5.54E+01  1.05E-01  6.35E-02  2.12E-01 -1.48E-01 -1.00E+00
 
  266
+        7.44E-02  4.11E-02  7.58E-01  1.55E-01  5.54E+01  9.09E-02  8.57E-02  1.60E-01 -7.39E-02 -5.16E-01
 
  267
+        7.44E-02  4.11E-02  7.58E-01  1.55E-01  5.54E+01  6.78E-02  5.00E-02  8.84E-02 -3.84E-02 -7.44E-01
 
  268
+        7.44E-02  4.11E-02  7.58E-01  1.55E-01  5.54E+01  5.10E-02  5.25E-02  4.98E-02  2.72E-03 -1.09E-01
 
  269
+        7.44E-02  4.11E-02  7.58E-01  1.55E-01  5.54E+01  3.27E-02  5.00E-02  2.03E-02  2.97E-02  6.05E-01
 
  270
+        7.44E-02  4.11E-02  7.58E-01  1.55E-01  5.54E+01  2.11E-02  5.00E-02  8.41E-03  4.16E-02  1.07E+00
 
  271
+        1.08E-01  4.14E-02  7.54E-01  1.55E-01  5.54E+01  0.00E+00  0.00E+00  0.00E+00  0.00E+00  0.00E+00
 
  272
+        1.08E-01  4.14E-02  7.54E-01  1.55E-01  5.54E+01  1.04E-01  1.17E-01  1.52E-01 -3.46E-02 -4.52E-02
 
  273
+        1.08E-01  4.14E-02  7.54E-01  1.55E-01  5.54E+01  1.53E-01  1.94E-01  2.29E-01 -3.51E-02  1.70E-01
 
  274
+        1.08E-01  4.14E-02  7.54E-01  1.55E-01  5.54E+01  1.58E-01  1.95E-01  2.39E-01 -4.37E-02  1.04E-01
 
  275
+        1.08E-01  4.14E-02  7.54E-01  1.55E-01  5.54E+01  1.42E-01  5.03E-02  2.07E-01 -1.56E-01 -1.52E+00
 
  276
+        1.08E-01  4.14E-02  7.54E-01  1.55E-01  5.54E+01  1.16E-01  1.01E-01  1.56E-01 -5.56E-02 -4.78E-01
 
  277
+        1.08E-01  4.14E-02  7.54E-01  1.55E-01  5.54E+01  7.45E-02  5.00E-02  8.48E-02 -3.48E-02 -6.77E-01
 
  278
+        1.08E-01  4.14E-02  7.54E-01  1.55E-01  5.54E+01  4.83E-02  5.00E-02  4.65E-02  3.49E-03  5.01E-02
 
  279
+        1.08E-01  4.14E-02  7.54E-01  1.55E-01  5.54E+01  2.51E-02  5.00E-02  1.88E-02  3.12E-02  8.21E-01
 
  280
+        1.08E-01  4.14E-02  7.54E-01  1.55E-01  5.54E+01  1.35E-02  5.00E-02  7.98E-03  4.20E-02  1.20E+00
 
  281
+        1.49E-01  4.18E-02  7.15E-01  1.55E-01  5.54E+01  0.00E+00  0.00E+00  0.00E+00  0.00E+00  0.00E+00
 
  282
+        1.49E-01  4.18E-02  7.15E-01  1.55E-01  5.54E+01  2.02E-02  5.00E-02  2.04E-02  2.96E-02  9.09E-01
 
  283
+        1.49E-01  4.18E-02  7.15E-01  1.55E-01  5.54E+01  2.03E-01  2.10E-01  2.14E-01 -4.04E-03  3.38E-02
 
  284
+        1.49E-01  4.18E-02  7.15E-01  1.55E-01  5.54E+01  2.26E-01  3.37E-01  2.43E-01  9.33E-02  1.19E+00
 
  285
+        1.49E-01  4.18E-02  7.15E-01  1.55E-01  5.54E+01  2.03E-01  1.16E-01  2.19E-01 -1.04E-01 -1.20E+00
 
1

 LINE NO.KA        V2        CL        V3        Q         IPRED     DV        PRED      RES       WRES     
 
  286
+        1.49E-01  4.18E-02  7.15E-01  1.55E-01  5.54E+01  1.52E-01  1.22E-01  1.64E-01 -4.13E-02 -5.49E-01
 
  287
+        1.49E-01  4.18E-02  7.15E-01  1.55E-01  5.54E+01  8.46E-02  5.66E-02  9.12E-02 -3.46E-02 -7.07E-01
 
  288
+        1.49E-01  4.18E-02  7.15E-01  1.55E-01  5.54E+01  4.71E-02  5.00E-02  5.06E-02 -6.06E-04  3.84E-02
 
  289
+        1.49E-01  4.18E-02  7.15E-01  1.55E-01  5.54E+01  1.95E-02  5.00E-02  2.09E-02  2.91E-02  8.93E-01
 
  290
+        1.49E-01  4.18E-02  7.15E-01  1.55E-01  5.54E+01  8.23E-03  5.00E-02  8.77E-03  4.12E-02  1.27E+00
 
  291
+        8.75E-02  4.14E-02  7.45E-01  1.55E-01  5.54E+01  0.00E+00  0.00E+00  0.00E+00  0.00E+00  0.00E+00
 
  292
+        8.75E-02  4.14E-02  7.45E-01  1.55E-01  5.54E+01  7.65E-02  7.28E-02  1.36E-01 -6.36E-02 -3.54E-01
 
  293
+        8.75E-02  4.14E-02  7.45E-01  1.55E-01  5.54E+01  1.28E-01  1.81E-01  2.34E-01 -5.37E-02  2.32E-01
 
  294
+        8.75E-02  4.14E-02  7.45E-01  1.55E-01  5.54E+01  1.33E-01  8.61E-02  2.44E-01 -1.58E-01 -9.40E-01
 
  295
+        8.75E-02  4.14E-02  7.45E-01  1.55E-01  5.54E+01  1.25E-01  6.67E-02  2.16E-01 -1.50E-01 -1.11E+00
 
  296
+        8.75E-02  4.14E-02  7.45E-01  1.55E-01  5.54E+01  1.05E-01  1.38E-01  1.61E-01 -2.37E-02  2.21E-01
 
  297
+        8.75E-02  4.14E-02  7.45E-01  1.55E-01  5.54E+01  7.40E-02  5.00E-02  8.89E-02 -3.89E-02 -7.77E-01
 
  298
+        8.75E-02  4.14E-02  7.45E-01  1.55E-01  5.54E+01  5.16E-02  5.00E-02  4.80E-02  2.04E-03 -1.11E-01
 
  299
+        8.75E-02  4.14E-02  7.45E-01  1.55E-01  5.54E+01  3.05E-02  5.00E-02  1.95E-02  3.05E-02  6.76E-01
 
  300
+        8.75E-02  4.14E-02  7.45E-01  1.55E-01  5.54E+01  1.81E-02  5.00E-02  8.02E-03  4.20E-02  1.12E+00
 
  301
+        1.92E-01  4.13E-02  6.94E-01  1.55E-01  5.54E+01  0.00E+00  0.00E+00  0.00E+00  0.00E+00  0.00E+00
 
  302
+        1.92E-01  4.13E-02  6.94E-01  1.55E-01  5.54E+01  1.03E-01  7.11E-02  8.17E-02 -1.07E-02 -7.10E-01
 
  303
+        1.92E-01  4.13E-02  6.94E-01  1.55E-01  5.54E+01  7.92E-01  6.98E-01  6.45E-01  5.34E-02 -3.66E-01
 
  304
+        1.92E-01  4.13E-02  6.94E-01  1.55E-01  5.54E+01  9.64E-01  1.26E+00  8.06E-01  4.49E-01  1.11E+00
 
  305
+        1.92E-01  4.13E-02  6.94E-01  1.55E-01  5.54E+01  8.58E-01  1.18E+00  7.52E-01  4.33E-01  1.25E+00
 
  306
+        1.92E-01  4.13E-02  6.94E-01  1.55E-01  5.54E+01  5.95E-01  4.37E-01  5.66E-01 -1.29E-01 -1.03E+00
 
  307
+        1.92E-01  4.13E-02  6.94E-01  1.55E-01  5.54E+01  2.69E-01  1.37E-01  3.04E-01 -1.67E-01 -1.53E+00
 
  308
+        1.92E-01  4.13E-02  6.94E-01  1.55E-01  5.54E+01  1.23E-01  1.07E-01  1.66E-01 -5.81E-02 -3.89E-01
 
  309
+        1.92E-01  4.13E-02  6.94E-01  1.55E-01  5.54E+01  3.82E-02  6.10E-02  6.63E-02 -5.28E-03  5.63E-01
 
  310
+        1.92E-01  4.13E-02  6.94E-01  1.55E-01  5.54E+01  1.26E-02  5.00E-02  2.78E-02  2.22E-02  1.15E+00
 
  311
+        1.22E-01  4.10E-02  7.05E-01  1.55E-01  5.54E+01  0.00E+00  0.00E+00  0.00E+00  0.00E+00  0.00E+00
 
1

 LINE NO.KA        V2        CL        V3        Q         IPRED     DV        PRED      RES       WRES     
 
  312
+        1.22E-01  4.10E-02  7.05E-01  1.55E-01  5.54E+01  3.42E-01  2.42E-01  4.35E-01 -1.92E-01 -8.42E-01
 
  313
+        1.22E-01  4.10E-02  7.05E-01  1.55E-01  5.54E+01  5.97E-01  3.66E-01  7.70E-01 -4.03E-01 -1.13E+00
 
  314
+        1.22E-01  4.10E-02  7.05E-01  1.55E-01  5.54E+01  6.26E-01  8.18E-01  8.07E-01  1.08E-02  4.69E-01
 
  315
+        1.22E-01  4.10E-02  7.05E-01  1.55E-01  5.54E+01  5.61E-01  6.17E-01  7.06E-01 -8.97E-02  1.86E-02
 
  316
+        1.22E-01  4.10E-02  7.05E-01  1.55E-01  5.54E+01  4.30E-01  5.80E-01  5.10E-01  6.94E-02  7.42E-01
 
  317
+        1.22E-01  4.10E-02  7.05E-01  1.55E-01  5.54E+01  2.55E-01  9.61E-02  2.69E-01 -1.73E-01 -1.83E+00
 
  318
+        1.22E-01  4.10E-02  7.05E-01  1.55E-01  5.54E+01  1.56E-01  1.45E-01  1.46E-01 -1.36E-03 -1.58E-01
 
  319
+        1.22E-01  4.10E-02  7.05E-01  1.55E-01  5.54E+01  7.55E-02  7.73E-02  6.00E-02  1.73E-02  1.60E-01
 
  320
+        1.22E-01  4.10E-02  7.05E-01  1.55E-01  5.54E+01  3.66E-02  5.00E-02  2.46E-02  2.54E-02  5.15E-01
 
  321
+        1.52E-01  4.18E-02  6.81E-01  1.55E-01  5.54E+01  0.00E+00  0.00E+00  0.00E+00  0.00E+00  0.00E+00
 
  322
+        1.52E-01  4.18E-02  6.81E-01  1.55E-01  5.54E+01  4.79E-02  5.00E-02  4.73E-02  2.69E-03  6.48E-02
 
  323
+        1.52E-01  4.18E-02  6.81E-01  1.55E-01  5.54E+01  5.86E-01  4.11E-01  5.83E-01 -1.72E-01 -9.70E-01
 
  324
+        1.52E-01  4.18E-02  6.81E-01  1.55E-01  5.54E+01  8.05E-01  1.25E+00  8.08E-01  4.39E-01  1.53E+00
 
  325
+        1.52E-01  4.18E-02  6.81E-01  1.55E-01  5.54E+01  7.54E-01  6.77E-01  7.61E-01 -8.42E-02 -4.14E-01
 
  326
+        1.52E-01  4.18E-02  6.81E-01  1.55E-01  5.54E+01  5.56E-01  5.41E-01  5.64E-01 -2.38E-02 -1.76E-01
 
  327
+        1.52E-01  4.18E-02  6.81E-01  1.55E-01  5.54E+01  2.98E-01  2.24E-01  3.05E-01 -8.13E-02 -7.88E-01
 
  328
+        1.52E-01  4.18E-02  6.81E-01  1.55E-01  5.54E+01  1.66E-01  1.59E-01  1.72E-01 -1.27E-02 -1.46E-01
 
  329
+        1.52E-01  4.18E-02  6.81E-01  1.55E-01  5.54E+01  6.66E-02  8.58E-02  7.00E-02  1.58E-02  4.20E-01
 
  330
+        1.52E-01  4.18E-02  6.81E-01  1.55E-01  5.54E+01  2.75E-02  5.90E-02  2.94E-02  2.96E-02  8.71E-01
 
  331
+        1.85E-01  4.08E-02  7.82E-01  1.55E-01  5.54E+01  0.00E+00  0.00E+00  0.00E+00  0.00E+00  0.00E+00
 
  332
+        1.85E-01  4.08E-02  7.82E-01  1.55E-01  5.54E+01  1.98E-01  1.86E-01  1.67E-01  1.84E-02 -7.75E-02
 
  333
+        1.85E-01  4.08E-02  7.82E-01  1.55E-01  5.54E+01  7.83E-01  7.84E-01  7.30E-01  5.44E-02 -7.93E-03
 
  334
+        1.85E-01  4.08E-02  7.82E-01  1.55E-01  5.54E+01  8.14E-01  9.23E-01  8.11E-01  1.12E-01  2.47E-01
 
  335
+        1.85E-01  4.08E-02  7.82E-01  1.55E-01  5.54E+01  6.85E-01  8.98E-01  7.17E-01  1.81E-01  6.59E-01
 
  336
+        1.85E-01  4.08E-02  7.82E-01  1.55E-01  5.54E+01  4.80E-01  4.17E-01  5.38E-01 -1.21E-01 -6.91E-01
 
  337
+        1.85E-01  4.08E-02  7.82E-01  1.55E-01  5.54E+01  2.34E-01  1.67E-01  3.01E-01 -1.34E-01 -1.05E+00
 
1

 LINE NO.KA        V2        CL        V3        Q         IPRED     DV        PRED      RES       WRES     
 
  338
+        1.85E-01  4.08E-02  7.82E-01  1.55E-01  5.54E+01  1.12E-01  6.94E-02  1.65E-01 -9.60E-02 -9.79E-01
 
  339
+        1.85E-01  4.08E-02  7.82E-01  1.55E-01  5.54E+01  3.89E-02  5.59E-02  7.05E-02 -1.46E-02  2.62E-01
 
  340
+        1.85E-01  4.08E-02  7.82E-01  1.55E-01  5.54E+01  1.34E-02  5.00E-02  2.98E-02  2.02E-02  1.01E+00
 
  341
+        1.51E-01  4.33E-02  5.85E-01  1.55E-01  5.54E+01  0.00E+00  0.00E+00  0.00E+00  0.00E+00  0.00E+00
 
  342
+        1.51E-01  4.33E-02  5.85E-01  1.55E-01  5.54E+01  4.71E-01  4.19E-01  4.40E-01 -2.07E-02 -6.72E-01
 
  343
+        1.51E-01  4.33E-02  5.85E-01  1.55E-01  5.54E+01  8.85E-01  1.47E+00  7.79E-01  6.92E-01  2.09E+00
 
  344
+        1.51E-01  4.33E-02  5.85E-01  1.55E-01  5.54E+01  9.41E-01  8.21E-01  8.12E-01  8.35E-03 -5.41E-01
 
  345
+        1.51E-01  4.33E-02  5.85E-01  1.55E-01  5.54E+01  8.74E-01  1.08E+00  7.35E-01  3.48E-01  8.86E-01
 
  346
+        1.51E-01  4.33E-02  5.85E-01  1.55E-01  5.54E+01  6.61E-01  5.11E-01  5.55E-01 -4.37E-02 -6.95E-01
 
  347
+        1.51E-01  4.33E-02  5.85E-01  1.55E-01  5.54E+01  3.65E-01  2.88E-01  3.08E-01 -1.99E-02 -4.06E-01
 
  348
+        1.51E-01  4.33E-02  5.85E-01  1.55E-01  5.54E+01  2.06E-01  1.40E-01  1.74E-01 -3.38E-02 -5.36E-01
 
  349
+        1.51E-01  4.33E-02  5.85E-01  1.55E-01  5.54E+01  8.31E-02  1.21E-01  7.07E-02  5.06E-02  1.33E+00
 
  350
+        1.51E-01  4.33E-02  5.85E-01  1.55E-01  5.54E+01  3.43E-02  1.03E-01  2.94E-02  7.34E-02  2.22E+00
 
  351
+        2.70E-01  4.20E-02  6.89E-01  1.55E-01  5.54E+01  0.00E+00  0.00E+00  0.00E+00  0.00E+00  0.00E+00
 
  352
+        2.70E-01  4.20E-02  6.89E-01  1.55E-01  5.54E+01  8.84E-01  1.01E+00  5.03E-01  5.11E-01  1.37E+00
 
  353
+        2.70E-01  4.20E-02  6.89E-01  1.55E-01  5.54E+01  1.33E+00  1.55E+00  7.99E-01  7.50E-01  1.34E+00
 
  354
+        2.70E-01  4.20E-02  6.89E-01  1.55E-01  5.54E+01  1.26E+00  1.40E+00  8.02E-01  6.00E-01  8.51E-01
 
  355
+        2.70E-01  4.20E-02  6.89E-01  1.55E-01  5.54E+01  9.80E-01  1.23E+00  7.05E-01  5.26E-01  1.02E+00
 
  356
+        2.70E-01  4.20E-02  6.89E-01  1.55E-01  5.54E+01  5.43E-01  3.76E-01  5.08E-01 -1.32E-01 -1.61E+00
 
  357
+        2.70E-01  4.20E-02  6.89E-01  1.55E-01  5.54E+01  1.85E-01  1.41E-01  2.79E-01 -1.38E-01 -1.24E+00
 
  358
+        2.70E-01  4.20E-02  6.89E-01  1.55E-01  5.54E+01  6.35E-02  7.84E-02  1.54E-01 -7.59E-02 -1.20E-01
 
  359
+        2.70E-01  4.20E-02  6.89E-01  1.55E-01  5.54E+01  1.26E-02  5.00E-02  6.28E-02 -1.28E-02  1.23E+00
 
  360
+        2.70E-01  4.20E-02  6.89E-01  1.55E-01  5.54E+01  2.54E-03  5.00E-02  2.58E-02  2.42E-02  1.85E+00
 
  361
+        8.05E-02  4.52E-02  3.84E-01  1.55E-01  5.54E+01  0.00E+00  0.00E+00  0.00E+00  0.00E+00  0.00E+00
 
  362
+        8.05E-02  4.52E-02  3.84E-01  1.55E-01  5.54E+01  2.87E-01  3.40E-01  4.38E-01 -9.77E-02  2.34E-01
 
  363
+        8.05E-02  4.52E-02  3.84E-01  1.55E-01  5.54E+01  6.29E-01  3.98E-01  7.69E-01 -3.71E-01 -1.09E+00
 
1

 LINE NO.KA        V2        CL        V3        Q         IPRED     DV        PRED      RES       WRES     
 
  364
+        8.05E-02  4.52E-02  3.84E-01  1.55E-01  5.54E+01  7.55E-01  7.70E-01  8.13E-01 -4.36E-02  2.67E-02
 
  365
+        8.05E-02  4.52E-02  3.84E-01  1.55E-01  5.54E+01  8.24E-01  1.05E+00  7.38E-01  3.10E-01  1.24E+00
 
  366
+        8.05E-02  4.52E-02  3.84E-01  1.55E-01  5.54E+01  7.20E-01  8.19E-01  5.43E-01  2.76E-01  1.14E+00
 
  367
+        8.05E-02  4.52E-02  3.84E-01  1.55E-01  5.54E+01  5.21E-01  3.65E-01  2.97E-01  6.72E-02 -8.38E-01
 
  368
+        8.05E-02  4.52E-02  3.84E-01  1.55E-01  5.54E+01  3.77E-01  5.74E-01  1.63E-01  4.11E-01  4.03E+00
 
  369
+        8.05E-02  4.52E-02  3.84E-01  1.55E-01  5.54E+01  2.33E-01  3.60E-01  6.67E-02  2.94E-01  4.29E+00
 
  370
+        8.05E-02  4.52E-02  3.84E-01  1.55E-01  5.54E+01  1.44E-01  1.54E-01  2.71E-02  1.27E-01  1.71E+00
 
  371
+        1.25E-01  4.19E-02  7.73E-01  1.55E-01  5.54E+01  0.00E+00  0.00E+00  0.00E+00  0.00E+00  0.00E+00
 
  372
+        1.25E-01  4.19E-02  7.73E-01  1.55E-01  5.54E+01  2.37E-01  3.43E-01  2.92E-01  5.17E-02  1.19E+00
 
  373
+        1.25E-01  4.19E-02  7.73E-01  1.55E-01  5.54E+01  5.08E-01  5.03E-01  6.56E-01 -1.53E-01  5.16E-02
 
  374
+        1.25E-01  4.19E-02  7.73E-01  1.55E-01  5.54E+01  6.01E-01  5.00E-02  8.10E-01 -7.60E-01 -2.03E+00
 
  375
+        1.25E-01  4.19E-02  7.73E-01  1.55E-01  5.54E+01  5.41E-01  5.07E-01  7.22E-01 -2.15E-01 -1.37E-01
 
  376
+        1.25E-01  4.19E-02  7.73E-01  1.55E-01  5.54E+01  4.15E-01  5.06E-01  5.26E-01 -1.95E-02  5.30E-01
 
  377
+        1.25E-01  4.19E-02  7.73E-01  1.55E-01  5.54E+01  2.48E-01  1.77E-01  2.84E-01 -1.07E-01 -8.34E-01
 
  378
+        1.25E-01  4.19E-02  7.73E-01  1.55E-01  5.54E+01  1.49E-01  1.46E-01  1.55E-01 -8.88E-03 -2.04E-01
 
  379
+        1.25E-01  4.19E-02  7.73E-01  1.55E-01  5.54E+01  7.04E-02  1.06E-01  6.31E-02  4.28E-02  7.30E-01
 
  380
+        1.25E-01  4.19E-02  7.73E-01  1.55E-01  5.54E+01  3.40E-02  5.11E-02  2.64E-02  2.47E-02  4.11E-01
 
  381
+        1.89E-01  4.21E-02  6.44E-01  1.55E-01  5.54E+01  0.00E+00  0.00E+00  0.00E+00  0.00E+00  0.00E+00
 
  382
+        1.89E-01  4.21E-02  6.44E-01  1.55E-01  5.54E+01  3.06E-01  2.23E-01  2.41E-01 -1.82E-02 -1.00E+00
 
  383
+        1.89E-01  4.21E-02  6.44E-01  1.55E-01  5.54E+01  8.99E-01  1.23E+00  7.02E-01  5.23E-01  1.42E+00
 
  384
+        1.89E-01  4.21E-02  6.44E-01  1.55E-01  5.54E+01  1.03E+00  1.01E+00  8.12E-01  1.95E-01 -5.75E-02
 
  385
+        1.89E-01  4.21E-02  6.44E-01  1.55E-01  5.54E+01  8.82E-01  1.22E+00  7.17E-01  5.03E-01  1.42E+00
 
  386
+        1.89E-01  4.21E-02  6.44E-01  1.55E-01  5.54E+01  5.86E-01  4.91E-01  5.19E-01 -2.77E-02 -6.80E-01
 
  387
+        1.89E-01  4.21E-02  6.44E-01  1.55E-01  5.54E+01  2.73E-01  2.02E-01  2.84E-01 -8.20E-02 -9.06E-01
 
  388
+        1.89E-01  4.21E-02  6.44E-01  1.55E-01  5.54E+01  1.29E-01  1.28E-01  1.57E-01 -2.98E-02 -1.25E-01
 
  389
+        1.89E-01  4.21E-02  6.44E-01  1.55E-01  5.54E+01  4.11E-02  5.00E-02  6.36E-02 -1.36E-02  2.40E-01
 
1

 LINE NO.KA        V2        CL        V3        Q         IPRED     DV        PRED      RES       WRES     
 
  390
+        1.89E-01  4.21E-02  6.44E-01  1.55E-01  5.54E+01  1.34E-02  8.27E-02  2.62E-02  5.65E-02  2.08E+00
 
  391
+        1.75E-01  4.17E-02  6.70E-01  1.55E-01  5.54E+01  0.00E+00  0.00E+00  0.00E+00  0.00E+00  0.00E+00
 
  392
+        1.75E-01  4.17E-02  6.70E-01  1.55E-01  5.54E+01  3.35E-01  2.04E-01  2.89E-01 -8.50E-02 -1.38E+00
 
  393
+        1.75E-01  4.17E-02  6.70E-01  1.55E-01  5.54E+01  8.68E-01  1.10E+00  7.56E-01  3.44E-01  8.13E-01
 
  394
+        1.75E-01  4.17E-02  6.70E-01  1.55E-01  5.54E+01  9.24E-01  1.22E+00  8.13E-01  4.10E-01  9.82E-01
 
  395
+        1.75E-01  4.17E-02  6.70E-01  1.55E-01  5.54E+01  7.83E-01  9.08E-01  7.09E-01  1.99E-01  3.81E-01
 
  396
+        1.75E-01  4.17E-02  6.70E-01  1.55E-01  5.54E+01  5.52E-01  4.76E-01  5.26E-01 -4.96E-02 -6.23E-01
 
  397
+        1.75E-01  4.17E-02  6.70E-01  1.55E-01  5.54E+01  2.72E-01  1.91E-01  2.87E-01 -9.66E-02 -9.99E-01
 
  398
+        1.75E-01  4.17E-02  6.70E-01  1.55E-01  5.54E+01  1.35E-01  1.09E-01  1.58E-01 -4.95E-02 -5.25E-01
 
  399
+        1.75E-01  4.17E-02  6.70E-01  1.55E-01  5.54E+01  4.73E-02  7.26E-02  6.43E-02  8.28E-03  6.08E-01
 
  400
+        1.75E-01  4.17E-02  6.70E-01  1.55E-01  5.54E+01  1.67E-02  6.64E-02  2.64E-02  4.00E-02  1.46E+00
 
  401
+        8.63E-02  4.41E-02  4.87E-01  1.55E-01  5.54E+01  0.00E+00  0.00E+00  0.00E+00  0.00E+00  0.00E+00
 
  402
+        8.63E-02  4.41E-02  4.87E-01  1.55E-01  5.54E+01  1.18E-01  1.08E-01  1.90E-01 -8.20E-02 -2.11E-01
 
  403
+        8.63E-02  4.41E-02  4.87E-01  1.55E-01  5.54E+01  5.84E-01  7.05E-01  7.72E-01 -6.66E-02  9.54E-02
 
  404
+        8.63E-02  4.41E-02  4.87E-01  1.55E-01  5.54E+01  6.88E-01  9.35E-01  8.01E-01  1.33E-01  7.30E-01
 
  405
+        8.63E-02  4.41E-02  4.87E-01  1.55E-01  5.54E+01  6.58E-01  5.66E-01  6.92E-01 -1.27E-01 -4.34E-01
 
  406
+        8.63E-02  4.41E-02  4.87E-01  1.55E-01  5.54E+01  5.50E-01  3.61E-01  5.04E-01 -1.43E-01 -1.01E+00
 
  407
+        8.63E-02  4.41E-02  4.87E-01  1.55E-01  5.54E+01  3.88E-01  5.07E-01  2.75E-01  2.32E-01  1.69E+00
 
  408
+        8.63E-02  4.41E-02  4.87E-01  1.55E-01  5.54E+01  2.73E-01  2.95E-01  1.50E-01  1.45E-01  9.46E-01
 
  409
+        8.63E-02  4.41E-02  4.87E-01  1.55E-01  5.54E+01  1.62E-01  2.07E-01  6.05E-02  1.47E-01  1.99E+00
 
  410
+        8.63E-02  4.41E-02  4.87E-01  1.55E-01  5.54E+01  9.68E-02  1.49E-01  2.48E-02  1.24E-01  2.47E+00
 
  411
+        1.05E-01  4.45E-02  4.70E-01  1.55E-01  5.54E+01  0.00E+00  0.00E+00  0.00E+00  0.00E+00  0.00E+00
 
  412
+        1.05E-01  4.45E-02  4.70E-01  1.55E-01  5.54E+01  6.01E-02  5.00E-02  8.05E-02 -3.05E-02 -4.61E-01
 
  413
+        1.05E-01  4.45E-02  4.70E-01  1.55E-01  5.54E+01  4.39E-01  5.92E-01  5.28E-01  6.43E-02  3.01E-01
 
  414
+        1.05E-01  4.45E-02  4.70E-01  1.55E-01  5.54E+01  8.08E-01  6.04E-01  8.09E-01 -2.05E-01 -1.01E+00
 
  415
+        1.05E-01  4.45E-02  4.70E-01  1.55E-01  5.54E+01  8.43E-01  1.21E+00  7.41E-01  4.74E-01  1.61E+00
 
1

 LINE NO.KA        V2        CL        V3        Q         IPRED     DV        PRED      RES       WRES     
 
  416
+        1.05E-01  4.45E-02  4.70E-01  1.55E-01  5.54E+01  6.97E-01  8.33E-01  5.54E-01  2.79E-01  1.16E+00
 
  417
+        1.05E-01  4.45E-02  4.70E-01  1.55E-01  5.54E+01  4.52E-01  2.66E-01  3.00E-01 -3.31E-02 -9.46E-01
 
  418
+        1.05E-01  4.45E-02  4.70E-01  1.55E-01  5.54E+01  2.93E-01  1.67E-01  1.61E-01  5.19E-03 -7.57E-01
 
  419
+        1.05E-01  4.45E-02  4.70E-01  1.55E-01  5.54E+01  1.53E-01  2.59E-01  6.44E-02  1.95E-01  3.93E+00
 
  420
+        1.05E-01  4.45E-02  4.70E-01  1.55E-01  5.54E+01  8.43E-02  1.16E-01  2.75E-02  8.84E-02  1.96E+00
 
  421
+        1.66E-01  4.08E-02  7.97E-01  1.55E-01  5.54E+01  0.00E+00  0.00E+00  0.00E+00  0.00E+00  0.00E+00
 
  422
+        1.66E-01  4.08E-02  7.97E-01  1.55E-01  5.54E+01  4.79E-01  5.07E-01  4.70E-01  3.68E-02  3.37E-01
 
  423
+        1.66E-01  4.08E-02  7.97E-01  1.55E-01  5.54E+01  7.43E-01  3.41E-01  8.03E-01 -4.62E-01 -1.51E+00
 
  424
+        1.66E-01  4.08E-02  7.97E-01  1.55E-01  5.54E+01  7.08E-01  1.01E+00  7.94E-01  2.11E-01  1.05E+00
 
  425
+        1.66E-01  4.08E-02  7.97E-01  1.55E-01  5.54E+01  5.99E-01  6.22E-01  6.89E-01 -6.64E-02 -1.84E-02
 
  426
+        1.66E-01  4.08E-02  7.97E-01  1.55E-01  5.54E+01  4.37E-01  4.32E-01  5.19E-01 -8.72E-02 -2.11E-01
 
  427
+        1.66E-01  4.08E-02  7.97E-01  1.55E-01  5.54E+01  2.15E-01  8.60E-02  2.74E-01 -1.88E-01 -1.66E+00
 
  428
+        1.66E-01  4.08E-02  7.97E-01  1.55E-01  5.54E+01  1.08E-01  9.65E-02  1.47E-01 -5.09E-02 -4.46E-01
 
  429
+        1.66E-01  4.08E-02  7.97E-01  1.55E-01  5.54E+01  4.07E-02  5.00E-02  6.13E-02 -1.13E-02  4.63E-02
 
  430
+        1.66E-01  4.08E-02  7.97E-01  1.55E-01  5.54E+01  1.56E-02  5.00E-02  2.58E-02  2.42E-02  8.92E-01
 
  431
+        4.93E-01  4.16E-02  7.43E-01  1.55E-01  5.54E+01  0.00E+00  0.00E+00  0.00E+00  0.00E+00  0.00E+00
 
  432
+        4.93E-01  4.16E-02  7.43E-01  1.55E-01  5.54E+01  3.82E-01  3.96E-01  1.19E-01  2.77E-01  2.68E+00
 
  433
+        4.93E-01  4.16E-02  7.43E-01  1.55E-01  5.54E+01  2.00E+00  2.55E+00  7.31E-01  1.81E+00  4.64E+00
 
  434
+        4.93E-01  4.16E-02  7.43E-01  1.55E-01  5.54E+01  1.90E+00  2.39E+00  8.13E-01  1.58E+00  3.24E+00
 
  435
+        4.93E-01  4.16E-02  7.43E-01  1.55E-01  5.54E+01  1.20E+00  1.10E+00  7.30E-01  3.72E-01 -7.15E-01
 
  436
+        4.93E-01  4.16E-02  7.43E-01  1.55E-01  5.54E+01  4.52E-01  2.05E-01  5.44E-01 -3.38E-01 -3.44E+00
 
  437
+        4.93E-01  4.16E-02  7.43E-01  1.55E-01  5.54E+01  6.06E-02  5.00E-02  2.96E-01 -2.46E-01 -2.01E+00
 
  438
+        4.93E-01  4.16E-02  7.43E-01  1.55E-01  5.54E+01  9.09E-03  5.00E-02  1.66E-01 -1.16E-01  3.72E-01
 
  439
+        4.93E-01  4.16E-02  7.43E-01  1.55E-01  5.54E+01  4.76E-04  5.00E-02  6.79E-02 -1.79E-02  2.68E+00
 
  440
+        4.93E-01  4.16E-02  7.43E-01  1.55E-01  5.54E+01  2.68E-05  5.00E-02  2.84E-02  2.16E-02  3.00E+00
 
  441
+        2.73E-01  4.16E-02  6.77E-01  1.55E-01  5.54E+01  0.00E+00  0.00E+00  0.00E+00  0.00E+00  0.00E+00
 
1

 LINE NO.KA        V2        CL        V3        Q         IPRED     DV        PRED      RES       WRES     
 
  442
+        2.73E-01  4.16E-02  6.77E-01  1.55E-01  5.54E+01  4.29E-01  2.56E-01  2.39E-01  1.66E-02 -1.35E+00
 
  443
+        2.73E-01  4.16E-02  6.77E-01  1.55E-01  5.54E+01  1.28E+00  1.57E+00  7.46E-01  8.23E-01  1.84E+00
 
  444
+        2.73E-01  4.16E-02  6.77E-01  1.55E-01  5.54E+01  1.29E+00  1.91E+00  8.07E-01  1.10E+00  2.72E+00
 
  445
+        2.73E-01  4.16E-02  6.77E-01  1.55E-01  5.54E+01  9.94E-01  8.58E-01  7.05E-01  1.52E-01 -5.67E-01
 
  446
+        2.73E-01  4.16E-02  6.77E-01  1.55E-01  5.54E+01  5.43E-01  4.24E-01  5.06E-01 -8.18E-02 -1.29E+00
 
  447
+        2.73E-01  4.16E-02  6.77E-01  1.55E-01  5.54E+01  1.89E-01  1.34E-01  2.84E-01 -1.50E-01 -1.42E+00
 
  448
+        2.73E-01  4.16E-02  6.77E-01  1.55E-01  5.54E+01  6.39E-02  7.18E-02  1.56E-01 -8.47E-02 -4.05E-01
 
  449
+        2.73E-01  4.16E-02  6.77E-01  1.55E-01  5.54E+01  1.28E-02  5.00E-02  6.48E-02 -1.48E-02  1.01E+00
 
  450
+        2.73E-01  4.16E-02  6.77E-01  1.55E-01  5.54E+01  2.59E-03  5.00E-02  2.69E-02  2.31E-02  1.70E+00
 
  451
+        8.56E-02  4.15E-02  6.78E-01  1.55E-01  5.54E+01  0.00E+00  0.00E+00  0.00E+00  0.00E+00  0.00E+00
 
  452
+        8.56E-02  4.15E-02  6.78E-01  1.55E-01  5.54E+01  3.01E-02  5.00E-02  5.31E-02 -3.13E-03  5.30E-01
 
  453
+        8.56E-02  4.15E-02  6.78E-01  1.55E-01  5.54E+01  3.43E-01  2.29E-01  6.03E-01 -3.74E-01 -8.34E-01
 
  454
+        8.56E-02  4.15E-02  6.78E-01  1.55E-01  5.54E+01  4.73E-01  1.88E-01  8.12E-01 -6.24E-01 -1.36E+00
 
  455
+        8.56E-02  4.15E-02  6.78E-01  1.55E-01  5.54E+01  4.51E-01  5.96E-01  7.25E-01 -1.29E-01  3.38E-01
 
  456
+        8.56E-02  4.15E-02  6.78E-01  1.55E-01  5.54E+01  3.82E-01  4.91E-01  5.43E-01 -5.15E-02  3.84E-01
 
  457
+        8.56E-02  4.15E-02  6.78E-01  1.55E-01  5.54E+01  2.70E-01  1.36E-01  2.95E-01 -1.59E-01 -1.57E+00
 
  458
+        8.56E-02  4.15E-02  6.78E-01  1.55E-01  5.54E+01  1.92E-01  2.32E-01  1.63E-01  6.87E-02  5.45E-01
 
  459
+        8.56E-02  4.15E-02  6.78E-01  1.55E-01  5.54E+01  1.15E-01  1.27E-01  6.59E-02  6.12E-02  5.34E-01
 
  460
+        8.56E-02  4.15E-02  6.78E-01  1.55E-01  5.54E+01  6.93E-02  8.10E-02  2.73E-02  5.37E-02  7.83E-01
 
  461
+        3.25E-01  4.05E-02  9.11E-01  1.55E-01  5.54E+01  0.00E+00  0.00E+00  0.00E+00  0.00E+00  0.00E+00
 
  462
+        3.25E-01  4.05E-02  9.11E-01  1.55E-01  5.54E+01  3.71E-02  5.00E-02  1.77E-02  3.23E-02  7.66E-01
 
  463
+        3.25E-01  4.05E-02  9.11E-01  1.55E-01  5.54E+01  1.16E+00  1.43E+00  7.19E-01  7.11E-01  2.22E+00
 
  464
+        3.25E-01  4.05E-02  9.11E-01  1.55E-01  5.54E+01  1.12E+00  1.25E+00  8.13E-01  4.38E-01  1.03E+00
 
  465
+        3.25E-01  4.05E-02  9.11E-01  1.55E-01  5.54E+01  8.10E-01  6.73E-01  7.28E-01 -5.51E-02 -6.37E-01
 
  466
+        3.25E-01  4.05E-02  9.11E-01  1.55E-01  5.54E+01  4.12E-01  1.34E-01  5.34E-01 -4.00E-01 -2.39E+00
 
  467
+        3.25E-01  4.05E-02  9.11E-01  1.55E-01  5.54E+01  1.07E-01  5.00E-02  2.86E-01 -2.36E-01 -1.73E+00
 
1

 LINE NO.KA        V2        CL        V3        Q         IPRED     DV        PRED      RES       WRES     
 
  468
+        3.25E-01  4.05E-02  9.11E-01  1.55E-01  5.54E+01  2.93E-02  5.00E-02  1.58E-01 -1.08E-01 -4.22E-01
 
  469
+        3.25E-01  4.05E-02  9.11E-01  1.55E-01  5.54E+01  4.14E-03  5.00E-02  6.40E-02 -1.40E-02  1.10E+00
 
  470
+        3.25E-01  4.05E-02  9.11E-01  1.55E-01  5.54E+01  6.49E-04  5.00E-02  2.73E-02  2.27E-02  1.66E+00
 
  471
+        1.13E-01  4.08E-02  7.72E-01  1.55E-01  5.54E+01  0.00E+00  0.00E+00  0.00E+00  0.00E+00  0.00E+00
 
  472
+        1.13E-01  4.08E-02  7.72E-01  1.55E-01  5.54E+01  2.51E-01  2.41E-01  3.50E-01 -1.09E-01 -1.93E-01
 
  473
+        1.13E-01  4.08E-02  7.72E-01  1.55E-01  5.54E+01  4.43E-01  4.90E-01  6.42E-01 -1.53E-01  1.01E-02
 
  474
+        1.13E-01  4.08E-02  7.72E-01  1.55E-01  5.54E+01  5.29E-01  3.02E-01  7.90E-01 -4.88E-01 -1.13E+00
 
  475
+        1.13E-01  4.08E-02  7.72E-01  1.55E-01  5.54E+01  5.03E-01  3.82E-01  7.50E-01 -3.68E-01 -7.90E-01
 
  476
+        1.13E-01  4.08E-02  7.72E-01  1.55E-01  5.54E+01  4.05E-01  5.96E-01  5.64E-01  3.18E-02  7.51E-01
 
  477
+        1.13E-01  4.08E-02  7.72E-01  1.55E-01  5.54E+01  2.56E-01  2.67E-01  3.08E-01 -4.02E-02 -1.77E-01
 
  478
+        1.13E-01  4.08E-02  7.72E-01  1.55E-01  5.54E+01  1.61E-01  1.53E-01  1.67E-01 -1.33E-02 -3.52E-01
 
  479
+        1.13E-01  4.08E-02  7.72E-01  1.55E-01  5.54E+01  8.18E-02  5.00E-02  6.82E-02 -1.82E-02 -8.38E-01
 
  480
+        1.13E-01  4.08E-02  7.72E-01  1.55E-01  5.54E+01  4.22E-02  5.07E-02  2.85E-02  2.22E-02  2.87E-01
 
  481
+        9.44E-02  4.49E-02  4.32E-01  1.55E-01  5.54E+01  0.00E+00  0.00E+00  0.00E+00  0.00E+00  0.00E+00
 
  482
+        9.44E-02  4.49E-02  4.32E-01  1.55E-01  5.54E+01  2.25E-01  1.30E-01  3.13E-01 -1.83E-01 -1.11E+00
 
  483
+        9.44E-02  4.49E-02  4.32E-01  1.55E-01  5.54E+01  7.52E-01  1.18E+00  8.01E-01  3.84E-01  1.35E+00
 
  484
+        9.44E-02  4.49E-02  4.32E-01  1.55E-01  5.54E+01  8.43E-01  9.98E-01  8.00E-01  1.99E-01  5.39E-01
 
  485
+        9.44E-02  4.49E-02  4.32E-01  1.55E-01  5.54E+01  8.26E-01  5.13E-01  7.09E-01 -1.96E-01 -1.15E+00
 
  486
+        9.44E-02  4.49E-02  4.32E-01  1.55E-01  5.54E+01  6.96E-01  7.75E-01  5.32E-01  2.43E-01  8.87E-01
 
  487
+        9.44E-02  4.49E-02  4.32E-01  1.55E-01  5.54E+01  4.80E-01  5.45E-01  2.95E-01  2.50E-01  1.40E+00
 
  488
+        9.44E-02  4.49E-02  4.32E-01  1.55E-01  5.54E+01  3.26E-01  3.46E-01  1.60E-01  1.86E-01  1.21E+00
 
  489
+        9.44E-02  4.49E-02  4.32E-01  1.55E-01  5.54E+01  1.85E-01  2.30E-01  6.50E-02  1.65E-01  2.13E+00
 
  490
+        9.44E-02  4.49E-02  4.32E-01  1.55E-01  5.54E+01  1.05E-01  1.73E-01  2.64E-02  1.46E-01  2.95E+00
 
  491
+        2.73E-01  4.14E-02  6.87E-01  1.55E-01  5.54E+01  0.00E+00  0.00E+00  0.00E+00  0.00E+00  0.00E+00
 
  492
+        2.73E-01  4.14E-02  6.87E-01  1.55E-01  5.54E+01  5.62E-01  4.80E-01  3.16E-01  1.64E-01 -6.21E-02
 
  493
+        2.73E-01  4.14E-02  6.87E-01  1.55E-01  5.54E+01  1.13E+00  1.04E+00  6.53E-01  3.91E-01  3.36E-01
 
1

 LINE NO.KA        V2        CL        V3        Q         IPRED     DV        PRED      RES       WRES     
 
  494
+        2.73E-01  4.14E-02  6.87E-01  1.55E-01  5.54E+01  1.32E+00  1.72E+00  8.13E-01  9.12E-01  2.01E+00
 
  495
+        2.73E-01  4.14E-02  6.87E-01  1.55E-01  5.54E+01  1.04E+00  1.24E+00  7.30E-01  5.13E-01  9.14E-01
 
  496
+        2.73E-01  4.14E-02  6.87E-01  1.55E-01  5.54E+01  5.94E-01  6.60E-01  5.38E-01  1.22E-01 -1.58E-01
 
  497
+        2.73E-01  4.14E-02  6.87E-01  1.55E-01  5.54E+01  2.07E-01  8.79E-02  3.02E-01 -2.14E-01 -2.09E+00
 
  498
+        2.73E-01  4.14E-02  6.87E-01  1.55E-01  5.54E+01  7.38E-02  5.63E-02  1.72E-01 -1.15E-01 -8.82E-01
 
  499
+        2.73E-01  4.14E-02  6.87E-01  1.55E-01  5.54E+01  1.43E-02  5.00E-02  6.97E-02 -1.97E-02  9.57E-01
 
  500
+        2.73E-01  4.14E-02  6.87E-01  1.55E-01  5.54E+01  2.93E-03  6.15E-02  2.93E-02  3.22E-02  2.05E+00
 
  501
+        8.28E-02  4.19E-02  6.04E-01  1.55E-01  5.54E+01  0.00E+00  0.00E+00  0.00E+00  0.00E+00  0.00E+00
 
  502
+        8.28E-02  4.19E-02  6.04E-01  1.55E-01  5.54E+01  1.29E-01  5.81E-02  2.29E-01 -1.71E-01 -1.03E+00
 
  503
+        8.28E-02  4.19E-02  6.04E-01  1.55E-01  5.54E+01  4.74E-01  3.52E-01  7.79E-01 -4.27E-01 -8.93E-01
 
  504
+        8.28E-02  4.19E-02  6.04E-01  1.55E-01  5.54E+01  5.18E-01  6.67E-01  8.10E-01 -1.43E-01  1.59E-01
 
  505
+        8.28E-02  4.19E-02  6.04E-01  1.55E-01  5.54E+01  5.00E-01  6.19E-01  7.32E-01 -1.13E-01  1.50E-01
 
  506
+        8.28E-02  4.19E-02  6.04E-01  1.55E-01  5.54E+01  4.29E-01  3.51E-01  5.53E-01 -2.02E-01 -7.13E-01
 
  507
+        8.28E-02  4.19E-02  6.04E-01  1.55E-01  5.54E+01  3.05E-01  3.60E-01  2.98E-01  6.23E-02  3.94E-01
 
  508
+        8.28E-02  4.19E-02  6.04E-01  1.55E-01  5.54E+01  2.21E-01  2.77E-01  1.67E-01  1.10E-01  8.65E-01
 
  509
+        8.28E-02  4.19E-02  6.04E-01  1.55E-01  5.54E+01  1.35E-01  8.83E-02  6.82E-02  2.01E-02 -7.46E-01
 
  510
+        8.28E-02  4.19E-02  6.04E-01  1.55E-01  5.54E+01  8.37E-02  1.20E-01  2.88E-02  9.13E-02  1.67E+00
 
  511
+        1.69E-01  4.03E-02  9.07E-01  1.55E-01  5.54E+01  0.00E+00  0.00E+00  0.00E+00  0.00E+00  0.00E+00
 
  512
+        1.69E-01  4.03E-02  9.07E-01  1.55E-01  5.54E+01  3.11E-01  3.43E-01  3.06E-01  3.74E-02  3.80E-01
 
  513
+        1.69E-01  4.03E-02  9.07E-01  1.55E-01  5.54E+01  6.57E-01  7.84E-01  7.74E-01  1.02E-02  2.92E-01
 
  514
+        1.69E-01  4.03E-02  9.07E-01  1.55E-01  5.54E+01  6.47E-01  6.45E-01  8.12E-01 -1.67E-01 -3.01E-01
 
  515
+        1.69E-01  4.03E-02  9.07E-01  1.55E-01  5.54E+01  5.51E-01  4.29E-01  7.22E-01 -2.93E-01 -8.58E-01
 
  516
+        1.69E-01  4.03E-02  9.07E-01  1.55E-01  5.54E+01  3.88E-01  4.59E-01  5.30E-01 -7.10E-02  2.75E-02
 
  517
+        1.69E-01  4.03E-02  9.07E-01  1.55E-01  5.54E+01  1.96E-01  1.02E-01  2.89E-01 -1.88E-01 -1.37E+00
 
  518
+        1.69E-01  4.03E-02  9.07E-01  1.55E-01  5.54E+01  9.82E-02  5.00E-02  1.57E-01 -1.07E-01 -1.11E+00
 
  519
+        1.69E-01  4.03E-02  9.07E-01  1.55E-01  5.54E+01  3.59E-02  5.00E-02  6.44E-02 -1.44E-02  1.76E-01
 
1

 LINE NO.KA        V2        CL        V3        Q         IPRED     DV        PRED      RES       WRES     
 
  520
+        1.69E-01  4.03E-02  9.07E-01  1.55E-01  5.54E+01  1.32E-02  5.00E-02  2.66E-02  2.34E-02  9.89E-01
 
  521
+        1.12E-01  4.41E-02  5.06E-01  1.55E-01  5.54E+01  0.00E+00  0.00E+00  0.00E+00  0.00E+00  0.00E+00
 
  522
+        1.12E-01  4.41E-02  5.06E-01  1.55E-01  5.54E+01  4.51E-01  4.61E-01  5.24E-01 -6.23E-02 -4.54E-01
 
  523
+        1.12E-01  4.41E-02  5.06E-01  1.55E-01  5.54E+01  7.52E-01  1.08E+00  7.82E-01  2.98E-01  9.16E-01
 
  524
+        1.12E-01  4.41E-02  5.06E-01  1.55E-01  5.54E+01  8.41E-01  8.84E-01  8.11E-01  7.38E-02  4.95E-04
 
  525
+        1.12E-01  4.41E-02  5.06E-01  1.55E-01  5.54E+01  7.92E-01  7.30E-01  7.02E-01  2.80E-02 -1.92E-01
 
  526
+        1.12E-01  4.41E-02  5.06E-01  1.55E-01  5.54E+01  6.39E-01  8.44E-01  5.24E-01  3.19E-01  1.53E+00
 
  527
+        1.12E-01  4.41E-02  5.06E-01  1.55E-01  5.54E+01  4.08E-01  1.95E-01  2.88E-01 -9.34E-02 -1.48E+00
 
  528
+        1.12E-01  4.41E-02  5.06E-01  1.55E-01  5.54E+01  2.62E-01  2.06E-01  1.59E-01  4.62E-02  8.51E-02
 
  529
+        1.12E-01  4.41E-02  5.06E-01  1.55E-01  5.54E+01  1.36E-01  2.45E-01  6.66E-02  1.78E-01  3.66E+00
 
  530
+        1.12E-01  4.41E-02  5.06E-01  1.55E-01  5.54E+01  7.08E-02  7.15E-02  2.78E-02  4.37E-02  7.99E-01
 
  531
+        1.43E-01  4.36E-02  5.36E-01  1.55E-01  5.54E+01  0.00E+00  0.00E+00  0.00E+00  0.00E+00  0.00E+00
 
  532
+        1.43E-01  4.36E-02  5.36E-01  1.55E-01  5.54E+01  1.35E-02  5.00E-02  1.37E-02  3.63E-02  1.08E+00
 
  533
+        1.43E-01  4.36E-02  5.36E-01  1.55E-01  5.54E+01  6.61E-01  8.03E-01  6.08E-01  1.94E-01  4.22E-01
 
  534
+        1.43E-01  4.36E-02  5.36E-01  1.55E-01  5.54E+01  9.83E-01  9.37E-01  8.13E-01  1.24E-01 -1.88E-01
 
  535
+        1.43E-01  4.36E-02  5.36E-01  1.55E-01  5.54E+01  9.13E-01  9.82E-01  7.22E-01  2.59E-01  4.02E-01
 
  536
+        1.43E-01  4.36E-02  5.36E-01  1.55E-01  5.54E+01  6.95E-01  9.87E-01  5.41E-01  4.45E-01  1.87E+00
 
  537
+        1.43E-01  4.36E-02  5.36E-01  1.55E-01  5.54E+01  3.89E-01  4.12E-01  2.95E-01  1.17E-01  5.89E-01
 
  538
+        1.43E-01  4.36E-02  5.36E-01  1.55E-01  5.54E+01  2.20E-01  1.63E-01  1.63E-01  3.14E-04 -4.78E-01
 
  539
+        1.43E-01  4.36E-02  5.36E-01  1.55E-01  5.54E+01  9.30E-02  1.16E-01  6.61E-02  5.03E-02  9.69E-01
 
  540
+        1.43E-01  4.36E-02  5.36E-01  1.55E-01  5.54E+01  3.97E-02  8.72E-02  2.72E-02  6.00E-02  1.63E+00
 
  541
+        2.11E-01  4.28E-02  6.57E-01  1.55E-01  5.54E+01  0.00E+00  0.00E+00  0.00E+00  0.00E+00  0.00E+00
 
  542
+        2.11E-01  4.28E-02  6.57E-01  1.55E-01  5.54E+01  6.30E-01  8.69E-01  4.41E-01  4.28E-01  1.84E+00
 
  543
+        2.11E-01  4.28E-02  6.57E-01  1.55E-01  5.54E+01  1.12E+00  7.86E-01  7.92E-01 -6.55E-03 -9.38E-01
 
  544
+        2.11E-01  4.28E-02  6.57E-01  1.55E-01  5.54E+01  1.11E+00  1.56E+00  8.05E-01  7.56E-01  1.94E+00
 
  545
+        2.11E-01  4.28E-02  6.57E-01  1.55E-01  5.54E+01  9.12E-01  9.16E-01  7.02E-01  2.14E-01  1.36E-01
 
1

 LINE NO.KA        V2        CL        V3        Q         IPRED     DV        PRED      RES       WRES     
 
  546
+        2.11E-01  4.28E-02  6.57E-01  1.55E-01  5.54E+01  6.18E-01  5.92E-01  5.33E-01  5.94E-02 -2.33E-01
 
  547
+        2.11E-01  4.28E-02  6.57E-01  1.55E-01  5.54E+01  2.63E-01  1.83E-01  2.90E-01 -1.07E-01 -1.08E+00
 
  548
+        2.11E-01  4.28E-02  6.57E-01  1.55E-01  5.54E+01  1.12E-01  1.40E-01  1.59E-01 -1.86E-02  3.02E-01
 
  549
+        2.11E-01  4.28E-02  6.57E-01  1.55E-01  5.54E+01  3.12E-02  5.73E-02  6.39E-02 -6.66E-03  7.32E-01
 
  550
+        2.11E-01  4.28E-02  6.57E-01  1.55E-01  5.54E+01  8.90E-03  5.00E-02  2.63E-02  2.37E-02  1.37E+00
 
  551
+        2.02E-01  4.25E-02  6.55E-01  1.55E-01  5.54E+01  0.00E+00  0.00E+00  0.00E+00  0.00E+00  0.00E+00
 
  552
+        2.02E-01  4.25E-02  6.55E-01  1.55E-01  5.54E+01  4.69E-02  5.00E-02  3.44E-02  1.56E-02  1.01E-01
 
  553
+        2.02E-01  4.25E-02  6.55E-01  1.55E-01  5.54E+01  1.00E+00  1.35E+00  7.38E-01  6.11E-01  1.54E+00
 
  554
+        2.02E-01  4.25E-02  6.55E-01  1.55E-01  5.54E+01  1.08E+00  1.07E+00  8.09E-01  2.57E-01  6.21E-02
 
  555
+        2.02E-01  4.25E-02  6.55E-01  1.55E-01  5.54E+01  8.54E-01  9.87E-01  6.83E-01  3.04E-01  5.63E-01
 
  556
+        2.02E-01  4.25E-02  6.55E-01  1.55E-01  5.54E+01  5.62E-01  5.66E-01  5.01E-01  6.46E-02 -1.64E-01
 
  557
+        2.02E-01  4.25E-02  6.55E-01  1.55E-01  5.54E+01  2.41E-01  2.55E-01  2.68E-01 -1.22E-02 -9.38E-02
 
  558
+        2.02E-01  4.25E-02  6.55E-01  1.55E-01  5.54E+01  1.10E-01  5.00E-02  1.50E-01 -9.97E-02 -1.16E+00
 
  559
+        2.02E-01  4.25E-02  6.55E-01  1.55E-01  5.54E+01  3.35E-02  8.01E-02  6.23E-02  1.77E-02  1.22E+00
 
  560
+        2.02E-01  4.25E-02  6.55E-01  1.55E-01  5.54E+01  1.03E-02  5.99E-02  2.61E-02  3.38E-02  1.58E+00
 
  561
+        1.46E-01  4.09E-02  7.23E-01  1.55E-01  5.54E+01  0.00E+00  0.00E+00  0.00E+00  0.00E+00  0.00E+00
 
  562
+        1.46E-01  4.09E-02  7.23E-01  1.55E-01  5.54E+01  1.98E-01  1.21E-01  2.09E-01 -8.76E-02 -1.11E+00
 
  563
+        1.46E-01  4.09E-02  7.23E-01  1.55E-01  5.54E+01  7.01E-01  6.87E-01  7.78E-01 -9.14E-02 -3.20E-01
 
  564
+        1.46E-01  4.09E-02  7.23E-01  1.55E-01  5.54E+01  7.19E-01  9.71E-01  8.11E-01  1.61E-01  6.37E-01
 
  565
+        1.46E-01  4.09E-02  7.23E-01  1.55E-01  5.54E+01  6.23E-01  7.50E-01  7.05E-01  4.45E-02  2.54E-01
 
  566
+        1.46E-01  4.09E-02  7.23E-01  1.55E-01  5.54E+01  4.60E-01  4.12E-01  5.16E-01 -1.04E-01 -5.35E-01
 
  567
+        1.46E-01  4.09E-02  7.23E-01  1.55E-01  5.54E+01  2.59E-01  2.08E-01  2.87E-01 -7.88E-02 -6.99E-01
 
  568
+        1.46E-01  4.09E-02  7.23E-01  1.55E-01  5.54E+01  1.44E-01  1.06E-01  1.58E-01 -5.16E-02 -7.23E-01
 
  569
+        1.46E-01  4.09E-02  7.23E-01  1.55E-01  5.54E+01  6.11E-02  7.40E-02  6.54E-02  8.57E-03  2.77E-01
 
  570
+        1.46E-01  4.09E-02  7.23E-01  1.55E-01  5.54E+01  2.57E-02  5.00E-02  2.70E-02  2.30E-02  6.89E-01
 
  571
+        1.36E-01  4.26E-02  6.10E-01  1.55E-01  5.54E+01  0.00E+00  0.00E+00  0.00E+00  0.00E+00  0.00E+00
 
1

 LINE NO.KA        V2        CL        V3        Q         IPRED     DV        PRED      RES       WRES     
 
  572
+        1.36E-01  4.26E-02  6.10E-01  1.55E-01  5.54E+01  1.32E-01  1.14E-01  1.42E-01 -2.83E-02 -6.75E-01
 
  573
+        1.36E-01  4.26E-02  6.10E-01  1.55E-01  5.54E+01  6.89E-01  8.61E-01  7.07E-01  1.54E-01  3.37E-01
 
  574
+        1.36E-01  4.26E-02  6.10E-01  1.55E-01  5.54E+01  8.22E-01  1.05E+00  8.12E-01  2.36E-01  5.48E-01
 
  575
+        1.36E-01  4.26E-02  6.10E-01  1.55E-01  5.54E+01  7.50E-01  7.13E-01  7.22E-01 -9.35E-03 -3.50E-01
 
  576
+        1.36E-01  4.26E-02  6.10E-01  1.55E-01  5.54E+01  5.67E-01  7.40E-01  5.30E-01  2.10E-01  9.75E-01
 
  577
+        1.36E-01  4.26E-02  6.10E-01  1.55E-01  5.54E+01  3.29E-01  2.27E-01  2.91E-01 -6.41E-02 -7.92E-01
 
  578
+        1.36E-01  4.26E-02  6.10E-01  1.55E-01  5.54E+01  1.89E-01  1.07E-01  1.58E-01 -5.15E-02 -8.75E-01
 
  579
+        1.36E-01  4.26E-02  6.10E-01  1.55E-01  5.54E+01  8.33E-02  9.63E-02  6.42E-02  3.21E-02  8.15E-01
 
  580
+        1.36E-01  4.26E-02  6.10E-01  1.55E-01  5.54E+01  3.69E-02  1.09E-01  2.62E-02  8.26E-02  2.43E+00
 
  581
+        2.79E-01  4.08E-02  8.30E-01  1.55E-01  5.54E+01  0.00E+00  0.00E+00  0.00E+00  0.00E+00  0.00E+00
 
  582
+        2.79E-01  4.08E-02  8.30E-01  1.55E-01  5.54E+01  3.56E-02  5.00E-02  1.96E-02  3.04E-02  6.90E-01
 
  583
+        2.79E-01  4.08E-02  8.30E-01  1.55E-01  5.54E+01  1.02E+00  1.06E+00  6.53E-01  4.06E-01  1.04E+00
 
  584
+        2.79E-01  4.08E-02  8.30E-01  1.55E-01  5.54E+01  1.08E+00  1.35E+00  8.13E-01  5.35E-01  1.34E+00
 
  585
+        2.79E-01  4.08E-02  8.30E-01  1.55E-01  5.54E+01  8.60E-01  9.63E-01  7.37E-01  2.26E-01  4.24E-01
 
  586
+        2.79E-01  4.08E-02  8.30E-01  1.55E-01  5.54E+01  5.05E-01  2.25E-01  5.54E-01 -3.29E-01 -2.07E+00
 
  587
+        2.79E-01  4.08E-02  8.30E-01  1.55E-01  5.54E+01  1.71E-01  7.58E-02  3.09E-01 -2.33E-01 -1.82E+00
 
  588
+        2.79E-01  4.08E-02  8.30E-01  1.55E-01  5.54E+01  5.46E-02  6.09E-02  1.68E-01 -1.07E-01 -5.79E-01
 
  589
+        2.79E-01  4.08E-02  8.30E-01  1.55E-01  5.54E+01  9.73E-03  5.25E-02  6.64E-02 -1.39E-02  9.60E-01
 
  590
+        2.79E-01  4.08E-02  8.30E-01  1.55E-01  5.54E+01  1.95E-03  5.00E-02  2.80E-02  2.20E-02  1.56E+00
 
  591
+        1.80E-01  4.00E-02  8.69E-01  1.55E-01  5.54E+01  0.00E+00  0.00E+00  0.00E+00  0.00E+00  0.00E+00
 
  592
+        1.80E-01  4.00E-02  8.69E-01  1.55E-01  5.54E+01  3.39E-01  1.98E-01  3.12E-01 -1.14E-01 -1.10E+00
 
  593
+        1.80E-01  4.00E-02  8.69E-01  1.55E-01  5.54E+01  7.20E-01  9.14E-01  7.82E-01  1.33E-01  6.25E-01
 
  594
+        1.80E-01  4.00E-02  8.69E-01  1.55E-01  5.54E+01  7.08E-01  8.27E-01  8.12E-01  1.43E-02  2.24E-01
 
  595
+        1.80E-01  4.00E-02  8.69E-01  1.55E-01  5.54E+01  5.87E-01  6.60E-01  7.12E-01 -5.20E-02  2.40E-02
 
  596
+        1.80E-01  4.00E-02  8.69E-01  1.55E-01  5.54E+01  3.99E-01  2.02E-01  5.17E-01 -3.15E-01 -1.54E+00
 
  597
+        1.80E-01  4.00E-02  8.69E-01  1.55E-01  5.54E+01  1.91E-01  1.01E-01  2.80E-01 -1.79E-01 -1.36E+00
 
1

 LINE NO.KA        V2        CL        V3        Q         IPRED     DV        PRED      RES       WRES     
 
  598
+        1.80E-01  4.00E-02  8.69E-01  1.55E-01  5.54E+01  9.08E-02  5.00E-02  1.51E-01 -1.01E-01 -1.06E+00
 
  599
+        1.80E-01  4.00E-02  8.69E-01  1.55E-01  5.54E+01  3.14E-02  5.00E-02  6.24E-02 -1.24E-02  2.14E-01
 
  600
+        1.80E-01  4.00E-02  8.69E-01  1.55E-01  5.54E+01  1.09E-02  5.00E-02  2.59E-02  2.41E-02  1.01E+00
 
 #CPUT: Total CPU Time in Seconds,        4.078
