$PROBLEM    PK. With ignore statement.
;@ Variables 17/20 @;
$INPUT      ROW ID TIME EVID CMT AMT DV FLAG STUDY BLQ CYCLE DOSE
            NOMTIME PART PROFDAY PROFTIME WEIGHTB EFF0
$DATA      xgxr1.csv IGNORE=@ IGNORE=(FLAG.NE.0) IGNORE=(DOSE.LE.10)
$SUBROUTINE ADVAN4 TRANS4
$PK
KA=THETA(1)*EXP(ETA(1))
V2=THETA(2)*EXP(ETA(2))
CL=THETA(3)*EXP(ETA(3))
V3=THETA(4)*EXP(ETA(4))
Q=THETA(5)*EXP(ETA(5))

$ERROR
  IPRED=F
  IRES=DV-IPRED

  IF (IPRED.GT.1) THEN
    W = SQRT(IPRED**2*SIGMA(1,1)**2 + SIGMA(2,2)**2)
  ELSE
    W=1
  ENDIF

  IWRES=IRES/W
  Y=F+F*ERR(1)+ERR(2)

;-----------------------INITIAL ESTIMATES---------------------------------
$THETA  (0,0.9) ; POPKA
$THETA  (0,4.2) ; POPCL
$THETA  (0,3.6) ; POPV2
$THETA  (0,5.81) ; POPV3
$THETA  (0,3.44) ; POPQ
$OMEGA  0.1
$OMEGA  0.1
$OMEGA  0.1
$OMEGA  0  FIX
$OMEGA  0  FIX
$SIGMA  .2
$SIGMA  .2
$ESTIMATION METHOD=1 POSTHOC INTER MAXEVAL=9999 NSIG=2 SIGL=9 PRINT=10
            NOABORT
$TABLE      KA V2 CL V3 Q IPRED DV FILE=xgxr004_res.txt


NM-TRAN MESSAGES
  
 WARNINGS AND ERRORS (IF ANY) FOR PROBLEM    1
             
 (WARNING  2) NM-TRAN INFERS THAT THE DATA ARE POPULATION.
             
 (WARNING  23) $PK DOES NOT DEFINE A SCALE PARAMETER FOR THE CENTRAL
 COMPARTMENT.  WITH THIS TRANS, IT MAY NOT BE POSSIBLE TO SEPARATELY
 OBTAIN ESTIMATES OF PARAMETERS AFFECTING CLEARANCE AND VOLUME.
             
 (WARNING  79) SIGMA IS USED ON THE RIGHT. WITH A SUBSEQUENT RUN, IF AN
 INITIAL ESTIMATE OF A DIAGONAL BLOCK OF SIGMA IS TO BE COMPUTED BY
 NONMEM, THAT BLOCK WILL BE SET TO AN IDENTITY MATRIX DURING THAT
 COMPUTATION. THIS COULD LEAD TO AN ARITHMETIC EXCEPTION.*

 * THE MAXIMUM NUMBER OF WARNINGS OF ONE OR MORE TYPES WAS REACHED.
 IT IS POSSIBLE THAT SOME WARNING MESSAGES WERE SUPPRESSED.


1NONLINEAR MIXED EFFECTS MODEL PROGRAM (NONMEM) VERSION 7.4.4
 ORIGINALLY DEVELOPED BY STUART BEAL, LEWIS SHEINER, AND ALISON BOECKMANN
 CURRENT DEVELOPERS ARE ROBERT BAUER, ICON DEVELOPMENT SOLUTIONS,
 AND ALISON BOECKMANN. IMPLEMENTATION, EFFICIENCY, AND STANDARDIZATION
 PERFORMED BY NOUS INFOSYSTEMS.

 PROBLEM NO.:         1
 PK. With ignore statement.
0DATA CHECKOUT RUN:              NO
 DATA SET LOCATED ON UNIT NO.:    2
 THIS UNIT TO BE REWOUND:        NO
 NO. OF DATA RECS IN DATA SET:      641
 NO. OF DATA ITEMS IN DATA SET:  19
 ID DATA ITEM IS DATA ITEM NO.:   2
 DEP VARIABLE IS DATA ITEM NO.:   7
 MDV DATA ITEM IS DATA ITEM NO.: 19
0INDICES PASSED TO SUBROUTINE PRED:
   4   3   6   0   0   0   5   0   0   0   0
0LABELS FOR DATA ITEMS:
 ROW ID TIME EVID CMT AMT DV FLAG STUDY BLQ CYCLE DOSE NOMTIME PART PROFDAY PROFTIME WEIGHTB EFF0 MDV
0(NONBLANK) LABELS FOR PRED-DEFINED ITEMS:
 KA V2 CL V3 Q IPRED
0FORMAT FOR DATA:
 (2(8E9.0/),2E9.0,1F2.0)

 TOT. NO. OF OBS RECS:      641
 TOT. NO. OF INDIVIDUALS:       90
0LENGTH OF THETA:   5
0DEFAULT THETA BOUNDARY TEST OMITTED:    NO
0OMEGA HAS BLOCK FORM:
  1
  0  2
  0  0  3
  0  0  0  4
  0  0  0  0  5
0DEFAULT OMEGA BOUNDARY TEST OMITTED:    NO
0SIGMA HAS SIMPLE DIAGONAL FORM WITH DIMENSION:   2
0DEFAULT SIGMA BOUNDARY TEST OMITTED:    NO
0INITIAL ESTIMATE OF THETA:
 LOWER BOUND    INITIAL EST    UPPER BOUND
  0.0000E+00     0.9000E+00     0.1000E+07
  0.0000E+00     0.4200E+01     0.1000E+07
  0.0000E+00     0.3600E+01     0.1000E+07
  0.0000E+00     0.5810E+01     0.1000E+07
  0.0000E+00     0.3440E+01     0.1000E+07
0INITIAL ESTIMATE OF OMEGA:
 BLOCK SET NO.   BLOCK                                                                    FIXED
        1                                                                                   NO
                  0.1000E+00
        2                                                                                   NO
                  0.1000E+00
        3                                                                                   NO
                  0.1000E+00
        4                                                                                  YES
                  0.0000E+00
        5                                                                                  YES
                  0.0000E+00
0INITIAL ESTIMATE OF SIGMA:
 0.2000E+00
 0.0000E+00   0.2000E+00
0TABLES STEP OMITTED:    NO
 NO. OF TABLES:           1
 SEED NUMBER (SEED):    11456
 RANMETHOD:             3U
 MC SAMPLES (ESAMPLE):    300
 WRES SQUARE ROOT TYPE (WRESCHOL): EIGENVALUE
0-- TABLE   1 --
0RECORDS ONLY:    ALL
04 COLUMNS APPENDED:    YES
 PRINTED:               YES
 FOR TABLE FILE,
 HEADER:                YES
 FILE TO BE FORWARDED:   NO
 FORMAT:                S1PE11.4
 LFORMAT:
 RFORMAT:
 FIXED_EFFECT_ETAS:
0USER-CHOSEN ITEMS:
 KA V2 CL V3 Q IPRED
1DOUBLE PRECISION PREDPP VERSION 7.4.4

 TWO COMPARTMENT MODEL WITH FIRST-ORDER ABSORPTION (ADVAN4)
0MAXIMUM NO. OF BASIC PK PARAMETERS:   5
0BASIC PK PARAMETERS (AFTER TRANSLATION):
   BASIC PK PARAMETER NO.  1: ELIMINATION RATE (K)
   BASIC PK PARAMETER NO.  2: CENTRAL-TO-PERIPH. RATE (K23)
   BASIC PK PARAMETER NO.  3: PERIPH.-TO-CENTRAL RATE (K32)
   BASIC PK PARAMETER NO.  5: ABSORPTION RATE (KA)
 TRANSLATOR WILL CONVERT PARAMETERS
 CL, V2, Q, V3 TO K, K23, K32 (TRANS4)
0COMPARTMENT ATTRIBUTES
 COMPT. NO.   FUNCTION   INITIAL    ON/OFF      DOSE      DEFAULT    DEFAULT
                         STATUS     ALLOWED    ALLOWED    FOR DOSE   FOR OBS.
    1         DEPOT        OFF        YES        YES        YES        NO
    2         CENTRAL      ON         NO         YES        NO         YES
    3         PERIPH.      ON         NO         YES        NO         NO
    4         OUTPUT       OFF        YES        NO         NO         NO
1
 ADDITIONAL PK PARAMETERS - ASSIGNMENT OF ROWS IN GG
 COMPT. NO.                             INDICES
              SCALE      BIOAVAIL.   ZERO-ORDER  ZERO-ORDER  ABSORB
                         FRACTION    RATE        DURATION    LAG
    1            *           *           *           *           *
    2            *           *           *           *           *
    3            *           *           *           *           *
    4            *           -           -           -           -
             - PARAMETER IS NOT ALLOWED FOR THIS MODEL
             * PARAMETER IS NOT SUPPLIED BY PK SUBROUTINE;
               WILL DEFAULT TO ONE IF APPLICABLE
0DATA ITEM INDICES USED BY PRED ARE:
   EVENT ID DATA ITEM IS DATA ITEM NO.:      4
   TIME DATA ITEM IS DATA ITEM NO.:          3
   DOSE AMOUNT DATA ITEM IS DATA ITEM NO.:   6
   COMPT. NO. DATA ITEM IS DATA ITEM NO.:    5

0PK SUBROUTINE CALLED WITH EVERY EVENT RECORD.
 PK SUBROUTINE NOT CALLED AT NONEVENT (ADDITIONAL OR LAGGED) DOSE TIMES.
0ERROR SUBROUTINE CALLED WITH EVERY EVENT RECORD.
1


 #TBLN:      1
 #METH: First Order Conditional Estimation with Interaction

 ESTIMATION STEP OMITTED:                 NO
 ANALYSIS TYPE:                           POPULATION
 NUMBER OF SADDLE POINT RESET ITERATIONS:      0
 GRADIENT METHOD USED:               NOSLOW
 CONDITIONAL ESTIMATES USED:              YES
 CENTERED ETA:                            NO
 EPS-ETA INTERACTION:                     YES
 LAPLACIAN OBJ. FUNC.:                    NO
 NO. OF FUNCT. EVALS. ALLOWED:            9999
 NO. OF SIG. FIGURES REQUIRED:            2
 INTERMEDIATE PRINTOUT:                   YES
 ESTIMATE OUTPUT TO MSF:                  NO
 ABORT WITH PRED EXIT CODE 1:             NO
 IND. OBJ. FUNC. VALUES SORTED:           NO
 NUMERICAL DERIVATIVE
       FILE REQUEST (NUMDER):               NONE
 MAP (ETAHAT) ESTIMATION METHOD (OPTMAP):   0
 ETA HESSIAN EVALUATION METHOD (ETADER):    0
 INITIAL ETA FOR MAP ESTIMATION (MCETA):    0
 SIGDIGITS FOR MAP ESTIMATION (SIGLO):      9
 GRADIENT SIGDIGITS OF
       FIXED EFFECTS PARAMETERS (SIGL):     9
 NOPRIOR SETTING (NOPRIOR):                 OFF
 NOCOV SETTING (NOCOV):                     OFF
 DERCONT SETTING (DERCONT):                 OFF
 FINAL ETA RE-EVALUATION (FNLETA):          ON
 EXCLUDE NON-INFLUENTIAL (NON-INFL.) ETAS
       IN SHRINKAGE (ETASTYPE):             NO
 NON-INFL. ETA CORRECTION (NONINFETA):      OFF
 RAW OUTPUT FILE (FILE): psn.ext
 EXCLUDE TITLE (NOTITLE):                   NO
 EXCLUDE COLUMN LABELS (NOLABEL):           NO
 FORMAT FOR ADDITIONAL FILES (FORMAT):      S1PE12.5
 PARAMETER ORDER FOR OUTPUTS (ORDER):       TSOL
 WISHART PRIOR DF INTERPRETATION (WISHTYPE):0
 KNUTHSUMOFF:                               0
 INCLUDE LNTWOPI:                           NO
 INCLUDE CONSTANT TERM TO PRIOR (PRIORC):   NO
 INCLUDE CONSTANT TERM TO OMEGA (ETA) (OLNTWOPI):NO
 ADDITIONAL CONVERGENCE TEST (CTYPE=4)?:    NO
 EM OR BAYESIAN METHOD USED:                 NONE


 THE FOLLOWING LABELS ARE EQUIVALENT
 PRED=PREDI
 RES=RESI
 WRES=WRESI
 IWRS=IWRESI
 IPRD=IPREDI
 IRS=IRESI

 MONITORING OF SEARCH:


0ITERATION NO.:    0    OBJECTIVE VALUE:   4067.34635630572        NO. OF FUNC. EVALS.:   9
 CUMULATIVE NO. OF FUNC. EVALS.:        9
 NPARAMETR:  9.0000E-01  4.2000E+00  3.6000E+00  5.8100E+00  3.4400E+00  1.0000E-01  1.0000E-01  1.0000E-01  2.0000E-01  2.0000E-01

 PARAMETER:  1.0000E-01  1.0000E-01  1.0000E-01  1.0000E-01  1.0000E-01  1.0000E-01  1.0000E-01  1.0000E-01  1.0000E-01  1.0000E-01

 GRADIENT:   0.0000E+00  0.0000E+00  0.0000E+00  0.0000E+00  0.0000E+00  0.0000E+00  0.0000E+00  0.0000E+00  0.0000E+00 -8.9160E+03


0ITERATION NO.:    6    OBJECTIVE VALUE:   938.667100261812        NO. OF FUNC. EVALS.:  73
 CUMULATIVE NO. OF FUNC. EVALS.:       82
 NPARAMETR:  9.0000E-01  4.2000E+00  3.6000E+00  5.8100E+00  3.4400E+00  1.0000E-01  1.0000E-01  1.0000E-01  2.0000E-01  1.6066E+00

 PARAMETER:  1.0000E-01  1.0000E-01  1.0000E-01  1.0000E-01  1.0000E-01  1.0000E-01  1.0000E-01  1.0000E-01  1.0000E-01  1.1418E+00

 GRADIENT:   0.0000E+00  0.0000E+00  0.0000E+00  0.0000E+00  0.0000E+00  0.0000E+00  0.0000E+00  0.0000E+00  0.0000E+00  1.2476E+01


 #TERM:
0MINIMIZATION SUCCESSFUL
 NO. OF FUNCTION EVALUATIONS USED:       82
 NO. OF SIG. DIGITS IN FINAL EST.:  2.3

 ETABAR IS THE ARITHMETIC MEAN OF THE ETA-ESTIMATES,
 AND THE P-VALUE IS GIVEN FOR THE NULL HYPOTHESIS THAT THE TRUE MEAN IS 0.

 ETABAR:         0.0000E+00  0.0000E+00  0.0000E+00  0.0000E+00  0.0000E+00
 SE:             0.0000E+00  0.0000E+00  0.0000E+00  0.0000E+00  0.0000E+00
 N:                      90          90          90          90          90

 P VAL.:         1.0000E+00  1.0000E+00  1.0000E+00  1.0000E+00  1.0000E+00

 ETASHRINKSD(%)  1.0000E+02  1.0000E+02  1.0000E+02  1.0000E+02  1.0000E+02
 ETASHRINKVR(%)  1.0000E+02  1.0000E+02  1.0000E+02  1.0000E+02  1.0000E+02
 EBVSHRINKSD(%)  1.0000E+02  1.0000E+02  1.0000E+02  0.0000E+00  0.0000E+00
 EBVSHRINKVR(%)  1.0000E+02  1.0000E+02  1.0000E+02  0.0000E+00  0.0000E+00
 EPSSHRINKSD(%)  1.0000E+02  4.8783E-01
 EPSSHRINKVR(%)  1.0000E+02  9.7328E-01

  
 TOTAL DATA POINTS NORMALLY DISTRIBUTED (N):          641
 N*LOG(2PI) CONSTANT TO OBJECTIVE FUNCTION:    1178.0791995683903     
 OBJECTIVE FUNCTION VALUE WITHOUT CONSTANT:    938.66710026181158     
 OBJECTIVE FUNCTION VALUE WITH CONSTANT:       2116.7462998302017     
 REPORTED OBJECTIVE FUNCTION DOES NOT CONTAIN CONSTANT
  
 TOTAL EFFECTIVE ETAS (NIND*NETA):                           270
  
 #TERE:
 Elapsed estimation  time in seconds:     0.14
 Elapsed postprocess time in seconds:     0.02
1
 
 
 
 
 
 
 
 
 
 
 
 
 
 
 
 
 
 
 
 
 ************************************************************************************************************************
 ********************                                                                                ********************
 ********************               FIRST ORDER CONDITIONAL ESTIMATION WITH INTERACTION              ********************
 #OBJT:**************                       MINIMUM VALUE OF OBJECTIVE FUNCTION                      ********************
 ********************                                                                                ********************
 ************************************************************************************************************************
 





 #OBJV:********************************************      938.667       **************************************************
1
 ************************************************************************************************************************
 ********************                                                                                ********************
 ********************               FIRST ORDER CONDITIONAL ESTIMATION WITH INTERACTION              ********************
 ********************                             FINAL PARAMETER ESTIMATE                           ********************
 ********************                                                                                ********************
 ************************************************************************************************************************
 


 THETA - VECTOR OF FIXED EFFECTS PARAMETERS   *********


         TH 1      TH 2      TH 3      TH 4      TH 5     
 
         9.00E-01  4.20E+00  3.60E+00  5.81E+00  3.44E+00
 


 OMEGA - COV MATRIX FOR RANDOM EFFECTS - ETAS  ********


         ETA1      ETA2      ETA3      ETA4      ETA5     
 
 ETA1
+        1.00E-01
 
 ETA2
+        0.00E+00  1.00E-01
 
 ETA3
+        0.00E+00  0.00E+00  1.00E-01
 
 ETA4
+        0.00E+00  0.00E+00  0.00E+00  0.00E+00
 
 ETA5
+        0.00E+00  0.00E+00  0.00E+00  0.00E+00  0.00E+00
 


 SIGMA - COV MATRIX FOR RANDOM EFFECTS - EPSILONS  ****


         EPS1      EPS2     
 
 EPS1
+        2.00E-01
 
 EPS2
+        0.00E+00  1.61E+00
 
1


 OMEGA - CORR MATRIX FOR RANDOM EFFECTS - ETAS  *******


         ETA1      ETA2      ETA3      ETA4      ETA5     
 
 ETA1
+        3.16E-01
 
 ETA2
+        0.00E+00  3.16E-01
 
 ETA3
+        0.00E+00  0.00E+00  3.16E-01
 
 ETA4
+        0.00E+00  0.00E+00  0.00E+00  0.00E+00
 
 ETA5
+        0.00E+00  0.00E+00  0.00E+00  0.00E+00  0.00E+00
 


 SIGMA - CORR MATRIX FOR RANDOM EFFECTS - EPSILONS  ***


         EPS1      EPS2     
 
 EPS1
+        4.47E-01
 
 EPS2
+        0.00E+00  1.27E+00
 
1
 
 
 
 
 
 
 
 
 
 
 
 
 
 
 
 
 
 
 
 
 ************************************************************************************************************************
 ********************                                                                                ********************
 ********************               FIRST ORDER CONDITIONAL ESTIMATION WITH INTERACTION              ********************
 ********************                          TABLES OF DATA AND PREDICTIONS                        ********************
 ********************                                                                                ********************
 ************************************************************************************************************************
 
1TABLE NO.  1



 LINE NO.KA        V2        CL        V3        Q         IPRED     DV        PRED      RES       WRES     
 
    1
+        9.00E-01  4.20E+00  3.60E+00  5.81E+00  3.44E+00  0.00E+00  2.57E-01  0.00E+00  2.57E-01  2.03E-01
 
    2
+        9.00E-01  4.20E+00  3.60E+00  5.81E+00  3.44E+00  0.00E+00  7.08E-01  0.00E+00  7.08E-01  5.59E-01
 
    3
+        9.00E-01  4.20E+00  3.60E+00  5.81E+00  3.44E+00  0.00E+00  5.86E-01  0.00E+00  5.86E-01  4.62E-01
 
    4
+        9.00E-01  4.20E+00  3.60E+00  5.81E+00  3.44E+00  0.00E+00  6.50E-01  0.00E+00  6.50E-01  5.13E-01
 
    5
+        9.00E-01  4.20E+00  3.60E+00  5.81E+00  3.44E+00  0.00E+00  1.85E-01  0.00E+00  1.85E-01  1.46E-01
 
    6
+        9.00E-01  4.20E+00  3.60E+00  5.81E+00  3.44E+00  0.00E+00  8.67E-02  0.00E+00  8.67E-02  6.84E-02
 
    7
+        9.00E-01  4.20E+00  3.60E+00  5.81E+00  3.44E+00  0.00E+00  1.80E-01  0.00E+00  1.80E-01  1.42E-01
 
    8
+        9.00E-01  4.20E+00  3.60E+00  5.81E+00  3.44E+00  0.00E+00  1.99E-01  0.00E+00  1.99E-01  1.57E-01
 
    9
+        9.00E-01  4.20E+00  3.60E+00  5.81E+00  3.44E+00  0.00E+00  1.94E-01  0.00E+00  1.94E-01  1.53E-01
 
   10
+        9.00E-01  4.20E+00  3.60E+00  5.81E+00  3.44E+00  0.00E+00  2.12E-01  0.00E+00  2.12E-01  1.67E-01
 
   11
+        9.00E-01  4.20E+00  3.60E+00  5.81E+00  3.44E+00  0.00E+00  7.67E-02  0.00E+00  7.67E-02  6.05E-02
 
   12
+        9.00E-01  4.20E+00  3.60E+00  5.81E+00  3.44E+00  0.00E+00  1.76E-01  0.00E+00  1.76E-01  1.39E-01
 
   13
+        9.00E-01  4.20E+00  3.60E+00  5.81E+00  3.44E+00  0.00E+00  2.79E-01  0.00E+00  2.79E-01  2.20E-01
 
   14
+        9.00E-01  4.20E+00  3.60E+00  5.81E+00  3.44E+00  0.00E+00  1.91E-01  0.00E+00  1.91E-01  1.50E-01
 
   15
+        9.00E-01  4.20E+00  3.60E+00  5.81E+00  3.44E+00  0.00E+00  1.85E-01  0.00E+00  1.85E-01  1.46E-01
 
   16
+        9.00E-01  4.20E+00  3.60E+00  5.81E+00  3.44E+00  0.00E+00  5.51E-02  0.00E+00  5.51E-02  4.35E-02
 
   17
+        9.00E-01  4.20E+00  3.60E+00  5.81E+00  3.44E+00  0.00E+00  1.39E-01  0.00E+00  1.39E-01  1.09E-01
 
   18
+        9.00E-01  4.20E+00  3.60E+00  5.81E+00  3.44E+00  0.00E+00  1.63E-01  0.00E+00  1.63E-01  1.28E-01
 
   19
+        9.00E-01  4.20E+00  3.60E+00  5.81E+00  3.44E+00  0.00E+00  2.59E-01  0.00E+00  2.59E-01  2.04E-01
 
   20
+        9.00E-01  4.20E+00  3.60E+00  5.81E+00  3.44E+00  0.00E+00  6.46E-02  0.00E+00  6.46E-02  5.10E-02
 
   21
+        9.00E-01  4.20E+00  3.60E+00  5.81E+00  3.44E+00  0.00E+00  5.69E-02  0.00E+00  5.69E-02  4.49E-02
 
   22
+        9.00E-01  4.20E+00  3.60E+00  5.81E+00  3.44E+00  0.00E+00  1.11E-01  0.00E+00  1.11E-01  8.73E-02
 
   23
+        9.00E-01  4.20E+00  3.60E+00  5.81E+00  3.44E+00  0.00E+00  3.59E-01  0.00E+00  3.59E-01  2.83E-01
 
   24
+        9.00E-01  4.20E+00  3.60E+00  5.81E+00  3.44E+00  0.00E+00  2.00E-01  0.00E+00  2.00E-01  1.58E-01
 
   25
+        9.00E-01  4.20E+00  3.60E+00  5.81E+00  3.44E+00  0.00E+00  1.26E-01  0.00E+00  1.26E-01  9.97E-02
 
1

 LINE NO.KA        V2        CL        V3        Q         IPRED     DV        PRED      RES       WRES     
 
   26
+        9.00E-01  4.20E+00  3.60E+00  5.81E+00  3.44E+00  0.00E+00  7.35E-02  0.00E+00  7.35E-02  5.80E-02
 
   27
+        9.00E-01  4.20E+00  3.60E+00  5.81E+00  3.44E+00  0.00E+00  6.30E-02  0.00E+00  6.30E-02  4.97E-02
 
   28
+        9.00E-01  4.20E+00  3.60E+00  5.81E+00  3.44E+00  0.00E+00  6.80E-02  0.00E+00  6.80E-02  5.37E-02
 
   29
+        9.00E-01  4.20E+00  3.60E+00  5.81E+00  3.44E+00  0.00E+00  1.66E-01  0.00E+00  1.66E-01  1.31E-01
 
   30
+        9.00E-01  4.20E+00  3.60E+00  5.81E+00  3.44E+00  0.00E+00  2.07E-01  0.00E+00  2.07E-01  1.63E-01
 
   31
+        9.00E-01  4.20E+00  3.60E+00  5.81E+00  3.44E+00  0.00E+00  3.15E-01  0.00E+00  3.15E-01  2.48E-01
 
   32
+        9.00E-01  4.20E+00  3.60E+00  5.81E+00  3.44E+00  0.00E+00  5.58E-02  0.00E+00  5.58E-02  4.41E-02
 
   33
+        9.00E-01  4.20E+00  3.60E+00  5.81E+00  3.44E+00  0.00E+00  1.92E-01  0.00E+00  1.92E-01  1.52E-01
 
   34
+        9.00E-01  4.20E+00  3.60E+00  5.81E+00  3.44E+00  0.00E+00  2.31E-01  0.00E+00  2.31E-01  1.82E-01
 
   35
+        9.00E-01  4.20E+00  3.60E+00  5.81E+00  3.44E+00  0.00E+00  1.78E-01  0.00E+00  1.78E-01  1.41E-01
 
   36
+        9.00E-01  4.20E+00  3.60E+00  5.81E+00  3.44E+00  0.00E+00  8.06E-02  0.00E+00  8.06E-02  6.36E-02
 
   37
+        9.00E-01  4.20E+00  3.60E+00  5.81E+00  3.44E+00  0.00E+00  1.32E-01  0.00E+00  1.32E-01  1.04E-01
 
   38
+        9.00E-01  4.20E+00  3.60E+00  5.81E+00  3.44E+00  0.00E+00  1.00E-01  0.00E+00  1.00E-01  7.91E-02
 
   39
+        9.00E-01  4.20E+00  3.60E+00  5.81E+00  3.44E+00  0.00E+00  3.15E-01  0.00E+00  3.15E-01  2.48E-01
 
   40
+        9.00E-01  4.20E+00  3.60E+00  5.81E+00  3.44E+00  0.00E+00  2.36E-01  0.00E+00  2.36E-01  1.86E-01
 
   41
+        9.00E-01  4.20E+00  3.60E+00  5.81E+00  3.44E+00  0.00E+00  2.59E-01  0.00E+00  2.59E-01  2.05E-01
 
   42
+        9.00E-01  4.20E+00  3.60E+00  5.81E+00  3.44E+00  0.00E+00  1.33E-01  0.00E+00  1.33E-01  1.05E-01
 
   43
+        9.00E-01  4.20E+00  3.60E+00  5.81E+00  3.44E+00  0.00E+00  1.26E-01  0.00E+00  1.26E-01  9.94E-02
 
   44
+        9.00E-01  4.20E+00  3.60E+00  5.81E+00  3.44E+00  0.00E+00  7.18E-02  0.00E+00  7.18E-02  5.66E-02
 
   45
+        9.00E-01  4.20E+00  3.60E+00  5.81E+00  3.44E+00  0.00E+00  5.21E-02  0.00E+00  5.21E-02  4.11E-02
 
   46
+        9.00E-01  4.20E+00  3.60E+00  5.81E+00  3.44E+00  0.00E+00  1.20E-01  0.00E+00  1.20E-01  9.48E-02
 
   47
+        9.00E-01  4.20E+00  3.60E+00  5.81E+00  3.44E+00  0.00E+00  3.69E-01  0.00E+00  3.69E-01  2.91E-01
 
   48
+        9.00E-01  4.20E+00  3.60E+00  5.81E+00  3.44E+00  0.00E+00  3.89E-01  0.00E+00  3.89E-01  3.07E-01
 
   49
+        9.00E-01  4.20E+00  3.60E+00  5.81E+00  3.44E+00  0.00E+00  1.93E-01  0.00E+00  1.93E-01  1.52E-01
 
   50
+        9.00E-01  4.20E+00  3.60E+00  5.81E+00  3.44E+00  0.00E+00  1.91E-01  0.00E+00  1.91E-01  1.51E-01
 
   51
+        9.00E-01  4.20E+00  3.60E+00  5.81E+00  3.44E+00  0.00E+00  8.72E-02  0.00E+00  8.72E-02  6.88E-02
 
1

 LINE NO.KA        V2        CL        V3        Q         IPRED     DV        PRED      RES       WRES     
 
   52
+        9.00E-01  4.20E+00  3.60E+00  5.81E+00  3.44E+00  0.00E+00  1.21E-01  0.00E+00  1.21E-01  9.51E-02
 
   53
+        9.00E-01  4.20E+00  3.60E+00  5.81E+00  3.44E+00  0.00E+00  2.08E-01  0.00E+00  2.08E-01  1.64E-01
 
   54
+        9.00E-01  4.20E+00  3.60E+00  5.81E+00  3.44E+00  0.00E+00  1.17E-01  0.00E+00  1.17E-01  9.19E-02
 
   55
+        9.00E-01  4.20E+00  3.60E+00  5.81E+00  3.44E+00  0.00E+00  9.80E-02  0.00E+00  9.80E-02  7.73E-02
 
   56
+        9.00E-01  4.20E+00  3.60E+00  5.81E+00  3.44E+00  0.00E+00  6.85E-02  0.00E+00  6.85E-02  5.40E-02
 
   57
+        9.00E-01  4.20E+00  3.60E+00  5.81E+00  3.44E+00  0.00E+00  2.95E-01  0.00E+00  2.95E-01  2.32E-01
 
   58
+        9.00E-01  4.20E+00  3.60E+00  5.81E+00  3.44E+00  0.00E+00  3.90E-01  0.00E+00  3.90E-01  3.07E-01
 
   59
+        9.00E-01  4.20E+00  3.60E+00  5.81E+00  3.44E+00  0.00E+00  1.88E-01  0.00E+00  1.88E-01  1.48E-01
 
   60
+        9.00E-01  4.20E+00  3.60E+00  5.81E+00  3.44E+00  0.00E+00  1.32E-01  0.00E+00  1.32E-01  1.04E-01
 
   61
+        9.00E-01  4.20E+00  3.60E+00  5.81E+00  3.44E+00  0.00E+00  1.80E-01  0.00E+00  1.80E-01  1.42E-01
 
   62
+        9.00E-01  4.20E+00  3.60E+00  5.81E+00  3.44E+00  0.00E+00  4.55E-01  0.00E+00  4.55E-01  3.59E-01
 
   63
+        9.00E-01  4.20E+00  3.60E+00  5.81E+00  3.44E+00  0.00E+00  5.31E-01  0.00E+00  5.31E-01  4.19E-01
 
   64
+        9.00E-01  4.20E+00  3.60E+00  5.81E+00  3.44E+00  0.00E+00  3.12E-01  0.00E+00  3.12E-01  2.46E-01
 
   65
+        9.00E-01  4.20E+00  3.60E+00  5.81E+00  3.44E+00  0.00E+00  1.41E-01  0.00E+00  1.41E-01  1.11E-01
 
   66
+        9.00E-01  4.20E+00  3.60E+00  5.81E+00  3.44E+00  0.00E+00  1.52E-01  0.00E+00  1.52E-01  1.20E-01
 
   67
+        9.00E-01  4.20E+00  3.60E+00  5.81E+00  3.44E+00  0.00E+00  1.65E-01  0.00E+00  1.65E-01  1.30E-01
 
   68
+        9.00E-01  4.20E+00  3.60E+00  5.81E+00  3.44E+00  0.00E+00  1.79E-01  0.00E+00  1.79E-01  1.41E-01
 
   69
+        9.00E-01  4.20E+00  3.60E+00  5.81E+00  3.44E+00  0.00E+00  1.10E-01  0.00E+00  1.10E-01  8.67E-02
 
   70
+        9.00E-01  4.20E+00  3.60E+00  5.81E+00  3.44E+00  0.00E+00  1.08E-01  0.00E+00  1.08E-01  8.55E-02
 
   71
+        9.00E-01  4.20E+00  3.60E+00  5.81E+00  3.44E+00  0.00E+00  9.22E-02  0.00E+00  9.22E-02  7.27E-02
 
   72
+        9.00E-01  4.20E+00  3.60E+00  5.81E+00  3.44E+00  0.00E+00  5.54E-02  0.00E+00  5.54E-02  4.37E-02
 
   73
+        9.00E-01  4.20E+00  3.60E+00  5.81E+00  3.44E+00  0.00E+00  1.60E-01  0.00E+00  1.60E-01  1.27E-01
 
   74
+        9.00E-01  4.20E+00  3.60E+00  5.81E+00  3.44E+00  0.00E+00  2.15E-01  0.00E+00  2.15E-01  1.70E-01
 
   75
+        9.00E-01  4.20E+00  3.60E+00  5.81E+00  3.44E+00  0.00E+00  1.73E-01  0.00E+00  1.73E-01  1.37E-01
 
   76
+        9.00E-01  4.20E+00  3.60E+00  5.81E+00  3.44E+00  0.00E+00  1.61E-01  0.00E+00  1.61E-01  1.27E-01
 
   77
+        9.00E-01  4.20E+00  3.60E+00  5.81E+00  3.44E+00  0.00E+00  8.04E-02  0.00E+00  8.04E-02  6.35E-02
 
1

 LINE NO.KA        V2        CL        V3        Q         IPRED     DV        PRED      RES       WRES     
 
   78
+        9.00E-01  4.20E+00  3.60E+00  5.81E+00  3.44E+00  0.00E+00  2.15E-01  0.00E+00  2.15E-01  1.70E-01
 
   79
+        9.00E-01  4.20E+00  3.60E+00  5.81E+00  3.44E+00  0.00E+00  2.18E-01  0.00E+00  2.18E-01  1.72E-01
 
   80
+        9.00E-01  4.20E+00  3.60E+00  5.81E+00  3.44E+00  0.00E+00  5.62E-01  0.00E+00  5.62E-01  4.43E-01
 
   81
+        9.00E-01  4.20E+00  3.60E+00  5.81E+00  3.44E+00  0.00E+00  4.93E-01  0.00E+00  4.93E-01  3.89E-01
 
   82
+        9.00E-01  4.20E+00  3.60E+00  5.81E+00  3.44E+00  0.00E+00  1.06E-01  0.00E+00  1.06E-01  8.37E-02
 
   83
+        9.00E-01  4.20E+00  3.60E+00  5.81E+00  3.44E+00  0.00E+00  1.63E-01  0.00E+00  1.63E-01  1.28E-01
 
   84
+        9.00E-01  4.20E+00  3.60E+00  5.81E+00  3.44E+00  0.00E+00  1.44E-01  0.00E+00  1.44E-01  1.14E-01
 
   85
+        9.00E-01  4.20E+00  3.60E+00  5.81E+00  3.44E+00  0.00E+00  1.69E-01  0.00E+00  1.69E-01  1.33E-01
 
   86
+        9.00E-01  4.20E+00  3.60E+00  5.81E+00  3.44E+00  0.00E+00  8.51E-02  0.00E+00  8.51E-02  6.71E-02
 
   87
+        9.00E-01  4.20E+00  3.60E+00  5.81E+00  3.44E+00  0.00E+00  2.24E-01  0.00E+00  2.24E-01  1.77E-01
 
   88
+        9.00E-01  4.20E+00  3.60E+00  5.81E+00  3.44E+00  0.00E+00  2.38E-01  0.00E+00  2.38E-01  1.88E-01
 
   89
+        9.00E-01  4.20E+00  3.60E+00  5.81E+00  3.44E+00  0.00E+00  2.78E-01  0.00E+00  2.78E-01  2.19E-01
 
   90
+        9.00E-01  4.20E+00  3.60E+00  5.81E+00  3.44E+00  0.00E+00  5.02E-02  0.00E+00  5.02E-02  3.96E-02
 
   91
+        9.00E-01  4.20E+00  3.60E+00  5.81E+00  3.44E+00  0.00E+00  2.29E-01  0.00E+00  2.29E-01  1.81E-01
 
   92
+        9.00E-01  4.20E+00  3.60E+00  5.81E+00  3.44E+00  0.00E+00  1.94E-01  0.00E+00  1.94E-01  1.53E-01
 
   93
+        9.00E-01  4.20E+00  3.60E+00  5.81E+00  3.44E+00  0.00E+00  8.71E-02  0.00E+00  8.71E-02  6.87E-02
 
   94
+        9.00E-01  4.20E+00  3.60E+00  5.81E+00  3.44E+00  0.00E+00  1.72E-01  0.00E+00  1.72E-01  1.36E-01
 
   95
+        9.00E-01  4.20E+00  3.60E+00  5.81E+00  3.44E+00  0.00E+00  7.84E-02  0.00E+00  7.84E-02  6.18E-02
 
   96
+        9.00E-01  4.20E+00  3.60E+00  5.81E+00  3.44E+00  0.00E+00  2.03E-01  0.00E+00  2.03E-01  1.60E-01
 
   97
+        9.00E-01  4.20E+00  3.60E+00  5.81E+00  3.44E+00  0.00E+00  1.27E-01  0.00E+00  1.27E-01  1.00E-01
 
   98
+        9.00E-01  4.20E+00  3.60E+00  5.81E+00  3.44E+00  0.00E+00  1.96E-01  0.00E+00  1.96E-01  1.55E-01
 
   99
+        9.00E-01  4.20E+00  3.60E+00  5.81E+00  3.44E+00  0.00E+00  1.72E-01  0.00E+00  1.72E-01  1.35E-01
 
  100
+        9.00E-01  4.20E+00  3.60E+00  5.81E+00  3.44E+00  0.00E+00  1.45E-01  0.00E+00  1.45E-01  1.15E-01
 
  101
+        9.00E-01  4.20E+00  3.60E+00  5.81E+00  3.44E+00  0.00E+00  6.77E-02  0.00E+00  6.77E-02  5.34E-02
 
  102
+        9.00E-01  4.20E+00  3.60E+00  5.81E+00  3.44E+00  0.00E+00  1.92E-01  0.00E+00  1.92E-01  1.51E-01
 
  103
+        9.00E-01  4.20E+00  3.60E+00  5.81E+00  3.44E+00  0.00E+00  2.78E-01  0.00E+00  2.78E-01  2.19E-01
 
1

 LINE NO.KA        V2        CL        V3        Q         IPRED     DV        PRED      RES       WRES     
 
  104
+        9.00E-01  4.20E+00  3.60E+00  5.81E+00  3.44E+00  0.00E+00  2.43E-01  0.00E+00  2.43E-01  1.92E-01
 
  105
+        9.00E-01  4.20E+00  3.60E+00  5.81E+00  3.44E+00  0.00E+00  2.38E-01  0.00E+00  2.38E-01  1.88E-01
 
  106
+        9.00E-01  4.20E+00  3.60E+00  5.81E+00  3.44E+00  0.00E+00  1.16E-01  0.00E+00  1.16E-01  9.14E-02
 
  107
+        9.00E-01  4.20E+00  3.60E+00  5.81E+00  3.44E+00  0.00E+00  1.17E-01  0.00E+00  1.17E-01  9.25E-02
 
  108
+        9.00E-01  4.20E+00  3.60E+00  5.81E+00  3.44E+00  0.00E+00  5.36E-01  0.00E+00  5.36E-01  4.23E-01
 
  109
+        9.00E-01  4.20E+00  3.60E+00  5.81E+00  3.44E+00  0.00E+00  4.97E-01  0.00E+00  4.97E-01  3.92E-01
 
  110
+        9.00E-01  4.20E+00  3.60E+00  5.81E+00  3.44E+00  0.00E+00  3.21E-01  0.00E+00  3.21E-01  2.53E-01
 
  111
+        9.00E-01  4.20E+00  3.60E+00  5.81E+00  3.44E+00  0.00E+00  1.30E-01  0.00E+00  1.30E-01  1.03E-01
 
  112
+        9.00E-01  4.20E+00  3.60E+00  5.81E+00  3.44E+00  0.00E+00  1.70E-01  0.00E+00  1.70E-01  1.34E-01
 
  113
+        9.00E-01  4.20E+00  3.60E+00  5.81E+00  3.44E+00  0.00E+00  3.64E-01  0.00E+00  3.64E-01  2.87E-01
 
  114
+        9.00E-01  4.20E+00  3.60E+00  5.81E+00  3.44E+00  0.00E+00  4.15E-01  0.00E+00  4.15E-01  3.27E-01
 
  115
+        9.00E-01  4.20E+00  3.60E+00  5.81E+00  3.44E+00  0.00E+00  3.14E-01  0.00E+00  3.14E-01  2.48E-01
 
  116
+        9.00E-01  4.20E+00  3.60E+00  5.81E+00  3.44E+00  0.00E+00  1.40E-01  0.00E+00  1.40E-01  1.10E-01
 
  117
+        9.00E-01  4.20E+00  3.60E+00  5.81E+00  3.44E+00  0.00E+00  6.54E-02  0.00E+00  6.54E-02  5.16E-02
 
  118
+        9.00E-01  4.20E+00  3.60E+00  5.81E+00  3.44E+00  0.00E+00  1.51E-01  0.00E+00  1.51E-01  1.19E-01
 
  119
+        9.00E-01  4.20E+00  3.60E+00  5.81E+00  3.44E+00  0.00E+00  4.23E-01  0.00E+00  4.23E-01  3.33E-01
 
  120
+        9.00E-01  4.20E+00  3.60E+00  5.81E+00  3.44E+00  0.00E+00  3.97E-01  0.00E+00  3.97E-01  3.13E-01
 
  121
+        9.00E-01  4.20E+00  3.60E+00  5.81E+00  3.44E+00  0.00E+00  2.79E-01  0.00E+00  2.79E-01  2.20E-01
 
  122
+        9.00E-01  4.20E+00  3.60E+00  5.81E+00  3.44E+00  0.00E+00  2.32E-01  0.00E+00  2.32E-01  1.83E-01
 
  123
+        9.00E-01  4.20E+00  3.60E+00  5.81E+00  3.44E+00  0.00E+00  1.63E-01  0.00E+00  1.63E-01  1.29E-01
 
  124
+        9.00E-01  4.20E+00  3.60E+00  5.81E+00  3.44E+00  0.00E+00  1.17E-01  0.00E+00  1.17E-01  9.25E-02
 
  125
+        9.00E-01  4.20E+00  3.60E+00  5.81E+00  3.44E+00  0.00E+00  3.70E-01  0.00E+00  3.70E-01  2.92E-01
 
  126
+        9.00E-01  4.20E+00  3.60E+00  5.81E+00  3.44E+00  0.00E+00  1.75E-01  0.00E+00  1.75E-01  1.38E-01
 
  127
+        9.00E-01  4.20E+00  3.60E+00  5.81E+00  3.44E+00  0.00E+00  5.39E-02  0.00E+00  5.39E-02  4.25E-02
 
  128
+        9.00E-01  4.20E+00  3.60E+00  5.81E+00  3.44E+00  0.00E+00  2.35E-01  0.00E+00  2.35E-01  1.85E-01
 
  129
+        9.00E-01  4.20E+00  3.60E+00  5.81E+00  3.44E+00  0.00E+00  3.15E-01  0.00E+00  3.15E-01  2.49E-01
 
1

 LINE NO.KA        V2        CL        V3        Q         IPRED     DV        PRED      RES       WRES     
 
  130
+        9.00E-01  4.20E+00  3.60E+00  5.81E+00  3.44E+00  0.00E+00  1.90E-01  0.00E+00  1.90E-01  1.50E-01
 
  131
+        9.00E-01  4.20E+00  3.60E+00  5.81E+00  3.44E+00  0.00E+00  7.32E-02  0.00E+00  7.32E-02  5.78E-02
 
  132
+        9.00E-01  4.20E+00  3.60E+00  5.81E+00  3.44E+00  0.00E+00  1.28E-01  0.00E+00  1.28E-01  1.01E-01
 
  133
+        9.00E-01  4.20E+00  3.60E+00  5.81E+00  3.44E+00  0.00E+00  1.99E-01  0.00E+00  1.99E-01  1.57E-01
 
  134
+        9.00E-01  4.20E+00  3.60E+00  5.81E+00  3.44E+00  0.00E+00  1.88E-01  0.00E+00  1.88E-01  1.48E-01
 
  135
+        9.00E-01  4.20E+00  3.60E+00  5.81E+00  3.44E+00  0.00E+00  6.91E-02  0.00E+00  6.91E-02  5.45E-02
 
  136
+        9.00E-01  4.20E+00  3.60E+00  5.81E+00  3.44E+00  0.00E+00  8.37E-02  0.00E+00  8.37E-02  6.60E-02
 
  137
+        9.00E-01  4.20E+00  3.60E+00  5.81E+00  3.44E+00  0.00E+00  1.55E-01  0.00E+00  1.55E-01  1.22E-01
 
  138
+        9.00E-01  4.20E+00  3.60E+00  5.81E+00  3.44E+00  0.00E+00  6.35E-02  0.00E+00  6.35E-02  5.01E-02
 
  139
+        9.00E-01  4.20E+00  3.60E+00  5.81E+00  3.44E+00  0.00E+00  8.57E-02  0.00E+00  8.57E-02  6.76E-02
 
  140
+        9.00E-01  4.20E+00  3.60E+00  5.81E+00  3.44E+00  0.00E+00  5.25E-02  0.00E+00  5.25E-02  4.14E-02
 
  141
+        9.00E-01  4.20E+00  3.60E+00  5.81E+00  3.44E+00  0.00E+00  1.17E-01  0.00E+00  1.17E-01  9.22E-02
 
  142
+        9.00E-01  4.20E+00  3.60E+00  5.81E+00  3.44E+00  0.00E+00  1.94E-01  0.00E+00  1.94E-01  1.53E-01
 
  143
+        9.00E-01  4.20E+00  3.60E+00  5.81E+00  3.44E+00  0.00E+00  1.95E-01  0.00E+00  1.95E-01  1.54E-01
 
  144
+        9.00E-01  4.20E+00  3.60E+00  5.81E+00  3.44E+00  0.00E+00  5.03E-02  0.00E+00  5.03E-02  3.97E-02
 
  145
+        9.00E-01  4.20E+00  3.60E+00  5.81E+00  3.44E+00  0.00E+00  1.01E-01  0.00E+00  1.01E-01  7.93E-02
 
  146
+        9.00E-01  4.20E+00  3.60E+00  5.81E+00  3.44E+00  0.00E+00  2.10E-01  0.00E+00  2.10E-01  1.65E-01
 
  147
+        9.00E-01  4.20E+00  3.60E+00  5.81E+00  3.44E+00  0.00E+00  3.37E-01  0.00E+00  3.37E-01  2.66E-01
 
  148
+        9.00E-01  4.20E+00  3.60E+00  5.81E+00  3.44E+00  0.00E+00  1.16E-01  0.00E+00  1.16E-01  9.12E-02
 
  149
+        9.00E-01  4.20E+00  3.60E+00  5.81E+00  3.44E+00  0.00E+00  1.22E-01  0.00E+00  1.22E-01  9.66E-02
 
  150
+        9.00E-01  4.20E+00  3.60E+00  5.81E+00  3.44E+00  0.00E+00  5.66E-02  0.00E+00  5.66E-02  4.46E-02
 
  151
+        9.00E-01  4.20E+00  3.60E+00  5.81E+00  3.44E+00  0.00E+00  7.28E-02  0.00E+00  7.28E-02  5.74E-02
 
  152
+        9.00E-01  4.20E+00  3.60E+00  5.81E+00  3.44E+00  0.00E+00  1.81E-01  0.00E+00  1.81E-01  1.43E-01
 
  153
+        9.00E-01  4.20E+00  3.60E+00  5.81E+00  3.44E+00  0.00E+00  8.61E-02  0.00E+00  8.61E-02  6.79E-02
 
  154
+        9.00E-01  4.20E+00  3.60E+00  5.81E+00  3.44E+00  0.00E+00  6.67E-02  0.00E+00  6.67E-02  5.26E-02
 
  155
+        9.00E-01  4.20E+00  3.60E+00  5.81E+00  3.44E+00  0.00E+00  1.38E-01  0.00E+00  1.38E-01  1.09E-01
 
1

 LINE NO.KA        V2        CL        V3        Q         IPRED     DV        PRED      RES       WRES     
 
  156
+        9.00E-01  4.20E+00  3.60E+00  5.81E+00  3.44E+00  0.00E+00  7.11E-02  0.00E+00  7.11E-02  5.61E-02
 
  157
+        9.00E-01  4.20E+00  3.60E+00  5.81E+00  3.44E+00  0.00E+00  6.98E-01  0.00E+00  6.98E-01  5.51E-01
 
  158
+        9.00E-01  4.20E+00  3.60E+00  5.81E+00  3.44E+00  0.00E+00  1.26E+00  0.00E+00  1.26E+00  9.91E-01
 
  159
+        9.00E-01  4.20E+00  3.60E+00  5.81E+00  3.44E+00  0.00E+00  1.18E+00  0.00E+00  1.18E+00  9.35E-01
 
  160
+        9.00E-01  4.20E+00  3.60E+00  5.81E+00  3.44E+00  0.00E+00  4.37E-01  0.00E+00  4.37E-01  3.45E-01
 
  161
+        9.00E-01  4.20E+00  3.60E+00  5.81E+00  3.44E+00  0.00E+00  1.37E-01  0.00E+00  1.37E-01  1.08E-01
 
  162
+        9.00E-01  4.20E+00  3.60E+00  5.81E+00  3.44E+00  0.00E+00  1.07E-01  0.00E+00  1.07E-01  8.47E-02
 
  163
+        9.00E-01  4.20E+00  3.60E+00  5.81E+00  3.44E+00  0.00E+00  6.10E-02  0.00E+00  6.10E-02  4.81E-02
 
  164
+        9.00E-01  4.20E+00  3.60E+00  5.81E+00  3.44E+00  0.00E+00  2.42E-01  0.00E+00  2.42E-01  1.91E-01
 
  165
+        9.00E-01  4.20E+00  3.60E+00  5.81E+00  3.44E+00  0.00E+00  3.66E-01  0.00E+00  3.66E-01  2.89E-01
 
  166
+        9.00E-01  4.20E+00  3.60E+00  5.81E+00  3.44E+00  0.00E+00  8.18E-01  0.00E+00  8.18E-01  6.45E-01
 
  167
+        9.00E-01  4.20E+00  3.60E+00  5.81E+00  3.44E+00  0.00E+00  6.17E-01  0.00E+00  6.17E-01  4.87E-01
 
  168
+        9.00E-01  4.20E+00  3.60E+00  5.81E+00  3.44E+00  0.00E+00  5.80E-01  0.00E+00  5.80E-01  4.57E-01
 
  169
+        9.00E-01  4.20E+00  3.60E+00  5.81E+00  3.44E+00  0.00E+00  9.61E-02  0.00E+00  9.61E-02  7.58E-02
 
  170
+        9.00E-01  4.20E+00  3.60E+00  5.81E+00  3.44E+00  0.00E+00  1.45E-01  0.00E+00  1.45E-01  1.14E-01
 
  171
+        9.00E-01  4.20E+00  3.60E+00  5.81E+00  3.44E+00  0.00E+00  7.73E-02  0.00E+00  7.73E-02  6.10E-02
 
  172
+        9.00E-01  4.20E+00  3.60E+00  5.81E+00  3.44E+00  0.00E+00  4.11E-01  0.00E+00  4.11E-01  3.25E-01
 
  173
+        9.00E-01  4.20E+00  3.60E+00  5.81E+00  3.44E+00  0.00E+00  1.25E+00  0.00E+00  1.25E+00  9.84E-01
 
  174
+        9.00E-01  4.20E+00  3.60E+00  5.81E+00  3.44E+00  0.00E+00  6.77E-01  0.00E+00  6.77E-01  5.34E-01
 
  175
+        9.00E-01  4.20E+00  3.60E+00  5.81E+00  3.44E+00  0.00E+00  5.41E-01  0.00E+00  5.41E-01  4.26E-01
 
  176
+        9.00E-01  4.20E+00  3.60E+00  5.81E+00  3.44E+00  0.00E+00  2.24E-01  0.00E+00  2.24E-01  1.77E-01
 
  177
+        9.00E-01  4.20E+00  3.60E+00  5.81E+00  3.44E+00  0.00E+00  1.59E-01  0.00E+00  1.59E-01  1.26E-01
 
  178
+        9.00E-01  4.20E+00  3.60E+00  5.81E+00  3.44E+00  0.00E+00  8.58E-02  0.00E+00  8.58E-02  6.77E-02
 
  179
+        9.00E-01  4.20E+00  3.60E+00  5.81E+00  3.44E+00  0.00E+00  5.90E-02  0.00E+00  5.90E-02  4.65E-02
 
  180
+        9.00E-01  4.20E+00  3.60E+00  5.81E+00  3.44E+00  0.00E+00  1.86E-01  0.00E+00  1.86E-01  1.47E-01
 
  181
+        9.00E-01  4.20E+00  3.60E+00  5.81E+00  3.44E+00  0.00E+00  7.84E-01  0.00E+00  7.84E-01  6.19E-01
 
1

 LINE NO.KA        V2        CL        V3        Q         IPRED     DV        PRED      RES       WRES     
 
  182
+        9.00E-01  4.20E+00  3.60E+00  5.81E+00  3.44E+00  0.00E+00  9.23E-01  0.00E+00  9.23E-01  7.28E-01
 
  183
+        9.00E-01  4.20E+00  3.60E+00  5.81E+00  3.44E+00  0.00E+00  8.98E-01  0.00E+00  8.98E-01  7.09E-01
 
  184
+        9.00E-01  4.20E+00  3.60E+00  5.81E+00  3.44E+00  0.00E+00  4.17E-01  0.00E+00  4.17E-01  3.29E-01
 
  185
+        9.00E-01  4.20E+00  3.60E+00  5.81E+00  3.44E+00  0.00E+00  1.67E-01  0.00E+00  1.67E-01  1.32E-01
 
  186
+        9.00E-01  4.20E+00  3.60E+00  5.81E+00  3.44E+00  0.00E+00  6.94E-02  0.00E+00  6.94E-02  5.48E-02
 
  187
+        9.00E-01  4.20E+00  3.60E+00  5.81E+00  3.44E+00  0.00E+00  5.59E-02  0.00E+00  5.59E-02  4.41E-02
 
  188
+        9.00E-01  4.20E+00  3.60E+00  5.81E+00  3.44E+00  0.00E+00  4.19E-01  0.00E+00  4.19E-01  3.31E-01
 
  189
+        9.00E-01  4.20E+00  3.60E+00  5.81E+00  3.44E+00  0.00E+00  1.47E+00  0.00E+00  1.47E+00  1.16E+00
 
  190
+        9.00E-01  4.20E+00  3.60E+00  5.81E+00  3.44E+00  0.00E+00  8.21E-01  0.00E+00  8.21E-01  6.47E-01
 
  191
+        9.00E-01  4.20E+00  3.60E+00  5.81E+00  3.44E+00  0.00E+00  1.08E+00  0.00E+00  1.08E+00  8.55E-01
 
  192
+        9.00E-01  4.20E+00  3.60E+00  5.81E+00  3.44E+00  0.00E+00  5.11E-01  0.00E+00  5.11E-01  4.03E-01
 
  193
+        9.00E-01  4.20E+00  3.60E+00  5.81E+00  3.44E+00  0.00E+00  2.88E-01  0.00E+00  2.88E-01  2.27E-01
 
  194
+        9.00E-01  4.20E+00  3.60E+00  5.81E+00  3.44E+00  0.00E+00  1.40E-01  0.00E+00  1.40E-01  1.11E-01
 
  195
+        9.00E-01  4.20E+00  3.60E+00  5.81E+00  3.44E+00  0.00E+00  1.21E-01  0.00E+00  1.21E-01  9.57E-02
 
  196
+        9.00E-01  4.20E+00  3.60E+00  5.81E+00  3.44E+00  0.00E+00  1.03E-01  0.00E+00  1.03E-01  8.10E-02
 
  197
+        9.00E-01  4.20E+00  3.60E+00  5.81E+00  3.44E+00  0.00E+00  1.01E+00  0.00E+00  1.01E+00  8.01E-01
 
  198
+        9.00E-01  4.20E+00  3.60E+00  5.81E+00  3.44E+00  0.00E+00  1.55E+00  0.00E+00  1.55E+00  1.22E+00
 
  199
+        9.00E-01  4.20E+00  3.60E+00  5.81E+00  3.44E+00  0.00E+00  1.40E+00  0.00E+00  1.40E+00  1.11E+00
 
  200
+        9.00E-01  4.20E+00  3.60E+00  5.81E+00  3.44E+00  0.00E+00  1.23E+00  0.00E+00  1.23E+00  9.71E-01
 
  201
+        9.00E-01  4.20E+00  3.60E+00  5.81E+00  3.44E+00  0.00E+00  3.76E-01  0.00E+00  3.76E-01  2.96E-01
 
  202
+        9.00E-01  4.20E+00  3.60E+00  5.81E+00  3.44E+00  0.00E+00  1.41E-01  0.00E+00  1.41E-01  1.12E-01
 
  203
+        9.00E-01  4.20E+00  3.60E+00  5.81E+00  3.44E+00  0.00E+00  7.84E-02  0.00E+00  7.84E-02  6.18E-02
 
  204
+        9.00E-01  4.20E+00  3.60E+00  5.81E+00  3.44E+00  0.00E+00  3.40E-01  0.00E+00  3.40E-01  2.69E-01
 
  205
+        9.00E-01  4.20E+00  3.60E+00  5.81E+00  3.44E+00  0.00E+00  3.98E-01  0.00E+00  3.98E-01  3.14E-01
 
  206
+        9.00E-01  4.20E+00  3.60E+00  5.81E+00  3.44E+00  0.00E+00  7.70E-01  0.00E+00  7.70E-01  6.07E-01
 
  207
+        9.00E-01  4.20E+00  3.60E+00  5.81E+00  3.44E+00  0.00E+00  1.05E+00  0.00E+00  1.05E+00  8.27E-01
 
1

 LINE NO.KA        V2        CL        V3        Q         IPRED     DV        PRED      RES       WRES     
 
  208
+        9.00E-01  4.20E+00  3.60E+00  5.81E+00  3.44E+00  0.00E+00  8.19E-01  0.00E+00  8.19E-01  6.46E-01
 
  209
+        9.00E-01  4.20E+00  3.60E+00  5.81E+00  3.44E+00  0.00E+00  3.65E-01  0.00E+00  3.65E-01  2.88E-01
 
  210
+        9.00E-01  4.20E+00  3.60E+00  5.81E+00  3.44E+00  0.00E+00  5.74E-01  0.00E+00  5.74E-01  4.52E-01
 
  211
+        9.00E-01  4.20E+00  3.60E+00  5.81E+00  3.44E+00  0.00E+00  3.60E-01  0.00E+00  3.60E-01  2.84E-01
 
  212
+        9.00E-01  4.20E+00  3.60E+00  5.81E+00  3.44E+00  0.00E+00  1.54E-01  0.00E+00  1.54E-01  1.22E-01
 
  213
+        9.00E-01  4.20E+00  3.60E+00  5.81E+00  3.44E+00  0.00E+00  3.43E-01  0.00E+00  3.43E-01  2.71E-01
 
  214
+        9.00E-01  4.20E+00  3.60E+00  5.81E+00  3.44E+00  0.00E+00  5.03E-01  0.00E+00  5.03E-01  3.97E-01
 
  215
+        9.00E-01  4.20E+00  3.60E+00  5.81E+00  3.44E+00  0.00E+00  5.07E-01  0.00E+00  5.07E-01  4.00E-01
 
  216
+        9.00E-01  4.20E+00  3.60E+00  5.81E+00  3.44E+00  0.00E+00  5.06E-01  0.00E+00  5.06E-01  3.99E-01
 
  217
+        9.00E-01  4.20E+00  3.60E+00  5.81E+00  3.44E+00  0.00E+00  1.77E-01  0.00E+00  1.77E-01  1.40E-01
 
  218
+        9.00E-01  4.20E+00  3.60E+00  5.81E+00  3.44E+00  0.00E+00  1.46E-01  0.00E+00  1.46E-01  1.15E-01
 
  219
+        9.00E-01  4.20E+00  3.60E+00  5.81E+00  3.44E+00  0.00E+00  1.06E-01  0.00E+00  1.06E-01  8.35E-02
 
  220
+        9.00E-01  4.20E+00  3.60E+00  5.81E+00  3.44E+00  0.00E+00  5.11E-02  0.00E+00  5.11E-02  4.03E-02
 
  221
+        9.00E-01  4.20E+00  3.60E+00  5.81E+00  3.44E+00  0.00E+00  2.23E-01  0.00E+00  2.23E-01  1.76E-01
 
  222
+        9.00E-01  4.20E+00  3.60E+00  5.81E+00  3.44E+00  0.00E+00  1.23E+00  0.00E+00  1.23E+00  9.66E-01
 
  223
+        9.00E-01  4.20E+00  3.60E+00  5.81E+00  3.44E+00  0.00E+00  1.01E+00  0.00E+00  1.01E+00  7.94E-01
 
  224
+        9.00E-01  4.20E+00  3.60E+00  5.81E+00  3.44E+00  0.00E+00  1.22E+00  0.00E+00  1.22E+00  9.63E-01
 
  225
+        9.00E-01  4.20E+00  3.60E+00  5.81E+00  3.44E+00  0.00E+00  4.91E-01  0.00E+00  4.91E-01  3.88E-01
 
  226
+        9.00E-01  4.20E+00  3.60E+00  5.81E+00  3.44E+00  0.00E+00  2.02E-01  0.00E+00  2.02E-01  1.59E-01
 
  227
+        9.00E-01  4.20E+00  3.60E+00  5.81E+00  3.44E+00  0.00E+00  1.28E-01  0.00E+00  1.28E-01  1.01E-01
 
  228
+        9.00E-01  4.20E+00  3.60E+00  5.81E+00  3.44E+00  0.00E+00  8.27E-02  0.00E+00  8.27E-02  6.53E-02
 
  229
+        9.00E-01  4.20E+00  3.60E+00  5.81E+00  3.44E+00  0.00E+00  2.04E-01  0.00E+00  2.04E-01  1.61E-01
 
  230
+        9.00E-01  4.20E+00  3.60E+00  5.81E+00  3.44E+00  0.00E+00  1.10E+00  0.00E+00  1.10E+00  8.67E-01
 
  231
+        9.00E-01  4.20E+00  3.60E+00  5.81E+00  3.44E+00  0.00E+00  1.22E+00  0.00E+00  1.22E+00  9.65E-01
 
  232
+        9.00E-01  4.20E+00  3.60E+00  5.81E+00  3.44E+00  0.00E+00  9.08E-01  0.00E+00  9.08E-01  7.16E-01
 
  233
+        9.00E-01  4.20E+00  3.60E+00  5.81E+00  3.44E+00  0.00E+00  4.76E-01  0.00E+00  4.76E-01  3.76E-01
 
1

 LINE NO.KA        V2        CL        V3        Q         IPRED     DV        PRED      RES       WRES     
 
  234
+        9.00E-01  4.20E+00  3.60E+00  5.81E+00  3.44E+00  0.00E+00  1.91E-01  0.00E+00  1.91E-01  1.50E-01
 
  235
+        9.00E-01  4.20E+00  3.60E+00  5.81E+00  3.44E+00  0.00E+00  1.09E-01  0.00E+00  1.09E-01  8.57E-02
 
  236
+        9.00E-01  4.20E+00  3.60E+00  5.81E+00  3.44E+00  0.00E+00  7.26E-02  0.00E+00  7.26E-02  5.73E-02
 
  237
+        9.00E-01  4.20E+00  3.60E+00  5.81E+00  3.44E+00  0.00E+00  6.64E-02  0.00E+00  6.64E-02  5.24E-02
 
  238
+        9.00E-01  4.20E+00  3.60E+00  5.81E+00  3.44E+00  0.00E+00  1.08E-01  0.00E+00  1.08E-01  8.55E-02
 
  239
+        9.00E-01  4.20E+00  3.60E+00  5.81E+00  3.44E+00  0.00E+00  7.05E-01  0.00E+00  7.05E-01  5.57E-01
 
  240
+        9.00E-01  4.20E+00  3.60E+00  5.81E+00  3.44E+00  0.00E+00  9.35E-01  0.00E+00  9.35E-01  7.37E-01
 
  241
+        9.00E-01  4.20E+00  3.60E+00  5.81E+00  3.44E+00  0.00E+00  5.66E-01  0.00E+00  5.66E-01  4.46E-01
 
  242
+        9.00E-01  4.20E+00  3.60E+00  5.81E+00  3.44E+00  0.00E+00  3.61E-01  0.00E+00  3.61E-01  2.85E-01
 
  243
+        9.00E-01  4.20E+00  3.60E+00  5.81E+00  3.44E+00  0.00E+00  5.07E-01  0.00E+00  5.07E-01  4.00E-01
 
  244
+        9.00E-01  4.20E+00  3.60E+00  5.81E+00  3.44E+00  0.00E+00  2.95E-01  0.00E+00  2.95E-01  2.33E-01
 
  245
+        9.00E-01  4.20E+00  3.60E+00  5.81E+00  3.44E+00  0.00E+00  2.07E-01  0.00E+00  2.07E-01  1.63E-01
 
  246
+        9.00E-01  4.20E+00  3.60E+00  5.81E+00  3.44E+00  0.00E+00  1.49E-01  0.00E+00  1.49E-01  1.18E-01
 
  247
+        9.00E-01  4.20E+00  3.60E+00  5.81E+00  3.44E+00  0.00E+00  5.92E-01  0.00E+00  5.92E-01  4.67E-01
 
  248
+        9.00E-01  4.20E+00  3.60E+00  5.81E+00  3.44E+00  0.00E+00  6.04E-01  0.00E+00  6.04E-01  4.76E-01
 
  249
+        9.00E-01  4.20E+00  3.60E+00  5.81E+00  3.44E+00  0.00E+00  1.21E+00  0.00E+00  1.21E+00  9.58E-01
 
  250
+        9.00E-01  4.20E+00  3.60E+00  5.81E+00  3.44E+00  0.00E+00  8.33E-01  0.00E+00  8.33E-01  6.57E-01
 
  251
+        9.00E-01  4.20E+00  3.60E+00  5.81E+00  3.44E+00  0.00E+00  2.66E-01  0.00E+00  2.66E-01  2.10E-01
 
  252
+        9.00E-01  4.20E+00  3.60E+00  5.81E+00  3.44E+00  0.00E+00  1.67E-01  0.00E+00  1.67E-01  1.31E-01
 
  253
+        9.00E-01  4.20E+00  3.60E+00  5.81E+00  3.44E+00  0.00E+00  2.59E-01  0.00E+00  2.59E-01  2.04E-01
 
  254
+        9.00E-01  4.20E+00  3.60E+00  5.81E+00  3.44E+00  0.00E+00  1.16E-01  0.00E+00  1.16E-01  9.15E-02
 
  255
+        9.00E-01  4.20E+00  3.60E+00  5.81E+00  3.44E+00  0.00E+00  5.07E-01  0.00E+00  5.07E-01  4.00E-01
 
  256
+        9.00E-01  4.20E+00  3.60E+00  5.81E+00  3.44E+00  0.00E+00  3.41E-01  0.00E+00  3.41E-01  2.69E-01
 
  257
+        9.00E-01  4.20E+00  3.60E+00  5.81E+00  3.44E+00  0.00E+00  1.01E+00  0.00E+00  1.01E+00  7.93E-01
 
  258
+        9.00E-01  4.20E+00  3.60E+00  5.81E+00  3.44E+00  0.00E+00  6.22E-01  0.00E+00  6.22E-01  4.91E-01
 
  259
+        9.00E-01  4.20E+00  3.60E+00  5.81E+00  3.44E+00  0.00E+00  4.32E-01  0.00E+00  4.32E-01  3.41E-01
 
1

 LINE NO.KA        V2        CL        V3        Q         IPRED     DV        PRED      RES       WRES     
 
  260
+        9.00E-01  4.20E+00  3.60E+00  5.81E+00  3.44E+00  0.00E+00  8.60E-02  0.00E+00  8.60E-02  6.79E-02
 
  261
+        9.00E-01  4.20E+00  3.60E+00  5.81E+00  3.44E+00  0.00E+00  9.65E-02  0.00E+00  9.65E-02  7.62E-02
 
  262
+        9.00E-01  4.20E+00  3.60E+00  5.81E+00  3.44E+00  0.00E+00  3.96E-01  0.00E+00  3.96E-01  3.12E-01
 
  263
+        9.00E-01  4.20E+00  3.60E+00  5.81E+00  3.44E+00  0.00E+00  2.55E+00  0.00E+00  2.55E+00  2.01E+00
 
  264
+        9.00E-01  4.20E+00  3.60E+00  5.81E+00  3.44E+00  0.00E+00  2.39E+00  0.00E+00  2.39E+00  1.89E+00
 
  265
+        9.00E-01  4.20E+00  3.60E+00  5.81E+00  3.44E+00  0.00E+00  1.10E+00  0.00E+00  1.10E+00  8.69E-01
 
  266
+        9.00E-01  4.20E+00  3.60E+00  5.81E+00  3.44E+00  0.00E+00  2.05E-01  0.00E+00  2.05E-01  1.62E-01
 
  267
+        9.00E-01  4.20E+00  3.60E+00  5.81E+00  3.44E+00  0.00E+00  2.56E-01  0.00E+00  2.56E-01  2.02E-01
 
  268
+        9.00E-01  4.20E+00  3.60E+00  5.81E+00  3.44E+00  0.00E+00  1.57E+00  0.00E+00  1.57E+00  1.24E+00
 
  269
+        9.00E-01  4.20E+00  3.60E+00  5.81E+00  3.44E+00  0.00E+00  1.91E+00  0.00E+00  1.91E+00  1.50E+00
 
  270
+        9.00E-01  4.20E+00  3.60E+00  5.81E+00  3.44E+00  0.00E+00  8.58E-01  0.00E+00  8.58E-01  6.77E-01
 
  271
+        9.00E-01  4.20E+00  3.60E+00  5.81E+00  3.44E+00  0.00E+00  4.24E-01  0.00E+00  4.24E-01  3.35E-01
 
  272
+        9.00E-01  4.20E+00  3.60E+00  5.81E+00  3.44E+00  0.00E+00  1.34E-01  0.00E+00  1.34E-01  1.06E-01
 
  273
+        9.00E-01  4.20E+00  3.60E+00  5.81E+00  3.44E+00  0.00E+00  7.18E-02  0.00E+00  7.18E-02  5.66E-02
 
  274
+        9.00E-01  4.20E+00  3.60E+00  5.81E+00  3.44E+00  0.00E+00  2.29E-01  0.00E+00  2.29E-01  1.81E-01
 
  275
+        9.00E-01  4.20E+00  3.60E+00  5.81E+00  3.44E+00  0.00E+00  1.88E-01  0.00E+00  1.88E-01  1.48E-01
 
  276
+        9.00E-01  4.20E+00  3.60E+00  5.81E+00  3.44E+00  0.00E+00  5.96E-01  0.00E+00  5.96E-01  4.71E-01
 
  277
+        9.00E-01  4.20E+00  3.60E+00  5.81E+00  3.44E+00  0.00E+00  4.91E-01  0.00E+00  4.91E-01  3.88E-01
 
  278
+        9.00E-01  4.20E+00  3.60E+00  5.81E+00  3.44E+00  0.00E+00  1.36E-01  0.00E+00  1.36E-01  1.07E-01
 
  279
+        9.00E-01  4.20E+00  3.60E+00  5.81E+00  3.44E+00  0.00E+00  2.32E-01  0.00E+00  2.32E-01  1.83E-01
 
  280
+        9.00E-01  4.20E+00  3.60E+00  5.81E+00  3.44E+00  0.00E+00  1.27E-01  0.00E+00  1.27E-01  1.00E-01
 
  281
+        9.00E-01  4.20E+00  3.60E+00  5.81E+00  3.44E+00  0.00E+00  8.10E-02  0.00E+00  8.10E-02  6.39E-02
 
  282
+        9.00E-01  4.20E+00  3.60E+00  5.81E+00  3.44E+00  0.00E+00  1.43E+00  0.00E+00  1.43E+00  1.13E+00
 
  283
+        9.00E-01  4.20E+00  3.60E+00  5.81E+00  3.44E+00  0.00E+00  1.25E+00  0.00E+00  1.25E+00  9.87E-01
 
  284
+        9.00E-01  4.20E+00  3.60E+00  5.81E+00  3.44E+00  0.00E+00  6.73E-01  0.00E+00  6.73E-01  5.31E-01
 
  285
+        9.00E-01  4.20E+00  3.60E+00  5.81E+00  3.44E+00  0.00E+00  1.34E-01  0.00E+00  1.34E-01  1.06E-01
 
1

 LINE NO.KA        V2        CL        V3        Q         IPRED     DV        PRED      RES       WRES     
 
  286
+        9.00E-01  4.20E+00  3.60E+00  5.81E+00  3.44E+00  0.00E+00  2.41E-01  0.00E+00  2.41E-01  1.90E-01
 
  287
+        9.00E-01  4.20E+00  3.60E+00  5.81E+00  3.44E+00  0.00E+00  4.90E-01  0.00E+00  4.90E-01  3.86E-01
 
  288
+        9.00E-01  4.20E+00  3.60E+00  5.81E+00  3.44E+00  0.00E+00  3.02E-01  0.00E+00  3.02E-01  2.38E-01
 
  289
+        9.00E-01  4.20E+00  3.60E+00  5.81E+00  3.44E+00  0.00E+00  3.82E-01  0.00E+00  3.82E-01  3.01E-01
 
  290
+        9.00E-01  4.20E+00  3.60E+00  5.81E+00  3.44E+00  0.00E+00  5.96E-01  0.00E+00  5.96E-01  4.70E-01
 
  291
+        9.00E-01  4.20E+00  3.60E+00  5.81E+00  3.44E+00  0.00E+00  2.67E-01  0.00E+00  2.67E-01  2.11E-01
 
  292
+        9.00E-01  4.20E+00  3.60E+00  5.81E+00  3.44E+00  0.00E+00  1.53E-01  0.00E+00  1.53E-01  1.21E-01
 
  293
+        9.00E-01  4.20E+00  3.60E+00  5.81E+00  3.44E+00  0.00E+00  5.07E-02  0.00E+00  5.07E-02  4.00E-02
 
  294
+        9.00E-01  4.20E+00  3.60E+00  5.81E+00  3.44E+00  0.00E+00  1.30E-01  0.00E+00  1.30E-01  1.03E-01
 
  295
+        9.00E-01  4.20E+00  3.60E+00  5.81E+00  3.44E+00  0.00E+00  1.18E+00  0.00E+00  1.18E+00  9.35E-01
 
  296
+        9.00E-01  4.20E+00  3.60E+00  5.81E+00  3.44E+00  0.00E+00  9.98E-01  0.00E+00  9.98E-01  7.88E-01
 
  297
+        9.00E-01  4.20E+00  3.60E+00  5.81E+00  3.44E+00  0.00E+00  5.13E-01  0.00E+00  5.13E-01  4.05E-01
 
  298
+        9.00E-01  4.20E+00  3.60E+00  5.81E+00  3.44E+00  0.00E+00  7.75E-01  0.00E+00  7.75E-01  6.11E-01
 
  299
+        9.00E-01  4.20E+00  3.60E+00  5.81E+00  3.44E+00  0.00E+00  5.45E-01  0.00E+00  5.45E-01  4.30E-01
 
  300
+        9.00E-01  4.20E+00  3.60E+00  5.81E+00  3.44E+00  0.00E+00  3.46E-01  0.00E+00  3.46E-01  2.73E-01
 
  301
+        9.00E-01  4.20E+00  3.60E+00  5.81E+00  3.44E+00  0.00E+00  2.30E-01  0.00E+00  2.30E-01  1.81E-01
 
  302
+        9.00E-01  4.20E+00  3.60E+00  5.81E+00  3.44E+00  0.00E+00  1.73E-01  0.00E+00  1.73E-01  1.36E-01
 
  303
+        9.00E-01  4.20E+00  3.60E+00  5.81E+00  3.44E+00  0.00E+00  4.80E-01  0.00E+00  4.80E-01  3.79E-01
 
  304
+        9.00E-01  4.20E+00  3.60E+00  5.81E+00  3.44E+00  0.00E+00  1.04E+00  0.00E+00  1.04E+00  8.24E-01
 
  305
+        9.00E-01  4.20E+00  3.60E+00  5.81E+00  3.44E+00  0.00E+00  1.72E+00  0.00E+00  1.72E+00  1.36E+00
 
  306
+        9.00E-01  4.20E+00  3.60E+00  5.81E+00  3.44E+00  0.00E+00  1.24E+00  0.00E+00  1.24E+00  9.81E-01
 
  307
+        9.00E-01  4.20E+00  3.60E+00  5.81E+00  3.44E+00  0.00E+00  6.60E-01  0.00E+00  6.60E-01  5.21E-01
 
  308
+        9.00E-01  4.20E+00  3.60E+00  5.81E+00  3.44E+00  0.00E+00  8.79E-02  0.00E+00  8.79E-02  6.94E-02
 
  309
+        9.00E-01  4.20E+00  3.60E+00  5.81E+00  3.44E+00  0.00E+00  5.63E-02  0.00E+00  5.63E-02  4.44E-02
 
  310
+        9.00E-01  4.20E+00  3.60E+00  5.81E+00  3.44E+00  0.00E+00  6.15E-02  0.00E+00  6.15E-02  4.85E-02
 
  311
+        9.00E-01  4.20E+00  3.60E+00  5.81E+00  3.44E+00  0.00E+00  5.81E-02  0.00E+00  5.81E-02  4.58E-02
 
1

 LINE NO.KA        V2        CL        V3        Q         IPRED     DV        PRED      RES       WRES     
 
  312
+        9.00E-01  4.20E+00  3.60E+00  5.81E+00  3.44E+00  0.00E+00  3.52E-01  0.00E+00  3.52E-01  2.78E-01
 
  313
+        9.00E-01  4.20E+00  3.60E+00  5.81E+00  3.44E+00  0.00E+00  6.67E-01  0.00E+00  6.67E-01  5.26E-01
 
  314
+        9.00E-01  4.20E+00  3.60E+00  5.81E+00  3.44E+00  0.00E+00  6.19E-01  0.00E+00  6.19E-01  4.88E-01
 
  315
+        9.00E-01  4.20E+00  3.60E+00  5.81E+00  3.44E+00  0.00E+00  3.51E-01  0.00E+00  3.51E-01  2.77E-01
 
  316
+        9.00E-01  4.20E+00  3.60E+00  5.81E+00  3.44E+00  0.00E+00  3.60E-01  0.00E+00  3.60E-01  2.84E-01
 
  317
+        9.00E-01  4.20E+00  3.60E+00  5.81E+00  3.44E+00  0.00E+00  2.77E-01  0.00E+00  2.77E-01  2.18E-01
 
  318
+        9.00E-01  4.20E+00  3.60E+00  5.81E+00  3.44E+00  0.00E+00  8.83E-02  0.00E+00  8.83E-02  6.97E-02
 
  319
+        9.00E-01  4.20E+00  3.60E+00  5.81E+00  3.44E+00  0.00E+00  1.20E-01  0.00E+00  1.20E-01  9.47E-02
 
  320
+        9.00E-01  4.20E+00  3.60E+00  5.81E+00  3.44E+00  0.00E+00  3.43E-01  0.00E+00  3.43E-01  2.71E-01
 
  321
+        9.00E-01  4.20E+00  3.60E+00  5.81E+00  3.44E+00  0.00E+00  7.84E-01  0.00E+00  7.84E-01  6.18E-01
 
  322
+        9.00E-01  4.20E+00  3.60E+00  5.81E+00  3.44E+00  0.00E+00  6.45E-01  0.00E+00  6.45E-01  5.09E-01
 
  323
+        9.00E-01  4.20E+00  3.60E+00  5.81E+00  3.44E+00  0.00E+00  4.29E-01  0.00E+00  4.29E-01  3.38E-01
 
  324
+        9.00E-01  4.20E+00  3.60E+00  5.81E+00  3.44E+00  0.00E+00  4.59E-01  0.00E+00  4.59E-01  3.62E-01
 
  325
+        9.00E-01  4.20E+00  3.60E+00  5.81E+00  3.44E+00  0.00E+00  1.02E-01  0.00E+00  1.02E-01  8.03E-02
 
  326
+        9.00E-01  4.20E+00  3.60E+00  5.81E+00  3.44E+00  0.00E+00  4.61E-01  0.00E+00  4.61E-01  3.64E-01
 
  327
+        9.00E-01  4.20E+00  3.60E+00  5.81E+00  3.44E+00  0.00E+00  1.08E+00  0.00E+00  1.08E+00  8.52E-01
 
  328
+        9.00E-01  4.20E+00  3.60E+00  5.81E+00  3.44E+00  0.00E+00  8.84E-01  0.00E+00  8.84E-01  6.98E-01
 
  329
+        9.00E-01  4.20E+00  3.60E+00  5.81E+00  3.44E+00  0.00E+00  7.30E-01  0.00E+00  7.30E-01  5.76E-01
 
  330
+        9.00E-01  4.20E+00  3.60E+00  5.81E+00  3.44E+00  0.00E+00  8.44E-01  0.00E+00  8.44E-01  6.66E-01
 
  331
+        9.00E-01  4.20E+00  3.60E+00  5.81E+00  3.44E+00  0.00E+00  1.95E-01  0.00E+00  1.95E-01  1.54E-01
 
  332
+        9.00E-01  4.20E+00  3.60E+00  5.81E+00  3.44E+00  0.00E+00  2.06E-01  0.00E+00  2.06E-01  1.62E-01
 
  333
+        9.00E-01  4.20E+00  3.60E+00  5.81E+00  3.44E+00  0.00E+00  2.45E-01  0.00E+00  2.45E-01  1.93E-01
 
  334
+        9.00E-01  4.20E+00  3.60E+00  5.81E+00  3.44E+00  0.00E+00  7.15E-02  0.00E+00  7.15E-02  5.64E-02
 
  335
+        9.00E-01  4.20E+00  3.60E+00  5.81E+00  3.44E+00  0.00E+00  8.03E-01  0.00E+00  8.03E-01  6.33E-01
 
  336
+        9.00E-01  4.20E+00  3.60E+00  5.81E+00  3.44E+00  0.00E+00  9.37E-01  0.00E+00  9.37E-01  7.39E-01
 
  337
+        9.00E-01  4.20E+00  3.60E+00  5.81E+00  3.44E+00  0.00E+00  9.82E-01  0.00E+00  9.82E-01  7.74E-01
 
1

 LINE NO.KA        V2        CL        V3        Q         IPRED     DV        PRED      RES       WRES     
 
  338
+        9.00E-01  4.20E+00  3.60E+00  5.81E+00  3.44E+00  0.00E+00  9.87E-01  0.00E+00  9.87E-01  7.78E-01
 
  339
+        9.00E-01  4.20E+00  3.60E+00  5.81E+00  3.44E+00  0.00E+00  4.12E-01  0.00E+00  4.12E-01  3.25E-01
 
  340
+        9.00E-01  4.20E+00  3.60E+00  5.81E+00  3.44E+00  0.00E+00  1.63E-01  0.00E+00  1.63E-01  1.29E-01
 
  341
+        9.00E-01  4.20E+00  3.60E+00  5.81E+00  3.44E+00  0.00E+00  1.16E-01  0.00E+00  1.16E-01  9.19E-02
 
  342
+        9.00E-01  4.20E+00  3.60E+00  5.81E+00  3.44E+00  0.00E+00  8.72E-02  0.00E+00  8.72E-02  6.88E-02
 
  343
+        9.00E-01  4.20E+00  3.60E+00  5.81E+00  3.44E+00  0.00E+00  8.69E-01  0.00E+00  8.69E-01  6.86E-01
 
  344
+        9.00E-01  4.20E+00  3.60E+00  5.81E+00  3.44E+00  0.00E+00  7.86E-01  0.00E+00  7.86E-01  6.20E-01
 
  345
+        9.00E-01  4.20E+00  3.60E+00  5.81E+00  3.44E+00  0.00E+00  1.56E+00  0.00E+00  1.56E+00  1.23E+00
 
  346
+        9.00E-01  4.20E+00  3.60E+00  5.81E+00  3.44E+00  0.00E+00  9.16E-01  0.00E+00  9.16E-01  7.22E-01
 
  347
+        9.00E-01  4.20E+00  3.60E+00  5.81E+00  3.44E+00  0.00E+00  5.92E-01  0.00E+00  5.92E-01  4.67E-01
 
  348
+        9.00E-01  4.20E+00  3.60E+00  5.81E+00  3.44E+00  0.00E+00  1.83E-01  0.00E+00  1.83E-01  1.44E-01
 
  349
+        9.00E-01  4.20E+00  3.60E+00  5.81E+00  3.44E+00  0.00E+00  1.40E-01  0.00E+00  1.40E-01  1.11E-01
 
  350
+        9.00E-01  4.20E+00  3.60E+00  5.81E+00  3.44E+00  0.00E+00  5.73E-02  0.00E+00  5.73E-02  4.52E-02
 
  351
+        9.00E-01  4.20E+00  3.60E+00  5.81E+00  3.44E+00  0.00E+00  1.35E+00  0.00E+00  1.35E+00  1.06E+00
 
  352
+        9.00E-01  4.20E+00  3.60E+00  5.81E+00  3.44E+00  0.00E+00  1.07E+00  0.00E+00  1.07E+00  8.41E-01
 
  353
+        9.00E-01  4.20E+00  3.60E+00  5.81E+00  3.44E+00  0.00E+00  9.87E-01  0.00E+00  9.87E-01  7.79E-01
 
  354
+        9.00E-01  4.20E+00  3.60E+00  5.81E+00  3.44E+00  0.00E+00  5.66E-01  0.00E+00  5.66E-01  4.46E-01
 
  355
+        9.00E-01  4.20E+00  3.60E+00  5.81E+00  3.44E+00  0.00E+00  2.55E-01  0.00E+00  2.55E-01  2.02E-01
 
  356
+        9.00E-01  4.20E+00  3.60E+00  5.81E+00  3.44E+00  0.00E+00  8.01E-02  0.00E+00  8.01E-02  6.32E-02
 
  357
+        9.00E-01  4.20E+00  3.60E+00  5.81E+00  3.44E+00  0.00E+00  5.99E-02  0.00E+00  5.99E-02  4.73E-02
 
  358
+        9.00E-01  4.20E+00  3.60E+00  5.81E+00  3.44E+00  0.00E+00  1.21E-01  0.00E+00  1.21E-01  9.57E-02
 
  359
+        9.00E-01  4.20E+00  3.60E+00  5.81E+00  3.44E+00  0.00E+00  6.87E-01  0.00E+00  6.87E-01  5.42E-01
 
  360
+        9.00E-01  4.20E+00  3.60E+00  5.81E+00  3.44E+00  0.00E+00  9.71E-01  0.00E+00  9.71E-01  7.66E-01
 
  361
+        9.00E-01  4.20E+00  3.60E+00  5.81E+00  3.44E+00  0.00E+00  7.50E-01  0.00E+00  7.50E-01  5.91E-01
 
  362
+        9.00E-01  4.20E+00  3.60E+00  5.81E+00  3.44E+00  0.00E+00  4.12E-01  0.00E+00  4.12E-01  3.25E-01
 
  363
+        9.00E-01  4.20E+00  3.60E+00  5.81E+00  3.44E+00  0.00E+00  2.08E-01  0.00E+00  2.08E-01  1.64E-01
 
1

 LINE NO.KA        V2        CL        V3        Q         IPRED     DV        PRED      RES       WRES     
 
  364
+        9.00E-01  4.20E+00  3.60E+00  5.81E+00  3.44E+00  0.00E+00  1.06E-01  0.00E+00  1.06E-01  8.37E-02
 
  365
+        9.00E-01  4.20E+00  3.60E+00  5.81E+00  3.44E+00  0.00E+00  7.40E-02  0.00E+00  7.40E-02  5.84E-02
 
  366
+        9.00E-01  4.20E+00  3.60E+00  5.81E+00  3.44E+00  0.00E+00  1.14E-01  0.00E+00  1.14E-01  8.98E-02
 
  367
+        9.00E-01  4.20E+00  3.60E+00  5.81E+00  3.44E+00  0.00E+00  8.61E-01  0.00E+00  8.61E-01  6.79E-01
 
  368
+        9.00E-01  4.20E+00  3.60E+00  5.81E+00  3.44E+00  0.00E+00  1.05E+00  0.00E+00  1.05E+00  8.27E-01
 
  369
+        9.00E-01  4.20E+00  3.60E+00  5.81E+00  3.44E+00  0.00E+00  7.13E-01  0.00E+00  7.13E-01  5.62E-01
 
  370
+        9.00E-01  4.20E+00  3.60E+00  5.81E+00  3.44E+00  0.00E+00  7.40E-01  0.00E+00  7.40E-01  5.84E-01
 
  371
+        9.00E-01  4.20E+00  3.60E+00  5.81E+00  3.44E+00  0.00E+00  2.27E-01  0.00E+00  2.27E-01  1.79E-01
 
  372
+        9.00E-01  4.20E+00  3.60E+00  5.81E+00  3.44E+00  0.00E+00  1.07E-01  0.00E+00  1.07E-01  8.41E-02
 
  373
+        9.00E-01  4.20E+00  3.60E+00  5.81E+00  3.44E+00  0.00E+00  9.63E-02  0.00E+00  9.63E-02  7.60E-02
 
  374
+        9.00E-01  4.20E+00  3.60E+00  5.81E+00  3.44E+00  0.00E+00  1.09E-01  0.00E+00  1.09E-01  8.59E-02
 
  375
+        9.00E-01  4.20E+00  3.60E+00  5.81E+00  3.44E+00  0.00E+00  1.06E+00  0.00E+00  1.06E+00  8.36E-01
 
  376
+        9.00E-01  4.20E+00  3.60E+00  5.81E+00  3.44E+00  0.00E+00  1.35E+00  0.00E+00  1.35E+00  1.06E+00
 
  377
+        9.00E-01  4.20E+00  3.60E+00  5.81E+00  3.44E+00  0.00E+00  9.63E-01  0.00E+00  9.63E-01  7.60E-01
 
  378
+        9.00E-01  4.20E+00  3.60E+00  5.81E+00  3.44E+00  0.00E+00  2.25E-01  0.00E+00  2.25E-01  1.77E-01
 
  379
+        9.00E-01  4.20E+00  3.60E+00  5.81E+00  3.44E+00  0.00E+00  7.58E-02  0.00E+00  7.58E-02  5.98E-02
 
  380
+        9.00E-01  4.20E+00  3.60E+00  5.81E+00  3.44E+00  0.00E+00  6.09E-02  0.00E+00  6.09E-02  4.81E-02
 
  381
+        9.00E-01  4.20E+00  3.60E+00  5.81E+00  3.44E+00  0.00E+00  5.25E-02  0.00E+00  5.25E-02  4.14E-02
 
  382
+        9.00E-01  4.20E+00  3.60E+00  5.81E+00  3.44E+00  0.00E+00  1.98E-01  0.00E+00  1.98E-01  1.56E-01
 
  383
+        9.00E-01  4.20E+00  3.60E+00  5.81E+00  3.44E+00  0.00E+00  9.14E-01  0.00E+00  9.14E-01  7.21E-01
 
  384
+        9.00E-01  4.20E+00  3.60E+00  5.81E+00  3.44E+00  0.00E+00  8.27E-01  0.00E+00  8.27E-01  6.52E-01
 
  385
+        9.00E-01  4.20E+00  3.60E+00  5.81E+00  3.44E+00  0.00E+00  6.60E-01  0.00E+00  6.60E-01  5.20E-01
 
  386
+        9.00E-01  4.20E+00  3.60E+00  5.81E+00  3.44E+00  0.00E+00  2.02E-01  0.00E+00  2.02E-01  1.59E-01
 
  387
+        9.00E-01  4.20E+00  3.60E+00  5.81E+00  3.44E+00  0.00E+00  1.01E-01  0.00E+00  1.01E-01  7.97E-02
 
  388
+        9.00E-01  4.20E+00  3.60E+00  5.81E+00  3.44E+00  0.00E+00  2.43E-01  0.00E+00  2.43E-01  1.92E-01
 
  389
+        9.00E-01  4.20E+00  3.60E+00  5.81E+00  3.44E+00  0.00E+00  1.79E+00  0.00E+00  1.79E+00  1.41E+00
 
1

 LINE NO.KA        V2        CL        V3        Q         IPRED     DV        PRED      RES       WRES     
 
  390
+        9.00E-01  4.20E+00  3.60E+00  5.81E+00  3.44E+00  0.00E+00  2.73E+00  0.00E+00  2.73E+00  2.16E+00
 
  391
+        9.00E-01  4.20E+00  3.60E+00  5.81E+00  3.44E+00  0.00E+00  3.10E+00  0.00E+00  3.10E+00  2.44E+00
 
  392
+        9.00E-01  4.20E+00  3.60E+00  5.81E+00  3.44E+00  0.00E+00  2.55E+00  0.00E+00  2.55E+00  2.01E+00
 
  393
+        9.00E-01  4.20E+00  3.60E+00  5.81E+00  3.44E+00  0.00E+00  2.34E+00  0.00E+00  2.34E+00  1.85E+00
 
  394
+        9.00E-01  4.20E+00  3.60E+00  5.81E+00  3.44E+00  0.00E+00  1.09E+00  0.00E+00  1.09E+00  8.58E-01
 
  395
+        9.00E-01  4.20E+00  3.60E+00  5.81E+00  3.44E+00  0.00E+00  6.28E-01  0.00E+00  6.28E-01  4.96E-01
 
  396
+        9.00E-01  4.20E+00  3.60E+00  5.81E+00  3.44E+00  0.00E+00  7.40E-01  0.00E+00  7.40E-01  5.84E-01
 
  397
+        9.00E-01  4.20E+00  3.60E+00  5.81E+00  3.44E+00  0.00E+00  6.36E-01  0.00E+00  6.36E-01  5.02E-01
 
  398
+        9.00E-01  4.20E+00  3.60E+00  5.81E+00  3.44E+00  0.00E+00  1.36E+00  0.00E+00  1.36E+00  1.08E+00
 
  399
+        9.00E-01  4.20E+00  3.60E+00  5.81E+00  3.44E+00  0.00E+00  2.15E+00  0.00E+00  2.15E+00  1.70E+00
 
  400
+        9.00E-01  4.20E+00  3.60E+00  5.81E+00  3.44E+00  0.00E+00  1.74E+00  0.00E+00  1.74E+00  1.37E+00
 
  401
+        9.00E-01  4.20E+00  3.60E+00  5.81E+00  3.44E+00  0.00E+00  2.57E+00  0.00E+00  2.57E+00  2.03E+00
 
  402
+        9.00E-01  4.20E+00  3.60E+00  5.81E+00  3.44E+00  0.00E+00  1.15E+00  0.00E+00  1.15E+00  9.08E-01
 
  403
+        9.00E-01  4.20E+00  3.60E+00  5.81E+00  3.44E+00  0.00E+00  2.43E-01  0.00E+00  2.43E-01  1.92E-01
 
  404
+        9.00E-01  4.20E+00  3.60E+00  5.81E+00  3.44E+00  0.00E+00  3.69E-01  0.00E+00  3.69E-01  2.91E-01
 
  405
+        9.00E-01  4.20E+00  3.60E+00  5.81E+00  3.44E+00  0.00E+00  1.96E-01  0.00E+00  1.96E-01  1.54E-01
 
  406
+        9.00E-01  4.20E+00  3.60E+00  5.81E+00  3.44E+00  0.00E+00  1.79E+00  0.00E+00  1.79E+00  1.41E+00
 
  407
+        9.00E-01  4.20E+00  3.60E+00  5.81E+00  3.44E+00  0.00E+00  5.37E+00  0.00E+00  5.37E+00  4.24E+00
 
  408
+        9.00E-01  4.20E+00  3.60E+00  5.81E+00  3.44E+00  0.00E+00  5.97E+00  0.00E+00  5.97E+00  4.71E+00
 
  409
+        9.00E-01  4.20E+00  3.60E+00  5.81E+00  3.44E+00  0.00E+00  3.23E+00  0.00E+00  3.23E+00  2.55E+00
 
  410
+        9.00E-01  4.20E+00  3.60E+00  5.81E+00  3.44E+00  0.00E+00  2.78E-01  0.00E+00  2.78E-01  2.19E-01
 
  411
+        9.00E-01  4.20E+00  3.60E+00  5.81E+00  3.44E+00  0.00E+00  1.02E-01  0.00E+00  1.02E-01  8.03E-02
 
  412
+        9.00E-01  4.20E+00  3.60E+00  5.81E+00  3.44E+00  0.00E+00  9.70E-02  0.00E+00  9.70E-02  7.66E-02
 
  413
+        9.00E-01  4.20E+00  3.60E+00  5.81E+00  3.44E+00  0.00E+00  5.58E-02  0.00E+00  5.58E-02  4.40E-02
 
  414
+        9.00E-01  4.20E+00  3.60E+00  5.81E+00  3.44E+00  0.00E+00  1.65E-01  0.00E+00  1.65E-01  1.30E-01
 
  415
+        9.00E-01  4.20E+00  3.60E+00  5.81E+00  3.44E+00  0.00E+00  2.01E+00  0.00E+00  2.01E+00  1.59E+00
 
1

 LINE NO.KA        V2        CL        V3        Q         IPRED     DV        PRED      RES       WRES     
 
  416
+        9.00E-01  4.20E+00  3.60E+00  5.81E+00  3.44E+00  0.00E+00  1.56E+00  0.00E+00  1.56E+00  1.23E+00
 
  417
+        9.00E-01  4.20E+00  3.60E+00  5.81E+00  3.44E+00  0.00E+00  1.98E+00  0.00E+00  1.98E+00  1.56E+00
 
  418
+        9.00E-01  4.20E+00  3.60E+00  5.81E+00  3.44E+00  0.00E+00  1.56E+00  0.00E+00  1.56E+00  1.23E+00
 
  419
+        9.00E-01  4.20E+00  3.60E+00  5.81E+00  3.44E+00  0.00E+00  9.17E-01  0.00E+00  9.17E-01  7.23E-01
 
  420
+        9.00E-01  4.20E+00  3.60E+00  5.81E+00  3.44E+00  0.00E+00  3.42E-01  0.00E+00  3.42E-01  2.70E-01
 
  421
+        9.00E-01  4.20E+00  3.60E+00  5.81E+00  3.44E+00  0.00E+00  3.41E-01  0.00E+00  3.41E-01  2.69E-01
 
  422
+        9.00E-01  4.20E+00  3.60E+00  5.81E+00  3.44E+00  0.00E+00  3.32E-01  0.00E+00  3.32E-01  2.62E-01
 
  423
+        9.00E-01  4.20E+00  3.60E+00  5.81E+00  3.44E+00  0.00E+00  4.20E-01  0.00E+00  4.20E-01  3.32E-01
 
  424
+        9.00E-01  4.20E+00  3.60E+00  5.81E+00  3.44E+00  0.00E+00  1.26E+00  0.00E+00  1.26E+00  9.97E-01
 
  425
+        9.00E-01  4.20E+00  3.60E+00  5.81E+00  3.44E+00  0.00E+00  2.16E+00  0.00E+00  2.16E+00  1.70E+00
 
  426
+        9.00E-01  4.20E+00  3.60E+00  5.81E+00  3.44E+00  0.00E+00  2.23E+00  0.00E+00  2.23E+00  1.76E+00
 
  427
+        9.00E-01  4.20E+00  3.60E+00  5.81E+00  3.44E+00  0.00E+00  1.55E+00  0.00E+00  1.55E+00  1.23E+00
 
  428
+        9.00E-01  4.20E+00  3.60E+00  5.81E+00  3.44E+00  0.00E+00  4.62E-01  0.00E+00  4.62E-01  3.64E-01
 
  429
+        9.00E-01  4.20E+00  3.60E+00  5.81E+00  3.44E+00  0.00E+00  3.97E-01  0.00E+00  3.97E-01  3.13E-01
 
  430
+        9.00E-01  4.20E+00  3.60E+00  5.81E+00  3.44E+00  0.00E+00  1.46E-01  0.00E+00  1.46E-01  1.15E-01
 
  431
+        9.00E-01  4.20E+00  3.60E+00  5.81E+00  3.44E+00  0.00E+00  1.09E-01  0.00E+00  1.09E-01  8.58E-02
 
  432
+        9.00E-01  4.20E+00  3.60E+00  5.81E+00  3.44E+00  0.00E+00  1.07E-01  0.00E+00  1.07E-01  8.47E-02
 
  433
+        9.00E-01  4.20E+00  3.60E+00  5.81E+00  3.44E+00  0.00E+00  1.93E+00  0.00E+00  1.93E+00  1.52E+00
 
  434
+        9.00E-01  4.20E+00  3.60E+00  5.81E+00  3.44E+00  0.00E+00  3.17E+00  0.00E+00  3.17E+00  2.50E+00
 
  435
+        9.00E-01  4.20E+00  3.60E+00  5.81E+00  3.44E+00  0.00E+00  2.76E+00  0.00E+00  2.76E+00  2.18E+00
 
  436
+        9.00E-01  4.20E+00  3.60E+00  5.81E+00  3.44E+00  0.00E+00  8.13E-01  0.00E+00  8.13E-01  6.42E-01
 
  437
+        9.00E-01  4.20E+00  3.60E+00  5.81E+00  3.44E+00  0.00E+00  1.23E-01  0.00E+00  1.23E-01  9.67E-02
 
  438
+        9.00E-01  4.20E+00  3.60E+00  5.81E+00  3.44E+00  0.00E+00  6.32E-01  0.00E+00  6.32E-01  4.98E-01
 
  439
+        9.00E-01  4.20E+00  3.60E+00  5.81E+00  3.44E+00  0.00E+00  5.55E+00  0.00E+00  5.55E+00  4.38E+00
 
  440
+        9.00E-01  4.20E+00  3.60E+00  5.81E+00  3.44E+00  0.00E+00  5.52E+00  0.00E+00  5.52E+00  4.35E+00
 
  441
+        9.00E-01  4.20E+00  3.60E+00  5.81E+00  3.44E+00  0.00E+00  1.80E+00  0.00E+00  1.80E+00  1.42E+00
 
1

 LINE NO.KA        V2        CL        V3        Q         IPRED     DV        PRED      RES       WRES     
 
  442
+        9.00E-01  4.20E+00  3.60E+00  5.81E+00  3.44E+00  0.00E+00  2.23E+00  0.00E+00  2.23E+00  1.76E+00
 
  443
+        9.00E-01  4.20E+00  3.60E+00  5.81E+00  3.44E+00  0.00E+00  4.70E-01  0.00E+00  4.70E-01  3.71E-01
 
  444
+        9.00E-01  4.20E+00  3.60E+00  5.81E+00  3.44E+00  0.00E+00  2.96E-01  0.00E+00  2.96E-01  2.34E-01
 
  445
+        9.00E-01  4.20E+00  3.60E+00  5.81E+00  3.44E+00  0.00E+00  2.29E-01  0.00E+00  2.29E-01  1.80E-01
 
  446
+        9.00E-01  4.20E+00  3.60E+00  5.81E+00  3.44E+00  0.00E+00  1.84E-01  0.00E+00  1.84E-01  1.45E-01
 
  447
+        9.00E-01  4.20E+00  3.60E+00  5.81E+00  3.44E+00  0.00E+00  6.07E-01  0.00E+00  6.07E-01  4.79E-01
 
  448
+        9.00E-01  4.20E+00  3.60E+00  5.81E+00  3.44E+00  0.00E+00  1.28E+00  0.00E+00  1.28E+00  1.01E+00
 
  449
+        9.00E-01  4.20E+00  3.60E+00  5.81E+00  3.44E+00  0.00E+00  4.02E+00  0.00E+00  4.02E+00  3.17E+00
 
  450
+        9.00E-01  4.20E+00  3.60E+00  5.81E+00  3.44E+00  0.00E+00  2.00E+00  0.00E+00  2.00E+00  1.58E+00
 
  451
+        9.00E-01  4.20E+00  3.60E+00  5.81E+00  3.44E+00  0.00E+00  2.64E+00  0.00E+00  2.64E+00  2.08E+00
 
  452
+        9.00E-01  4.20E+00  3.60E+00  5.81E+00  3.44E+00  0.00E+00  1.16E+00  0.00E+00  1.16E+00  9.18E-01
 
  453
+        9.00E-01  4.20E+00  3.60E+00  5.81E+00  3.44E+00  0.00E+00  3.61E-01  0.00E+00  3.61E-01  2.85E-01
 
  454
+        9.00E-01  4.20E+00  3.60E+00  5.81E+00  3.44E+00  0.00E+00  2.87E-01  0.00E+00  2.87E-01  2.26E-01
 
  455
+        9.00E-01  4.20E+00  3.60E+00  5.81E+00  3.44E+00  0.00E+00  2.22E-01  0.00E+00  2.22E-01  1.75E-01
 
  456
+        9.00E-01  4.20E+00  3.60E+00  5.81E+00  3.44E+00  0.00E+00  1.05E+00  0.00E+00  1.05E+00  8.31E-01
 
  457
+        9.00E-01  4.20E+00  3.60E+00  5.81E+00  3.44E+00  0.00E+00  2.58E+00  0.00E+00  2.58E+00  2.03E+00
 
  458
+        9.00E-01  4.20E+00  3.60E+00  5.81E+00  3.44E+00  0.00E+00  2.33E+00  0.00E+00  2.33E+00  1.84E+00
 
  459
+        9.00E-01  4.20E+00  3.60E+00  5.81E+00  3.44E+00  0.00E+00  2.05E+00  0.00E+00  2.05E+00  1.62E+00
 
  460
+        9.00E-01  4.20E+00  3.60E+00  5.81E+00  3.44E+00  0.00E+00  2.49E+00  0.00E+00  2.49E+00  1.96E+00
 
  461
+        9.00E-01  4.20E+00  3.60E+00  5.81E+00  3.44E+00  0.00E+00  5.67E-01  0.00E+00  5.67E-01  4.47E-01
 
  462
+        9.00E-01  4.20E+00  3.60E+00  5.81E+00  3.44E+00  0.00E+00  1.27E-01  0.00E+00  1.27E-01  9.99E-02
 
  463
+        9.00E-01  4.20E+00  3.60E+00  5.81E+00  3.44E+00  0.00E+00  1.92E-01  0.00E+00  1.92E-01  1.51E-01
 
  464
+        9.00E-01  4.20E+00  3.60E+00  5.81E+00  3.44E+00  0.00E+00  1.80E-01  0.00E+00  1.80E-01  1.42E-01
 
  465
+        9.00E-01  4.20E+00  3.60E+00  5.81E+00  3.44E+00  0.00E+00  8.56E-01  0.00E+00  8.56E-01  6.75E-01
 
  466
+        9.00E-01  4.20E+00  3.60E+00  5.81E+00  3.44E+00  0.00E+00  6.79E-01  0.00E+00  6.79E-01  5.35E-01
 
  467
+        9.00E-01  4.20E+00  3.60E+00  5.81E+00  3.44E+00  0.00E+00  3.87E+00  0.00E+00  3.87E+00  3.05E+00
 
1

 LINE NO.KA        V2        CL        V3        Q         IPRED     DV        PRED      RES       WRES     
 
  468
+        9.00E-01  4.20E+00  3.60E+00  5.81E+00  3.44E+00  0.00E+00  1.04E+00  0.00E+00  1.04E+00  8.21E-01
 
  469
+        9.00E-01  4.20E+00  3.60E+00  5.81E+00  3.44E+00  0.00E+00  4.20E-01  0.00E+00  4.20E-01  3.32E-01
 
  470
+        9.00E-01  4.20E+00  3.60E+00  5.81E+00  3.44E+00  0.00E+00  1.23E-01  0.00E+00  1.23E-01  9.72E-02
 
  471
+        9.00E-01  4.20E+00  3.60E+00  5.81E+00  3.44E+00  0.00E+00  1.54E+00  0.00E+00  1.54E+00  1.22E+00
 
  472
+        9.00E-01  4.20E+00  3.60E+00  5.81E+00  3.44E+00  0.00E+00  3.17E+00  0.00E+00  3.17E+00  2.50E+00
 
  473
+        9.00E-01  4.20E+00  3.60E+00  5.81E+00  3.44E+00  0.00E+00  2.55E+00  0.00E+00  2.55E+00  2.01E+00
 
  474
+        9.00E-01  4.20E+00  3.60E+00  5.81E+00  3.44E+00  0.00E+00  3.30E+00  0.00E+00  3.30E+00  2.60E+00
 
  475
+        9.00E-01  4.20E+00  3.60E+00  5.81E+00  3.44E+00  0.00E+00  1.43E+00  0.00E+00  1.43E+00  1.13E+00
 
  476
+        9.00E-01  4.20E+00  3.60E+00  5.81E+00  3.44E+00  0.00E+00  1.25E+00  0.00E+00  1.25E+00  9.89E-01
 
  477
+        9.00E-01  4.20E+00  3.60E+00  5.81E+00  3.44E+00  0.00E+00  7.38E-01  0.00E+00  7.38E-01  5.82E-01
 
  478
+        9.00E-01  4.20E+00  3.60E+00  5.81E+00  3.44E+00  0.00E+00  2.09E-01  0.00E+00  2.09E-01  1.65E-01
 
  479
+        9.00E-01  4.20E+00  3.60E+00  5.81E+00  3.44E+00  0.00E+00  2.30E-01  0.00E+00  2.30E-01  1.82E-01
 
  480
+        9.00E-01  4.20E+00  3.60E+00  5.81E+00  3.44E+00  0.00E+00  5.44E-01  0.00E+00  5.44E-01  4.29E-01
 
  481
+        9.00E-01  4.20E+00  3.60E+00  5.81E+00  3.44E+00  0.00E+00  2.27E+00  0.00E+00  2.27E+00  1.79E+00
 
  482
+        9.00E-01  4.20E+00  3.60E+00  5.81E+00  3.44E+00  0.00E+00  1.98E+00  0.00E+00  1.98E+00  1.56E+00
 
  483
+        9.00E-01  4.20E+00  3.60E+00  5.81E+00  3.44E+00  0.00E+00  1.11E+00  0.00E+00  1.11E+00  8.78E-01
 
  484
+        9.00E-01  4.20E+00  3.60E+00  5.81E+00  3.44E+00  0.00E+00  5.44E-01  0.00E+00  5.44E-01  4.29E-01
 
  485
+        9.00E-01  4.20E+00  3.60E+00  5.81E+00  3.44E+00  0.00E+00  2.24E-01  0.00E+00  2.24E-01  1.77E-01
 
  486
+        9.00E-01  4.20E+00  3.60E+00  5.81E+00  3.44E+00  0.00E+00  1.17E-01  0.00E+00  1.17E-01  9.26E-02
 
  487
+        9.00E-01  4.20E+00  3.60E+00  5.81E+00  3.44E+00  0.00E+00  4.72E-01  0.00E+00  4.72E-01  3.72E-01
 
  488
+        9.00E-01  4.20E+00  3.60E+00  5.81E+00  3.44E+00  0.00E+00  1.68E+00  0.00E+00  1.68E+00  1.32E+00
 
  489
+        9.00E-01  4.20E+00  3.60E+00  5.81E+00  3.44E+00  0.00E+00  2.35E+00  0.00E+00  2.35E+00  1.85E+00
 
  490
+        9.00E-01  4.20E+00  3.60E+00  5.81E+00  3.44E+00  0.00E+00  1.36E+00  0.00E+00  1.36E+00  1.08E+00
 
  491
+        9.00E-01  4.20E+00  3.60E+00  5.81E+00  3.44E+00  0.00E+00  5.44E-01  0.00E+00  5.44E-01  4.29E-01
 
  492
+        9.00E-01  4.20E+00  3.60E+00  5.81E+00  3.44E+00  0.00E+00  3.65E-01  0.00E+00  3.65E-01  2.88E-01
 
  493
+        9.00E-01  4.20E+00  3.60E+00  5.81E+00  3.44E+00  0.00E+00  1.50E-01  0.00E+00  1.50E-01  1.18E-01
 
1

 LINE NO.KA        V2        CL        V3        Q         IPRED     DV        PRED      RES       WRES     
 
  494
+        9.00E-01  4.20E+00  3.60E+00  5.81E+00  3.44E+00  0.00E+00  9.71E-02  0.00E+00  9.71E-02  7.66E-02
 
  495
+        9.00E-01  4.20E+00  3.60E+00  5.81E+00  3.44E+00  0.00E+00  5.59E-02  0.00E+00  5.59E-02  4.41E-02
 
  496
+        9.00E-01  4.20E+00  3.60E+00  5.81E+00  3.44E+00  0.00E+00  9.78E-01  0.00E+00  9.78E-01  7.72E-01
 
  497
+        9.00E-01  4.20E+00  3.60E+00  5.81E+00  3.44E+00  0.00E+00  1.35E+00  0.00E+00  1.35E+00  1.06E+00
 
  498
+        9.00E-01  4.20E+00  3.60E+00  5.81E+00  3.44E+00  0.00E+00  2.19E+00  0.00E+00  2.19E+00  1.73E+00
 
  499
+        9.00E-01  4.20E+00  3.60E+00  5.81E+00  3.44E+00  0.00E+00  4.34E+00  0.00E+00  4.34E+00  3.43E+00
 
  500
+        9.00E-01  4.20E+00  3.60E+00  5.81E+00  3.44E+00  0.00E+00  1.79E+00  0.00E+00  1.79E+00  1.42E+00
 
  501
+        9.00E-01  4.20E+00  3.60E+00  5.81E+00  3.44E+00  0.00E+00  2.38E-01  0.00E+00  2.38E-01  1.88E-01
 
  502
+        9.00E-01  4.20E+00  3.60E+00  5.81E+00  3.44E+00  0.00E+00  5.68E-01  0.00E+00  5.68E-01  4.48E-01
 
  503
+        9.00E-01  4.20E+00  3.60E+00  5.81E+00  3.44E+00  0.00E+00  2.36E-01  0.00E+00  2.36E-01  1.86E-01
 
  504
+        9.00E-01  4.20E+00  3.60E+00  5.81E+00  3.44E+00  0.00E+00  2.71E-01  0.00E+00  2.71E-01  2.13E-01
 
  505
+        9.00E-01  4.20E+00  3.60E+00  5.81E+00  3.44E+00  0.00E+00  1.04E+00  0.00E+00  1.04E+00  8.24E-01
 
  506
+        9.00E-01  4.20E+00  3.60E+00  5.81E+00  3.44E+00  0.00E+00  3.28E+00  0.00E+00  3.28E+00  2.58E+00
 
  507
+        9.00E-01  4.20E+00  3.60E+00  5.81E+00  3.44E+00  0.00E+00  1.04E+00  0.00E+00  1.04E+00  8.17E-01
 
  508
+        9.00E-01  4.20E+00  3.60E+00  5.81E+00  3.44E+00  0.00E+00  2.17E+00  0.00E+00  2.17E+00  1.71E+00
 
  509
+        9.00E-01  4.20E+00  3.60E+00  5.81E+00  3.44E+00  0.00E+00  2.08E-01  0.00E+00  2.08E-01  1.64E-01
 
  510
+        9.00E-01  4.20E+00  3.60E+00  5.81E+00  3.44E+00  0.00E+00  9.75E-02  0.00E+00  9.75E-02  7.70E-02
 
  511
+        9.00E-01  4.20E+00  3.60E+00  5.81E+00  3.44E+00  0.00E+00  5.02E-02  0.00E+00  5.02E-02  3.96E-02
 
  512
+        9.00E-01  4.20E+00  3.60E+00  5.81E+00  3.44E+00  0.00E+00  7.09E-01  0.00E+00  7.09E-01  5.60E-01
 
  513
+        9.00E-01  4.20E+00  3.60E+00  5.81E+00  3.44E+00  0.00E+00  2.89E+00  0.00E+00  2.89E+00  2.28E+00
 
  514
+        9.00E-01  4.20E+00  3.60E+00  5.81E+00  3.44E+00  0.00E+00  3.18E+00  0.00E+00  3.18E+00  2.51E+00
 
  515
+        9.00E-01  4.20E+00  3.60E+00  5.81E+00  3.44E+00  0.00E+00  2.41E+00  0.00E+00  2.41E+00  1.90E+00
 
  516
+        9.00E-01  4.20E+00  3.60E+00  5.81E+00  3.44E+00  0.00E+00  4.89E-01  0.00E+00  4.89E-01  3.86E-01
 
  517
+        9.00E-01  4.20E+00  3.60E+00  5.81E+00  3.44E+00  0.00E+00  2.96E-01  0.00E+00  2.96E-01  2.33E-01
 
  518
+        9.00E-01  4.20E+00  3.60E+00  5.81E+00  3.44E+00  0.00E+00  1.40E-01  0.00E+00  1.40E-01  1.10E-01
 
  519
+        9.00E-01  4.20E+00  3.60E+00  5.81E+00  3.44E+00  0.00E+00  1.72E-01  0.00E+00  1.72E-01  1.36E-01
 
1

 LINE NO.KA        V2        CL        V3        Q         IPRED     DV        PRED      RES       WRES     
 
  520
+        9.00E-01  4.20E+00  3.60E+00  5.81E+00  3.44E+00  0.00E+00  9.09E-02  0.00E+00  9.09E-02  7.17E-02
 
  521
+        9.00E-01  4.20E+00  3.60E+00  5.81E+00  3.44E+00  0.00E+00  2.33E+00  0.00E+00  2.33E+00  1.84E+00
 
  522
+        9.00E-01  4.20E+00  3.60E+00  5.81E+00  3.44E+00  0.00E+00  4.62E+00  0.00E+00  4.62E+00  3.65E+00
 
  523
+        9.00E-01  4.20E+00  3.60E+00  5.81E+00  3.44E+00  0.00E+00  3.70E+00  0.00E+00  3.70E+00  2.92E+00
 
  524
+        9.00E-01  4.20E+00  3.60E+00  5.81E+00  3.44E+00  0.00E+00  1.90E+00  0.00E+00  1.90E+00  1.50E+00
 
  525
+        9.00E-01  4.20E+00  3.60E+00  5.81E+00  3.44E+00  0.00E+00  8.36E-01  0.00E+00  8.36E-01  6.59E-01
 
  526
+        9.00E-01  4.20E+00  3.60E+00  5.81E+00  3.44E+00  0.00E+00  2.62E-01  0.00E+00  2.62E-01  2.07E-01
 
  527
+        9.00E-01  4.20E+00  3.60E+00  5.81E+00  3.44E+00  0.00E+00  1.29E-01  0.00E+00  1.29E-01  1.02E-01
 
  528
+        9.00E-01  4.20E+00  3.60E+00  5.81E+00  3.44E+00  0.00E+00  1.03E-01  0.00E+00  1.03E-01  8.11E-02
 
  529
+        9.00E-01  4.20E+00  3.60E+00  5.81E+00  3.44E+00  0.00E+00  6.93E-02  0.00E+00  6.93E-02  5.47E-02
 
  530
+        9.00E-01  4.20E+00  3.60E+00  5.81E+00  3.44E+00  0.00E+00  2.07E+00  0.00E+00  2.07E+00  1.63E+00
 
  531
+        9.00E-01  4.20E+00  3.60E+00  5.81E+00  3.44E+00  0.00E+00  2.79E+00  0.00E+00  2.79E+00  2.20E+00
 
  532
+        9.00E-01  4.20E+00  3.60E+00  5.81E+00  3.44E+00  0.00E+00  5.12E+00  0.00E+00  5.12E+00  4.04E+00
 
  533
+        9.00E-01  4.20E+00  3.60E+00  5.81E+00  3.44E+00  0.00E+00  3.55E+00  0.00E+00  3.55E+00  2.80E+00
 
  534
+        9.00E-01  4.20E+00  3.60E+00  5.81E+00  3.44E+00  0.00E+00  1.57E+00  0.00E+00  1.57E+00  1.24E+00
 
  535
+        9.00E-01  4.20E+00  3.60E+00  5.81E+00  3.44E+00  0.00E+00  3.26E-01  0.00E+00  3.26E-01  2.58E-01
 
  536
+        9.00E-01  4.20E+00  3.60E+00  5.81E+00  3.44E+00  0.00E+00  1.45E-01  0.00E+00  1.45E-01  1.14E-01
 
  537
+        9.00E-01  4.20E+00  3.60E+00  5.81E+00  3.44E+00  0.00E+00  7.30E-02  0.00E+00  7.30E-02  5.76E-02
 
  538
+        9.00E-01  4.20E+00  3.60E+00  5.81E+00  3.44E+00  0.00E+00  1.38E-01  0.00E+00  1.38E-01  1.09E-01
 
  539
+        9.00E-01  4.20E+00  3.60E+00  5.81E+00  3.44E+00  0.00E+00  3.93E-01  0.00E+00  3.93E-01  3.10E-01
 
  540
+        9.00E-01  4.20E+00  3.60E+00  5.81E+00  3.44E+00  0.00E+00  1.33E+00  0.00E+00  1.33E+00  1.05E+00
 
  541
+        9.00E-01  4.20E+00  3.60E+00  5.81E+00  3.44E+00  0.00E+00  2.92E+00  0.00E+00  2.92E+00  2.30E+00
 
  542
+        9.00E-01  4.20E+00  3.60E+00  5.81E+00  3.44E+00  0.00E+00  3.24E+00  0.00E+00  3.24E+00  2.56E+00
 
  543
+        9.00E-01  4.20E+00  3.60E+00  5.81E+00  3.44E+00  0.00E+00  1.14E+00  0.00E+00  1.14E+00  8.97E-01
 
  544
+        9.00E-01  4.20E+00  3.60E+00  5.81E+00  3.44E+00  0.00E+00  8.16E-01  0.00E+00  8.16E-01  6.43E-01
 
  545
+        9.00E-01  4.20E+00  3.60E+00  5.81E+00  3.44E+00  0.00E+00  5.90E-01  0.00E+00  5.90E-01  4.65E-01
 
1

 LINE NO.KA        V2        CL        V3        Q         IPRED     DV        PRED      RES       WRES     
 
  546
+        9.00E-01  4.20E+00  3.60E+00  5.81E+00  3.44E+00  0.00E+00  3.22E-01  0.00E+00  3.22E-01  2.54E-01
 
  547
+        9.00E-01  4.20E+00  3.60E+00  5.81E+00  3.44E+00  0.00E+00  2.48E-01  0.00E+00  2.48E-01  1.96E-01
 
  548
+        9.00E-01  4.20E+00  3.60E+00  5.81E+00  3.44E+00  0.00E+00  1.27E+00  0.00E+00  1.27E+00  9.99E-01
 
  549
+        9.00E-01  4.20E+00  3.60E+00  5.81E+00  3.44E+00  0.00E+00  2.22E+00  0.00E+00  2.22E+00  1.75E+00
 
  550
+        9.00E-01  4.20E+00  3.60E+00  5.81E+00  3.44E+00  0.00E+00  1.89E+00  0.00E+00  1.89E+00  1.49E+00
 
  551
+        9.00E-01  4.20E+00  3.60E+00  5.81E+00  3.44E+00  0.00E+00  1.36E+00  0.00E+00  1.36E+00  1.08E+00
 
  552
+        9.00E-01  4.20E+00  3.60E+00  5.81E+00  3.44E+00  0.00E+00  1.10E+00  0.00E+00  1.10E+00  8.69E-01
 
  553
+        9.00E-01  4.20E+00  3.60E+00  5.81E+00  3.44E+00  0.00E+00  2.67E-01  0.00E+00  2.67E-01  2.11E-01
 
  554
+        9.00E-01  4.20E+00  3.60E+00  5.81E+00  3.44E+00  0.00E+00  6.82E-02  0.00E+00  6.82E-02  5.38E-02
 
  555
+        9.00E-01  4.20E+00  3.60E+00  5.81E+00  3.44E+00  0.00E+00  7.18E-01  0.00E+00  7.18E-01  5.66E-01
 
  556
+        9.00E-01  4.20E+00  3.60E+00  5.81E+00  3.44E+00  0.00E+00  1.82E+00  0.00E+00  1.82E+00  1.43E+00
 
  557
+        9.00E-01  4.20E+00  3.60E+00  5.81E+00  3.44E+00  0.00E+00  2.01E+00  0.00E+00  2.01E+00  1.58E+00
 
  558
+        9.00E-01  4.20E+00  3.60E+00  5.81E+00  3.44E+00  0.00E+00  1.56E+00  0.00E+00  1.56E+00  1.23E+00
 
  559
+        9.00E-01  4.20E+00  3.60E+00  5.81E+00  3.44E+00  0.00E+00  1.85E+00  0.00E+00  1.85E+00  1.46E+00
 
  560
+        9.00E-01  4.20E+00  3.60E+00  5.81E+00  3.44E+00  0.00E+00  1.26E+00  0.00E+00  1.26E+00  9.98E-01
 
  561
+        9.00E-01  4.20E+00  3.60E+00  5.81E+00  3.44E+00  0.00E+00  6.82E-01  0.00E+00  6.82E-01  5.38E-01
 
  562
+        9.00E-01  4.20E+00  3.60E+00  5.81E+00  3.44E+00  0.00E+00  4.35E-01  0.00E+00  4.35E-01  3.43E-01
 
  563
+        9.00E-01  4.20E+00  3.60E+00  5.81E+00  3.44E+00  0.00E+00  3.18E-01  0.00E+00  3.18E-01  2.51E-01
 
  564
+        9.00E-01  4.20E+00  3.60E+00  5.81E+00  3.44E+00  0.00E+00  1.03E+00  0.00E+00  1.03E+00  8.15E-01
 
  565
+        9.00E-01  4.20E+00  3.60E+00  5.81E+00  3.44E+00  0.00E+00  2.84E+00  0.00E+00  2.84E+00  2.24E+00
 
  566
+        9.00E-01  4.20E+00  3.60E+00  5.81E+00  3.44E+00  0.00E+00  2.49E+00  0.00E+00  2.49E+00  1.97E+00
 
  567
+        9.00E-01  4.20E+00  3.60E+00  5.81E+00  3.44E+00  0.00E+00  1.63E+00  0.00E+00  1.63E+00  1.29E+00
 
  568
+        9.00E-01  4.20E+00  3.60E+00  5.81E+00  3.44E+00  0.00E+00  5.36E-01  0.00E+00  5.36E-01  4.23E-01
 
  569
+        9.00E-01  4.20E+00  3.60E+00  5.81E+00  3.44E+00  0.00E+00  1.15E-01  0.00E+00  1.15E-01  9.04E-02
 
  570
+        9.00E-01  4.20E+00  3.60E+00  5.81E+00  3.44E+00  0.00E+00  8.53E-02  0.00E+00  8.53E-02  6.73E-02
 
  571
+        9.00E-01  4.20E+00  3.60E+00  5.81E+00  3.44E+00  0.00E+00  1.53E+00  0.00E+00  1.53E+00  1.21E+00
 
1

 LINE NO.KA        V2        CL        V3        Q         IPRED     DV        PRED      RES       WRES     
 
  572
+        9.00E-01  4.20E+00  3.60E+00  5.81E+00  3.44E+00  0.00E+00  4.31E+00  0.00E+00  4.31E+00  3.40E+00
 
  573
+        9.00E-01  4.20E+00  3.60E+00  5.81E+00  3.44E+00  0.00E+00  3.71E+00  0.00E+00  3.71E+00  2.93E+00
 
  574
+        9.00E-01  4.20E+00  3.60E+00  5.81E+00  3.44E+00  0.00E+00  3.32E+00  0.00E+00  3.32E+00  2.62E+00
 
  575
+        9.00E-01  4.20E+00  3.60E+00  5.81E+00  3.44E+00  0.00E+00  1.56E+00  0.00E+00  1.56E+00  1.23E+00
 
  576
+        9.00E-01  4.20E+00  3.60E+00  5.81E+00  3.44E+00  0.00E+00  7.68E-02  0.00E+00  7.68E-02  6.06E-02
 
  577
+        9.00E-01  4.20E+00  3.60E+00  5.81E+00  3.44E+00  0.00E+00  1.16E-01  0.00E+00  1.16E-01  9.17E-02
 
  578
+        9.00E-01  4.20E+00  3.60E+00  5.81E+00  3.44E+00  0.00E+00  9.84E-02  0.00E+00  9.84E-02  7.76E-02
 
  579
+        9.00E-01  4.20E+00  3.60E+00  5.81E+00  3.44E+00  0.00E+00  1.07E-01  0.00E+00  1.07E-01  8.43E-02
 
  580
+        9.00E-01  4.20E+00  3.60E+00  5.81E+00  3.44E+00  0.00E+00  6.42E-01  0.00E+00  6.42E-01  5.07E-01
 
  581
+        9.00E-01  4.20E+00  3.60E+00  5.81E+00  3.44E+00  0.00E+00  2.45E+00  0.00E+00  2.45E+00  1.93E+00
 
  582
+        9.00E-01  4.20E+00  3.60E+00  5.81E+00  3.44E+00  0.00E+00  3.59E+00  0.00E+00  3.59E+00  2.83E+00
 
  583
+        9.00E-01  4.20E+00  3.60E+00  5.81E+00  3.44E+00  0.00E+00  4.17E+00  0.00E+00  4.17E+00  3.29E+00
 
  584
+        9.00E-01  4.20E+00  3.60E+00  5.81E+00  3.44E+00  0.00E+00  1.43E+00  0.00E+00  1.43E+00  1.13E+00
 
  585
+        9.00E-01  4.20E+00  3.60E+00  5.81E+00  3.44E+00  0.00E+00  7.34E-01  0.00E+00  7.34E-01  5.79E-01
 
  586
+        9.00E-01  4.20E+00  3.60E+00  5.81E+00  3.44E+00  0.00E+00  3.83E-01  0.00E+00  3.83E-01  3.02E-01
 
  587
+        9.00E-01  4.20E+00  3.60E+00  5.81E+00  3.44E+00  0.00E+00  1.73E-01  0.00E+00  1.73E-01  1.37E-01
 
  588
+        9.00E-01  4.20E+00  3.60E+00  5.81E+00  3.44E+00  0.00E+00  2.44E-01  0.00E+00  2.44E-01  1.92E-01
 
  589
+        9.00E-01  4.20E+00  3.60E+00  5.81E+00  3.44E+00  0.00E+00  3.21E+00  0.00E+00  3.21E+00  2.53E+00
 
  590
+        9.00E-01  4.20E+00  3.60E+00  5.81E+00  3.44E+00  0.00E+00  4.31E+00  0.00E+00  4.31E+00  3.40E+00
 
  591
+        9.00E-01  4.20E+00  3.60E+00  5.81E+00  3.44E+00  0.00E+00  4.49E+00  0.00E+00  4.49E+00  3.54E+00
 
  592
+        9.00E-01  4.20E+00  3.60E+00  5.81E+00  3.44E+00  0.00E+00  1.82E+00  0.00E+00  1.82E+00  1.43E+00
 
  593
+        9.00E-01  4.20E+00  3.60E+00  5.81E+00  3.44E+00  0.00E+00  4.78E-01  0.00E+00  4.78E-01  3.77E-01
 
  594
+        9.00E-01  4.20E+00  3.60E+00  5.81E+00  3.44E+00  0.00E+00  1.99E-01  0.00E+00  1.99E-01  1.57E-01
 
  595
+        9.00E-01  4.20E+00  3.60E+00  5.81E+00  3.44E+00  0.00E+00  1.50E-01  0.00E+00  1.50E-01  1.18E-01
 
  596
+        9.00E-01  4.20E+00  3.60E+00  5.81E+00  3.44E+00  0.00E+00  8.57E-02  0.00E+00  8.57E-02  6.76E-02
 
  597
+        9.00E-01  4.20E+00  3.60E+00  5.81E+00  3.44E+00  0.00E+00  9.81E-02  0.00E+00  9.81E-02  7.74E-02
 
1

 LINE NO.KA        V2        CL        V3        Q         IPRED     DV        PRED      RES       WRES     
 
  598
+        9.00E-01  4.20E+00  3.60E+00  5.81E+00  3.44E+00  0.00E+00  2.05E+00  0.00E+00  2.05E+00  1.62E+00
 
  599
+        9.00E-01  4.20E+00  3.60E+00  5.81E+00  3.44E+00  0.00E+00  2.97E+00  0.00E+00  2.97E+00  2.34E+00
 
  600
+        9.00E-01  4.20E+00  3.60E+00  5.81E+00  3.44E+00  0.00E+00  3.23E+00  0.00E+00  3.23E+00  2.55E+00
 
  601
+        9.00E-01  4.20E+00  3.60E+00  5.81E+00  3.44E+00  0.00E+00  1.83E+00  0.00E+00  1.83E+00  1.45E+00
 
  602
+        9.00E-01  4.20E+00  3.60E+00  5.81E+00  3.44E+00  0.00E+00  7.54E-01  0.00E+00  7.54E-01  5.95E-01
 
  603
+        9.00E-01  4.20E+00  3.60E+00  5.81E+00  3.44E+00  0.00E+00  6.13E-01  0.00E+00  6.13E-01  4.84E-01
 
  604
+        9.00E-01  4.20E+00  3.60E+00  5.81E+00  3.44E+00  0.00E+00  1.36E-01  0.00E+00  1.36E-01  1.07E-01
 
  605
+        9.00E-01  4.20E+00  3.60E+00  5.81E+00  3.44E+00  0.00E+00  3.35E-01  0.00E+00  3.35E-01  2.64E-01
 
  606
+        9.00E-01  4.20E+00  3.60E+00  5.81E+00  3.44E+00  0.00E+00  7.76E-01  0.00E+00  7.76E-01  6.13E-01
 
  607
+        9.00E-01  4.20E+00  3.60E+00  5.81E+00  3.44E+00  0.00E+00  1.77E+00  0.00E+00  1.77E+00  1.39E+00
 
  608
+        9.00E-01  4.20E+00  3.60E+00  5.81E+00  3.44E+00  0.00E+00  2.73E+00  0.00E+00  2.73E+00  2.15E+00
 
  609
+        9.00E-01  4.20E+00  3.60E+00  5.81E+00  3.44E+00  0.00E+00  2.12E+00  0.00E+00  2.12E+00  1.67E+00
 
  610
+        9.00E-01  4.20E+00  3.60E+00  5.81E+00  3.44E+00  0.00E+00  7.24E-01  0.00E+00  7.24E-01  5.71E-01
 
  611
+        9.00E-01  4.20E+00  3.60E+00  5.81E+00  3.44E+00  0.00E+00  9.02E-01  0.00E+00  9.02E-01  7.12E-01
 
  612
+        9.00E-01  4.20E+00  3.60E+00  5.81E+00  3.44E+00  0.00E+00  3.66E-01  0.00E+00  3.66E-01  2.89E-01
 
  613
+        9.00E-01  4.20E+00  3.60E+00  5.81E+00  3.44E+00  0.00E+00  2.36E-01  0.00E+00  2.36E-01  1.86E-01
 
  614
+        9.00E-01  4.20E+00  3.60E+00  5.81E+00  3.44E+00  0.00E+00  1.42E-01  0.00E+00  1.42E-01  1.12E-01
 
  615
+        9.00E-01  4.20E+00  3.60E+00  5.81E+00  3.44E+00  0.00E+00  6.34E-01  0.00E+00  6.34E-01  5.00E-01
 
  616
+        9.00E-01  4.20E+00  3.60E+00  5.81E+00  3.44E+00  0.00E+00  3.89E+00  0.00E+00  3.89E+00  3.07E+00
 
  617
+        9.00E-01  4.20E+00  3.60E+00  5.81E+00  3.44E+00  0.00E+00  3.10E+00  0.00E+00  3.10E+00  2.44E+00
 
  618
+        9.00E-01  4.20E+00  3.60E+00  5.81E+00  3.44E+00  0.00E+00  3.25E+00  0.00E+00  3.25E+00  2.56E+00
 
  619
+        9.00E-01  4.20E+00  3.60E+00  5.81E+00  3.44E+00  0.00E+00  1.90E+00  0.00E+00  1.90E+00  1.50E+00
 
  620
+        9.00E-01  4.20E+00  3.60E+00  5.81E+00  3.44E+00  0.00E+00  4.88E-01  0.00E+00  4.88E-01  3.85E-01
 
  621
+        9.00E-01  4.20E+00  3.60E+00  5.81E+00  3.44E+00  0.00E+00  3.34E-01  0.00E+00  3.34E-01  2.63E-01
 
  622
+        9.00E-01  4.20E+00  3.60E+00  5.81E+00  3.44E+00  0.00E+00  1.70E-01  0.00E+00  1.70E-01  1.34E-01
 
  623
+        9.00E-01  4.20E+00  3.60E+00  5.81E+00  3.44E+00  0.00E+00  1.81E-01  0.00E+00  1.81E-01  1.43E-01
 
1

 LINE NO.KA        V2        CL        V3        Q         IPRED     DV        PRED      RES       WRES     
 
  624
+        9.00E-01  4.20E+00  3.60E+00  5.81E+00  3.44E+00  0.00E+00  8.61E-01  0.00E+00  8.61E-01  6.79E-01
 
  625
+        9.00E-01  4.20E+00  3.60E+00  5.81E+00  3.44E+00  0.00E+00  3.70E+00  0.00E+00  3.70E+00  2.92E+00
 
  626
+        9.00E-01  4.20E+00  3.60E+00  5.81E+00  3.44E+00  0.00E+00  3.96E+00  0.00E+00  3.96E+00  3.12E+00
 
  627
+        9.00E-01  4.20E+00  3.60E+00  5.81E+00  3.44E+00  0.00E+00  3.18E+00  0.00E+00  3.18E+00  2.51E+00
 
  628
+        9.00E-01  4.20E+00  3.60E+00  5.81E+00  3.44E+00  0.00E+00  1.65E+00  0.00E+00  1.65E+00  1.31E+00
 
  629
+        9.00E-01  4.20E+00  3.60E+00  5.81E+00  3.44E+00  0.00E+00  4.41E-01  0.00E+00  4.41E-01  3.48E-01
 
  630
+        9.00E-01  4.20E+00  3.60E+00  5.81E+00  3.44E+00  0.00E+00  2.85E-01  0.00E+00  2.85E-01  2.25E-01
 
  631
+        9.00E-01  4.20E+00  3.60E+00  5.81E+00  3.44E+00  0.00E+00  3.05E-01  0.00E+00  3.05E-01  2.41E-01
 
  632
+        9.00E-01  4.20E+00  3.60E+00  5.81E+00  3.44E+00  0.00E+00  2.49E-01  0.00E+00  2.49E-01  1.97E-01
 
  633
+        9.00E-01  4.20E+00  3.60E+00  5.81E+00  3.44E+00  0.00E+00  6.96E-01  0.00E+00  6.96E-01  5.49E-01
 
  634
+        9.00E-01  4.20E+00  3.60E+00  5.81E+00  3.44E+00  0.00E+00  1.81E+00  0.00E+00  1.81E+00  1.43E+00
 
  635
+        9.00E-01  4.20E+00  3.60E+00  5.81E+00  3.44E+00  0.00E+00  2.42E+00  0.00E+00  2.42E+00  1.91E+00
 
  636
+        9.00E-01  4.20E+00  3.60E+00  5.81E+00  3.44E+00  0.00E+00  1.39E+00  0.00E+00  1.39E+00  1.09E+00
 
  637
+        9.00E-01  4.20E+00  3.60E+00  5.81E+00  3.44E+00  0.00E+00  6.15E-01  0.00E+00  6.15E-01  4.85E-01
 
  638
+        9.00E-01  4.20E+00  3.60E+00  5.81E+00  3.44E+00  0.00E+00  2.41E-01  0.00E+00  2.41E-01  1.90E-01
 
  639
+        9.00E-01  4.20E+00  3.60E+00  5.81E+00  3.44E+00  0.00E+00  9.75E-02  0.00E+00  9.75E-02  7.69E-02
 
  640
+        9.00E-01  4.20E+00  3.60E+00  5.81E+00  3.44E+00  0.00E+00  8.01E-02  0.00E+00  8.01E-02  6.32E-02
 
  641
+        9.00E-01  4.20E+00  3.60E+00  5.81E+00  3.44E+00  0.00E+00  6.57E-02  0.00E+00  6.57E-02  5.18E-02
 
 Elapsed finaloutput time in seconds:     0.04
 #CPUT: Total CPU Time in Seconds,        0.205
