Wed Jul 24 01:08:49 EDT 2024
$PROBLEM    031 SAEM
;; $INPUT ROW ID NOMTIME TIME EVID CMT AMT DV FLAG STUDY

;; BLQ CYCLE DOSE PART PROFDAY PROFTIME WEIGHTB eff0
$INPUT      ROW ID NOMTIME TIME EVID CMT AMT DV FLAG STUDY AGE BLQ
            CYCLE DOSE MALEN PART PROFDAY PROFTIME WEIGHTB
$DATA      xgxr2covs.csv IGNORE=@ IGNORE=(FLAG.NE.0)
            IGNORE(DOSE.LT.30)
$SUBROUTINE ADVAN4 TRANS4
$PK
LTVKA=THETA(1)
LTVV2=THETA(2)
LTVCL=THETA(3)
LTVV3=THETA(4)
LTVQ=THETA(5)

MU_1=LTVKA
KA=EXP(MU_1+ETA(1))
MU_2=LTVV2
V2=EXP(MU_2+ETA(2))
MU_3=LTVCL+THETA(6) * LOG(AGE/54)
CL=EXP(MU_3+ETA(3))
MU_4=LTVV3
V3=EXP(MU_4+ETA(4))
MU_5 = LTVQ
Q =EXP(MU_5+ETA(5))
S2=V2

$ERROR
  IPRED=F
  IRES=DV-IPRED

  IF (IPRED.GT.1) THEN
    W = SQRT(IPRED**2*SIGMA(1,1) + SIGMA(2,2))
  ELSE
    W=1
  ENDIF

  IWRES=IRES/W
  Y=F+F*ERR(1)+ERR(2)

;-----------------------INITIAL ESTIMATES---------------------------------
$THETA  .1 ; 1 - LTVKA
$THETA  3 ; 2 - LTVV2
$THETA  1 ; 3 - LTVCL
$THETA  4 ; 4 - LTVV3
$THETA  -1 ; 5 - LTVQ
$THETA  .1 ; 6 - AGEEFF
$OMEGA  0  FIX
$OMEGA  0.1
$OMEGA  0.1
$OMEGA  0  FIX
$OMEGA  0  FIX
$SIGMA  0.1
$SIGMA  0  FIX
;; $ESTIMATION METHOD=1 POSTHOC INTER MAXEVAL=9999 NSIG=2 SIGL=9
;;            PRINT=10 NOABORT MSFO=xgxr032.msf
$ESTIMATION METHOD=SAEM INTERACTION NOABORT NBURN=1000 NITER=1000
            CTYPE=3 MAX=99999 NSIG=3 SEED=3442 PRINT=10 RANMETHOD=P
            MSFO=xgxr132.msf
$ESTIMATION METHOD=IMP INTERACTION EONLY=1 NITER=20 PRINT=1
            ISAMPLE=5000 RANMETHOD=P
$COVARIANCE PRINT=E
$TABLE      ROW KA V2 V3 CL Q PRED IPRED Y NOPRINT
            FILE=xgxr132_res.txt
$TABLE      ETAS(1:LAST) NOAPPEND NOPRINT FILE=xgxr132_etas.txt


NM-TRAN MESSAGES
  
 WARNINGS AND ERRORS (IF ANY) FOR PROBLEM    1
             
 (WARNING  2) NM-TRAN INFERS THAT THE DATA ARE POPULATION.
             
 (WARNING  79) SIGMA IS USED ON THE RIGHT. WITH A SUBSEQUENT RUN, IF AN
 INITIAL ESTIMATE OF A DIAGONAL BLOCK OF SIGMA IS TO BE COMPUTED BY
 NONMEM, THAT BLOCK WILL BE SET TO AN IDENTITY MATRIX DURING THAT
 COMPUTATION. THIS COULD LEAD TO AN ARITHMETIC EXCEPTION.*

 (MU_WARNING 26) DATA ITEM(S) USED IN DEFINITION OF MU_(S) SHOULD BE CONSTANT FOR INDIV. REC.:
  AGE

 * THE MAXIMUM NUMBER OF WARNINGS OF ONE OR MORE TYPES WAS REACHED.
 IT IS POSSIBLE THAT SOME WARNING MESSAGES WERE SUPPRESSED.

License Registered to: Vertex Pharmaceuticals Inc
Expiration Date:    14 JAN 2025
Current Date:       24 JUL 2024
Days until program expires : 175
1NONLINEAR MIXED EFFECTS MODEL PROGRAM (NONMEM) VERSION 7.5.0
 ORIGINALLY DEVELOPED BY STUART BEAL, LEWIS SHEINER, AND ALISON BOECKMANN
 CURRENT DEVELOPERS ARE ROBERT BAUER, ICON DEVELOPMENT SOLUTIONS,
 AND ALISON BOECKMANN. IMPLEMENTATION, EFFICIENCY, AND STANDARDIZATION
 PERFORMED BY NOUS INFOSYSTEMS.

 PROBLEM NO.:         1
 031 SAEM
0DATA CHECKOUT RUN:              NO
 DATA SET LOCATED ON UNIT NO.:    2
 THIS UNIT TO BE REWOUND:        NO
 NO. OF DATA RECS IN DATA SET:      731
 NO. OF DATA ITEMS IN DATA SET:  20
 ID DATA ITEM IS DATA ITEM NO.:   2
 DEP VARIABLE IS DATA ITEM NO.:   8
 MDV DATA ITEM IS DATA ITEM NO.: 20
0INDICES PASSED TO SUBROUTINE PRED:
   5   4   7   0   0   0   6   0   0   0   0
0LABELS FOR DATA ITEMS:
 ROW ID NOMTIME TIME EVID CMT AMT DV FLAG STUDY AGE BLQ CYCLE DOSE MALEN PART PROFDAY PROFTIME WEIGHTB MDV
0(NONBLANK) LABELS FOR PRED-DEFINED ITEMS:
 KA V2 CL V3 Q IPRED Y
0FORMAT FOR DATA:
 (4(4E17.0/),3E17.0,1F2.0)

 TOT. NO. OF OBS RECS:      641
 TOT. NO. OF INDIVIDUALS:       90
0LENGTH OF THETA:   6
0DEFAULT THETA BOUNDARY TEST OMITTED:    NO
0OMEGA HAS BLOCK FORM:
  1
  0  2
  0  0  3
  0  0  0  4
  0  0  0  0  5
0DEFAULT OMEGA BOUNDARY TEST OMITTED:    NO
0SIGMA HAS BLOCK FORM:
  1
  0  2
0DEFAULT SIGMA BOUNDARY TEST OMITTED:    NO
0INITIAL ESTIMATE OF THETA:
   0.1000E+00  0.3000E+01  0.1000E+01  0.4000E+01 -0.1000E+01  0.1000E+00
0INITIAL ESTIMATE OF OMEGA:
 BLOCK SET NO.   BLOCK                                                                    FIXED
        1                                                                                  YES
                  0.0000E+00
        2                                                                                   NO
                  0.1000E+00
        3                                                                                   NO
                  0.1000E+00
        4                                                                                  YES
                  0.0000E+00
        5                                                                                  YES
                  0.0000E+00
0INITIAL ESTIMATE OF SIGMA:
 BLOCK SET NO.   BLOCK                                                                    FIXED
        1                                                                                   NO
                  0.1000E+00
        2                                                                                  YES
                  0.0000E+00
0COVARIANCE STEP OMITTED:        NO
 EIGENVLS. PRINTED:             YES
 SPECIAL COMPUTATION:            NO
 COMPRESSED FORMAT:              NO
 GRADIENT METHOD USED:     NOSLOW
 SIGDIGITS ETAHAT (SIGLO):                  -1
 SIGDIGITS GRADIENTS (SIGL):                -1
 EXCLUDE COV FOR FOCE (NOFCOV):              NO
 Cholesky Transposition of R Matrix (CHOLROFF):0
 KNUTHSUMOFF:                                -1
 RESUME COV ANALYSIS (RESUME):               NO
 SIR SAMPLE SIZE (SIRSAMPLE):
 NON-LINEARLY TRANSFORM THETAS DURING COV (THBND): 1
 PRECONDTIONING CYCLES (PRECOND):        0
 PRECONDTIONING TYPES (PRECONDS):        TOS
 FORCED PRECONDTIONING CYCLES (PFCOND):0
 PRECONDTIONING TYPE (PRETYPE):        0
 FORCED POS. DEFINITE SETTING DURING PRECONDITIONING: (FPOSDEF):0
 SIMPLE POS. DEFINITE SETTING: (POSDEF):-1
0TABLES STEP OMITTED:    NO
 NO. OF TABLES:           2
 SEED NUMBER (SEED):    11456
 RANMETHOD:             3U
 MC SAMPLES (ESAMPLE):    300
 WRES SQUARE ROOT TYPE (WRESCHOL): EIGENVALUE
0-- TABLE   1 --
0RECORDS ONLY:    ALL
04 COLUMNS APPENDED:    YES
 PRINTED:                NO
 HEADER:                YES
 FILE TO BE FORWARDED:   NO
 FORMAT:                S1PE11.4
 IDFORMAT:
 LFORMAT:
 RFORMAT:
 FIXED_EFFECT_ETAS:
0USER-CHOSEN ITEMS:
 ROW KA V2 V3 CL Q IPRED Y
0-- TABLE   2 --
0RECORDS ONLY:    ALL
04 COLUMNS APPENDED:    NO
 PRINTED:                NO
 HEADER:                YES
 FILE TO BE FORWARDED:   NO
 FORMAT:                S1PE11.4
 IDFORMAT:
 LFORMAT:
 RFORMAT:
 FIXED_EFFECT_ETAS:
0USER-CHOSEN ITEMS:
 ETA1 ETA2 ETA3 ETA4 ETA5
1DOUBLE PRECISION PREDPP VERSION 7.5.0

 TWO COMPARTMENT MODEL WITH FIRST-ORDER ABSORPTION (ADVAN4)
0MAXIMUM NO. OF BASIC PK PARAMETERS:   5
0BASIC PK PARAMETERS (AFTER TRANSLATION):
   BASIC PK PARAMETER NO.  1: ELIMINATION RATE (K)
   BASIC PK PARAMETER NO.  2: CENTRAL-TO-PERIPH. RATE (K23)
   BASIC PK PARAMETER NO.  3: PERIPH.-TO-CENTRAL RATE (K32)
   BASIC PK PARAMETER NO.  5: ABSORPTION RATE (KA)
 TRANSLATOR WILL CONVERT PARAMETERS
 CL, V2, Q, V3 TO K, K23, K32 (TRANS4)
0COMPARTMENT ATTRIBUTES
 COMPT. NO.   FUNCTION   INITIAL    ON/OFF      DOSE      DEFAULT    DEFAULT
                         STATUS     ALLOWED    ALLOWED    FOR DOSE   FOR OBS.
    1         DEPOT        OFF        YES        YES        YES        NO
    2         CENTRAL      ON         NO         YES        NO         YES
    3         PERIPH.      ON         NO         YES        NO         NO
    4         OUTPUT       OFF        YES        NO         NO         NO
1
 ADDITIONAL PK PARAMETERS - ASSIGNMENT OF ROWS IN GG
 COMPT. NO.                             INDICES
              SCALE      BIOAVAIL.   ZERO-ORDER  ZERO-ORDER  ABSORB
                         FRACTION    RATE        DURATION    LAG
    1            *           *           *           *           *
    2            6           *           *           *           *
    3            *           *           *           *           *
    4            *           -           -           -           -
             - PARAMETER IS NOT ALLOWED FOR THIS MODEL
             * PARAMETER IS NOT SUPPLIED BY PK SUBROUTINE;
               WILL DEFAULT TO ONE IF APPLICABLE
0DATA ITEM INDICES USED BY PRED ARE:
   EVENT ID DATA ITEM IS DATA ITEM NO.:      5
   TIME DATA ITEM IS DATA ITEM NO.:          4
   DOSE AMOUNT DATA ITEM IS DATA ITEM NO.:   7
   COMPT. NO. DATA ITEM IS DATA ITEM NO.:    6

0PK SUBROUTINE CALLED WITH EVERY EVENT RECORD.
 PK SUBROUTINE NOT CALLED AT NONEVENT (ADDITIONAL OR LAGGED) DOSE TIMES.
0ERROR SUBROUTINE CALLED WITH EVERY EVENT RECORD.
1


 #TBLN:      1
 #METH: Stochastic Approximation Expectation-Maximization

 ESTIMATION STEP OMITTED:                 NO
 ANALYSIS TYPE:                           POPULATION
 NUMBER OF SADDLE POINT RESET ITERATIONS:      0
 GRADIENT METHOD USED:               NOSLOW
 CONDITIONAL ESTIMATES USED:              YES
 CENTERED ETA:                            NO
 EPS-ETA INTERACTION:                     YES
 LAPLACIAN OBJ. FUNC.:                    NO
 NO. OF FUNCT. EVALS. ALLOWED:            99999
 NO. OF SIG. FIGURES REQUIRED:            3
 INTERMEDIATE PRINTOUT:                   YES
 ESTIMATE OUTPUT TO MSF:                  YES
 ABORT WITH PRED EXIT CODE 1:             NO
 IND. OBJ. FUNC. VALUES SORTED:           NO
 NUMERICAL DERIVATIVE
       FILE REQUEST (NUMDER):               NONE
 MAP (ETAHAT) ESTIMATION METHOD (OPTMAP):   0
 ETA HESSIAN EVALUATION METHOD (ETADER):    0
 INITIAL ETA FOR MAP ESTIMATION (MCETA):    0
 SIGDIGITS FOR MAP ESTIMATION (SIGLO):      100
 GRADIENT SIGDIGITS OF
       FIXED EFFECTS PARAMETERS (SIGL):     100
 NOPRIOR SETTING (NOPRIOR):                 0
 NOCOV SETTING (NOCOV):                     OFF
 DERCONT SETTING (DERCONT):                 OFF
 FINAL ETA RE-EVALUATION (FNLETA):          1
 EXCLUDE NON-INFLUENTIAL (NON-INFL.) ETAS
       IN SHRINKAGE (ETASTYPE):             NO
 NON-INFL. ETA CORRECTION (NONINFETA):      0
 RAW OUTPUT FILE (FILE): psn.ext
 EXCLUDE TITLE (NOTITLE):                   NO
 EXCLUDE COLUMN LABELS (NOLABEL):           NO
 FORMAT FOR ADDITIONAL FILES (FORMAT):      S1PE12.5
 PARAMETER ORDER FOR OUTPUTS (ORDER):       TSOL
 KNUTHSUMOFF:                               0
 INCLUDE LNTWOPI:                           NO
 INCLUDE CONSTANT TERM TO PRIOR (PRIORC):   NO
 INCLUDE CONSTANT TERM TO OMEGA (ETA) (OLNTWOPI):NO
 EM OR BAYESIAN METHOD USED:                STOCHASTIC APPROXIMATION EXPECTATION MAXIMIZATION (SAEM)
 MU MODELING PATTERN (MUM):
 GRADIENT/GIBBS PATTERN (GRD):
 AUTOMATIC SETTING FEATURE (AUTO):          0
 CONVERGENCE TYPE (CTYPE):                  3
 CONVERGENCE INTERVAL (CINTERVAL):          10
 CONVERGENCE ITERATIONS (CITER):            10
 CONVERGENCE ALPHA ERROR (CALPHA):          5.000000000000000E-02
 BURN-IN ITERATIONS (NBURN):                1000
 FIRST ITERATION FOR MAP (MAPITERS):          NO
 ITERATIONS (NITER):                        1000
 ANNEAL SETTING (CONSTRAIN):                 1
 STARTING SEED FOR MC METHODS (SEED):       3442
 MC SAMPLES PER SUBJECT (ISAMPLE):          2
 RANDOM SAMPLING METHOD (RANMETHOD):        3UP
 EXPECTATION ONLY (EONLY):                  0
 PROPOSAL DENSITY SCALING RANGE
              (ISCALE_MIN, ISCALE_MAX):     1.000000000000000E-06   ,1000000.00000000
 SAMPLE ACCEPTANCE RATE (IACCEPT):          0.400000000000000
 METROPOLIS HASTINGS SAMPLING FOR INDIVIDUAL ETAS:
 SAMPLES FOR GLOBAL SEARCH KERNEL (ISAMPLE_M1):          2
 SAMPLES FOR NEIGHBOR SEARCH KERNEL (ISAMPLE_M1A):       0
 SAMPLES FOR MASS/IMP/POST. MATRIX SEARCH (ISAMPLE_M1B): 2
 SAMPLES FOR LOCAL SEARCH KERNEL (ISAMPLE_M2):           2
 SAMPLES FOR LOCAL UNIVARIATE KERNEL (ISAMPLE_M3):       2
 PWR. WT. MASS/IMP/POST MATRIX ACCUM. FOR ETAS (IKAPPA): 1.00000000000000
 MASS/IMP./POST. MATRIX REFRESH SETTING (MASSRESET):      -1


 THE FOLLOWING LABELS ARE EQUIVALENT
 PRED=PREDI
 RES=RESI
 WRES=WRESI
 IWRS=IWRESI
 IPRD=IPREDI
 IRS=IRESI

 EM/BAYES SETUP:
 THETAS THAT ARE MU MODELED:
   2   3   6
 THETAS THAT ARE SIGMA-LIKE:
 

 MONITORING OF SEARCH:

 Stochastic/Burn-in Mode
 iteration        -1000  SAEMOBJ=   987.73293834643573
 iteration         -990  SAEMOBJ=  -2020.7787494419310
 iteration         -980  SAEMOBJ=  -2243.3733898413293
 iteration         -970  SAEMOBJ=  -2241.2024800789723
 iteration         -960  SAEMOBJ=  -2258.7396657010490
 iteration         -950  SAEMOBJ=  -2230.9744238074800
 iteration         -940  SAEMOBJ=  -2260.7606776641619
 iteration         -930  SAEMOBJ=  -2246.5105550214598
 iteration         -920  SAEMOBJ=  -2248.1925781335967
 iteration         -910  SAEMOBJ=  -2243.2144404356713
 iteration         -900  SAEMOBJ=  -2251.1400355356786
 iteration         -890  SAEMOBJ=  -2233.3609529191431
 Convergence achieved
 Reduced Stochastic/Accumulation Mode
 iteration            0  SAEMOBJ=  -2253.8809205794455
 iteration           10  SAEMOBJ=  -2270.3327691247077
 iteration           20  SAEMOBJ=  -2270.1868441204042
 iteration           30  SAEMOBJ=  -2272.5262126465195
 iteration           40  SAEMOBJ=  -2271.9533062640871
 iteration           50  SAEMOBJ=  -2272.1564891160310
 iteration           60  SAEMOBJ=  -2272.1159916742836
 iteration           70  SAEMOBJ=  -2271.8183669034429
 iteration           80  SAEMOBJ=  -2272.0695394622217
 iteration           90  SAEMOBJ=  -2271.5721731045246
 iteration          100  SAEMOBJ=  -2271.5877008667608
 iteration          110  SAEMOBJ=  -2271.8379870002450
 iteration          120  SAEMOBJ=  -2272.0147763168579
 iteration          130  SAEMOBJ=  -2272.0615666182980
 iteration          140  SAEMOBJ=  -2271.8408850297851
 iteration          150  SAEMOBJ=  -2271.9485834895277
 iteration          160  SAEMOBJ=  -2272.0389653936595
 iteration          170  SAEMOBJ=  -2271.8405761344161
 iteration          180  SAEMOBJ=  -2271.7771110802491
 iteration          190  SAEMOBJ=  -2271.6712168490267
 iteration          200  SAEMOBJ=  -2271.5466851807168
 iteration          210  SAEMOBJ=  -2271.6082784796954
 iteration          220  SAEMOBJ=  -2271.6442142793203
 iteration          230  SAEMOBJ=  -2271.7058178958878
 iteration          240  SAEMOBJ=  -2271.6411666199224
 iteration          250  SAEMOBJ=  -2271.5264925516462
 iteration          260  SAEMOBJ=  -2271.5456087719722
 iteration          270  SAEMOBJ=  -2271.5996069850989
 iteration          280  SAEMOBJ=  -2271.4924111354444
 iteration          290  SAEMOBJ=  -2271.4571918108741
 iteration          300  SAEMOBJ=  -2271.5601729330124
 iteration          310  SAEMOBJ=  -2271.4448638514345
 iteration          320  SAEMOBJ=  -2271.4951774536376
 iteration          330  SAEMOBJ=  -2271.4398593408218
 iteration          340  SAEMOBJ=  -2271.4095420190079
 iteration          350  SAEMOBJ=  -2271.3503347297246
 iteration          360  SAEMOBJ=  -2271.4691584254429
 iteration          370  SAEMOBJ=  -2271.4777468395282
 iteration          380  SAEMOBJ=  -2271.5739200072321
 iteration          390  SAEMOBJ=  -2271.5304840095296
 iteration          400  SAEMOBJ=  -2271.5768879816051
 iteration          410  SAEMOBJ=  -2271.5302940178190
 iteration          420  SAEMOBJ=  -2271.5963975771278
 iteration          430  SAEMOBJ=  -2271.5819196877560
 iteration          440  SAEMOBJ=  -2271.7138681258666
 iteration          450  SAEMOBJ=  -2271.7531591653774
 iteration          460  SAEMOBJ=  -2271.7716828750363
 iteration          470  SAEMOBJ=  -2271.7233401985850
 iteration          480  SAEMOBJ=  -2271.7878057735788
 iteration          490  SAEMOBJ=  -2271.8808727191858
 iteration          500  SAEMOBJ=  -2271.8662207035954
 iteration          510  SAEMOBJ=  -2271.8623326897186
 iteration          520  SAEMOBJ=  -2271.8826304832360
 iteration          530  SAEMOBJ=  -2271.9000588416698
 iteration          540  SAEMOBJ=  -2271.9564273406918
 iteration          550  SAEMOBJ=  -2272.0224736092246
 iteration          560  SAEMOBJ=  -2272.1226150552720
 iteration          570  SAEMOBJ=  -2272.0666835835177
 iteration          580  SAEMOBJ=  -2272.0257667165374
 iteration          590  SAEMOBJ=  -2272.0697583819874
 iteration          600  SAEMOBJ=  -2272.0955248454898
 iteration          610  SAEMOBJ=  -2272.0944943187383
 iteration          620  SAEMOBJ=  -2272.0696626027325
 iteration          630  SAEMOBJ=  -2272.0356634017949
 iteration          640  SAEMOBJ=  -2272.0257377961125
 iteration          650  SAEMOBJ=  -2272.1624201085428
 iteration          660  SAEMOBJ=  -2272.1688047919356
 iteration          670  SAEMOBJ=  -2272.1752078172490
 iteration          680  SAEMOBJ=  -2272.2116099875157
 iteration          690  SAEMOBJ=  -2272.2411962757742
 iteration          700  SAEMOBJ=  -2272.2431378763517
 iteration          710  SAEMOBJ=  -2272.2616962264747
 iteration          720  SAEMOBJ=  -2272.2532765326237
 iteration          730  SAEMOBJ=  -2272.1968693730419
 iteration          740  SAEMOBJ=  -2272.1758303138649
 iteration          750  SAEMOBJ=  -2272.2187672167429
 iteration          760  SAEMOBJ=  -2272.2614386853456
 iteration          770  SAEMOBJ=  -2272.2705020647386
 iteration          780  SAEMOBJ=  -2272.2717037876860
 iteration          790  SAEMOBJ=  -2272.2947589212004
 iteration          800  SAEMOBJ=  -2272.3156025738135
 iteration          810  SAEMOBJ=  -2272.3600346226053
 iteration          820  SAEMOBJ=  -2272.3222061932397
 iteration          830  SAEMOBJ=  -2272.3477806611395
 iteration          840  SAEMOBJ=  -2272.3348676153450
 iteration          850  SAEMOBJ=  -2272.3115911223445
 iteration          860  SAEMOBJ=  -2272.3209084620103
 iteration          870  SAEMOBJ=  -2272.2775393028196
 iteration          880  SAEMOBJ=  -2272.2670178075036
 iteration          890  SAEMOBJ=  -2272.2026486080540
 iteration          900  SAEMOBJ=  -2272.2314155213539
 iteration          910  SAEMOBJ=  -2272.2832764254858
 iteration          920  SAEMOBJ=  -2272.3367074303433
 iteration          930  SAEMOBJ=  -2272.3509198988190
 iteration          940  SAEMOBJ=  -2272.3766290725998
 iteration          950  SAEMOBJ=  -2272.3723205089964
 iteration          960  SAEMOBJ=  -2272.3694746772635
 iteration          970  SAEMOBJ=  -2272.3302149730030
 iteration          980  SAEMOBJ=  -2272.3031918131583
 iteration          990  SAEMOBJ=  -2272.2960554486745
 iteration         1000  SAEMOBJ=  -2272.3133952019994

 #TERM:
 STOCHASTIC PORTION WAS COMPLETED
 REDUCED STOCHASTIC PORTION WAS COMPLETED

 ETABAR IS THE ARITHMETIC MEAN OF THE ETA-ESTIMATES,
 AND THE P-VALUE IS GIVEN FOR THE NULL HYPOTHESIS THAT THE TRUE MEAN IS 0.

 ETABAR:         0.0000E+00  2.8305E-06 -5.4281E-06  0.0000E+00  0.0000E+00
 SE:             0.0000E+00  4.0737E-02  5.2611E-02  0.0000E+00  0.0000E+00
 N:                       0          90          90           0           0

 P VAL.:         1.0000E+00  9.9994E-01  9.9992E-01  1.0000E+00  1.0000E+00

 ETASHRINKSD(%)  0.0000E+00  7.2202E+00  9.7412E+00  0.0000E+00  0.0000E+00
 ETASHRINKVR(%)  0.0000E+00  1.3919E+01  1.8534E+01  0.0000E+00  0.0000E+00
 EBVSHRINKSD(%)  0.0000E+00  7.2137E+00  9.7471E+00  0.0000E+00  0.0000E+00
 EBVSHRINKVR(%)  0.0000E+00  1.3907E+01  1.8544E+01  0.0000E+00  0.0000E+00
 RELATIVEINF(%)  0.0000E+00  0.0000E+00  0.0000E+00  0.0000E+00  0.0000E+00
 EPSSHRINKSD(%)  1.2313E+01  1.0000E+02
 EPSSHRINKVR(%)  2.3109E+01  1.0000E+02

  
 TOTAL DATA POINTS NORMALLY DISTRIBUTED (N):          641
 N*LOG(2PI) CONSTANT TO OBJECTIVE FUNCTION:    1178.0791995683903     
 OBJECTIVE FUNCTION VALUE WITHOUT CONSTANT:   -2272.3133952019994     
 OBJECTIVE FUNCTION VALUE WITH CONSTANT:      -1094.2341956336090     
 REPORTED OBJECTIVE FUNCTION DOES NOT CONTAIN CONSTANT
  
 TOTAL EFFECTIVE ETAS (NIND*NETA):                           180
 NIND*NETA*LOG(2PI) CONSTANT TO OBJECTIVE FUNCTION:    330.81787195368219     
 OBJECTIVE FUNCTION VALUE WITHOUT CONSTANT:   -2272.3133952019994     
 OBJECTIVE FUNCTION VALUE WITH CONSTANT:      -1941.4955232483171     
 REPORTED OBJECTIVE FUNCTION DOES NOT CONTAIN CONSTANT
  
 #TERE:
 Elapsed estimation  time in seconds:    29.66
 Elapsed covariance  time in seconds:     0.01
1
 
 
 
 
 
 
 
 
 
 
 
 
 
 
 
 
 
 
 
 
 ************************************************************************************************************************
 ********************                                                                                ********************
 ********************                STOCHASTIC APPROXIMATION EXPECTATION-MAXIMIZATION               ********************
 #OBJT:**************                        FINAL VALUE OF LIKELIHOOD FUNCTION                      ********************
 ********************                                                                                ********************
 ************************************************************************************************************************
 





 #OBJV:********************************************    -2272.313       **************************************************
1
 ************************************************************************************************************************
 ********************                                                                                ********************
 ********************                STOCHASTIC APPROXIMATION EXPECTATION-MAXIMIZATION               ********************
 ********************                             FINAL PARAMETER ESTIMATE                           ********************
 ********************                                                                                ********************
 ************************************************************************************************************************
 


 THETA - VECTOR OF FIXED EFFECTS PARAMETERS   *********


         TH 1      TH 2      TH 3      TH 4      TH 5      TH 6     
 
         8.13E-01  4.32E+00  2.47E+00  5.43E+00  2.23E+00  4.20E-01
 


 OMEGA - COV MATRIX FOR RANDOM EFFECTS - ETAS  ********


         ETA1      ETA2      ETA3      ETA4      ETA5     
 
 ETA1
+        0.00E+00
 
 ETA2
+        0.00E+00  1.75E-01
 
 ETA3
+        0.00E+00  0.00E+00  3.09E-01
 
 ETA4
+        0.00E+00  0.00E+00  0.00E+00  0.00E+00
 
 ETA5
+        0.00E+00  0.00E+00  0.00E+00  0.00E+00  0.00E+00
 


 SIGMA - COV MATRIX FOR RANDOM EFFECTS - EPSILONS  ****


         EPS1      EPS2     
 
 EPS1
+        8.09E-02
 
 EPS2
+        0.00E+00  0.00E+00
 
1


 OMEGA - CORR MATRIX FOR RANDOM EFFECTS - ETAS  *******


         ETA1      ETA2      ETA3      ETA4      ETA5     
 
 ETA1
+        0.00E+00
 
 ETA2
+        0.00E+00  4.19E-01
 
 ETA3
+        0.00E+00  0.00E+00  5.56E-01
 
 ETA4
+        0.00E+00  0.00E+00  0.00E+00  0.00E+00
 
 ETA5
+        0.00E+00  0.00E+00  0.00E+00  0.00E+00  0.00E+00
 


 SIGMA - CORR MATRIX FOR RANDOM EFFECTS - EPSILONS  ***


         EPS1      EPS2     
 
 EPS1
+        2.84E-01
 
 EPS2
+        0.00E+00  0.00E+00
 
1
 ************************************************************************************************************************
 ********************                                                                                ********************
 ********************                STOCHASTIC APPROXIMATION EXPECTATION-MAXIMIZATION               ********************
 ********************                          STANDARD ERROR OF ESTIMATE (S)                        ********************
 ********************                                                                                ********************
 ************************************************************************************************************************
 


 THETA - VECTOR OF FIXED EFFECTS PARAMETERS   *********


         TH 1      TH 2      TH 3      TH 4      TH 5      TH 6     
 
         5.10E-02  5.59E-02  1.57E-01  3.83E-01  1.34E-01  2.01E-01
 


 OMEGA - COV MATRIX FOR RANDOM EFFECTS - ETAS  ********


         ETA1      ETA2      ETA3      ETA4      ETA5     
 
 ETA1
+        0.00E+00
 
 ETA2
+        0.00E+00  3.28E-02
 
 ETA3
+        0.00E+00  0.00E+00  1.31E-01
 
 ETA4
+        0.00E+00  0.00E+00  0.00E+00  0.00E+00
 
 ETA5
+        0.00E+00  0.00E+00  0.00E+00  0.00E+00  0.00E+00
 


 SIGMA - COV MATRIX FOR RANDOM EFFECTS - EPSILONS  ****


         EPS1      EPS2     
 
 EPS1
+        5.97E-03
 
 EPS2
+        0.00E+00  0.00E+00
 
1


 OMEGA - CORR MATRIX FOR RANDOM EFFECTS - ETAS  *******


         ETA1      ETA2      ETA3      ETA4      ETA5     
 
 ETA1
+       .........
 
 ETA2
+       .........  3.92E-02
 
 ETA3
+       ......... .........  1.17E-01
 
 ETA4
+       ......... ......... ......... .........
 
 ETA5
+       ......... ......... ......... ......... .........
 


 SIGMA - CORR MATRIX FOR RANDOM EFFECTS - EPSILONS  ***


         EPS1      EPS2     
 
 EPS1
+        1.05E-02
 
 EPS2
+       ......... .........
 
1
 ************************************************************************************************************************
 ********************                                                                                ********************
 ********************                STOCHASTIC APPROXIMATION EXPECTATION-MAXIMIZATION               ********************
 ********************                        COVARIANCE MATRIX OF ESTIMATE (S)                       ********************
 ********************                                                                                ********************
 ************************************************************************************************************************
 

            TH 1      TH 2      TH 3      TH 4      TH 5      TH 6      OM11      OM12      OM13      OM14      OM15      OM22  
             OM23      OM24      OM25      OM33      OM34      OM35      OM44      OM45      OM55      SG11      SG12      SG22  

 
 TH 1
+        2.61E-03
 
 TH 2
+        1.20E-03  3.13E-03
 
 TH 3
+       -1.41E-03 -2.21E-04  2.46E-02
 
 TH 4
+        3.96E-03  2.07E-03 -5.33E-02  1.47E-01
 
 TH 5
+        1.08E-03  3.25E-04 -1.86E-02  4.91E-02  1.79E-02
 
 TH 6
+        3.18E-04 -1.35E-03 -6.88E-03  2.47E-02  9.06E-03  4.02E-02
 
 OM11
+       ......... ......... ......... ......... ......... ......... .........
 
 OM12
+       ......... ......... ......... ......... ......... ......... ......... .........
 
 OM13
+       ......... ......... ......... ......... ......... ......... ......... ......... .........
 
 OM14
+       ......... ......... ......... ......... ......... ......... ......... ......... ......... .........
 
 OM15
+       ......... ......... ......... ......... ......... ......... ......... ......... ......... ......... .........
 
 OM22
+       -1.24E-04  1.53E-04  2.03E-05 -5.92E-05  3.72E-05  2.25E-03  0.00E+00  0.00E+00  0.00E+00  0.00E+00  0.00E+00  1.08E-03
 
 OM23
+       ......... ......... ......... ......... ......... ......... ......... ......... ......... ......... ......... .........
         .........
 
 OM24
+       ......... ......... ......... ......... ......... ......... ......... ......... ......... ......... ......... .........
         ......... .........
 
 OM25
+       ......... ......... ......... ......... ......... ......... ......... ......... ......... ......... ......... .........
         ......... ......... .........
 
 OM33
+        1.64E-03  6.60E-04 -1.58E-02  4.55E-02  1.53E-02  9.20E-03  0.00E+00  0.00E+00  0.00E+00  0.00E+00  0.00E+00  1.05E-04
          0.00E+00  0.00E+00  0.00E+00  1.71E-02
 
 OM34
+       ......... ......... ......... ......... ......... ......... ......... ......... ......... ......... ......... .........
         ......... ......... ......... ......... .........
 
 OM35
+       ......... ......... ......... ......... ......... ......... ......... ......... ......... ......... ......... .........
         ......... ......... ......... ......... ......... .........
 
 OM44
+       ......... ......... ......... ......... ......... ......... ......... ......... ......... ......... ......... .........
         ......... ......... ......... ......... ......... ......... .........
 
1

            TH 1      TH 2      TH 3      TH 4      TH 5      TH 6      OM11      OM12      OM13      OM14      OM15      OM22  
             OM23      OM24      OM25      OM33      OM34      OM35      OM44      OM45      OM55      SG11      SG12      SG22  

 
 OM45
+       ......... ......... ......... ......... ......... ......... ......... ......... ......... ......... ......... .........
         ......... ......... ......... ......... ......... ......... ......... .........
 
 OM55
+       ......... ......... ......... ......... ......... ......... ......... ......... ......... ......... ......... .........
         ......... ......... ......... ......... ......... ......... ......... ......... .........
 
 SG11
+       -2.91E-05 -3.48E-05 -9.87E-06 -2.58E-05  6.76E-05 -1.07E-04  0.00E+00  0.00E+00  0.00E+00  0.00E+00  0.00E+00 -1.79E-05
          0.00E+00  0.00E+00  0.00E+00 -7.43E-05  0.00E+00  0.00E+00  0.00E+00  0.00E+00  0.00E+00  3.56E-05
 
 SG12
+       ......... ......... ......... ......... ......... ......... ......... ......... ......... ......... ......... .........
         ......... ......... ......... ......... ......... ......... ......... ......... ......... ......... .........
 
 SG22
+       ......... ......... ......... ......... ......... ......... ......... ......... ......... ......... ......... .........
         ......... ......... ......... ......... ......... ......... ......... ......... ......... ......... ......... .........
 
1
 ************************************************************************************************************************
 ********************                                                                                ********************
 ********************                STOCHASTIC APPROXIMATION EXPECTATION-MAXIMIZATION               ********************
 ********************                        CORRELATION MATRIX OF ESTIMATE (S)                      ********************
 ********************                                                                                ********************
 ************************************************************************************************************************
 

            TH 1      TH 2      TH 3      TH 4      TH 5      TH 6      OM11      OM12      OM13      OM14      OM15      OM22  
             OM23      OM24      OM25      OM33      OM34      OM35      OM44      OM45      OM55      SG11      SG12      SG22  

 
 TH 1
+        5.10E-02
 
 TH 2
+        4.22E-01  5.59E-02
 
 TH 3
+       -1.76E-01 -2.52E-02  1.57E-01
 
 TH 4
+        2.02E-01  9.65E-02 -8.86E-01  3.83E-01
 
 TH 5
+        1.57E-01  4.34E-02 -8.87E-01  9.56E-01  1.34E-01
 
 TH 6
+        3.11E-02 -1.20E-01 -2.19E-01  3.21E-01  3.37E-01  2.01E-01
 
 OM11
+       ......... ......... ......... ......... ......... ......... .........
 
 OM12
+       ......... ......... ......... ......... ......... ......... ......... .........
 
 OM13
+       ......... ......... ......... ......... ......... ......... ......... ......... .........
 
 OM14
+       ......... ......... ......... ......... ......... ......... ......... ......... ......... .........
 
 OM15
+       ......... ......... ......... ......... ......... ......... ......... ......... ......... ......... .........
 
 OM22
+       -7.43E-02  8.34E-02  3.94E-03 -4.70E-03  8.48E-03  3.42E-01  0.00E+00  0.00E+00  0.00E+00  0.00E+00  0.00E+00  3.28E-02
 
 OM23
+       ......... ......... ......... ......... ......... ......... ......... ......... ......... ......... ......... .........
         .........
 
 OM24
+       ......... ......... ......... ......... ......... ......... ......... ......... ......... ......... ......... .........
         ......... .........
 
 OM25
+       ......... ......... ......... ......... ......... ......... ......... ......... ......... ......... ......... .........
         ......... ......... .........
 
 OM33
+        2.46E-01  9.04E-02 -7.69E-01  9.08E-01  8.73E-01  3.51E-01  0.00E+00  0.00E+00  0.00E+00  0.00E+00  0.00E+00  2.45E-02
          0.00E+00  0.00E+00  0.00E+00  1.31E-01
 
 OM34
+       ......... ......... ......... ......... ......... ......... ......... ......... ......... ......... ......... .........
         ......... ......... ......... ......... .........
 
 OM35
+       ......... ......... ......... ......... ......... ......... ......... ......... ......... ......... ......... .........
         ......... ......... ......... ......... ......... .........
 
 OM44
+       ......... ......... ......... ......... ......... ......... ......... ......... ......... ......... ......... .........
         ......... ......... ......... ......... ......... ......... .........
 
1

            TH 1      TH 2      TH 3      TH 4      TH 5      TH 6      OM11      OM12      OM13      OM14      OM15      OM22  
             OM23      OM24      OM25      OM33      OM34      OM35      OM44      OM45      OM55      SG11      SG12      SG22  

 
 OM45
+       ......... ......... ......... ......... ......... ......... ......... ......... ......... ......... ......... .........
         ......... ......... ......... ......... ......... ......... ......... .........
 
 OM55
+       ......... ......... ......... ......... ......... ......... ......... ......... ......... ......... ......... .........
         ......... ......... ......... ......... ......... ......... ......... ......... .........
 
 SG11
+       -9.55E-02 -1.04E-01 -1.05E-02 -1.13E-02  8.46E-02 -8.94E-02  0.00E+00  0.00E+00  0.00E+00  0.00E+00  0.00E+00 -9.16E-02
          0.00E+00  0.00E+00  0.00E+00 -9.53E-02  0.00E+00  0.00E+00  0.00E+00  0.00E+00  0.00E+00  5.97E-03
 
 SG12
+       ......... ......... ......... ......... ......... ......... ......... ......... ......... ......... ......... .........
         ......... ......... ......... ......... ......... ......... ......... ......... ......... ......... .........
 
 SG22
+       ......... ......... ......... ......... ......... ......... ......... ......... ......... ......... ......... .........
         ......... ......... ......... ......... ......... ......... ......... ......... ......... ......... ......... .........
 
1
 ************************************************************************************************************************
 ********************                                                                                ********************
 ********************                STOCHASTIC APPROXIMATION EXPECTATION-MAXIMIZATION               ********************
 ********************                    INVERSE COVARIANCE MATRIX OF ESTIMATE (S)                   ********************
 ********************                                                                                ********************
 ************************************************************************************************************************
 

            TH 1      TH 2      TH 3      TH 4      TH 5      TH 6      OM11      OM12      OM13      OM14      OM15      OM22  
             OM23      OM24      OM25      OM33      OM34      OM35      OM44      OM45      OM55      SG11      SG12      SG22  

 
 TH 1
+        5.18E+02
 
 TH 2
+       -2.05E+02  4.37E+02
 
 TH 3
+        4.49E+01 -5.63E+01  2.34E+02
 
 TH 4
+        1.09E+01 -4.22E+01  5.91E+01  1.29E+02
 
 TH 5
+        6.67E+01  1.50E+01  1.50E+02 -1.99E+02  8.59E+02
 
 TH 6
+       -1.28E+01  3.00E+01 -2.03E+01 -2.47E+00 -2.79E+01  3.62E+01
 
 OM11
+       ......... ......... ......... ......... ......... ......... .........
 
 OM12
+       ......... ......... ......... ......... ......... ......... ......... .........
 
 OM13
+       ......... ......... ......... ......... ......... ......... ......... ......... .........
 
 OM14
+       ......... ......... ......... ......... ......... ......... ......... ......... ......... .........
 
 OM15
+       ......... ......... ......... ......... ......... ......... ......... ......... ......... ......... .........
 
 OM22
+        1.21E+02 -1.49E+02  4.97E+01  4.00E+01 -2.41E+00 -7.77E+01  0.00E+00  0.00E+00  0.00E+00  0.00E+00  0.00E+00  1.14E+03
 
 OM23
+       ......... ......... ......... ......... ......... ......... ......... ......... ......... ......... ......... .........
         .........
 
 OM24
+       ......... ......... ......... ......... ......... ......... ......... ......... ......... ......... ......... .........
         ......... .........
 
 OM25
+       ......... ......... ......... ......... ......... ......... ......... ......... ......... ......... ......... .........
         ......... ......... .........
 
 OM33
+       -8.31E+01  3.58E+01 -6.86E+01 -1.09E+02 -1.00E+02 -5.64E+00  0.00E+00  0.00E+00  0.00E+00  0.00E+00  0.00E+00 -2.81E+01
          0.00E+00  0.00E+00  0.00E+00  3.89E+02
 
 OM34
+       ......... ......... ......... ......... ......... ......... ......... ......... ......... ......... ......... .........
         ......... ......... ......... ......... .........
 
 OM35
+       ......... ......... ......... ......... ......... ......... ......... ......... ......... ......... ......... .........
         ......... ......... ......... ......... ......... .........
 
 OM44
+       ......... ......... ......... ......... ......... ......... ......... ......... ......... ......... ......... .........
         ......... ......... ......... ......... ......... ......... .........
 
1

            TH 1      TH 2      TH 3      TH 4      TH 5      TH 6      OM11      OM12      OM13      OM14      OM15      OM22  
             OM23      OM24      OM25      OM33      OM34      OM35      OM44      OM45      OM55      SG11      SG12      SG22  

 
 OM45
+       ......... ......... ......... ......... ......... ......... ......... ......... ......... ......... ......... .........
         ......... ......... ......... ......... ......... ......... ......... .........
 
 OM55
+       ......... ......... ......... ......... ......... ......... ......... ......... ......... ......... ......... .........
         ......... ......... ......... ......... ......... ......... ......... ......... .........
 
 SG11
+       -3.41E+01  2.75E+02 -3.74E+02  2.41E+02 -1.96E+03  1.23E+02  0.00E+00  0.00E+00  0.00E+00  0.00E+00  0.00E+00  2.80E+02
          0.00E+00  0.00E+00  0.00E+00  8.40E+02  0.00E+00  0.00E+00  0.00E+00  0.00E+00  0.00E+00  3.44E+04
 
 SG12
+       ......... ......... ......... ......... ......... ......... ......... ......... ......... ......... ......... .........
         ......... ......... ......... ......... ......... ......... ......... ......... ......... ......... .........
 
 SG22
+       ......... ......... ......... ......... ......... ......... ......... ......... ......... ......... ......... .........
         ......... ......... ......... ......... ......... ......... ......... ......... ......... ......... ......... .........
 
1
 
 
 
 
 
 
 
 
 
 
 
 
 
 
 
 
 
 
 
 
 ************************************************************************************************************************
 ********************                                                                                ********************
 ********************                STOCHASTIC APPROXIMATION EXPECTATION-MAXIMIZATION               ********************
 ********************                    EIGENVALUES OF COR MATRIX OF ESTIMATE (S)                   ********************
 ********************                                                                                ********************
 ************************************************************************************************************************
 

             1         2         3         4         5         6         7         8         9
 
         3.55E-02  7.14E-02  2.07E-01  4.61E-01  6.89E-01  9.14E-01  1.32E+00  1.45E+00  3.84E+00
 
1


 #TBLN:      2
 #METH: Objective Function Evaluation by Importance Sampling

 ESTIMATION STEP OMITTED:                 NO
 ANALYSIS TYPE:                           POPULATION
 NUMBER OF SADDLE POINT RESET ITERATIONS:      0
 GRADIENT METHOD USED:               NOSLOW
 CONDITIONAL ESTIMATES USED:              YES
 CENTERED ETA:                            NO
 EPS-ETA INTERACTION:                     YES
 LAPLACIAN OBJ. FUNC.:                    NO
 NO. OF FUNCT. EVALS. ALLOWED:            99999
 NO. OF SIG. FIGURES REQUIRED:            3
 INTERMEDIATE PRINTOUT:                   YES
 ESTIMATE OUTPUT TO MSF:                  YES
 ABORT WITH PRED EXIT CODE 1:             NO
 IND. OBJ. FUNC. VALUES SORTED:           NO
 NUMERICAL DERIVATIVE
       FILE REQUEST (NUMDER):               NONE
 MAP (ETAHAT) ESTIMATION METHOD (OPTMAP):   0
 ETA HESSIAN EVALUATION METHOD (ETADER):    0
 INITIAL ETA FOR MAP ESTIMATION (MCETA):    0
 SIGDIGITS FOR MAP ESTIMATION (SIGLO):      100
 GRADIENT SIGDIGITS OF
       FIXED EFFECTS PARAMETERS (SIGL):     100
 NOPRIOR SETTING (NOPRIOR):                 0
 NOCOV SETTING (NOCOV):                     OFF
 DERCONT SETTING (DERCONT):                 OFF
 FINAL ETA RE-EVALUATION (FNLETA):          1
 EXCLUDE NON-INFLUENTIAL (NON-INFL.) ETAS
       IN SHRINKAGE (ETASTYPE):             NO
 NON-INFL. ETA CORRECTION (NONINFETA):      0
 RAW OUTPUT FILE (FILE): psn.ext
 EXCLUDE TITLE (NOTITLE):                   NO
 EXCLUDE COLUMN LABELS (NOLABEL):           NO
 FORMAT FOR ADDITIONAL FILES (FORMAT):      S1PE12.5
 PARAMETER ORDER FOR OUTPUTS (ORDER):       TSOL
 KNUTHSUMOFF:                               0
 INCLUDE LNTWOPI:                           NO
 INCLUDE CONSTANT TERM TO PRIOR (PRIORC):   NO
 INCLUDE CONSTANT TERM TO OMEGA (ETA) (OLNTWOPI):NO
 EM OR BAYESIAN METHOD USED:                IMPORTANCE SAMPLING (IMP)
 MU MODELING PATTERN (MUM):
 GRADIENT/GIBBS PATTERN (GRD):
 AUTOMATIC SETTING FEATURE (AUTO):          0
 CONVERGENCE TYPE (CTYPE):                  3
 CONVERGENCE INTERVAL (CINTERVAL):          1
 CONVERGENCE ITERATIONS (CITER):            10
 CONVERGENCE ALPHA ERROR (CALPHA):          5.000000000000000E-02
 ITERATIONS (NITER):                        20
 ANNEAL SETTING (CONSTRAIN):                 1
 STARTING SEED FOR MC METHODS (SEED):       3442
 MC SAMPLES PER SUBJECT (ISAMPLE):          5000
 RANDOM SAMPLING METHOD (RANMETHOD):        3UP
 EXPECTATION ONLY (EONLY):                  1
 PROPOSAL DENSITY SCALING RANGE
              (ISCALE_MIN, ISCALE_MAX):     0.100000000000000       ,10.0000000000000
 SAMPLE ACCEPTANCE RATE (IACCEPT):          0.400000000000000
 LONG TAIL SAMPLE ACCEPT. RATE (IACCEPTL):   0.00000000000000
 T-DIST. PROPOSAL DENSITY (DF):             0
 NO. ITERATIONS FOR MAP (MAPITER):          1
 INTERVAL ITER. FOR MAP (MAPINTER):         0
 MAP COVARIANCE/MODE SETTING (MAPCOV):      1
 Gradient Quick Value (GRDQ):               0.00000000000000


 THE FOLLOWING LABELS ARE EQUIVALENT
 PRED=PREDI
 RES=RESI
 WRES=WRESI
 IWRS=IWRESI
 IPRD=IPREDI
 IRS=IRESI

 EM/BAYES SETUP:
 THETAS THAT ARE MU MODELED:
   2   3   6
 THETAS THAT ARE SIGMA-LIKE:
 

 MONITORING OF SEARCH:

 iteration            0  OBJ=  -1728.0745844862467 eff.=    5591. Smpl.=    5000. Fit.= 0.94113
 iteration            1  OBJ=  -1728.8682800872614 eff.=    1782. Smpl.=    5000. Fit.= 0.79186
 iteration            2  OBJ=  -1728.9023833663889 eff.=    1891. Smpl.=    5000. Fit.= 0.80529
 iteration            3  OBJ=  -1728.3856077783794 eff.=    1989. Smpl.=    5000. Fit.= 0.81418
 iteration            4  OBJ=  -1728.4042559629363 eff.=    1983. Smpl.=    5000. Fit.= 0.81417
 iteration            5  OBJ=  -1728.3671456593825 eff.=    2010. Smpl.=    5000. Fit.= 0.81526
 iteration            6  OBJ=  -1728.4703637279163 eff.=    2002. Smpl.=    5000. Fit.= 0.81532
 iteration            7  OBJ=  -1728.3452229466052 eff.=    2006. Smpl.=    5000. Fit.= 0.81527
 iteration            8  OBJ=  -1728.4932915260667 eff.=    2001. Smpl.=    5000. Fit.= 0.81512
 iteration            9  OBJ=  -1728.7113476910802 eff.=    2008. Smpl.=    5000. Fit.= 0.81521
 iteration           10  OBJ=  -1728.4557906091013 eff.=    1996. Smpl.=    5000. Fit.= 0.81447
 iteration           11  OBJ=  -1728.8407149918473 eff.=    2004. Smpl.=    5000. Fit.= 0.81521
 Convergence achieved
 iteration           11  OBJ=  -1728.0393823791703 eff.=    1992. Smpl.=    5000. Fit.= 0.81475

 #TERM:
 EXPECTATION ONLY PROCESS WAS COMPLETED


 ETABAR IS THE ARITHMETIC MEAN OF THE ETA-ESTIMATES,
 AND THE P-VALUE IS GIVEN FOR THE NULL HYPOTHESIS THAT THE TRUE MEAN IS 0.

 ETABAR:         0.0000E+00 -3.6015E-04  2.1363E-03  0.0000E+00  0.0000E+00
 SE:             0.0000E+00  4.0724E-02  5.2542E-02  0.0000E+00  0.0000E+00
 N:                       0          90          90           0           0

 P VAL.:         1.0000E+00  9.9294E-01  9.6757E-01  1.0000E+00  1.0000E+00

 ETASHRINKSD(%)  0.0000E+00  7.2498E+00  9.8589E+00  0.0000E+00  0.0000E+00
 ETASHRINKVR(%)  0.0000E+00  1.3974E+01  1.8746E+01  0.0000E+00  0.0000E+00
 EBVSHRINKSD(%)  0.0000E+00  7.2492E+00  9.6810E+00  0.0000E+00  0.0000E+00
 EBVSHRINKVR(%)  0.0000E+00  1.3973E+01  1.8425E+01  0.0000E+00  0.0000E+00
 RELATIVEINF(%)  0.0000E+00  0.0000E+00  0.0000E+00  0.0000E+00  0.0000E+00
 EPSSHRINKSD(%)  1.2241E+01  1.0000E+02
 EPSSHRINKVR(%)  2.2984E+01  1.0000E+02

  
 TOTAL DATA POINTS NORMALLY DISTRIBUTED (N):          641
 N*LOG(2PI) CONSTANT TO OBJECTIVE FUNCTION:    1178.0791995683903     
 OBJECTIVE FUNCTION VALUE WITHOUT CONSTANT:   -1728.0393823791703     
 OBJECTIVE FUNCTION VALUE WITH CONSTANT:      -549.96018281078000     
 REPORTED OBJECTIVE FUNCTION DOES NOT CONTAIN CONSTANT
  
 TOTAL EFFECTIVE ETAS (NIND*NETA):                           180
  
 #TERE:
 Elapsed estimation  time in seconds:    40.09
 Elapsed covariance  time in seconds:   170.01
1
 
 
 
 
 
 
 
 
 
 
 
 
 
 
 
 
 
 
 
 
 ************************************************************************************************************************
 ********************                                                                                ********************
 ********************               OBJECTIVE FUNCTION EVALUATION BY IMPORTANCE SAMPLING             ********************
 #OBJT:**************                        FINAL VALUE OF OBJECTIVE FUNCTION                       ********************
 ********************                                                                                ********************
 ************************************************************************************************************************
 





 #OBJV:********************************************    -1728.039       **************************************************
1
 ************************************************************************************************************************
 ********************                                                                                ********************
 ********************               OBJECTIVE FUNCTION EVALUATION BY IMPORTANCE SAMPLING             ********************
 ********************                             FINAL PARAMETER ESTIMATE                           ********************
 ********************                                                                                ********************
 ************************************************************************************************************************
 


 THETA - VECTOR OF FIXED EFFECTS PARAMETERS   *********


         TH 1      TH 2      TH 3      TH 4      TH 5      TH 6     
 
         8.13E-01  4.32E+00  2.47E+00  5.43E+00  2.23E+00  4.20E-01
 


 OMEGA - COV MATRIX FOR RANDOM EFFECTS - ETAS  ********


         ETA1      ETA2      ETA3      ETA4      ETA5     
 
 ETA1
+        0.00E+00
 
 ETA2
+        0.00E+00  1.75E-01
 
 ETA3
+        0.00E+00  0.00E+00  3.09E-01
 
 ETA4
+        0.00E+00  0.00E+00  0.00E+00  0.00E+00
 
 ETA5
+        0.00E+00  0.00E+00  0.00E+00  0.00E+00  0.00E+00
 


 SIGMA - COV MATRIX FOR RANDOM EFFECTS - EPSILONS  ****


         EPS1      EPS2     
 
 EPS1
+        8.09E-02
 
 EPS2
+        0.00E+00  0.00E+00
 
1


 OMEGA - CORR MATRIX FOR RANDOM EFFECTS - ETAS  *******


         ETA1      ETA2      ETA3      ETA4      ETA5     
 
 ETA1
+        0.00E+00
 
 ETA2
+        0.00E+00  4.19E-01
 
 ETA3
+        0.00E+00  0.00E+00  5.56E-01
 
 ETA4
+        0.00E+00  0.00E+00  0.00E+00  0.00E+00
 
 ETA5
+        0.00E+00  0.00E+00  0.00E+00  0.00E+00  0.00E+00
 


 SIGMA - CORR MATRIX FOR RANDOM EFFECTS - EPSILONS  ***


         EPS1      EPS2     
 
 EPS1
+        2.84E-01
 
 EPS2
+        0.00E+00  0.00E+00
 
1
 ************************************************************************************************************************
 ********************                                                                                ********************
 ********************               OBJECTIVE FUNCTION EVALUATION BY IMPORTANCE SAMPLING             ********************
 ********************                         STANDARD ERROR OF ESTIMATE (RSR)                       ********************
 ********************                                                                                ********************
 ************************************************************************************************************************
 


 THETA - VECTOR OF FIXED EFFECTS PARAMETERS   *********


         TH 1      TH 2      TH 3      TH 4      TH 5      TH 6     
 
         6.44E-02  5.86E-02  1.13E-01  2.94E-01  8.31E-02  1.77E-01
 


 OMEGA - COV MATRIX FOR RANDOM EFFECTS - ETAS  ********


         ETA1      ETA2      ETA3      ETA4      ETA5     
 
 ETA1
+        0.00E+00
 
 ETA2
+        0.00E+00  3.24E-02
 
 ETA3
+        0.00E+00  0.00E+00  5.21E-02
 
 ETA4
+        0.00E+00  0.00E+00  0.00E+00  0.00E+00
 
 ETA5
+        0.00E+00  0.00E+00  0.00E+00  0.00E+00  0.00E+00
 


 SIGMA - COV MATRIX FOR RANDOM EFFECTS - EPSILONS  ****


         EPS1      EPS2     
 
 EPS1
+        5.45E-03
 
 EPS2
+        0.00E+00  0.00E+00
 
1


 OMEGA - CORR MATRIX FOR RANDOM EFFECTS - ETAS  *******


         ETA1      ETA2      ETA3      ETA4      ETA5     
 
 ETA1
+       .........
 
 ETA2
+       .........  3.87E-02
 
 ETA3
+       ......... .........  4.68E-02
 
 ETA4
+       ......... ......... ......... .........
 
 ETA5
+       ......... ......... ......... ......... .........
 


 SIGMA - CORR MATRIX FOR RANDOM EFFECTS - EPSILONS  ***


         EPS1      EPS2     
 
 EPS1
+        9.58E-03
 
 EPS2
+       ......... .........
 
1
 ************************************************************************************************************************
 ********************                                                                                ********************
 ********************               OBJECTIVE FUNCTION EVALUATION BY IMPORTANCE SAMPLING             ********************
 ********************                       COVARIANCE MATRIX OF ESTIMATE (RSR)                      ********************
 ********************                                                                                ********************
 ************************************************************************************************************************
 

            TH 1      TH 2      TH 3      TH 4      TH 5      TH 6      OM11      OM12      OM13      OM14      OM15      OM22  
             OM23      OM24      OM25      OM33      OM34      OM35      OM44      OM45      OM55      SG11      SG12      SG22  

 
 TH 1
+        4.15E-03
 
 TH 2
+        2.16E-03  3.43E-03
 
 TH 3
+       -2.88E-03 -2.37E-03  1.28E-02
 
 TH 4
+        8.93E-03  5.89E-03 -2.75E-02  8.61E-02
 
 TH 5
+        1.47E-03  1.14E-03 -6.06E-03  2.05E-02  6.91E-03
 
 TH 6
+        1.84E-03  2.97E-03 -4.93E-03  1.61E-02  4.03E-03  3.14E-02
 
 OM11
+       ......... ......... ......... ......... ......... ......... .........
 
 OM12
+       ......... ......... ......... ......... ......... ......... ......... .........
 
 OM13
+       ......... ......... ......... ......... ......... ......... ......... ......... .........
 
 OM14
+       ......... ......... ......... ......... ......... ......... ......... ......... ......... .........
 
 OM15
+       ......... ......... ......... ......... ......... ......... ......... ......... ......... ......... .........
 
 OM22
+       -4.53E-04 -5.75E-04  1.04E-03 -3.01E-03 -8.84E-04 -2.43E-03  0.00E+00  0.00E+00  0.00E+00  0.00E+00  0.00E+00  1.05E-03
 
 OM23
+       ......... ......... ......... ......... ......... ......... ......... ......... ......... ......... ......... .........
         .........
 
 OM24
+       ......... ......... ......... ......... ......... ......... ......... ......... ......... ......... ......... .........
         ......... .........
 
 OM25
+       ......... ......... ......... ......... ......... ......... ......... ......... ......... ......... ......... .........
         ......... ......... .........
 
 OM33
+        6.50E-04  8.51E-04 -2.56E-03  5.20E-03  1.06E-03  1.29E-03  0.00E+00  0.00E+00  0.00E+00  0.00E+00  0.00E+00 -7.00E-04
          0.00E+00  0.00E+00  0.00E+00  2.71E-03
 
 OM34
+       ......... ......... ......... ......... ......... ......... ......... ......... ......... ......... ......... .........
         ......... ......... ......... ......... .........
 
 OM35
+       ......... ......... ......... ......... ......... ......... ......... ......... ......... ......... ......... .........
         ......... ......... ......... ......... ......... .........
 
 OM44
+       ......... ......... ......... ......... ......... ......... ......... ......... ......... ......... ......... .........
         ......... ......... ......... ......... ......... ......... .........
 
1

            TH 1      TH 2      TH 3      TH 4      TH 5      TH 6      OM11      OM12      OM13      OM14      OM15      OM22  
             OM23      OM24      OM25      OM33      OM34      OM35      OM44      OM45      OM55      SG11      SG12      SG22  

 
 OM45
+       ......... ......... ......... ......... ......... ......... ......... ......... ......... ......... ......... .........
         ......... ......... ......... ......... ......... ......... ......... .........
 
 OM55
+       ......... ......... ......... ......... ......... ......... ......... ......... ......... ......... ......... .........
         ......... ......... ......... ......... ......... ......... ......... ......... .........
 
 SG11
+        9.54E-05  1.07E-04 -1.07E-04  3.30E-04  5.26E-05  1.42E-04  0.00E+00  0.00E+00  0.00E+00  0.00E+00  0.00E+00 -1.71E-05
          0.00E+00  0.00E+00  0.00E+00  6.90E-05  0.00E+00  0.00E+00  0.00E+00  0.00E+00  0.00E+00  2.97E-05
 
 SG12
+       ......... ......... ......... ......... ......... ......... ......... ......... ......... ......... ......... .........
         ......... ......... ......... ......... ......... ......... ......... ......... ......... ......... .........
 
 SG22
+       ......... ......... ......... ......... ......... ......... ......... ......... ......... ......... ......... .........
         ......... ......... ......... ......... ......... ......... ......... ......... ......... ......... ......... .........
 
1
 ************************************************************************************************************************
 ********************                                                                                ********************
 ********************               OBJECTIVE FUNCTION EVALUATION BY IMPORTANCE SAMPLING             ********************
 ********************                       CORRELATION MATRIX OF ESTIMATE (RSR)                     ********************
 ********************                                                                                ********************
 ************************************************************************************************************************
 

            TH 1      TH 2      TH 3      TH 4      TH 5      TH 6      OM11      OM12      OM13      OM14      OM15      OM22  
             OM23      OM24      OM25      OM33      OM34      OM35      OM44      OM45      OM55      SG11      SG12      SG22  

 
 TH 1
+        6.44E-02
 
 TH 2
+        5.72E-01  5.86E-02
 
 TH 3
+       -3.96E-01 -3.57E-01  1.13E-01
 
 TH 4
+        4.73E-01  3.43E-01 -8.28E-01  2.94E-01
 
 TH 5
+        2.75E-01  2.33E-01 -6.44E-01  8.41E-01  8.31E-02
 
 TH 6
+        1.61E-01  2.86E-01 -2.46E-01  3.09E-01  2.74E-01  1.77E-01
 
 OM11
+       ......... ......... ......... ......... ......... ......... .........
 
 OM12
+       ......... ......... ......... ......... ......... ......... ......... .........
 
 OM13
+       ......... ......... ......... ......... ......... ......... ......... ......... .........
 
 OM14
+       ......... ......... ......... ......... ......... ......... ......... ......... ......... .........
 
 OM15
+       ......... ......... ......... ......... ......... ......... ......... ......... ......... ......... .........
 
 OM22
+       -2.17E-01 -3.02E-01  2.85E-01 -3.16E-01 -3.28E-01 -4.22E-01  0.00E+00  0.00E+00  0.00E+00  0.00E+00  0.00E+00  3.24E-02
 
 OM23
+       ......... ......... ......... ......... ......... ......... ......... ......... ......... ......... ......... .........
         .........
 
 OM24
+       ......... ......... ......... ......... ......... ......... ......... ......... ......... ......... ......... .........
         ......... .........
 
 OM25
+       ......... ......... ......... ......... ......... ......... ......... ......... ......... ......... ......... .........
         ......... ......... .........
 
 OM33
+        1.94E-01  2.79E-01 -4.35E-01  3.40E-01  2.46E-01  1.40E-01  0.00E+00  0.00E+00  0.00E+00  0.00E+00  0.00E+00 -4.14E-01
          0.00E+00  0.00E+00  0.00E+00  5.21E-02
 
 OM34
+       ......... ......... ......... ......... ......... ......... ......... ......... ......... ......... ......... .........
         ......... ......... ......... ......... .........
 
 OM35
+       ......... ......... ......... ......... ......... ......... ......... ......... ......... ......... ......... .........
         ......... ......... ......... ......... ......... .........
 
 OM44
+       ......... ......... ......... ......... ......... ......... ......... ......... ......... ......... ......... .........
         ......... ......... ......... ......... ......... ......... .........
 
1

            TH 1      TH 2      TH 3      TH 4      TH 5      TH 6      OM11      OM12      OM13      OM14      OM15      OM22  
             OM23      OM24      OM25      OM33      OM34      OM35      OM44      OM45      OM55      SG11      SG12      SG22  

 
 OM45
+       ......... ......... ......... ......... ......... ......... ......... ......... ......... ......... ......... .........
         ......... ......... ......... ......... ......... ......... ......... .........
 
 OM55
+       ......... ......... ......... ......... ......... ......... ......... ......... ......... ......... ......... .........
         ......... ......... ......... ......... ......... ......... ......... ......... .........
 
 SG11
+        2.72E-01  3.35E-01 -1.73E-01  2.06E-01  1.16E-01  1.47E-01  0.00E+00  0.00E+00  0.00E+00  0.00E+00  0.00E+00 -9.67E-02
          0.00E+00  0.00E+00  0.00E+00  2.43E-01  0.00E+00  0.00E+00  0.00E+00  0.00E+00  0.00E+00  5.45E-03
 
 SG12
+       ......... ......... ......... ......... ......... ......... ......... ......... ......... ......... ......... .........
         ......... ......... ......... ......... ......... ......... ......... ......... ......... ......... .........
 
 SG22
+       ......... ......... ......... ......... ......... ......... ......... ......... ......... ......... ......... .........
         ......... ......... ......... ......... ......... ......... ......... ......... ......... ......... ......... .........
 
1
 ************************************************************************************************************************
 ********************                                                                                ********************
 ********************               OBJECTIVE FUNCTION EVALUATION BY IMPORTANCE SAMPLING             ********************
 ********************                   INVERSE COVARIANCE MATRIX OF ESTIMATE (RSR)                  ********************
 ********************                                                                                ********************
 ************************************************************************************************************************
 

            TH 1      TH 2      TH 3      TH 4      TH 5      TH 6      OM11      OM12      OM13      OM14      OM15      OM22  
             OM23      OM24      OM25      OM33      OM34      OM35      OM44      OM45      OM55      SG11      SG12      SG22  

 
 TH 1
+        4.49E+02
 
 TH 2
+       -2.25E+02  5.07E+02
 
 TH 3
+       -3.27E+01  5.35E+01  2.86E+02
 
 TH 4
+       -7.40E+01  2.45E+01  1.03E+02  9.15E+01
 
 TH 5
+        1.26E+02 -2.42E+01 -6.46E+01 -1.66E+02  5.66E+02
 
 TH 6
+        1.54E+01 -2.39E+01 -3.47E+00 -8.20E+00  6.20E+00  4.25E+01
 
 OM11
+       ......... ......... ......... ......... ......... ......... .........
 
 OM12
+       ......... ......... ......... ......... ......... ......... ......... .........
 
 OM13
+       ......... ......... ......... ......... ......... ......... ......... ......... .........
 
 OM14
+       ......... ......... ......... ......... ......... ......... ......... ......... ......... .........
 
 OM15
+       ......... ......... ......... ......... ......... ......... ......... ......... ......... ......... .........
 
 OM22
+        5.42E+01  8.22E+01  2.84E+01 -2.05E+01  1.53E+02  8.78E+01  0.00E+00  0.00E+00  0.00E+00  0.00E+00  0.00E+00  1.46E+03
 
 OM23
+       ......... ......... ......... ......... ......... ......... ......... ......... ......... ......... ......... .........
         .........
 
 OM24
+       ......... ......... ......... ......... ......... ......... ......... ......... ......... ......... ......... .........
         ......... .........
 
 OM25
+       ......... ......... ......... ......... ......... ......... ......... ......... ......... ......... ......... .........
         ......... ......... .........
 
 OM33
+        3.81E+01 -3.68E+01  1.06E+02  6.64E-02  4.31E+01  1.86E+01  0.00E+00  0.00E+00  0.00E+00  0.00E+00  0.00E+00  3.23E+02
          0.00E+00  0.00E+00  0.00E+00  5.51E+02
 
 OM34
+       ......... ......... ......... ......... ......... ......... ......... ......... ......... ......... ......... .........
         ......... ......... ......... ......... .........
 
 OM35
+       ......... ......... ......... ......... ......... ......... ......... ......... ......... ......... ......... .........
         ......... ......... ......... ......... ......... .........
 
 OM44
+       ......... ......... ......... ......... ......... ......... ......... ......... ......... ......... ......... .........
         ......... ......... ......... ......... ......... ......... .........
 
1

            TH 1      TH 2      TH 3      TH 4      TH 5      TH 6      OM11      OM12      OM13      OM14      OM15      OM22  
             OM23      OM24      OM25      OM33      OM34      OM35      OM44      OM45      OM55      SG11      SG12      SG22  

 
 OM45
+       ......... ......... ......... ......... ......... ......... ......... ......... ......... ......... ......... .........
         ......... ......... ......... ......... ......... ......... ......... .........
 
 OM55
+       ......... ......... ......... ......... ......... ......... ......... ......... ......... ......... ......... .........
         ......... ......... ......... ......... ......... ......... ......... ......... .........
 
 SG11
+       -2.84E+02 -8.91E+02 -3.01E+02 -1.76E+02  2.53E+02 -9.09E+01  0.00E+00  0.00E+00  0.00E+00  0.00E+00  0.00E+00 -7.34E+02
          0.00E+00  0.00E+00  0.00E+00 -8.67E+02  0.00E+00  0.00E+00  0.00E+00  0.00E+00  0.00E+00  4.02E+04
 
 SG12
+       ......... ......... ......... ......... ......... ......... ......... ......... ......... ......... ......... .........
         ......... ......... ......... ......... ......... ......... ......... ......... ......... ......... .........
 
 SG22
+       ......... ......... ......... ......... ......... ......... ......... ......... ......... ......... ......... .........
         ......... ......... ......... ......... ......... ......... ......... ......... ......... ......... ......... .........
 
1
 
 
 
 
 
 
 
 
 
 
 
 
 
 
 
 
 
 
 
 
 ************************************************************************************************************************
 ********************                                                                                ********************
 ********************               OBJECTIVE FUNCTION EVALUATION BY IMPORTANCE SAMPLING             ********************
 ********************                   EIGENVALUES OF COR MATRIX OF ESTIMATE (RSR)                  ********************
 ********************                                                                                ********************
 ************************************************************************************************************************
 

             1         2         3         4         5         6         7         8         9
 
         8.30E-02  2.79E-01  3.96E-01  4.85E-01  7.56E-01  8.93E-01  1.09E+00  1.26E+00  3.76E+00
 
 Elapsed postprocess time in seconds:     0.04
 Elapsed finaloutput time in seconds:     0.04
 #CPUT: Total CPU Time in Seconds,      239.987
Stop Time:
Wed Jul 24 01:12:54 EDT 2024
